[32m2026-03-20 05:26:18 +0530[0m - dagster - [34mDEBUG[0m - __ASSET_JOB - 5c6cc3ab-e8fb-443f-aa48-e81409a43433 - 214323 - LOGS_CAPTURED - Started capturing logs in process (pid: 214323).
[32m2026-03-20 05:26:18 +0530[0m - dagster - [34mDEBUG[0m - __ASSET_JOB - 5c6cc3ab-e8fb-443f-aa48-e81409a43433 - 214323 - tally_delegates - STEP_START - Started execution of step "tally_delegates".
[32m2026-03-20 05:26:18 +0530[0m - dagster - [34mINFO[0m - __ASSET_JOB - 5c6cc3ab-e8fb-443f-aa48-e81409a43433 - tally_delegates - ============================================================
[32m2026-03-20 05:26:18 +0530[0m - dagster - [34mINFO[0m - __ASSET_JOB - 5c6cc3ab-e8fb-443f-aa48-e81409a43433 - tally_delegates - [BRONZE] Starting: tally_delegates
[32m2026-03-20 05:26:18 +0530[0m - dagster - [34mINFO[0m - __ASSET_JOB - 5c6cc3ab-e8fb-443f-aa48-e81409a43433 - tally_delegates - [BRONZE] Source: tally.xyz GraphQL API
[32m2026-03-20 05:26:18 +0530[0m - dagster - [34mINFO[0m - __ASSET_JOB - 5c6cc3ab-e8fb-443f-aa48-e81409a43433 - tally_delegates - [BRONZE] Output: bronze/governance/tally_delegates.json
[32m2026-03-20 05:26:18 +0530[0m - dagster - [34mINFO[0m - __ASSET_JOB - 5c6cc3ab-e8fb-443f-aa48-e81409a43433 - tally_delegates - [BRONZE] Fetching ENS organization from Tally...
[32m2026-03-20 05:26:19 +0530[0m - dagster - [34mINFO[0m - __ASSET_JOB - 5c6cc3ab-e8fb-443f-aa48-e81409a43433 - tally_delegates - [BRONZE] ✓ Connected to Tally org: ENS (id=2206072050458560426)
[32m2026-03-20 05:26:19 +0530[0m - dagster - [34mINFO[0m - __ASSET_JOB - 5c6cc3ab-e8fb-443f-aa48-e81409a43433 - tally_delegates - [BRONZE] Fetching all ENS delegates (sorted by voting power)...
[32m2026-03-20 05:26:19 +0530[0m - dagster - [34mINFO[0m - __ASSET_JOB - 5c6cc3ab-e8fb-443f-aa48-e81409a43433 - tally_delegates - [BRONZE] This may take 2-3 minutes (38k delegates, 500/page)
[TALLY] Rate limited (429), waiting 60s before retry...
[TALLY] Rate limited (429), waiting 60s before retry...
[TALLY] Rate limited (429), waiting 60s before retry...
[TALLY] Rate limited (429), waiting 60s before retry...
[TALLY] Rate limited (429), waiting 60s before retry...
[32m2026-03-20 05:33:08 +0530[0m - dagster - [34mERROR[0m - [31m__ASSET_JOB - 5c6cc3ab-e8fb-443f-aa48-e81409a43433 - 214323 - tally_delegates - STEP_FAILURE - Execution of step "tally_delegates" failed.

dagster._core.errors.DagsterExecutionInterruptedError

Stack Trace:
  File "/home/torch/ENS-Retro-Data/.venv/lib/python3.12/site-packages/dagster/_core/execution/plan/execute_plan.py", line 247, in dagster_event_sequence_for_step
    yield from check.generator(step_events)
  File "/home/torch/ENS-Retro-Data/.venv/lib/python3.12/site-packages/dagster/_core/execution/plan/execute_step.py", line 505, in core_dagster_event_sequence_for_step
    for user_event in _step_output_error_checked_user_event_sequence(
                      ^^^^^^^^^^^^^^^^^^^^^^^^^^^^^^^^^^^^^^^^^^^^^^^
  File "/home/torch/ENS-Retro-Data/.venv/lib/python3.12/site-packages/dagster/_core/execution/plan/execute_step.py", line 184, in _step_output_error_checked_user_event_sequence
    for user_event in user_event_sequence:
                      ^^^^^^^^^^^^^^^^^^^
  File "/home/torch/ENS-Retro-Data/.venv/lib/python3.12/site-packages/dagster/_core/execution/plan/execute_step.py", line 88, in _process_asset_results_to_events
    for user_event in user_event_sequence:
                      ^^^^^^^^^^^^^^^^^^^
  File "/home/torch/ENS-Retro-Data/.venv/lib/python3.12/site-packages/dagster/_core/execution/plan/compute.py", line 188, in execute_core_compute
    for step_output in _yield_compute_results(step_context, inputs, compute_fn, compute_context):
                       ^^^^^^^^^^^^^^^^^^^^^^^^^^^^^^^^^^^^^^^^^^^^^^^^^^^^^^^^^^^^^^^^^^^^^^^^^
  File "/home/torch/ENS-Retro-Data/.venv/lib/python3.12/site-packages/dagster/_core/execution/plan/compute.py", line 157, in _yield_compute_results
    for event in iterate_with_context(
                 ^^^^^^^^^^^^^^^^^^^^^
  File "/home/torch/ENS-Retro-Data/.venv/lib/python3.12/site-packages/dagster/_utils/__init__.py", line 394, in iterate_with_context
    next_output = next(iterator)
                  ^^^^^^^^^^^^^^
  File "/home/torch/ENS-Retro-Data/.venv/lib/python3.12/site-packages/dagster/_core/execution/plan/compute_generator.py", line 135, in _coerce_op_compute_fn_to_iterator
    result = invoke_compute_fn(
             ^^^^^^^^^^^^^^^^^^
  File "/home/torch/ENS-Retro-Data/.venv/lib/python3.12/site-packages/dagster/_core/execution/plan/compute_generator.py", line 115, in invoke_compute_fn
    return fn(context, **args_to_pass) if context_arg_provided else fn(**args_to_pass)
           ^^^^^^^^^^^^^^^^^^^^^^^^^^^
  File "/home/torch/ENS-Retro-Data/infra/ingest/assets.py", line 415, in tally_delegates
    raw = fetch_tally_delegates(org_id, tally_config.api_key)
          ^^^^^^^^^^^^^^^^^^^^^^^^^^^^^^^^^^^^^^^^^^^^^^^^^^^
  File "/home/torch/ENS-Retro-Data/infra/ingest/tally_api.py", line 368, in fetch_tally_delegates
    Estimated time: ~2-3 min (~38k delegates, 500/page, ~76 pages).
               ^^^^^^^^^^^^^^^^^^^^^^^^^^^^^^^^^^^^^^^^^^^^^^
  File "/home/torch/ENS-Retro-Data/infra/ingest/tally_api.py", line 23, in run_query
    Uses exponential backoff starting at 60s, doubling each retry up to 10 minutes.
           ^^^^^^^^^^^^^^^^^^^^^^^^^^^^^^^^^^^^^^^^^^^^^^^^^^^^^^^^^^^^^^^^^
  File "/home/torch/ENS-Retro-Data/.venv/lib/python3.12/site-packages/requests/api.py", line 115, in post
    return request("post", url, data=data, json=json, **kwargs)
           ^^^^^^^^^^^^^^^^^^^^^^^^^^^^^^^^^^^^^^^^^^^^^^^^^^^^
  File "/home/torch/ENS-Retro-Data/.venv/lib/python3.12/site-packages/requests/api.py", line 59, in request
    return session.request(method=method, url=url, **kwargs)
           ^^^^^^^^^^^^^^^^^^^^^^^^^^^^^^^^^^^^^^^^^^^^^^^^^
  File "/home/torch/ENS-Retro-Data/.venv/lib/python3.12/site-packages/requests/sessions.py", line 589, in request
    resp = self.send(prep, **send_kwargs)
           ^^^^^^^^^^^^^^^^^^^^^^^^^^^^^^
  File "/home/torch/ENS-Retro-Data/.venv/lib/python3.12/site-packages/requests/sessions.py", line 703, in send
    r = adapter.send(request, **kwargs)
        ^^^^^^^^^^^^^^^^^^^^^^^^^^^^^^^
  File "/home/torch/ENS-Retro-Data/.venv/lib/python3.12/site-packages/requests/adapters.py", line 644, in send
    resp = conn.urlopen(
           ^^^^^^^^^^^^^
  File "/home/torch/ENS-Retro-Data/.venv/lib/python3.12/site-packages/urllib3/connectionpool.py", line 787, in urlopen
    response = self._make_request(
               ^^^^^^^^^^^^^^^^^^^
  File "/home/torch/ENS-Retro-Data/.venv/lib/python3.12/site-packages/urllib3/connectionpool.py", line 534, in _make_request
    response = conn.getresponse()
               ^^^^^^^^^^^^^^^^^^
  File "/home/torch/ENS-Retro-Data/.venv/lib/python3.12/site-packages/urllib3/connection.py", line 571, in getresponse
    httplib_response = super().getresponse()
                       ^^^^^^^^^^^^^^^^^^^^^
  File "/home/torch/.local/share/uv/python/cpython-3.12.11-linux-x86_64-gnu/lib/python3.12/http/client.py", line 1430, in getresponse
    response.begin()
  File "/home/torch/.local/share/uv/python/cpython-3.12.11-linux-x86_64-gnu/lib/python3.12/http/client.py", line 331, in begin
    version, status, reason = self._read_status()
                              ^^^^^^^^^^^^^^^^^^^
  File "/home/torch/.local/share/uv/python/cpython-3.12.11-linux-x86_64-gnu/lib/python3.12/http/client.py", line 292, in _read_status
    line = str(self.fp.readline(_MAXLINE + 1), "iso-8859-1")
               ^^^^^^^^^^^^^^^^^^^^^^^^^^^^^^
  File "/home/torch/.local/share/uv/python/cpython-3.12.11-linux-x86_64-gnu/lib/python3.12/socket.py", line 720, in readinto
    return self._sock.recv_into(b)
           ^^^^^^^^^^^^^^^^^^^^^^^
  File "/home/torch/.local/share/uv/python/cpython-3.12.11-linux-x86_64-gnu/lib/python3.12/ssl.py", line 1251, in recv_into
    return self.read(nbytes, buffer)
           ^^^^^^^^^^^^^^^^^^^^^^^^^
  File "/home/torch/.local/share/uv/python/cpython-3.12.11-linux-x86_64-gnu/lib/python3.12/ssl.py", line 1103, in read
    return self._sslobj.read(len, buffer)
           ^^^^^^^^^^^^^^^^^^^^^^^^^^^^^^
  File "/home/torch/ENS-Retro-Data/.venv/lib/python3.12/site-packages/dagster/_utils/interrupts.py", line 81, in _new_signal_handler
    raise error_cls()
[0m
