[32m2026-04-03 10:15:46 +0530[0m - dagster - [34mDEBUG[0m - __ASSET_JOB - 17455790-3bbd-49be-a5cb-9fe86d635b84 - 736485 - LOGS_CAPTURED - Started capturing logs in process (pid: 736485).
[32m2026-04-03 10:15:46 +0530[0m - dagster - [34mDEBUG[0m - __ASSET_JOB - 17455790-3bbd-49be-a5cb-9fe86d635b84 - 736485 - ens_dbt_assets - STEP_START - Started execution of step "ens_dbt_assets".
[32m2026-04-03 10:15:46 +0530[0m - dagster - [34mWARNING[0m - __ASSET_JOB - 17455790-3bbd-49be-a5cb-9fe86d635b84 - ens_dbt_assets - Skipping dbt model 'stg_oso_ens_timeseries+' — source file not on disk: oso_ens_timeseries.json
/home/torch/.local/lib/python3.10/site-packages/dagster_dbt/asset_utils.py:497: DeprecationWarning: AssetExecutionContext.op is deprecated and will be removed in a future release. You have called the deprecated method op on AssetExecutionContext. Use context.op_execution_context.op instead.
/home/torch/.local/lib/python3.10/site-packages/dagster_dbt/asset_utils.py:498: DeprecationWarning: AssetExecutionContext.op is deprecated and will be removed in a future release. You have called the deprecated method op on AssetExecutionContext. Use context.op_execution_context.op instead.
/home/torch/.local/lib/python3.10/site-packages/dagster_dbt/asset_utils.py:499: DeprecationWarning: AssetExecutionContext.op is deprecated and will be removed in a future release. You have called the deprecated method op on AssetExecutionContext. Use context.op_execution_context.op instead.
[32m2026-04-03 10:15:46 +0530[0m - dagster - [34mINFO[0m - __ASSET_JOB - 17455790-3bbd-49be-a5cb-9fe86d635b84 - ens_dbt_assets - A dbt subsetted execution is being performed. Overriding default dbt selection arguments `['--select', 'fqn:*']` with arguments: `['ens_retro.staging.stg_forum_posts', 'ens_retro.staging.stg_votingpower_delegates', 'ens_retro.staging.stg_ens_ledger', 'ens_retro.staging.stg_token_distribution', 'ens_retro.staging.stg_tally_votes']`.
[32m2026-04-03 10:15:56 +0530[0m - dagster - [34mINFO[0m - __ASSET_JOB - 17455790-3bbd-49be-a5cb-9fe86d635b84 - ens_dbt_assets - Copying `/home/torch/ENS-Retro-Data/infra/dbt/target/partial_parse.msgpack` to `/home/torch/ENS-Retro-Data/infra/dbt/target/ens_dbt_assets-1745579-dc9c746/partial_parse.msgpack` to take advantage of partial parsing.
[32m2026-04-03 10:15:56 +0530[0m - dagster - [34mINFO[0m - __ASSET_JOB - 17455790-3bbd-49be-a5cb-9fe86d635b84 - ens_dbt_assets - Running dbt command: `dbt build --exclude stg_oso_ens_timeseries+ --select ens_retro.staging.stg_forum_posts ens_retro.staging.stg_votingpower_delegates ens_retro.staging.stg_ens_ledger ens_retro.staging.stg_token_distribution ens_retro.staging.stg_tally_votes`.
[32m2026-04-03 10:16:01 +0530[0m - dagster - [34mDEBUG[0m - __ASSET_JOB - 17455790-3bbd-49be-a5cb-9fe86d635b84 - 736485 - ens_dbt_assets - STEP_OUTPUT - Yielded output "bronze__stg_ens_ledger" of type "Nothing". (Type check passed).
[32m2026-04-03 10:16:02 +0530[0m - dagster - [34mDEBUG[0m - __ASSET_JOB - 17455790-3bbd-49be-a5cb-9fe86d635b84 - 736485 - ens_dbt_assets - ASSET_MATERIALIZATION - Materialized value bronze stg_ens_ledger.
[32m2026-04-03 10:16:03 +0530[0m - dagster - [34mDEBUG[0m - __ASSET_JOB - 17455790-3bbd-49be-a5cb-9fe86d635b84 - 736485 - ens_dbt_assets - STEP_OUTPUT - Yielded output "bronze__stg_forum_posts" of type "Nothing". (Type check passed).
[32m2026-04-03 10:16:05 +0530[0m - dagster - [34mDEBUG[0m - __ASSET_JOB - 17455790-3bbd-49be-a5cb-9fe86d635b84 - 736485 - ens_dbt_assets - ASSET_MATERIALIZATION - Materialized value bronze stg_forum_posts.
[32m2026-04-03 10:16:05 +0530[0m - dagster - [34mDEBUG[0m - __ASSET_JOB - 17455790-3bbd-49be-a5cb-9fe86d635b84 - 736485 - ens_dbt_assets - STEP_OUTPUT - Yielded output "bronze__stg_tally_votes" of type "Nothing". (Type check passed).
[32m2026-04-03 10:16:08 +0530[0m - dagster - [34mDEBUG[0m - __ASSET_JOB - 17455790-3bbd-49be-a5cb-9fe86d635b84 - 736485 - ens_dbt_assets - ASSET_MATERIALIZATION - Materialized value bronze stg_tally_votes.
[32m2026-04-03 10:16:08 +0530[0m - dagster - [34mDEBUG[0m - __ASSET_JOB - 17455790-3bbd-49be-a5cb-9fe86d635b84 - 736485 - ens_dbt_assets - STEP_OUTPUT - Yielded output "bronze__stg_token_distribution" of type "Nothing". (Type check passed).
[32m2026-04-03 10:16:09 +0530[0m - dagster - [34mDEBUG[0m - __ASSET_JOB - 17455790-3bbd-49be-a5cb-9fe86d635b84 - 736485 - ens_dbt_assets - ASSET_MATERIALIZATION - Materialized value bronze stg_token_distribution.
[32m2026-04-03 10:16:10 +0530[0m - dagster - [34mDEBUG[0m - __ASSET_JOB - 17455790-3bbd-49be-a5cb-9fe86d635b84 - 736485 - ens_dbt_assets - STEP_OUTPUT - Yielded output "bronze__stg_votingpower_delegates" of type "Nothing". (Type check passed).
[32m2026-04-03 10:16:12 +0530[0m - dagster - [34mDEBUG[0m - __ASSET_JOB - 17455790-3bbd-49be-a5cb-9fe86d635b84 - 736485 - ens_dbt_assets - ASSET_MATERIALIZATION - Materialized value bronze stg_votingpower_delegates.
[32m2026-04-03 10:16:12 +0530[0m - dagster - [34mDEBUG[0m - __ASSET_JOB - 17455790-3bbd-49be-a5cb-9fe86d635b84 - 736485 - ens_dbt_assets - STEP_OUTPUT - Yielded output "bronze__stg_ens_ledger_not_null_stg_ens_ledger_amount" of type "Any". (Type check passed).
[32m2026-04-03 10:16:14 +0530[0m - dagster - [34mDEBUG[0m - __ASSET_JOB - 17455790-3bbd-49be-a5cb-9fe86d635b84 - 736485 - ens_dbt_assets - ASSET_CHECK_EVALUATION - Asset check 'not_null_stg_ens_ledger_amount' on 'bronze/stg_ens_ledger' passed.
[32m2026-04-03 10:16:14 +0530[0m - dagster - [34mDEBUG[0m - __ASSET_JOB - 17455790-3bbd-49be-a5cb-9fe86d635b84 - 736485 - ens_dbt_assets - STEP_OUTPUT - Yielded output "bronze__stg_ens_ledger_not_null_stg_ens_ledger_category" of type "Any". (Type check passed).
[32m2026-04-03 10:16:15 +0530[0m - dagster - [34mDEBUG[0m - __ASSET_JOB - 17455790-3bbd-49be-a5cb-9fe86d635b84 - 736485 - ens_dbt_assets - ASSET_CHECK_EVALUATION - Asset check 'not_null_stg_ens_ledger_category' on 'bronze/stg_ens_ledger' passed.
[32m2026-04-03 10:16:16 +0530[0m - dagster - [34mDEBUG[0m - __ASSET_JOB - 17455790-3bbd-49be-a5cb-9fe86d635b84 - 736485 - ens_dbt_assets - STEP_OUTPUT - Yielded output "bronze__stg_ens_ledger_not_null_stg_ens_ledger_tx_date" of type "Any". (Type check passed).
[32m2026-04-03 10:16:16 +0530[0m - dagster - [34mDEBUG[0m - __ASSET_JOB - 17455790-3bbd-49be-a5cb-9fe86d635b84 - 736485 - ens_dbt_assets - ASSET_CHECK_EVALUATION - Asset check 'not_null_stg_ens_ledger_tx_date' on 'bronze/stg_ens_ledger' passed.
[32m2026-04-03 10:16:17 +0530[0m - dagster - [34mDEBUG[0m - __ASSET_JOB - 17455790-3bbd-49be-a5cb-9fe86d635b84 - 736485 - ens_dbt_assets - STEP_OUTPUT - Yielded output "bronze__stg_ens_ledger_not_null_stg_ens_ledger_tx_hash" of type "Any". (Type check passed).
[32m2026-04-03 10:16:18 +0530[0m - dagster - [34mDEBUG[0m - __ASSET_JOB - 17455790-3bbd-49be-a5cb-9fe86d635b84 - 736485 - ens_dbt_assets - ASSET_CHECK_EVALUATION - Asset check 'not_null_stg_ens_ledger_tx_hash' on 'bronze/stg_ens_ledger' passed.
[32m2026-04-03 10:16:19 +0530[0m - dagster - [34mDEBUG[0m - __ASSET_JOB - 17455790-3bbd-49be-a5cb-9fe86d635b84 - 736485 - ens_dbt_assets - STEP_OUTPUT - Yielded output "bronze__stg_ens_ledger_not_null_stg_ens_ledger_value_usd" of type "Any". (Type check passed).
[32m2026-04-03 10:16:20 +0530[0m - dagster - [34mDEBUG[0m - __ASSET_JOB - 17455790-3bbd-49be-a5cb-9fe86d635b84 - 736485 - ens_dbt_assets - ASSET_CHECK_EVALUATION - Asset check 'not_null_stg_ens_ledger_value_usd' on 'bronze/stg_ens_ledger' passed.
[32m2026-04-03 10:16:20 +0530[0m - dagster - [34mDEBUG[0m - __ASSET_JOB - 17455790-3bbd-49be-a5cb-9fe86d635b84 - 736485 - ens_dbt_assets - STEP_OUTPUT - Yielded output "bronze__stg_forum_posts_not_null_stg_forum_posts_post_id" of type "Any". (Type check passed).
[32m2026-04-03 10:16:22 +0530[0m - dagster - [34mDEBUG[0m - __ASSET_JOB - 17455790-3bbd-49be-a5cb-9fe86d635b84 - 736485 - ens_dbt_assets - ASSET_CHECK_EVALUATION - Asset check 'not_null_stg_forum_posts_post_id' on 'bronze/stg_forum_posts' passed.
[32m2026-04-03 10:16:22 +0530[0m - dagster - [34mDEBUG[0m - __ASSET_JOB - 17455790-3bbd-49be-a5cb-9fe86d635b84 - 736485 - ens_dbt_assets - STEP_OUTPUT - Yielded output "bronze__stg_forum_posts_unique_stg_forum_posts_post_id" of type "Any". (Type check passed).
[32m2026-04-03 10:16:23 +0530[0m - dagster - [34mDEBUG[0m - __ASSET_JOB - 17455790-3bbd-49be-a5cb-9fe86d635b84 - 736485 - ens_dbt_assets - ASSET_CHECK_EVALUATION - Asset check 'unique_stg_forum_posts_post_id' on 'bronze/stg_forum_posts' passed.
[32m2026-04-03 10:16:25 +0530[0m - dagster - [34mDEBUG[0m - __ASSET_JOB - 17455790-3bbd-49be-a5cb-9fe86d635b84 - 736485 - ens_dbt_assets - STEP_OUTPUT - Yielded output "bronze__stg_tally_votes_not_null_stg_tally_votes_proposal_id" of type "Any". (Type check passed).
[32m2026-04-03 10:16:26 +0530[0m - dagster - [34mDEBUG[0m - __ASSET_JOB - 17455790-3bbd-49be-a5cb-9fe86d635b84 - 736485 - ens_dbt_assets - ASSET_CHECK_EVALUATION - Asset check 'not_null_stg_tally_votes_proposal_id' on 'bronze/stg_tally_votes' passed.
[32m2026-04-03 10:16:26 +0530[0m - dagster - [34mDEBUG[0m - __ASSET_JOB - 17455790-3bbd-49be-a5cb-9fe86d635b84 - 736485 - ens_dbt_assets - STEP_OUTPUT - Yielded output "bronze__stg_tally_votes_not_null_stg_tally_votes_vote_id" of type "Any". (Type check passed).
[32m2026-04-03 10:16:28 +0530[0m - dagster - [34mDEBUG[0m - __ASSET_JOB - 17455790-3bbd-49be-a5cb-9fe86d635b84 - 736485 - ens_dbt_assets - ASSET_CHECK_EVALUATION - Asset check 'not_null_stg_tally_votes_vote_id' on 'bronze/stg_tally_votes' passed.
[32m2026-04-03 10:16:28 +0530[0m - dagster - [34mDEBUG[0m - __ASSET_JOB - 17455790-3bbd-49be-a5cb-9fe86d635b84 - 736485 - ens_dbt_assets - STEP_OUTPUT - Yielded output "bronze__stg_tally_votes_not_null_stg_tally_votes_voter" of type "Any". (Type check passed).
[32m2026-04-03 10:16:29 +0530[0m - dagster - [34mDEBUG[0m - __ASSET_JOB - 17455790-3bbd-49be-a5cb-9fe86d635b84 - 736485 - ens_dbt_assets - ASSET_CHECK_EVALUATION - Asset check 'not_null_stg_tally_votes_voter' on 'bronze/stg_tally_votes' passed.
[32m2026-04-03 10:16:30 +0530[0m - dagster - [34mDEBUG[0m - __ASSET_JOB - 17455790-3bbd-49be-a5cb-9fe86d635b84 - 736485 - ens_dbt_assets - STEP_OUTPUT - Yielded output "bronze__stg_tally_votes_unique_stg_tally_votes_vote_id" of type "Any". (Type check passed).
[32m2026-04-03 10:16:31 +0530[0m - dagster - [34mDEBUG[0m - __ASSET_JOB - 17455790-3bbd-49be-a5cb-9fe86d635b84 - 736485 - ens_dbt_assets - ASSET_CHECK_EVALUATION - Asset check 'unique_stg_tally_votes_vote_id' on 'bronze/stg_tally_votes' passed.
[32m2026-04-03 10:16:31 +0530[0m - dagster - [34mDEBUG[0m - __ASSET_JOB - 17455790-3bbd-49be-a5cb-9fe86d635b84 - 736485 - ens_dbt_assets - STEP_OUTPUT - Yielded output "bronze__stg_token_distribution_not_null_stg_token_distribution_address" of type "Any". (Type check passed).
[32m2026-04-03 10:16:32 +0530[0m - dagster - [34mDEBUG[0m - __ASSET_JOB - 17455790-3bbd-49be-a5cb-9fe86d635b84 - 736485 - ens_dbt_assets - ASSET_CHECK_EVALUATION - Asset check 'not_null_stg_token_distribution_address' on 'bronze/stg_token_distribution' passed.
[32m2026-04-03 10:16:33 +0530[0m - dagster - [34mDEBUG[0m - __ASSET_JOB - 17455790-3bbd-49be-a5cb-9fe86d635b84 - 736485 - ens_dbt_assets - STEP_OUTPUT - Yielded output "bronze__stg_token_distribution_unique_stg_token_distribution_address" of type "Any". (Type check passed).
[32m2026-04-03 10:16:34 +0530[0m - dagster - [34mDEBUG[0m - __ASSET_JOB - 17455790-3bbd-49be-a5cb-9fe86d635b84 - 736485 - ens_dbt_assets - ASSET_CHECK_EVALUATION - Asset check 'unique_stg_token_distribution_address' on 'bronze/stg_token_distribution' passed.
[32m2026-04-03 10:16:34 +0530[0m - dagster - [34mDEBUG[0m - __ASSET_JOB - 17455790-3bbd-49be-a5cb-9fe86d635b84 - 736485 - ens_dbt_assets - STEP_OUTPUT - Yielded output "bronze__stg_votingpower_delegates_not_null_stg_votingpower_delegates_delegate_address" of type "Any". (Type check passed).
[32m2026-04-03 10:16:36 +0530[0m - dagster - [34mDEBUG[0m - __ASSET_JOB - 17455790-3bbd-49be-a5cb-9fe86d635b84 - 736485 - ens_dbt_assets - ASSET_CHECK_EVALUATION - Asset check 'not_null_stg_votingpower_delegates_delegate_address' on 'bronze/stg_votingpower_delegates' passed.
[32m2026-04-03 10:16:36 +0530[0m - dagster - [34mDEBUG[0m - __ASSET_JOB - 17455790-3bbd-49be-a5cb-9fe86d635b84 - 736485 - ens_dbt_assets - STEP_OUTPUT - Yielded output "bronze__stg_votingpower_delegates_not_null_stg_votingpower_delegates_rank" of type "Any". (Type check passed).
[32m2026-04-03 10:16:37 +0530[0m - dagster - [34mDEBUG[0m - __ASSET_JOB - 17455790-3bbd-49be-a5cb-9fe86d635b84 - 736485 - ens_dbt_assets - ASSET_CHECK_EVALUATION - Asset check 'not_null_stg_votingpower_delegates_rank' on 'bronze/stg_votingpower_delegates' passed.
[32m2026-04-03 10:16:37 +0530[0m - dagster - [34mDEBUG[0m - __ASSET_JOB - 17455790-3bbd-49be-a5cb-9fe86d635b84 - 736485 - ens_dbt_assets - STEP_OUTPUT - Yielded output "bronze__stg_votingpower_delegates_unique_stg_votingpower_delegates_delegate_address" of type "Any". (Type check passed).
[32m2026-04-03 10:16:39 +0530[0m - dagster - [34mDEBUG[0m - __ASSET_JOB - 17455790-3bbd-49be-a5cb-9fe86d635b84 - 736485 - ens_dbt_assets - ASSET_CHECK_EVALUATION - Asset check 'unique_stg_votingpower_delegates_delegate_address' on 'bronze/stg_votingpower_delegates' passed.
[32m2026-04-03 10:16:39 +0530[0m - dagster - [34mINFO[0m - __ASSET_JOB - 17455790-3bbd-49be-a5cb-9fe86d635b84 - ens_dbt_assets - Finished dbt command: `dbt build --exclude stg_oso_ens_timeseries+ --select ens_retro.staging.stg_forum_posts ens_retro.staging.stg_votingpower_delegates ens_retro.staging.stg_ens_ledger ens_retro.staging.stg_token_distribution ens_retro.staging.stg_tally_votes`.
[32m2026-04-03 10:16:39 +0530[0m - dagster - [34mDEBUG[0m - __ASSET_JOB - 17455790-3bbd-49be-a5cb-9fe86d635b84 - 736485 - ens_dbt_assets - STEP_SUCCESS - Finished execution of step "ens_dbt_assets" in 53.28s.
