Running with dbt=1.11.6
Registered adapter: duckdb=1.10.1
[[33mWARNING[0m]: Configuration paths exist in your dbt_project.yml file which do not apply to any resources.
There are 1 unused configuration paths:
- seeds.ens_retro
Found 36 models, 123 data tests, 17 sources, 597 macros

Concurrency: 1 threads (target='dev')

1 of 21 START sql view model main_bronze.stg_ens_ledger ........................ [RUN]
1 of 21 OK created sql view model main_bronze.stg_ens_ledger ................... [[32mOK[0m in 0.53s]
2 of 21 START sql view model main_bronze.stg_forum_posts ....................... [RUN]
2 of 21 OK created sql view model main_bronze.stg_forum_posts .................. [[32mOK[0m in 1.91s]
3 of 21 START sql view model main_bronze.stg_tally_votes ....................... [RUN]
3 of 21 OK created sql view model main_bronze.stg_tally_votes .................. [[32mOK[0m in 0.66s]
4 of 21 START sql view model main_bronze.stg_token_distribution ................ [RUN]
4 of 21 OK created sql view model main_bronze.stg_token_distribution ........... [[32mOK[0m in 0.61s]
5 of 21 START sql view model main_bronze.stg_votingpower_delegates ............. [RUN]
5 of 21 OK created sql view model main_bronze.stg_votingpower_delegates ........ [[32mOK[0m in 1.31s]
6 of 21 START test not_null_stg_ens_ledger_amount .............................. [RUN]
6 of 21 PASS not_null_stg_ens_ledger_amount .................................... [[32mPASS[0m in 0.10s]
7 of 21 START test not_null_stg_ens_ledger_category ............................ [RUN]
7 of 21 PASS not_null_stg_ens_ledger_category .................................. [[32mPASS[0m in 0.06s]
8 of 21 START test not_null_stg_ens_ledger_tx_date ............................. [RUN]
8 of 21 PASS not_null_stg_ens_ledger_tx_date ................................... [[32mPASS[0m in 0.06s]
9 of 21 START test not_null_stg_ens_ledger_tx_hash ............................. [RUN]
9 of 21 PASS not_null_stg_ens_ledger_tx_hash ................................... [[32mPASS[0m in 0.06s]
10 of 21 START test not_null_stg_ens_ledger_value_usd .......................... [RUN]
10 of 21 PASS not_null_stg_ens_ledger_value_usd ................................ [[32mPASS[0m in 0.06s]
11 of 21 START test not_null_stg_forum_posts_post_id ........................... [RUN]
11 of 21 PASS not_null_stg_forum_posts_post_id ................................. [[32mPASS[0m in 0.33s]
12 of 21 START test unique_stg_forum_posts_post_id ............................. [RUN]
12 of 21 PASS unique_stg_forum_posts_post_id ................................... [[32mPASS[0m in 0.43s]
13 of 21 START test not_null_stg_tally_votes_proposal_id ....................... [RUN]
13 of 21 PASS not_null_stg_tally_votes_proposal_id ............................. [[32mPASS[0m in 0.12s]
14 of 21 START test not_null_stg_tally_votes_vote_id ........................... [RUN]
14 of 21 PASS not_null_stg_tally_votes_vote_id ................................. [[32mPASS[0m in 0.10s]
15 of 21 START test not_null_stg_tally_votes_voter ............................. [RUN]
15 of 21 PASS not_null_stg_tally_votes_voter ................................... [[32mPASS[0m in 0.10s]
16 of 21 START test unique_stg_tally_votes_vote_id ............................. [RUN]
16 of 21 PASS unique_stg_tally_votes_vote_id ................................... [[32mPASS[0m in 0.11s]
17 of 21 START test not_null_stg_token_distribution_address .................... [RUN]
17 of 21 PASS not_null_stg_token_distribution_address .......................... [[32mPASS[0m in 0.10s]
18 of 21 START test unique_stg_token_distribution_address ...................... [RUN]
18 of 21 PASS unique_stg_token_distribution_address ............................ [[32mPASS[0m in 0.12s]
19 of 21 START test not_null_stg_votingpower_delegates_delegate_address ........ [RUN]
19 of 21 PASS not_null_stg_votingpower_delegates_delegate_address .............. [[32mPASS[0m in 0.03s]
20 of 21 START test not_null_stg_votingpower_delegates_rank .................... [RUN]
20 of 21 PASS not_null_stg_votingpower_delegates_rank .......................... [[32mPASS[0m in 0.03s]
21 of 21 START test unique_stg_votingpower_delegates_delegate_address .......... [RUN]
21 of 21 PASS unique_stg_votingpower_delegates_delegate_address ................ [[32mPASS[0m in 0.03s]

Finished running 16 data tests, 5 view models in 0 hours 0 minutes and 7.18 seconds (7.18s).

[32mCompleted successfully[0m

Done. PASS=21 WARN=0 ERROR=0 SKIP=0 NO-OP=0 TOTAL=21
