[32m2026-04-03 10:29:30 +0530[0m - dagster - [34mDEBUG[0m - __ASSET_JOB - ea216faa-bf14-4d5c-b880-8489d1e283fb - 755876 - LOGS_CAPTURED - Started capturing logs in process (pid: 755876).
[32m2026-04-03 10:29:31 +0530[0m - dagster - [34mDEBUG[0m - __ASSET_JOB - ea216faa-bf14-4d5c-b880-8489d1e283fb - 755876 - ens_dbt_assets - STEP_START - Started execution of step "ens_dbt_assets".
/home/torch/.local/lib/python3.10/site-packages/dagster_dbt/asset_utils.py:497: DeprecationWarning: AssetExecutionContext.op is deprecated and will be removed in a future release. You have called the deprecated method op on AssetExecutionContext. Use context.op_execution_context.op instead.
/home/torch/.local/lib/python3.10/site-packages/dagster_dbt/asset_utils.py:498: DeprecationWarning: AssetExecutionContext.op is deprecated and will be removed in a future release. You have called the deprecated method op on AssetExecutionContext. Use context.op_execution_context.op instead.
/home/torch/.local/lib/python3.10/site-packages/dagster_dbt/asset_utils.py:499: DeprecationWarning: AssetExecutionContext.op is deprecated and will be removed in a future release. You have called the deprecated method op on AssetExecutionContext. Use context.op_execution_context.op instead.
[32m2026-04-03 10:29:31 +0530[0m - dagster - [34mINFO[0m - __ASSET_JOB - ea216faa-bf14-4d5c-b880-8489d1e283fb - ens_dbt_assets - A dbt subsetted execution is being performed. Overriding default dbt selection arguments `['--select', 'fqn:*']` with arguments: `['ens_retro.silver.clean_oso_ens_timeseries', 'ens_retro.silver.clean_oso_ens_code_metrics']`.
[32m2026-04-03 10:29:42 +0530[0m - dagster - [34mINFO[0m - __ASSET_JOB - ea216faa-bf14-4d5c-b880-8489d1e283fb - ens_dbt_assets - Copying `/home/torch/ENS-Retro-Data/infra/dbt/target/partial_parse.msgpack` to `/home/torch/ENS-Retro-Data/infra/dbt/target/ens_dbt_assets-ea216fa-90d602a/partial_parse.msgpack` to take advantage of partial parsing.
[32m2026-04-03 10:29:42 +0530[0m - dagster - [34mINFO[0m - __ASSET_JOB - ea216faa-bf14-4d5c-b880-8489d1e283fb - ens_dbt_assets - Running dbt command: `dbt build --select ens_retro.silver.clean_oso_ens_timeseries ens_retro.silver.clean_oso_ens_code_metrics`.
[32m2026-04-03 10:29:54 +0530[0m - dagster - [34mDEBUG[0m - __ASSET_JOB - ea216faa-bf14-4d5c-b880-8489d1e283fb - 755876 - ens_dbt_assets - STEP_OUTPUT - Yielded output "silver__clean_oso_ens_timeseries" of type "Nothing". (Type check passed).
[32m2026-04-03 10:29:55 +0530[0m - dagster - [34mDEBUG[0m - __ASSET_JOB - ea216faa-bf14-4d5c-b880-8489d1e283fb - 755876 - ens_dbt_assets - ASSET_MATERIALIZATION - Materialized value silver clean_oso_ens_timeseries.
[32m2026-04-03 10:29:55 +0530[0m - dagster - [34mDEBUG[0m - __ASSET_JOB - ea216faa-bf14-4d5c-b880-8489d1e283fb - 755876 - ens_dbt_assets - STEP_OUTPUT - Yielded output "silver__clean_oso_ens_timeseries_accepted_values_clean_oso_ens_timeseries_source__oso" of type "Any". (Type check passed).
[32m2026-04-03 10:29:56 +0530[0m - dagster - [34mDEBUG[0m - __ASSET_JOB - ea216faa-bf14-4d5c-b880-8489d1e283fb - 755876 - ens_dbt_assets - ASSET_CHECK_EVALUATION - Asset check 'accepted_values_clean_oso_ens_timeseries_source__oso' on 'silver/clean_oso_ens_timeseries' passed.
[32m2026-04-03 10:29:56 +0530[0m - dagster - [34mDEBUG[0m - __ASSET_JOB - ea216faa-bf14-4d5c-b880-8489d1e283fb - 755876 - ens_dbt_assets - STEP_OUTPUT - Yielded output "silver__clean_oso_ens_timeseries_not_null_clean_oso_ens_timeseries_artifact_id" of type "Any". (Type check passed).
[32m2026-04-03 10:29:58 +0530[0m - dagster - [34mDEBUG[0m - __ASSET_JOB - ea216faa-bf14-4d5c-b880-8489d1e283fb - 755876 - ens_dbt_assets - ASSET_CHECK_EVALUATION - Asset check 'not_null_clean_oso_ens_timeseries_artifact_id' on 'silver/clean_oso_ens_timeseries' passed.
[32m2026-04-03 10:29:58 +0530[0m - dagster - [34mDEBUG[0m - __ASSET_JOB - ea216faa-bf14-4d5c-b880-8489d1e283fb - 755876 - ens_dbt_assets - STEP_OUTPUT - Yielded output "silver__clean_oso_ens_timeseries_not_null_clean_oso_ens_timeseries_event_time" of type "Any". (Type check passed).
[32m2026-04-03 10:29:59 +0530[0m - dagster - [34mDEBUG[0m - __ASSET_JOB - ea216faa-bf14-4d5c-b880-8489d1e283fb - 755876 - ens_dbt_assets - ASSET_CHECK_EVALUATION - Asset check 'not_null_clean_oso_ens_timeseries_event_time' on 'silver/clean_oso_ens_timeseries' passed.
[32m2026-04-03 10:29:59 +0530[0m - dagster - [34mDEBUG[0m - __ASSET_JOB - ea216faa-bf14-4d5c-b880-8489d1e283fb - 755876 - ens_dbt_assets - STEP_OUTPUT - Yielded output "silver__clean_oso_ens_timeseries_not_null_clean_oso_ens_timeseries_event_type" of type "Any". (Type check passed).
[32m2026-04-03 10:30:02 +0530[0m - dagster - [34mDEBUG[0m - __ASSET_JOB - ea216faa-bf14-4d5c-b880-8489d1e283fb - 755876 - ens_dbt_assets - ASSET_CHECK_EVALUATION - Asset check 'not_null_clean_oso_ens_timeseries_event_type' on 'silver/clean_oso_ens_timeseries' passed.
[32m2026-04-03 10:30:02 +0530[0m - dagster - [34mINFO[0m - __ASSET_JOB - ea216faa-bf14-4d5c-b880-8489d1e283fb - ens_dbt_assets - Finished dbt command: `dbt build --select ens_retro.silver.clean_oso_ens_timeseries ens_retro.silver.clean_oso_ens_code_metrics`.
[32m2026-04-03 10:30:03 +0530[0m - dagster - [34mERROR[0m - [31m__ASSET_JOB - ea216faa-bf14-4d5c-b880-8489d1e283fb - 755876 - ens_dbt_assets - STEP_FAILURE - Execution of step "ens_dbt_assets" failed.

dagster_dbt.errors.DagsterDbtCliRuntimeError: The dbt CLI process with command

`dbt build --select ens_retro.silver.clean_oso_ens_timeseries ens_retro.silver.clean_oso_ens_code_metrics`

failed with exit code `1`. Check the stdout in the Dagster compute logs for the full information about the error, or view the dbt debug log: /home/torch/ENS-Retro-Data/infra/dbt/target/ens_dbt_assets-ea216fa-90d602a/dbt.log.

Errors parsed from dbt logs:

1 of 10 ERROR creating sql table model main_silver.clean_oso_ens_code_metrics .. [[31mERROR[0m in 2.84s]

[31mFailure in model clean_oso_ens_code_metrics (models/silver/clean_oso_ens_code_metrics.sql)[0m

  Runtime Error in model clean_oso_ens_code_metrics (models/silver/clean_oso_ens_code_metrics.sql)
  Binder Error: Column "contributor_count_6_months" referenced that exists in the SELECT clause - but this column cannot be referenced before it is defined

Stack Trace:
  File "/home/torch/.local/lib/python3.10/site-packages/dagster/_core/execution/plan/execute_plan.py", line 247, in dagster_event_sequence_for_step
    yield from check.generator(step_events)
  File "/home/torch/.local/lib/python3.10/site-packages/dagster/_core/execution/plan/execute_step.py", line 505, in core_dagster_event_sequence_for_step
    for user_event in _step_output_error_checked_user_event_sequence(
  File "/home/torch/.local/lib/python3.10/site-packages/dagster/_core/execution/plan/execute_step.py", line 184, in _step_output_error_checked_user_event_sequence
    for user_event in user_event_sequence:
  File "/home/torch/.local/lib/python3.10/site-packages/dagster/_core/execution/plan/execute_step.py", line 88, in _process_asset_results_to_events
    for user_event in user_event_sequence:
  File "/home/torch/.local/lib/python3.10/site-packages/dagster/_core/execution/plan/compute.py", line 188, in execute_core_compute
    for step_output in _yield_compute_results(step_context, inputs, compute_fn, compute_context):
  File "/home/torch/.local/lib/python3.10/site-packages/dagster/_core/execution/plan/compute.py", line 157, in _yield_compute_results
    for event in iterate_with_context(
  File "/home/torch/.local/lib/python3.10/site-packages/dagster/_utils/__init__.py", line 394, in iterate_with_context
    next_output = next(iterator)
  File "/home/torch/ENS-Retro-Data/infra/dbt_assets.py", line 58, in ens_dbt_assets
    yield from dbt.cli(cmd, context=context).stream()
  File "/home/torch/.local/lib/python3.10/site-packages/dagster_dbt/core/dbt_event_iterator.py", line 215, in __next__
    return next(self._inner_iterator)
  File "/home/torch/.local/lib/python3.10/site-packages/dagster_dbt/core/dbt_cli_invocation.py", line 286, in _stream_asset_events
    for event in self.stream_raw_events():
  File "/home/torch/.local/lib/python3.10/site-packages/dagster_dbt/core/dbt_cli_invocation.py", line 379, in stream_raw_events
    self._raise_on_error()
  File "/home/torch/.local/lib/python3.10/site-packages/dagster_dbt/core/dbt_cli_invocation.py", line 470, in _raise_on_error
    raise error
[0m
