Running with dbt=1.11.6
Registered adapter: duckdb=1.10.1
[[33mWARNING[0m]: Configuration paths exist in your dbt_project.yml file which do not apply to any resources.
There are 1 unused configuration paths:
- seeds.ens_retro
Found 34 models, 105 data tests, 16 sources, 596 macros

Concurrency: 1 threads (target='dev')

1 of 4 START sql view model main_bronze.stg_oso_ens_repos ...................... [RUN]
1 of 4 OK created sql view model main_bronze.stg_oso_ens_repos ................. [[32mOK[0m in 1.04s]
2 of 4 START test not_null_stg_oso_ens_repos_artifact_id ....................... [RUN]
2 of 4 PASS not_null_stg_oso_ens_repos_artifact_id ............................. [[32mPASS[0m in 0.17s]
3 of 4 START test not_null_stg_oso_ens_repos_artifact_name ..................... [RUN]
3 of 4 PASS not_null_stg_oso_ens_repos_artifact_name ........................... [[32mPASS[0m in 0.05s]
4 of 4 START test unique_stg_oso_ens_repos_artifact_id ......................... [RUN]
4 of 4 WARN 150 unique_stg_oso_ens_repos_artifact_id ........................... [[33mWARN 150[0m in 0.05s]

Finished running 3 data tests, 1 view model in 0 hours 0 minutes and 1.61 seconds (1.61s).

[33mCompleted with 1 warning:[0m

[33mWarning in test unique_stg_oso_ens_repos_artifact_id (models/staging/_staging.yml)[0m
Got 150 results, configured to warn if != 0

  compiled code at target/ens_dbt_assets-6a2af05-cfde820/compiled/ens_retro/models/staging/_staging.yml/unique_stg_oso_ens_repos_artifact_id.sql

Done. PASS=3 WARN=1 ERROR=0 SKIP=0 NO-OP=0 TOTAL=4
