[32m2026-04-02 16:40:03 +0530[0m - dagster - [34mDEBUG[0m - __ASSET_JOB - 6a2af058-7e51-4277-96ba-c5beccea11db - 432755 - LOGS_CAPTURED - Started capturing logs in process (pid: 432755).
[32m2026-04-02 16:40:04 +0530[0m - dagster - [34mDEBUG[0m - __ASSET_JOB - 6a2af058-7e51-4277-96ba-c5beccea11db - 432755 - ens_dbt_assets - STEP_START - Started execution of step "ens_dbt_assets".
[32m2026-04-02 16:40:04 +0530[0m - dagster - [34mWARNING[0m - __ASSET_JOB - 6a2af058-7e51-4277-96ba-c5beccea11db - ens_dbt_assets - Skipping dbt model 'stg_oso_ens_code_metrics+' — source file not on disk: oso_ens_code_metrics.json
[32m2026-04-02 16:40:05 +0530[0m - dagster - [34mWARNING[0m - __ASSET_JOB - 6a2af058-7e51-4277-96ba-c5beccea11db - ens_dbt_assets - Skipping dbt model 'stg_oso_ens_timeseries+' — source file not on disk: oso_ens_timeseries.json
/home/torch/.local/lib/python3.10/site-packages/dagster_dbt/asset_utils.py:497: DeprecationWarning: AssetExecutionContext.op is deprecated and will be removed in a future release. You have called the deprecated method op on AssetExecutionContext. Use context.op_execution_context.op instead.
/home/torch/.local/lib/python3.10/site-packages/dagster_dbt/asset_utils.py:498: DeprecationWarning: AssetExecutionContext.op is deprecated and will be removed in a future release. You have called the deprecated method op on AssetExecutionContext. Use context.op_execution_context.op instead.
/home/torch/.local/lib/python3.10/site-packages/dagster_dbt/asset_utils.py:499: DeprecationWarning: AssetExecutionContext.op is deprecated and will be removed in a future release. You have called the deprecated method op on AssetExecutionContext. Use context.op_execution_context.op instead.
[32m2026-04-02 16:40:05 +0530[0m - dagster - [34mINFO[0m - __ASSET_JOB - 6a2af058-7e51-4277-96ba-c5beccea11db - ens_dbt_assets - A dbt subsetted execution is being performed. Overriding default dbt selection arguments `['--select', 'fqn:*']` with arguments: `['ens_retro.staging.stg_oso_ens_repos']`.
[32m2026-04-02 16:40:16 +0530[0m - dagster - [34mINFO[0m - __ASSET_JOB - 6a2af058-7e51-4277-96ba-c5beccea11db - ens_dbt_assets - Copying `/home/torch/ENS-Retro-Data/infra/dbt/target/partial_parse.msgpack` to `/home/torch/ENS-Retro-Data/infra/dbt/target/ens_dbt_assets-6a2af05-cfde820/partial_parse.msgpack` to take advantage of partial parsing.
[32m2026-04-02 16:40:16 +0530[0m - dagster - [34mINFO[0m - __ASSET_JOB - 6a2af058-7e51-4277-96ba-c5beccea11db - ens_dbt_assets - Running dbt command: `dbt build --exclude stg_oso_ens_code_metrics+ --exclude stg_oso_ens_timeseries+ --select ens_retro.staging.stg_oso_ens_repos`.
[32m2026-04-02 16:40:21 +0530[0m - dagster - [34mDEBUG[0m - __ASSET_JOB - 6a2af058-7e51-4277-96ba-c5beccea11db - 432755 - ens_dbt_assets - STEP_OUTPUT - Yielded output "bronze__stg_oso_ens_repos" of type "Nothing". (Type check passed).
[32m2026-04-02 16:40:22 +0530[0m - dagster - [34mDEBUG[0m - __ASSET_JOB - 6a2af058-7e51-4277-96ba-c5beccea11db - 432755 - ens_dbt_assets - ASSET_MATERIALIZATION - Materialized value bronze stg_oso_ens_repos.
[32m2026-04-02 16:40:23 +0530[0m - dagster - [34mDEBUG[0m - __ASSET_JOB - 6a2af058-7e51-4277-96ba-c5beccea11db - 432755 - ens_dbt_assets - STEP_OUTPUT - Yielded output "bronze__stg_oso_ens_repos_not_null_stg_oso_ens_repos_artifact_id" of type "Any". (Type check passed).
[32m2026-04-02 16:40:23 +0530[0m - dagster - [34mDEBUG[0m - __ASSET_JOB - 6a2af058-7e51-4277-96ba-c5beccea11db - 432755 - ens_dbt_assets - ASSET_CHECK_EVALUATION - Asset check 'not_null_stg_oso_ens_repos_artifact_id' on 'bronze/stg_oso_ens_repos' passed.
[32m2026-04-02 16:40:25 +0530[0m - dagster - [34mDEBUG[0m - __ASSET_JOB - 6a2af058-7e51-4277-96ba-c5beccea11db - 432755 - ens_dbt_assets - STEP_OUTPUT - Yielded output "bronze__stg_oso_ens_repos_not_null_stg_oso_ens_repos_artifact_name" of type "Any". (Type check passed).
[32m2026-04-02 16:40:25 +0530[0m - dagster - [34mDEBUG[0m - __ASSET_JOB - 6a2af058-7e51-4277-96ba-c5beccea11db - 432755 - ens_dbt_assets - ASSET_CHECK_EVALUATION - Asset check 'not_null_stg_oso_ens_repos_artifact_name' on 'bronze/stg_oso_ens_repos' passed.
[32m2026-04-02 16:40:26 +0530[0m - dagster - [34mDEBUG[0m - __ASSET_JOB - 6a2af058-7e51-4277-96ba-c5beccea11db - 432755 - ens_dbt_assets - STEP_OUTPUT - Yielded output "bronze__stg_oso_ens_repos_unique_stg_oso_ens_repos_artifact_id" of type "Any". (Type check passed).
[32m2026-04-02 16:40:28 +0530[0m - dagster - [34mDEBUG[0m - __ASSET_JOB - 6a2af058-7e51-4277-96ba-c5beccea11db - 432755 - ens_dbt_assets - ASSET_CHECK_EVALUATION - Asset check 'unique_stg_oso_ens_repos_artifact_id' on 'bronze/stg_oso_ens_repos' did not pass.
[32m2026-04-02 16:40:29 +0530[0m - dagster - [34mINFO[0m - __ASSET_JOB - 6a2af058-7e51-4277-96ba-c5beccea11db - ens_dbt_assets - Finished dbt command: `dbt build --exclude stg_oso_ens_code_metrics+ --exclude stg_oso_ens_timeseries+ --select ens_retro.staging.stg_oso_ens_repos`.
[32m2026-04-02 16:40:29 +0530[0m - dagster - [34mDEBUG[0m - __ASSET_JOB - 6a2af058-7e51-4277-96ba-c5beccea11db - 432755 - ens_dbt_assets - STEP_SUCCESS - Finished execution of step "ens_dbt_assets" in 25.1s.
