[32m2026-03-20 05:26:30 +0530[0m - dagster - [34mDEBUG[0m - __ASSET_JOB - 5bbfa86a-5817-4140-8e63-d72ecab6a794 - 214648 - LOGS_CAPTURED - Started capturing logs in process (pid: 214648).
[32m2026-03-20 05:26:30 +0530[0m - dagster - [34mDEBUG[0m - __ASSET_JOB - 5bbfa86a-5817-4140-8e63-d72ecab6a794 - 214648 - tally_delegates - STEP_START - Started execution of step "tally_delegates".
[32m2026-03-20 05:26:30 +0530[0m - dagster - [34mINFO[0m - __ASSET_JOB - 5bbfa86a-5817-4140-8e63-d72ecab6a794 - tally_delegates - ============================================================
[32m2026-03-20 05:26:30 +0530[0m - dagster - [34mINFO[0m - __ASSET_JOB - 5bbfa86a-5817-4140-8e63-d72ecab6a794 - tally_delegates - [BRONZE] Starting: tally_delegates
[32m2026-03-20 05:26:30 +0530[0m - dagster - [34mINFO[0m - __ASSET_JOB - 5bbfa86a-5817-4140-8e63-d72ecab6a794 - tally_delegates - [BRONZE] Source: tally.xyz GraphQL API
[32m2026-03-20 05:26:30 +0530[0m - dagster - [34mINFO[0m - __ASSET_JOB - 5bbfa86a-5817-4140-8e63-d72ecab6a794 - tally_delegates - [BRONZE] Output: bronze/governance/tally_delegates.json
[32m2026-03-20 05:26:30 +0530[0m - dagster - [34mINFO[0m - __ASSET_JOB - 5bbfa86a-5817-4140-8e63-d72ecab6a794 - tally_delegates - [BRONZE] Fetching ENS organization from Tally...
[32m2026-03-20 05:26:31 +0530[0m - dagster - [34mINFO[0m - __ASSET_JOB - 5bbfa86a-5817-4140-8e63-d72ecab6a794 - tally_delegates - [BRONZE] âś“ Connected to Tally org: ENS (id=2206072050458560426)
[32m2026-03-20 05:26:31 +0530[0m - dagster - [34mINFO[0m - __ASSET_JOB - 5bbfa86a-5817-4140-8e63-d72ecab6a794 - tally_delegates - [BRONZE] Fetching all ENS delegates (sorted by voting power)...
[32m2026-03-20 05:26:31 +0530[0m - dagster - [34mINFO[0m - __ASSET_JOB - 5bbfa86a-5817-4140-8e63-d72ecab6a794 - tally_delegates - [BRONZE] This may take 2-3 minutes (38k delegates, 500/page)
[TALLY] Rate limited (429), waiting 60s before retry...
[TALLY] Rate limited (429), waiting 60s before retry...
[TALLY] Rate limited (429), waiting 60s before retry...
[TALLY] Rate limited (429), waiting 60s before retry...
[TALLY] Rate limited (429), waiting 60s before retry...
[32m2026-03-20 05:33:08 +0530[0m - dagster - [34mERROR[0m - [31m__ASSET_JOB - 5bbfa86a-5817-4140-8e63-d72ecab6a794 - 214648 - tally_delegates - STEP_FAILURE - Execution of step "tally_delegates" failed.

dagster._core.errors.DagsterExecutionInterruptedError

Stack Trace:
  File "/home/torch/ENS-Retro-Data/.venv/lib/python3.12/site-packages/dagster/_core/execution/plan/execute_plan.py", line 247, in dagster_event_sequence_for_step
    yield from check.generator(step_events)
  File "/home/torch/ENS-Retro-Data/.venv/lib/python3.12/site-packages/dagster/_core/execution/plan/execute_step.py", line 505, in core_dagster_event_sequence_for_step
    for user_event in _step_output_error_checked_user_event_sequence(
                      ^^^^^^^^^^^^^^^^^^^^^^^^^^^^^^^^^^^^^^^^^^^^^^^
  File "/home/torch/ENS-Retro-Data/.venv/lib/python3.12/site-packages/dagster/_core/execution/plan/execute_step.py", line 184, in _step_output_error_checked_user_event_sequence
    for user_event in user_event_sequence:
                      ^^^^^^^^^^^^^^^^^^^
  File "/home/torch/ENS-Retro-Data/.venv/lib/python3.12/site-packages/dagster/_core/execution/plan/execute_step.py", line 88, in _process_asset_results_to_events
    for user_event in user_event_sequence:
                      ^^^^^^^^^^^^^^^^^^^
  File "/home/torch/ENS-Retro-Data/.venv/lib/python3.12/site-packages/dagster/_core/execution/plan/compute.py", line 188, in execute_core_compute
    for step_output in _yield_compute_results(step_context, inputs, compute_fn, compute_context):
                       ^^^^^^^^^^^^^^^^^^^^^^^^^^^^^^^^^^^^^^^^^^^^^^^^^^^^^^^^^^^^^^^^^^^^^^^^^
  File "/home/torch/ENS-Retro-Data/.venv/lib/python3.12/site-packages/dagster/_core/execution/plan/compute.py", line 157, in _yield_compute_results
    for event in iterate_with_context(
                 ^^^^^^^^^^^^^^^^^^^^^
  File "/home/torch/ENS-Retro-Data/.venv/lib/python3.12/site-packages/dagster/_utils/__init__.py", line 394, in iterate_with_context
    next_output = next(iterator)
                  ^^^^^^^^^^^^^^
  File "/home/torch/ENS-Retro-Data/.venv/lib/python3.12/site-packages/dagster/_core/execution/plan/compute_generator.py", line 135, in _coerce_op_compute_fn_to_iterator
    result = invoke_compute_fn(
             ^^^^^^^^^^^^^^^^^^
  File "/home/torch/ENS-Retro-Data/.venv/lib/python3.12/site-packages/dagster/_core/execution/plan/compute_generator.py", line 115, in invoke_compute_fn
    return fn(context, **args_to_pass) if context_arg_provided else fn(**args_to_pass)
           ^^^^^^^^^^^^^^^^^^^^^^^^^^^
  File "/home/torch/ENS-Retro-Data/infra/ingest/assets.py", line 415, in tally_delegates
    raw = fetch_tally_delegates(org_id, tally_config.api_key)
          ^^^^^^^^^^^^^^^^^^^^^^^^^^^^^^^^^^^^^^^^^^^^^^^^^^^
  File "/home/torch/ENS-Retro-Data/infra/ingest/tally_api.py", line 368, in fetch_tally_delegates
    Estimated time: ~2-3 min (~38k delegates, 500/page, ~76 pages).
               ^^^^^^^^^^^^^^^^^^^^^^^^^^^^^^^^^^^^^^^^^^^^^^
  File "/home/torch/ENS-Retro-Data/infra/ingest/tally_api.py", line 23, in run_query
    Uses exponential backoff starting at 60s, doubling each retry up to 10 minutes.
           ^^^^^^^^^^^^^^^^^^^^^^^^^^^^^^^^^^^^^^^^^^^^^^^^^^^^^^^^^^^^^^^^^
  File "/home/torch/ENS-Retro-Data/.venv/lib/python3.12/site-packages/requests/api.py", line 115, in post
    return request("post", url, data=data, json=json, **kwargs)
           ^^^^^^^^^^^^^^^^^^^^^^^^^^^^^^^^^^^^^^^^^^^^^^^^^^^^
  File "/home/torch/ENS-Retro-Data/.venv/lib/python3.12/site-packages/requests/api.py", line 59, in request
    return session.request(method=method, url=url, **kwargs)
           ^^^^^^^^^^^^^^^^^^^^^^^^^^^^^^^^^^^^^^^^^^^^^^^^^
  File "/home/torch/ENS-Retro-Data/.venv/lib/python3.12/site-packages/requests/sessions.py", line 589, in request
    resp = self.send(prep, **send_kwargs)
           ^^^^^^^^^^^^^^^^^^^^^^^^^^^^^^
  File "/home/torch/ENS-Retro-Data/.venv/lib/python3.12/site-packages/requests/sessions.py", line 746, in send
    r.content
  File "/home/torch/ENS-Retro-Data/.venv/lib/python3.12/site-packages/requests/models.py", line 902, in content
    self._content = b"".join(self.iter_content(CONTENT_CHUNK_SIZE)) or b""
                    ^^^^^^^^^^^^^^^^^^^^^^^^^^^^^^^^^^^^^^^^^^^^^^^
  File "/home/torch/ENS-Retro-Data/.venv/lib/python3.12/site-packages/requests/models.py", line 820, in generate
    yield from self.raw.stream(chunk_size, decode_content=True)
  File "/home/torch/ENS-Retro-Data/.venv/lib/python3.12/site-packages/urllib3/response.py", line 1250, in stream
    yield from self.read_chunked(amt, decode_content=decode_content)
  File "/home/torch/ENS-Retro-Data/.venv/lib/python3.12/site-packages/urllib3/response.py", line 1418, in read_chunked
    self._update_chunk_length()
  File "/home/torch/ENS-Retro-Data/.venv/lib/python3.12/site-packages/urllib3/response.py", line 1333, in _update_chunk_length
    line = self._fp.fp.readline()  # type: ignore[union-attr]
           ^^^^^^^^^^^^^^^^^^^^^^
  File "/home/torch/.local/share/uv/python/cpython-3.12.11-linux-x86_64-gnu/lib/python3.12/socket.py", line 720, in readinto
    return self._sock.recv_into(b)
           ^^^^^^^^^^^^^^^^^^^^^^^
  File "/home/torch/.local/share/uv/python/cpython-3.12.11-linux-x86_64-gnu/lib/python3.12/ssl.py", line 1251, in recv_into
    return self.read(nbytes, buffer)
           ^^^^^^^^^^^^^^^^^^^^^^^^^
  File "/home/torch/.local/share/uv/python/cpython-3.12.11-linux-x86_64-gnu/lib/python3.12/ssl.py", line 1103, in read
    return self._sslobj.read(len, buffer)
           ^^^^^^^^^^^^^^^^^^^^^^^^^^^^^^
  File "/home/torch/ENS-Retro-Data/.venv/lib/python3.12/site-packages/dagster/_utils/interrupts.py", line 81, in _new_signal_handler
    raise error_cls()
[0m
