============================================================
[TALLY] Starting: fetch_tally_delegates
[TALLY] API: https://api.tally.xyz/query
[TALLY] Organization ID: 2206072050458560426
[TALLY] WARNING: With rate limiting, expect 2-6 HOURS runtime (~38k delegates)
[TALLY] Page 1: 20 delegates fetched (30/sec, rate_retries=0, ~1265s remaining)
[TALLY] Page 5: 100 delegates fetched (12/sec, rate_retries=0, ~3258s remaining)
[TALLY] Page 10: 200 delegates fetched (9/sec, rate_retries=0, ~4152s remaining)
[TALLY] Page 15: 300 delegates fetched (9/sec, rate_retries=0, ~4004s remaining)
[TALLY] Page 20: 400 delegates fetched (9/sec, rate_retries=0, ~3994s remaining)
[TALLY] Page 25: 500 delegates fetched (9/sec, rate_retries=0, ~4195s remaining)
[TALLY] Page 30: 600 delegates fetched (9/sec, rate_retries=0, ~4088s remaining)
[TALLY] Page 35: 700 delegates fetched (9/sec, rate_retries=0, ~4016s remaining)
[TALLY] Page 40: 800 delegates fetched (9/sec, rate_retries=0, ~4365s remaining)
[TALLY] Page 45: 900 delegates fetched (9/sec, rate_retries=0, ~4265s remaining)
[TALLY] Page 50: 1000 delegates fetched (9/sec, rate_retries=0, ~4223s remaining)
[TALLY] Page 55: 1100 delegates fetched (9/sec, rate_retries=0, ~4273s remaining)
[TALLY] Page 60: 1200 delegates fetched (9/sec, rate_retries=0, ~4212s remaining)
[TALLY] Page 65: 1300 delegates fetched (9/sec, rate_retries=0, ~4157s remaining)
[TALLY] Page 70: 1400 delegates fetched (9/sec, rate_retries=0, ~4196s remaining)
[TALLY] Page 75: 1500 delegates fetched (9/sec, rate_retries=0, ~4143s remaining)
[TALLY] Page 80: 1600 delegates fetched (9/sec, rate_retries=0, ~4093s remaining)
[TALLY] Page 85: 1700 delegates fetched (9/sec, rate_retries=0, ~4124s remaining)
[TALLY] Page 90: 1800 delegates fetched (9/sec, rate_retries=0, ~4079s remaining)
[TALLY] Page 95: 1900 delegates fetched (9/sec, rate_retries=0, ~4039s remaining)
[TALLY] Page 100: 2000 delegates fetched (9/sec, rate_retries=0, ~4001s remaining)
[TALLY] Page 105: 2100 delegates fetched (9/sec, rate_retries=0, ~4026s remaining)
[TALLY] Page 110: 2200 delegates fetched (9/sec, rate_retries=0, ~3988s remaining)
[TALLY] Page 115: 2300 delegates fetched (9/sec, rate_retries=0, ~3954s remaining)
[TALLY] Page 120: 2400 delegates fetched (9/sec, rate_retries=0, ~3975s remaining)
[TALLY] Page 125: 2500 delegates fetched (9/sec, rate_retries=0, ~3944s remaining)
[TALLY] Page 130: 2600 delegates fetched (9/sec, rate_retries=0, ~3917s remaining)
[TALLY] Page 135: 2700 delegates fetched (9/sec, rate_retries=0, ~3935s remaining)
[TALLY] Page 140: 2800 delegates fetched (9/sec, rate_retries=0, ~3907s remaining)
[TALLY] Page 145: 2900 delegates fetched (9/sec, rate_retries=0, ~3881s remaining)
[TALLY] Page 150: 3000 delegates fetched (9/sec, rate_retries=0, ~3857s remaining)
[TALLY] Page 155: 3100 delegates fetched (9/sec, rate_retries=0, ~3875s remaining)
[TALLY] Page 160: 3200 delegates fetched (9/sec, rate_retries=0, ~3855s remaining)
[TALLY] Page 165: 3300 delegates fetched (9/sec, rate_retries=0, ~3831s remaining)
[TALLY] Page 170: 3400 delegates fetched (9/sec, rate_retries=0, ~3846s remaining)
[TALLY] Page 175: 3500 delegates fetched (9/sec, rate_retries=0, ~3822s remaining)
[TALLY] Page 180: 3600 delegates fetched (9/sec, rate_retries=0, ~3797s remaining)
[TALLY] Page 185: 3700 delegates fetched (9/sec, rate_retries=0, ~3808s remaining)
[TALLY] Page 190: 3800 delegates fetched (9/sec, rate_retries=0, ~3785s remaining)
[TALLY] Page 195: 3900 delegates fetched (9/sec, rate_retries=0, ~3762s remaining)
[TALLY] Page 200: 4000 delegates fetched (9/sec, rate_retries=0, ~3773s remaining)
[TALLY] Page 205: 4100 delegates fetched (9/sec, rate_retries=0, ~3751s remaining)
[TALLY] Page 210: 4200 delegates fetched (9/sec, rate_retries=0, ~3730s remaining)
[TALLY] Page 215: 4300 delegates fetched (9/sec, rate_retries=0, ~3709s remaining)
[TALLY] Page 220: 4400 delegates fetched (9/sec, rate_retries=0, ~3716s remaining)
[TALLY] Page 225: 4500 delegates fetched (9/sec, rate_retries=0, ~3695s remaining)
[TALLY] Page 230: 4600 delegates fetched (9/sec, rate_retries=0, ~3675s remaining)
[TALLY] Page 235: 4700 delegates fetched (9/sec, rate_retries=0, ~3681s remaining)
[TALLY] Page 240: 4800 delegates fetched (9/sec, rate_retries=0, ~3661s remaining)
[TALLY] Page 245: 4900 delegates fetched (9/sec, rate_retries=0, ~3641s remaining)
[TALLY] Page 250: 5000 delegates fetched (9/sec, rate_retries=0, ~3647s remaining)
[TALLY] Page 255: 5100 delegates fetched (9/sec, rate_retries=0, ~3628s remaining)
[TALLY] Page 260: 5200 delegates fetched (9/sec, rate_retries=0, ~3609s remaining)
[TALLY] Page 265: 5300 delegates fetched (9/sec, rate_retries=0, ~3590s remaining)
[TALLY] Page 270: 5400 delegates fetched (9/sec, rate_retries=0, ~3594s remaining)
[TALLY] Page 275: 5500 delegates fetched (9/sec, rate_retries=0, ~3576s remaining)
[TALLY] Page 280: 5600 delegates fetched (9/sec, rate_retries=0, ~3560s remaining)
[TALLY] Page 285: 5700 delegates fetched (9/sec, rate_retries=0, ~3562s remaining)
[TALLY] Page 290: 5800 delegates fetched (9/sec, rate_retries=0, ~3545s remaining)
[TALLY] Page 295: 5900 delegates fetched (9/sec, rate_retries=0, ~3527s remaining)
[TALLY] Page 300: 6000 delegates fetched (9/sec, rate_retries=0, ~3530s remaining)
[TALLY] Page 305: 6100 delegates fetched (9/sec, rate_retries=0, ~3513s remaining)
[TALLY] Page 310: 6200 delegates fetched (9/sec, rate_retries=0, ~3497s remaining)
[TALLY] Page 315: 6300 delegates fetched (9/sec, rate_retries=0, ~3499s remaining)
[TALLY] Page 320: 6400 delegates fetched (9/sec, rate_retries=0, ~3482s remaining)
[TALLY] Page 325: 6500 delegates fetched (9/sec, rate_retries=0, ~3465s remaining)
[TALLY] Page 330: 6600 delegates fetched (9/sec, rate_retries=0, ~3448s remaining)
[TALLY] Page 335: 6700 delegates fetched (9/sec, rate_retries=0, ~3449s remaining)
[TALLY] Page 340: 6800 delegates fetched (9/sec, rate_retries=0, ~3433s remaining)
[TALLY] Page 345: 6900 delegates fetched (9/sec, rate_retries=0, ~3417s remaining)
[TALLY] Page 350: 7000 delegates fetched (9/sec, rate_retries=0, ~3417s remaining)
[TALLY] Page 355: 7100 delegates fetched (9/sec, rate_retries=0, ~3423s remaining)
[TALLY] Page 360: 7200 delegates fetched (9/sec, rate_retries=0, ~3409s remaining)
[TALLY] Page 365: 7300 delegates fetched (9/sec, rate_retries=0, ~3408s remaining)
[TALLY] Page 370: 7400 delegates fetched (9/sec, rate_retries=0, ~3391s remaining)
[TALLY] Page 375: 7500 delegates fetched (9/sec, rate_retries=0, ~3375s remaining)
[TALLY] Page 380: 7600 delegates fetched (9/sec, rate_retries=0, ~3373s remaining)
[TALLY] Page 385: 7700 delegates fetched (9/sec, rate_retries=0, ~3357s remaining)
[TALLY] Page 390: 7800 delegates fetched (9/sec, rate_retries=0, ~3340s remaining)
[TALLY] Page 395: 7900 delegates fetched (9/sec, rate_retries=0, ~3338s remaining)
[TALLY] Page 400: 8000 delegates fetched (9/sec, rate_retries=0, ~3323s remaining)
[TALLY] Page 405: 8100 delegates fetched (9/sec, rate_retries=0, ~3307s remaining)
[TALLY] Page 410: 8200 delegates fetched (9/sec, rate_retries=0, ~3292s remaining)
[TALLY] Page 415: 8300 delegates fetched (9/sec, rate_retries=0, ~3289s remaining)
[TALLY] Page 420: 8400 delegates fetched (9/sec, rate_retries=0, ~3274s remaining)
[TALLY] Page 425: 8500 delegates fetched (9/sec, rate_retries=0, ~3259s remaining)
[TALLY] Page 430: 8600 delegates fetched (9/sec, rate_retries=0, ~3256s remaining)
[TALLY] Page 435: 8700 delegates fetched (9/sec, rate_retries=0, ~3240s remaining)
[TALLY] Page 440: 8800 delegates fetched (9/sec, rate_retries=0, ~3225s remaining)
[TALLY] Page 445: 8900 delegates fetched (9/sec, rate_retries=0, ~3222s remaining)
[TALLY] Page 450: 9000 delegates fetched (9/sec, rate_retries=0, ~3207s remaining)
[TALLY] Page 455: 9100 delegates fetched (9/sec, rate_retries=0, ~3192s remaining)
[TALLY] Page 460: 9200 delegates fetched (9/sec, rate_retries=0, ~3189s remaining)
[TALLY] Page 465: 9300 delegates fetched (9/sec, rate_retries=0, ~3174s remaining)
[TALLY] Page 470: 9400 delegates fetched (9/sec, rate_retries=0, ~3158s remaining)
[TALLY] Page 475: 9500 delegates fetched (9/sec, rate_retries=0, ~3143s remaining)
[TALLY] Page 480: 9600 delegates fetched (9/sec, rate_retries=0, ~3139s remaining)
[TALLY] Page 485: 9700 delegates fetched (9/sec, rate_retries=0, ~3124s remaining)
[TALLY] Page 490: 9800 delegates fetched (9/sec, rate_retries=0, ~3109s remaining)
[TALLY] Page 495: 9900 delegates fetched (9/sec, rate_retries=0, ~3104s remaining)
[TALLY] Page 500: 10000 delegates fetched (9/sec, rate_retries=0, ~3090s remaining)
[TALLY] Page 505: 10100 delegates fetched (9/sec, rate_retries=0, ~3075s remaining)
[TALLY] Page 510: 10200 delegates fetched (9/sec, rate_retries=0, ~3071s remaining)
[TALLY] Page 515: 10300 delegates fetched (9/sec, rate_retries=0, ~3057s remaining)
[TALLY] Page 520: 10400 delegates fetched (9/sec, rate_retries=0, ~3042s remaining)
[TALLY] Page 525: 10500 delegates fetched (9/sec, rate_retries=0, ~3027s remaining)
[TALLY] Page 530: 10600 delegates fetched (9/sec, rate_retries=0, ~3023s remaining)
[TALLY] Page 535: 10700 delegates fetched (9/sec, rate_retries=0, ~3009s remaining)
[TALLY] Page 540: 10800 delegates fetched (9/sec, rate_retries=0, ~2995s remaining)
[TALLY] Page 545: 10900 delegates fetched (9/sec, rate_retries=0, ~2990s remaining)
[TALLY] Page 550: 11000 delegates fetched (9/sec, rate_retries=0, ~2976s remaining)
[TALLY] Page 555: 11100 delegates fetched (9/sec, rate_retries=0, ~2962s remaining)
[TALLY] Page 560: 11200 delegates fetched (9/sec, rate_retries=0, ~2956s remaining)
[TALLY] Page 565: 11300 delegates fetched (9/sec, rate_retries=0, ~2943s remaining)
[TALLY] Page 570: 11400 delegates fetched (9/sec, rate_retries=0, ~2929s remaining)
[TALLY] Page 575: 11500 delegates fetched (9/sec, rate_retries=0, ~2924s remaining)
[TALLY] Page 580: 11600 delegates fetched (9/sec, rate_retries=0, ~2910s remaining)
[TALLY] Page 585: 11700 delegates fetched (9/sec, rate_retries=0, ~2897s remaining)
[TALLY] Page 590: 11800 delegates fetched (9/sec, rate_retries=0, ~2883s remaining)
[TALLY] Page 595: 11900 delegates fetched (9/sec, rate_retries=0, ~2878s remaining)
[TALLY] Page 600: 12000 delegates fetched (9/sec, rate_retries=0, ~2864s remaining)
[TALLY] Page 605: 12100 delegates fetched (9/sec, rate_retries=0, ~2850s remaining)
[TALLY] Page 610: 12200 delegates fetched (9/sec, rate_retries=0, ~2844s remaining)
[TALLY] Page 615: 12300 delegates fetched (9/sec, rate_retries=0, ~2832s remaining)
[TALLY] Page 620: 12400 delegates fetched (9/sec, rate_retries=0, ~2818s remaining)
[TALLY] Page 625: 12500 delegates fetched (9/sec, rate_retries=0, ~2812s remaining)
[TALLY] Page 630: 12600 delegates fetched (9/sec, rate_retries=0, ~2798s remaining)
[TALLY] Page 635: 12700 delegates fetched (9/sec, rate_retries=0, ~2786s remaining)
[TALLY] Page 640: 12800 delegates fetched (9/sec, rate_retries=0, ~2773s remaining)
[TALLY] Page 645: 12900 delegates fetched (9/sec, rate_retries=0, ~2766s remaining)
[TALLY] Page 650: 13000 delegates fetched (9/sec, rate_retries=0, ~2753s remaining)
[TALLY] Page 655: 13100 delegates fetched (9/sec, rate_retries=0, ~2739s remaining)
[TALLY] Page 660: 13200 delegates fetched (9/sec, rate_retries=0, ~2733s remaining)
[TALLY] Page 665: 13300 delegates fetched (9/sec, rate_retries=0, ~2720s remaining)
[TALLY] Page 670: 13400 delegates fetched (9/sec, rate_retries=0, ~2706s remaining)
[TALLY] Page 675: 13500 delegates fetched (9/sec, rate_retries=0, ~2700s remaining)
[TALLY] Page 680: 13600 delegates fetched (9/sec, rate_retries=0, ~2687s remaining)
[TALLY] Page 685: 13700 delegates fetched (9/sec, rate_retries=0, ~2674s remaining)
[TALLY] Page 690: 13800 delegates fetched (9/sec, rate_retries=0, ~2668s remaining)
[TALLY] Page 695: 13900 delegates fetched (9/sec, rate_retries=0, ~2655s remaining)
[TALLY] Page 700: 14000 delegates fetched (9/sec, rate_retries=0, ~2642s remaining)
[TALLY] Page 705: 14100 delegates fetched (9/sec, rate_retries=0, ~2629s remaining)
[TALLY] Page 710: 14200 delegates fetched (9/sec, rate_retries=0, ~2622s remaining)
[TALLY] Page 715: 14300 delegates fetched (9/sec, rate_retries=0, ~2618s remaining)
[TALLY] Page 720: 14400 delegates fetched (9/sec, rate_retries=0, ~2610s remaining)
[TALLY] Page 725: 14500 delegates fetched (9/sec, rate_retries=0, ~2597s remaining)
[TALLY] Page 730: 14600 delegates fetched (9/sec, rate_retries=0, ~2584s remaining)
[TALLY] Page 735: 14700 delegates fetched (9/sec, rate_retries=0, ~2571s remaining)
[TALLY] Page 740: 14800 delegates fetched (9/sec, rate_retries=0, ~2564s remaining)
[TALLY] Page 745: 14900 delegates fetched (9/sec, rate_retries=0, ~2551s remaining)
[TALLY] Page 750: 15000 delegates fetched (9/sec, rate_retries=0, ~2538s remaining)
[TALLY] Page 755: 15100 delegates fetched (9/sec, rate_retries=0, ~2531s remaining)
[TALLY] Page 760: 15200 delegates fetched (9/sec, rate_retries=0, ~2518s remaining)
[TALLY] Page 765: 15300 delegates fetched (9/sec, rate_retries=0, ~2505s remaining)
[TALLY] Page 770: 15400 delegates fetched (9/sec, rate_retries=0, ~2498s remaining)
[TALLY] Page 775: 15500 delegates fetched (9/sec, rate_retries=0, ~2485s remaining)
[TALLY] Page 780: 15600 delegates fetched (9/sec, rate_retries=0, ~2472s remaining)
[TALLY] Page 785: 15700 delegates fetched (9/sec, rate_retries=0, ~2460s remaining)
[TALLY] Page 790: 15800 delegates fetched (9/sec, rate_retries=0, ~2452s remaining)
[TALLY] Page 795: 15900 delegates fetched (9/sec, rate_retries=0, ~2439s remaining)
[TALLY] Page 800: 16000 delegates fetched (9/sec, rate_retries=0, ~2426s remaining)
[TALLY] Page 805: 16100 delegates fetched (9/sec, rate_retries=0, ~2418s remaining)
[TALLY] Page 810: 16200 delegates fetched (9/sec, rate_retries=0, ~2406s remaining)
[TALLY] Page 815: 16300 delegates fetched (9/sec, rate_retries=0, ~2393s remaining)
[TALLY] Page 820: 16400 delegates fetched (9/sec, rate_retries=0, ~2385s remaining)
[TALLY] Page 825: 16500 delegates fetched (9/sec, rate_retries=0, ~2372s remaining)
[TALLY] Page 830: 16600 delegates fetched (9/sec, rate_retries=0, ~2360s remaining)
[TALLY] Page 835: 16700 delegates fetched (9/sec, rate_retries=0, ~2347s remaining)
[TALLY] Page 840: 16800 delegates fetched (9/sec, rate_retries=0, ~2339s remaining)
[TALLY] Page 845: 16900 delegates fetched (9/sec, rate_retries=0, ~2327s remaining)
[TALLY] Page 850: 17000 delegates fetched (9/sec, rate_retries=0, ~2314s remaining)
[TALLY] Page 855: 17100 delegates fetched (9/sec, rate_retries=0, ~2306s remaining)
[TALLY] Page 860: 17200 delegates fetched (9/sec, rate_retries=0, ~2293s remaining)
[TALLY] Page 865: 17300 delegates fetched (9/sec, rate_retries=0, ~2282s remaining)
[TALLY] Page 870: 17400 delegates fetched (9/sec, rate_retries=0, ~2273s remaining)
[TALLY] Page 875: 17500 delegates fetched (9/sec, rate_retries=0, ~2261s remaining)
[TALLY] Page 880: 17600 delegates fetched (9/sec, rate_retries=0, ~2248s remaining)
[TALLY] Page 885: 17700 delegates fetched (9/sec, rate_retries=0, ~2240s remaining)
[TALLY] Page 890: 17800 delegates fetched (9/sec, rate_retries=0, ~2227s remaining)
[TALLY] Page 895: 17900 delegates fetched (9/sec, rate_retries=0, ~2215s remaining)
[TALLY] Page 900: 18000 delegates fetched (9/sec, rate_retries=0, ~2202s remaining)
[TALLY] Page 905: 18100 delegates fetched (9/sec, rate_retries=0, ~2194s remaining)
[TALLY] Page 910: 18200 delegates fetched (9/sec, rate_retries=0, ~2182s remaining)
[TALLY] Page 915: 18300 delegates fetched (9/sec, rate_retries=0, ~2169s remaining)
[TALLY] Page 920: 18400 delegates fetched (9/sec, rate_retries=0, ~2161s remaining)
[TALLY] Page 925: 18500 delegates fetched (9/sec, rate_retries=0, ~2149s remaining)
[TALLY] Page 930: 18600 delegates fetched (9/sec, rate_retries=0, ~2136s remaining)
[TALLY] Page 935: 18700 delegates fetched (9/sec, rate_retries=0, ~2128s remaining)
[TALLY] Page 940: 18800 delegates fetched (9/sec, rate_retries=0, ~2115s remaining)
[TALLY] Page 945: 18900 delegates fetched (9/sec, rate_retries=0, ~2103s remaining)
[TALLY] Page 950: 19000 delegates fetched (9/sec, rate_retries=0, ~2091s remaining)
[TALLY] Page 955: 19100 delegates fetched (9/sec, rate_retries=0, ~2082s remaining)
[TALLY] Page 960: 19200 delegates fetched (9/sec, rate_retries=0, ~2070s remaining)
[TALLY] Page 965: 19300 delegates fetched (9/sec, rate_retries=0, ~2058s remaining)
[TALLY] Page 970: 19400 delegates fetched (9/sec, rate_retries=0, ~2049s remaining)
[TALLY] Page 975: 19500 delegates fetched (9/sec, rate_retries=0, ~2037s remaining)
[TALLY] Page 980: 19600 delegates fetched (9/sec, rate_retries=0, ~2025s remaining)
[TALLY] Page 985: 19700 delegates fetched (9/sec, rate_retries=0, ~2016s remaining)
[TALLY] Page 990: 19800 delegates fetched (9/sec, rate_retries=0, ~2004s remaining)
[TALLY] Page 995: 19900 delegates fetched (9/sec, rate_retries=0, ~1992s remaining)
[TALLY] Page 1000: 20000 delegates fetched (9/sec, rate_retries=0, ~1980s remaining)
[TALLY] Page 1005: 20100 delegates fetched (9/sec, rate_retries=0, ~1971s remaining)
[TALLY] Page 1010: 20200 delegates fetched (9/sec, rate_retries=0, ~1959s remaining)
[TALLY] Page 1015: 20300 delegates fetched (9/sec, rate_retries=0, ~1947s remaining)
[TALLY] Page 1020: 20400 delegates fetched (9/sec, rate_retries=0, ~1938s remaining)
[TALLY] Page 1025: 20500 delegates fetched (9/sec, rate_retries=0, ~1925s remaining)
[TALLY] Page 1030: 20600 delegates fetched (9/sec, rate_retries=0, ~1913s remaining)
[TALLY] Page 1035: 20700 delegates fetched (9/sec, rate_retries=0, ~1904s remaining)
[TALLY] Page 1040: 20800 delegates fetched (9/sec, rate_retries=0, ~1893s remaining)
[TALLY] Page 1045: 20900 delegates fetched (9/sec, rate_retries=0, ~1881s remaining)
[TALLY] Page 1050: 21000 delegates fetched (9/sec, rate_retries=0, ~1872s remaining)
[TALLY] Page 1055: 21100 delegates fetched (9/sec, rate_retries=0, ~1860s remaining)
[TALLY] Page 1060: 21200 delegates fetched (9/sec, rate_retries=0, ~1848s remaining)
[TALLY] Page 1065: 21300 delegates fetched (9/sec, rate_retries=0, ~1837s remaining)
[TALLY] Page 1070: 21400 delegates fetched (9/sec, rate_retries=0, ~1828s remaining)
[TALLY] Page 1075: 21500 delegates fetched (9/sec, rate_retries=0, ~1816s remaining)
[TALLY] Page 1080: 21600 delegates fetched (9/sec, rate_retries=0, ~1805s remaining)
[TALLY] Page 1085: 21700 delegates fetched (9/sec, rate_retries=0, ~1796s remaining)
[TALLY] Page 1090: 21800 delegates fetched (9/sec, rate_retries=0, ~1784s remaining)
[TALLY] Page 1095: 21900 delegates fetched (9/sec, rate_retries=0, ~1772s remaining)
[TALLY] Page 1100: 22000 delegates fetched (9/sec, rate_retries=0, ~1763s remaining)
[TALLY] Page 1105: 22100 delegates fetched (9/sec, rate_retries=0, ~1752s remaining)
[TALLY] Page 1110: 22200 delegates fetched (9/sec, rate_retries=0, ~1740s remaining)
[TALLY] Page 1115: 22300 delegates fetched (9/sec, rate_retries=0, ~1730s remaining)
[TALLY] Page 1120: 22400 delegates fetched (9/sec, rate_retries=0, ~1719s remaining)
[TALLY] Page 1125: 22500 delegates fetched (9/sec, rate_retries=0, ~1707s remaining)
[TALLY] Page 1130: 22600 delegates fetched (9/sec, rate_retries=0, ~1698s remaining)
[TALLY] Page 1135: 22700 delegates fetched (9/sec, rate_retries=0, ~1686s remaining)
[TALLY] Page 1140: 22800 delegates fetched (9/sec, rate_retries=0, ~1674s remaining)
[TALLY] Page 1145: 22900 delegates fetched (9/sec, rate_retries=0, ~1663s remaining)
[TALLY] Page 1150: 23000 delegates fetched (9/sec, rate_retries=0, ~1653s remaining)
[TALLY] Page 1155: 23100 delegates fetched (9/sec, rate_retries=0, ~1642s remaining)
[TALLY] Page 1160: 23200 delegates fetched (9/sec, rate_retries=0, ~1630s remaining)
[TALLY] Page 1165: 23300 delegates fetched (9/sec, rate_retries=0, ~1620s remaining)
[TALLY] Page 1170: 23400 delegates fetched (9/sec, rate_retries=0, ~1608s remaining)
[TALLY] Page 1175: 23500 delegates fetched (9/sec, rate_retries=0, ~1596s remaining)
[TALLY] Page 1180: 23600 delegates fetched (9/sec, rate_retries=0, ~1587s remaining)
[TALLY] Page 1185: 23700 delegates fetched (9/sec, rate_retries=0, ~1575s remaining)
[TALLY] Page 1190: 23800 delegates fetched (9/sec, rate_retries=0, ~1563s remaining)
[TALLY] Page 1195: 23900 delegates fetched (9/sec, rate_retries=0, ~1552s remaining)
[TALLY] Page 1200: 24000 delegates fetched (9/sec, rate_retries=0, ~1542s remaining)
[TALLY] Page 1205: 24100 delegates fetched (9/sec, rate_retries=0, ~1530s remaining)
[TALLY] Page 1210: 24200 delegates fetched (9/sec, rate_retries=0, ~1519s remaining)
[TALLY] Page 1215: 24300 delegates fetched (9/sec, rate_retries=0, ~1509s remaining)
[TALLY] Page 1220: 24400 delegates fetched (9/sec, rate_retries=0, ~1497s remaining)
[TALLY] Page 1225: 24500 delegates fetched (9/sec, rate_retries=0, ~1486s remaining)
[TALLY] Page 1230: 24600 delegates fetched (9/sec, rate_retries=0, ~1476s remaining)
[TALLY] Page 1235: 24700 delegates fetched (9/sec, rate_retries=0, ~1465s remaining)
[TALLY] Page 1240: 24800 delegates fetched (9/sec, rate_retries=0, ~1453s remaining)
[TALLY] Page 1245: 24900 delegates fetched (9/sec, rate_retries=0, ~1443s remaining)
[TALLY] Page 1250: 25000 delegates fetched (9/sec, rate_retries=0, ~1432s remaining)
[TALLY] Page 1255: 25100 delegates fetched (9/sec, rate_retries=0, ~1420s remaining)
[TALLY] Page 1260: 25200 delegates fetched (9/sec, rate_retries=0, ~1409s remaining)
[TALLY] Page 1265: 25300 delegates fetched (9/sec, rate_retries=0, ~1399s remaining)
[TALLY] Page 1270: 25400 delegates fetched (9/sec, rate_retries=0, ~1387s remaining)
[TALLY] Page 1275: 25500 delegates fetched (9/sec, rate_retries=0, ~1376s remaining)
[TALLY] Page 1280: 25600 delegates fetched (9/sec, rate_retries=0, ~1366s remaining)
[TALLY] Page 1285: 25700 delegates fetched (9/sec, rate_retries=0, ~1354s remaining)
[TALLY] Page 1290: 25800 delegates fetched (9/sec, rate_retries=0, ~1343s remaining)
[TALLY] Page 1295: 25900 delegates fetched (9/sec, rate_retries=0, ~1333s remaining)
[TALLY] Page 1300: 26000 delegates fetched (9/sec, rate_retries=0, ~1321s remaining)
[TALLY] Page 1305: 26100 delegates fetched (9/sec, rate_retries=0, ~1309s remaining)
[TALLY] Page 1310: 26200 delegates fetched (9/sec, rate_retries=0, ~1298s remaining)
[TALLY] Page 1315: 26300 delegates fetched (9/sec, rate_retries=0, ~1288s remaining)
[TALLY] Page 1320: 26400 delegates fetched (9/sec, rate_retries=0, ~1276s remaining)
[TALLY] Page 1325: 26500 delegates fetched (9/sec, rate_retries=0, ~1265s remaining)
[TALLY] Page 1330: 26600 delegates fetched (9/sec, rate_retries=0, ~1255s remaining)
[TALLY] Page 1335: 26700 delegates fetched (9/sec, rate_retries=0, ~1243s remaining)
[TALLY] Page 1340: 26800 delegates fetched (9/sec, rate_retries=0, ~1232s remaining)
[TALLY] Page 1345: 26900 delegates fetched (9/sec, rate_retries=0, ~1222s remaining)
[TALLY] Page 1350: 27000 delegates fetched (9/sec, rate_retries=0, ~1210s remaining)
[TALLY] Page 1355: 27100 delegates fetched (9/sec, rate_retries=0, ~1199s remaining)
[TALLY] Page 1360: 27200 delegates fetched (9/sec, rate_retries=0, ~1189s remaining)
[TALLY] Page 1365: 27300 delegates fetched (9/sec, rate_retries=0, ~1177s remaining)
[TALLY] Page 1370: 27400 delegates fetched (9/sec, rate_retries=0, ~1166s remaining)
[TALLY] Page 1375: 27500 delegates fetched (9/sec, rate_retries=0, ~1155s remaining)
[TALLY] Page 1380: 27600 delegates fetched (9/sec, rate_retries=0, ~1145s remaining)
[TALLY] Page 1385: 27700 delegates fetched (9/sec, rate_retries=0, ~1133s remaining)
[TALLY] Page 1390: 27800 delegates fetched (9/sec, rate_retries=0, ~1122s remaining)
[TALLY] Page 1395: 27900 delegates fetched (9/sec, rate_retries=0, ~1111s remaining)
[TALLY] Page 1400: 28000 delegates fetched (9/sec, rate_retries=0, ~1100s remaining)
[TALLY] Page 1405: 28100 delegates fetched (9/sec, rate_retries=0, ~1089s remaining)
[TALLY] Page 1410: 28200 delegates fetched (9/sec, rate_retries=0, ~1079s remaining)
[TALLY] Page 1415: 28300 delegates fetched (9/sec, rate_retries=0, ~1067s remaining)
[TALLY] Page 1420: 28400 delegates fetched (9/sec, rate_retries=0, ~1056s remaining)
[TALLY] Page 1425: 28500 delegates fetched (9/sec, rate_retries=0, ~1044s remaining)
[TALLY] Page 1430: 28600 delegates fetched (9/sec, rate_retries=0, ~1034s remaining)
[TALLY] Page 1435: 28700 delegates fetched (9/sec, rate_retries=0, ~1023s remaining)
[TALLY] Page 1440: 28800 delegates fetched (9/sec, rate_retries=0, ~1011s remaining)
[TALLY] Page 1445: 28900 delegates fetched (9/sec, rate_retries=0, ~1001s remaining)
[TALLY] Page 1450: 29000 delegates fetched (9/sec, rate_retries=0, ~990s remaining)
[TALLY] Page 1455: 29100 delegates fetched (9/sec, rate_retries=0, ~978s remaining)
[TALLY] Page 1460: 29200 delegates fetched (9/sec, rate_retries=0, ~968s remaining)
[TALLY] Page 1465: 29300 delegates fetched (9/sec, rate_retries=0, ~956s remaining)
[TALLY] Page 1470: 29400 delegates fetched (9/sec, rate_retries=0, ~945s remaining)
[TALLY] Page 1475: 29500 delegates fetched (9/sec, rate_retries=0, ~934s remaining)
[TALLY] Page 1480: 29600 delegates fetched (9/sec, rate_retries=0, ~924s remaining)
[TALLY] Page 1485: 29700 delegates fetched (9/sec, rate_retries=0, ~913s remaining)
[TALLY] Page 1490: 29800 delegates fetched (9/sec, rate_retries=0, ~901s remaining)
[TALLY] Page 1495: 29900 delegates fetched (9/sec, rate_retries=0, ~891s remaining)
[TALLY] Page 1500: 30000 delegates fetched (9/sec, rate_retries=0, ~879s remaining)
[TALLY] Page 1505: 30100 delegates fetched (9/sec, rate_retries=0, ~868s remaining)
[TALLY] Page 1510: 30200 delegates fetched (9/sec, rate_retries=0, ~858s remaining)
[TALLY] Page 1515: 30300 delegates fetched (9/sec, rate_retries=0, ~846s remaining)
[TALLY] Page 1520: 30400 delegates fetched (9/sec, rate_retries=0, ~835s remaining)
[TALLY] Page 1525: 30500 delegates fetched (9/sec, rate_retries=0, ~825s remaining)
[TALLY] Page 1530: 30600 delegates fetched (9/sec, rate_retries=0, ~814s remaining)
[TALLY] Page 1535: 30700 delegates fetched (9/sec, rate_retries=0, ~802s remaining)
[TALLY] Page 1540: 30800 delegates fetched (9/sec, rate_retries=0, ~791s remaining)
[TALLY] Page 1545: 30900 delegates fetched (9/sec, rate_retries=0, ~781s remaining)
[TALLY] Page 1550: 31000 delegates fetched (9/sec, rate_retries=0, ~769s remaining)
[TALLY] Page 1555: 31100 delegates fetched (9/sec, rate_retries=0, ~758s remaining)
[TALLY] Page 1560: 31200 delegates fetched (9/sec, rate_retries=0, ~748s remaining)
[TALLY] Page 1565: 31300 delegates fetched (9/sec, rate_retries=0, ~736s remaining)
[TALLY] Page 1570: 31400 delegates fetched (9/sec, rate_retries=0, ~725s remaining)
[TALLY] Page 1575: 31500 delegates fetched (9/sec, rate_retries=0, ~715s remaining)
[TALLY] Page 1580: 31600 delegates fetched (9/sec, rate_retries=0, ~703s remaining)
[TALLY] Page 1585: 31700 delegates fetched (9/sec, rate_retries=0, ~692s remaining)
[TALLY] Page 1590: 31800 delegates fetched (9/sec, rate_retries=0, ~681s remaining)
[TALLY] Page 1595: 31900 delegates fetched (9/sec, rate_retries=0, ~670s remaining)
[TALLY] Page 1600: 32000 delegates fetched (9/sec, rate_retries=0, ~659s remaining)
[TALLY] Page 1605: 32100 delegates fetched (9/sec, rate_retries=0, ~648s remaining)
[TALLY] Page 1610: 32200 delegates fetched (9/sec, rate_retries=0, ~637s remaining)
[TALLY] Page 1615: 32300 delegates fetched (9/sec, rate_retries=0, ~626s remaining)
[TALLY] Page 1620: 32400 delegates fetched (9/sec, rate_retries=0, ~615s remaining)
[TALLY] Page 1625: 32500 delegates fetched (9/sec, rate_retries=0, ~605s remaining)
[TALLY] Page 1630: 32600 delegates fetched (9/sec, rate_retries=0, ~593s remaining)
[TALLY] Page 1635: 32700 delegates fetched (9/sec, rate_retries=0, ~582s remaining)
[TALLY] Page 1640: 32800 delegates fetched (9/sec, rate_retries=0, ~571s remaining)
[TALLY] Page 1645: 32900 delegates fetched (9/sec, rate_retries=0, ~560s remaining)
[TALLY] Page 1650: 33000 delegates fetched (9/sec, rate_retries=0, ~549s remaining)
[TALLY] Page 1655: 33100 delegates fetched (9/sec, rate_retries=0, ~538s remaining)
[TALLY] Page 1660: 33200 delegates fetched (9/sec, rate_retries=0, ~527s remaining)
[TALLY] Page 1665: 33300 delegates fetched (9/sec, rate_retries=0, ~516s remaining)
[TALLY] Page 1670: 33400 delegates fetched (9/sec, rate_retries=0, ~505s remaining)
[TALLY] Page 1675: 33500 delegates fetched (9/sec, rate_retries=0, ~494s remaining)
[TALLY] Page 1680: 33600 delegates fetched (9/sec, rate_retries=0, ~483s remaining)
[TALLY] Page 1685: 33700 delegates fetched (9/sec, rate_retries=0, ~472s remaining)
[TALLY] Page 1690: 33800 delegates fetched (9/sec, rate_retries=0, ~461s remaining)
[TALLY] Page 1695: 33900 delegates fetched (9/sec, rate_retries=0, ~450s remaining)
[TALLY] Page 1700: 34000 delegates fetched (9/sec, rate_retries=0, ~439s remaining)
[TALLY] Page 1705: 34100 delegates fetched (9/sec, rate_retries=0, ~428s remaining)
[TALLY] Page 1710: 34200 delegates fetched (9/sec, rate_retries=0, ~417s remaining)
[TALLY] Page 1715: 34300 delegates fetched (9/sec, rate_retries=0, ~406s remaining)
[TALLY] Page 1720: 34400 delegates fetched (9/sec, rate_retries=0, ~395s remaining)
[TALLY] Page 1725: 34500 delegates fetched (9/sec, rate_retries=0, ~384s remaining)
[TALLY] Page 1730: 34600 delegates fetched (9/sec, rate_retries=0, ~373s remaining)
[TALLY] Page 1735: 34700 delegates fetched (9/sec, rate_retries=0, ~362s remaining)
[TALLY] Page 1740: 34800 delegates fetched (9/sec, rate_retries=0, ~352s remaining)
[TALLY] Page 1745: 34900 delegates fetched (9/sec, rate_retries=0, ~340s remaining)
[TALLY] Page 1750: 35000 delegates fetched (9/sec, rate_retries=0, ~329s remaining)
[TALLY] Page 1755: 35100 delegates fetched (9/sec, rate_retries=0, ~318s remaining)
[TALLY] Page 1760: 35200 delegates fetched (9/sec, rate_retries=0, ~307s remaining)
[TALLY] Page 1765: 35300 delegates fetched (9/sec, rate_retries=0, ~296s remaining)
[TALLY] Page 1770: 35400 delegates fetched (9/sec, rate_retries=0, ~285s remaining)
[TALLY] Page 1775: 35500 delegates fetched (9/sec, rate_retries=0, ~275s remaining)
[TALLY] Page 1780: 35600 delegates fetched (9/sec, rate_retries=0, ~263s remaining)
[TALLY] Page 1785: 35700 delegates fetched (9/sec, rate_retries=0, ~252s remaining)
[TALLY] Page 1790: 35800 delegates fetched (9/sec, rate_retries=0, ~242s remaining)
[TALLY] Page 1795: 35900 delegates fetched (9/sec, rate_retries=0, ~231s remaining)
[TALLY] Page 1800: 36000 delegates fetched (9/sec, rate_retries=0, ~219s remaining)
[TALLY] Page 1805: 36100 delegates fetched (9/sec, rate_retries=0, ~208s remaining)
[TALLY] Page 1810: 36200 delegates fetched (9/sec, rate_retries=0, ~198s remaining)
[TALLY] Page 1815: 36300 delegates fetched (9/sec, rate_retries=0, ~187s remaining)
[TALLY] Page 1820: 36400 delegates fetched (9/sec, rate_retries=0, ~176s remaining)
[TALLY] Page 1825: 36500 delegates fetched (9/sec, rate_retries=0, ~165s remaining)
[TALLY] Page 1830: 36600 delegates fetched (9/sec, rate_retries=0, ~154s remaining)
[TALLY] Page 1835: 36700 delegates fetched (9/sec, rate_retries=0, ~143s remaining)
[TALLY] Page 1840: 36800 delegates fetched (9/sec, rate_retries=0, ~132s remaining)
[TALLY] Page 1845: 36900 delegates fetched (9/sec, rate_retries=0, ~121s remaining)
[TALLY] Page 1850: 37000 delegates fetched (9/sec, rate_retries=0, ~110s remaining)
[TALLY] Page 1855: 37100 delegates fetched (9/sec, rate_retries=0, ~99s remaining)
[TALLY] Page 1860: 37200 delegates fetched (9/sec, rate_retries=0, ~88s remaining)
[TALLY] Page 1865: 37300 delegates fetched (9/sec, rate_retries=0, ~77s remaining)
[TALLY] Page 1870: 37400 delegates fetched (9/sec, rate_retries=0, ~66s remaining)
[TALLY] Page 1875: 37500 delegates fetched (9/sec, rate_retries=0, ~55s remaining)
[TALLY] Page 1880: 37600 delegates fetched (9/sec, rate_retries=0, ~44s remaining)
[TALLY] Page 1885: 37700 delegates fetched (9/sec, rate_retries=0, ~33s remaining)
[TALLY] Page 1890: 37800 delegates fetched (9/sec, rate_retries=0, ~22s remaining)
[TALLY] Page 1895: 37892 delegates fetched (9/sec, rate_retries=0, ~12s remaining)
[TALLY] Reached end (no more cursor)
[TALLY] COMPLETE: Fetched 37892 delegates in 4159s (total rate retries: 0)
