[32m2026-04-02 12:09:37 +0530[0m - dagster - [34mDEBUG[0m - __ASSET_JOB - ee46a9fb-a318-42a0-9016-fd9eab5aaddf - 97408 - LOGS_CAPTURED - Started capturing logs in process (pid: 97408).
[32m2026-04-02 12:09:38 +0530[0m - dagster - [34mDEBUG[0m - __ASSET_JOB - ee46a9fb-a318-42a0-9016-fd9eab5aaddf - 97408 - ens_safe_transactions - STEP_START - Started execution of step "ens_safe_transactions".
[32m2026-04-02 12:09:38 +0530[0m - dagster - [34mINFO[0m - __ASSET_JOB - ee46a9fb-a318-42a0-9016-fd9eab5aaddf - ens_safe_transactions - ============================================================
[32m2026-04-02 12:09:38 +0530[0m - dagster - [34mINFO[0m - __ASSET_JOB - ee46a9fb-a318-42a0-9016-fd9eab5aaddf - ens_safe_transactions - [BRONZE] Starting: ens_safe_transactions
[32m2026-04-02 12:09:38 +0530[0m - dagster - [34mINFO[0m - __ASSET_JOB - ee46a9fb-a318-42a0-9016-fd9eab5aaddf - ens_safe_transactions - [BRONZE] Source: Safe Transaction Service API
[32m2026-04-02 12:09:38 +0530[0m - dagster - [34mINFO[0m - __ASSET_JOB - ee46a9fb-a318-42a0-9016-fd9eab5aaddf - ens_safe_transactions - [BRONZE] Output: bronze/financial/ens_safe_transactions.json
[32m2026-04-02 12:09:38 +0530[0m - dagster - [34mINFO[0m - __ASSET_JOB - ee46a9fb-a318-42a0-9016-fd9eab5aaddf - ens_safe_transactions - [BRONZE] Fetching historical multisig transactions for ENS DAO wallets...
[32m2026-04-02 12:09:53 +0530[0m - dagster - [34mERROR[0m - [31m__ASSET_JOB - ee46a9fb-a318-42a0-9016-fd9eab5aaddf - 97408 - ens_safe_transactions - STEP_FAILURE - Execution of step "ens_safe_transactions" failed.

dagster._core.errors.DagsterExecutionStepExecutionError: Error occurred while executing op "ens_safe_transactions"::

requests.exceptions.HTTPError: 422 Client Error: Unprocessable Content for url: https://api.safe.global/tx-service/eth/api/v1/safes/0x6a016548310076285668e2378df70bd545396b5a/multisig-transactions/?executed=true&limit=100&ordering=-executionDate

Stack Trace:
  File "/home/torch/.local/lib/python3.10/site-packages/dagster/_core/execution/plan/utils.py", line 57, in op_execution_error_boundary
    yield
  File "/home/torch/.local/lib/python3.10/site-packages/dagster/_utils/__init__.py", line 394, in iterate_with_context
    next_output = next(iterator)
  File "/home/torch/.local/lib/python3.10/site-packages/dagster/_core/execution/plan/compute_generator.py", line 135, in _coerce_op_compute_fn_to_iterator
    result = invoke_compute_fn(
  File "/home/torch/.local/lib/python3.10/site-packages/dagster/_core/execution/plan/compute_generator.py", line 115, in invoke_compute_fn
    return fn(context, **args_to_pass) if context_arg_provided else fn(**args_to_pass)
  File "/home/torch/ENS-Retro-Data/infra/ingest/assets.py", line 744, in ens_safe_transactions
    transactions = fetch_all_safe_transactions()
  File "/home/torch/ENS-Retro-Data/infra/ingest/safe_api.py", line 326, in fetch_all_safe_transactions
    raw_txs = _fetch_safe_transactions(address)
  File "/home/torch/ENS-Retro-Data/infra/ingest/safe_api.py", line 169, in _fetch_safe_transactions
    data = _safe_get(url, params)
  File "/home/torch/ENS-Retro-Data/infra/ingest/safe_api.py", line 98, in _safe_get
    resp.raise_for_status()
  File "/home/torch/.local/lib/python3.10/site-packages/requests/models.py", line 1026, in raise_for_status
    raise HTTPError(http_error_msg, response=self)
[0m
