Running with dbt=1.11.6
Registered adapter: duckdb=1.10.1
[[33mWARNING[0m]: Configuration paths exist in your dbt_project.yml file which do not apply to any resources.
There are 1 unused configuration paths:
- seeds.ens_retro
Found 36 models, 123 data tests, 17 sources, 597 macros

Concurrency: 1 threads (target='dev')

1 of 8 START sql view model main_bronze.stg_oso_ens_code_metrics ............... [RUN]
1 of 8 OK created sql view model main_bronze.stg_oso_ens_code_metrics .......... [[32mOK[0m in 1.39s]
2 of 8 START sql view model main_bronze.stg_oso_ens_timeseries ................. [RUN]
2 of 8 OK created sql view model main_bronze.stg_oso_ens_timeseries ............ [[32mOK[0m in 0.31s]
3 of 8 START test not_null_stg_oso_ens_code_metrics_artifact_id ................ [RUN]
3 of 8 PASS not_null_stg_oso_ens_code_metrics_artifact_id ...................... [[32mPASS[0m in 0.08s]
4 of 8 START test not_null_stg_oso_ens_code_metrics_artifact_name .............. [RUN]
4 of 8 PASS not_null_stg_oso_ens_code_metrics_artifact_name .................... [[32mPASS[0m in 0.05s]
5 of 8 START test unique_stg_oso_ens_code_metrics_artifact_id .................. [RUN]
5 of 8 PASS unique_stg_oso_ens_code_metrics_artifact_id ........................ [[32mPASS[0m in 0.06s]
6 of 8 START test not_null_stg_oso_ens_timeseries_artifact_id .................. [RUN]
6 of 8 PASS not_null_stg_oso_ens_timeseries_artifact_id ........................ [[32mPASS[0m in 0.10s]
7 of 8 START test not_null_stg_oso_ens_timeseries_event_time ................... [RUN]
7 of 8 PASS not_null_stg_oso_ens_timeseries_event_time ......................... [[32mPASS[0m in 0.12s]
8 of 8 START test not_null_stg_oso_ens_timeseries_event_type ................... [RUN]
8 of 8 PASS not_null_stg_oso_ens_timeseries_event_type ......................... [[32mPASS[0m in 0.10s]

Finished running 6 data tests, 2 view models in 0 hours 0 minutes and 2.64 seconds (2.64s).

[32mCompleted successfully[0m

Done. PASS=8 WARN=0 ERROR=0 SKIP=0 NO-OP=0 TOTAL=8
