[32m2026-04-03 10:26:47 +0530[0m - dagster - [34mDEBUG[0m - __ASSET_JOB - 7fde35ad-990b-4ca4-9d61-8186b824e204 - 752288 - LOGS_CAPTURED - Started capturing logs in process (pid: 752288).
[32m2026-04-03 10:26:47 +0530[0m - dagster - [34mDEBUG[0m - __ASSET_JOB - 7fde35ad-990b-4ca4-9d61-8186b824e204 - 752288 - ens_dbt_assets - STEP_START - Started execution of step "ens_dbt_assets".
/home/torch/.local/lib/python3.10/site-packages/dagster_dbt/asset_utils.py:497: DeprecationWarning: AssetExecutionContext.op is deprecated and will be removed in a future release. You have called the deprecated method op on AssetExecutionContext. Use context.op_execution_context.op instead.
/home/torch/.local/lib/python3.10/site-packages/dagster_dbt/asset_utils.py:498: DeprecationWarning: AssetExecutionContext.op is deprecated and will be removed in a future release. You have called the deprecated method op on AssetExecutionContext. Use context.op_execution_context.op instead.
/home/torch/.local/lib/python3.10/site-packages/dagster_dbt/asset_utils.py:499: DeprecationWarning: AssetExecutionContext.op is deprecated and will be removed in a future release. You have called the deprecated method op on AssetExecutionContext. Use context.op_execution_context.op instead.
[32m2026-04-03 10:26:48 +0530[0m - dagster - [34mINFO[0m - __ASSET_JOB - 7fde35ad-990b-4ca4-9d61-8186b824e204 - ens_dbt_assets - A dbt subsetted execution is being performed. Overriding default dbt selection arguments `['--select', 'fqn:*']` with arguments: `['ens_retro.staging.stg_oso_ens_timeseries', 'ens_retro.staging.stg_oso_ens_code_metrics']`.
[32m2026-04-03 10:27:00 +0530[0m - dagster - [34mINFO[0m - __ASSET_JOB - 7fde35ad-990b-4ca4-9d61-8186b824e204 - ens_dbt_assets - Copying `/home/torch/ENS-Retro-Data/infra/dbt/target/partial_parse.msgpack` to `/home/torch/ENS-Retro-Data/infra/dbt/target/ens_dbt_assets-7fde35a-dee0f85/partial_parse.msgpack` to take advantage of partial parsing.
[32m2026-04-03 10:27:00 +0530[0m - dagster - [34mINFO[0m - __ASSET_JOB - 7fde35ad-990b-4ca4-9d61-8186b824e204 - ens_dbt_assets - Running dbt command: `dbt build --select ens_retro.staging.stg_oso_ens_timeseries ens_retro.staging.stg_oso_ens_code_metrics`.
[32m2026-04-03 10:27:13 +0530[0m - dagster - [34mDEBUG[0m - __ASSET_JOB - 7fde35ad-990b-4ca4-9d61-8186b824e204 - 752288 - ens_dbt_assets - STEP_OUTPUT - Yielded output "bronze__stg_oso_ens_code_metrics" of type "Nothing". (Type check passed).
[32m2026-04-03 10:27:14 +0530[0m - dagster - [34mDEBUG[0m - __ASSET_JOB - 7fde35ad-990b-4ca4-9d61-8186b824e204 - 752288 - ens_dbt_assets - ASSET_MATERIALIZATION - Materialized value bronze stg_oso_ens_code_metrics.
[32m2026-04-03 10:27:14 +0530[0m - dagster - [34mDEBUG[0m - __ASSET_JOB - 7fde35ad-990b-4ca4-9d61-8186b824e204 - 752288 - ens_dbt_assets - STEP_OUTPUT - Yielded output "bronze__stg_oso_ens_timeseries" of type "Nothing". (Type check passed).
[32m2026-04-03 10:27:15 +0530[0m - dagster - [34mDEBUG[0m - __ASSET_JOB - 7fde35ad-990b-4ca4-9d61-8186b824e204 - 752288 - ens_dbt_assets - ASSET_MATERIALIZATION - Materialized value bronze stg_oso_ens_timeseries.
[32m2026-04-03 10:27:15 +0530[0m - dagster - [34mDEBUG[0m - __ASSET_JOB - 7fde35ad-990b-4ca4-9d61-8186b824e204 - 752288 - ens_dbt_assets - STEP_OUTPUT - Yielded output "bronze__stg_oso_ens_code_metrics_not_null_stg_oso_ens_code_metrics_artifact_id" of type "Any". (Type check passed).
[32m2026-04-03 10:27:17 +0530[0m - dagster - [34mDEBUG[0m - __ASSET_JOB - 7fde35ad-990b-4ca4-9d61-8186b824e204 - 752288 - ens_dbt_assets - ASSET_CHECK_EVALUATION - Asset check 'not_null_stg_oso_ens_code_metrics_artifact_id' on 'bronze/stg_oso_ens_code_metrics' passed.
[32m2026-04-03 10:27:17 +0530[0m - dagster - [34mDEBUG[0m - __ASSET_JOB - 7fde35ad-990b-4ca4-9d61-8186b824e204 - 752288 - ens_dbt_assets - STEP_OUTPUT - Yielded output "bronze__stg_oso_ens_code_metrics_not_null_stg_oso_ens_code_metrics_artifact_name" of type "Any". (Type check passed).
[32m2026-04-03 10:27:18 +0530[0m - dagster - [34mDEBUG[0m - __ASSET_JOB - 7fde35ad-990b-4ca4-9d61-8186b824e204 - 752288 - ens_dbt_assets - ASSET_CHECK_EVALUATION - Asset check 'not_null_stg_oso_ens_code_metrics_artifact_name' on 'bronze/stg_oso_ens_code_metrics' passed.
[32m2026-04-03 10:27:20 +0530[0m - dagster - [34mDEBUG[0m - __ASSET_JOB - 7fde35ad-990b-4ca4-9d61-8186b824e204 - 752288 - ens_dbt_assets - STEP_OUTPUT - Yielded output "bronze__stg_oso_ens_code_metrics_unique_stg_oso_ens_code_metrics_artifact_id" of type "Any". (Type check passed).
[32m2026-04-03 10:27:21 +0530[0m - dagster - [34mDEBUG[0m - __ASSET_JOB - 7fde35ad-990b-4ca4-9d61-8186b824e204 - 752288 - ens_dbt_assets - ASSET_CHECK_EVALUATION - Asset check 'unique_stg_oso_ens_code_metrics_artifact_id' on 'bronze/stg_oso_ens_code_metrics' passed.
[32m2026-04-03 10:27:21 +0530[0m - dagster - [34mDEBUG[0m - __ASSET_JOB - 7fde35ad-990b-4ca4-9d61-8186b824e204 - 752288 - ens_dbt_assets - STEP_OUTPUT - Yielded output "bronze__stg_oso_ens_timeseries_not_null_stg_oso_ens_timeseries_artifact_id" of type "Any". (Type check passed).
[32m2026-04-03 10:27:23 +0530[0m - dagster - [34mDEBUG[0m - __ASSET_JOB - 7fde35ad-990b-4ca4-9d61-8186b824e204 - 752288 - ens_dbt_assets - ASSET_CHECK_EVALUATION - Asset check 'not_null_stg_oso_ens_timeseries_artifact_id' on 'bronze/stg_oso_ens_timeseries' passed.
[32m2026-04-03 10:27:23 +0530[0m - dagster - [34mDEBUG[0m - __ASSET_JOB - 7fde35ad-990b-4ca4-9d61-8186b824e204 - 752288 - ens_dbt_assets - STEP_OUTPUT - Yielded output "bronze__stg_oso_ens_timeseries_not_null_stg_oso_ens_timeseries_event_time" of type "Any". (Type check passed).
[32m2026-04-03 10:27:24 +0530[0m - dagster - [34mDEBUG[0m - __ASSET_JOB - 7fde35ad-990b-4ca4-9d61-8186b824e204 - 752288 - ens_dbt_assets - ASSET_CHECK_EVALUATION - Asset check 'not_null_stg_oso_ens_timeseries_event_time' on 'bronze/stg_oso_ens_timeseries' passed.
[32m2026-04-03 10:27:25 +0530[0m - dagster - [34mDEBUG[0m - __ASSET_JOB - 7fde35ad-990b-4ca4-9d61-8186b824e204 - 752288 - ens_dbt_assets - STEP_OUTPUT - Yielded output "bronze__stg_oso_ens_timeseries_not_null_stg_oso_ens_timeseries_event_type" of type "Any". (Type check passed).
[32m2026-04-03 10:27:26 +0530[0m - dagster - [34mDEBUG[0m - __ASSET_JOB - 7fde35ad-990b-4ca4-9d61-8186b824e204 - 752288 - ens_dbt_assets - ASSET_CHECK_EVALUATION - Asset check 'not_null_stg_oso_ens_timeseries_event_type' on 'bronze/stg_oso_ens_timeseries' passed.
[32m2026-04-03 10:27:26 +0530[0m - dagster - [34mINFO[0m - __ASSET_JOB - 7fde35ad-990b-4ca4-9d61-8186b824e204 - ens_dbt_assets - Finished dbt command: `dbt build --select ens_retro.staging.stg_oso_ens_timeseries ens_retro.staging.stg_oso_ens_code_metrics`.
[32m2026-04-03 10:27:27 +0530[0m - dagster - [34mDEBUG[0m - __ASSET_JOB - 7fde35ad-990b-4ca4-9d61-8186b824e204 - 752288 - ens_dbt_assets - STEP_SUCCESS - Finished execution of step "ens_dbt_assets" in 39.16s.
