[32m2026-04-16 21:45:45 +0530[0m - dagster - [34mDEBUG[0m - __ASSET_JOB - fcb55e2f-2a86-48c9-a72c-6bb001bc0b20 - 16060 - LOGS_CAPTURED - Started capturing logs in process (pid: 16060).
[32m2026-04-16 21:45:46 +0530[0m - dagster - [34mDEBUG[0m - __ASSET_JOB - fcb55e2f-2a86-48c9-a72c-6bb001bc0b20 - 16060 - ens_dbt_assets - STEP_START - Started execution of step "ens_dbt_assets".
/home/torch/.local/lib/python3.10/site-packages/dagster_dbt/asset_utils.py:497: DeprecationWarning: AssetExecutionContext.op is deprecated and will be removed in a future release. You have called the deprecated method op on AssetExecutionContext. Use context.op_execution_context.op instead.
/home/torch/.local/lib/python3.10/site-packages/dagster_dbt/asset_utils.py:498: DeprecationWarning: AssetExecutionContext.op is deprecated and will be removed in a future release. You have called the deprecated method op on AssetExecutionContext. Use context.op_execution_context.op instead.
/home/torch/.local/lib/python3.10/site-packages/dagster_dbt/asset_utils.py:499: DeprecationWarning: AssetExecutionContext.op is deprecated and will be removed in a future release. You have called the deprecated method op on AssetExecutionContext. Use context.op_execution_context.op instead.
[32m2026-04-16 21:45:46 +0530[0m - dagster - [34mINFO[0m - __ASSET_JOB - fcb55e2f-2a86-48c9-a72c-6bb001bc0b20 - ens_dbt_assets - A dbt subsetted execution is being performed. Overriding default dbt selection arguments `['--select', 'fqn:*']` with arguments: `['ens_retro.silver.snapshot_discourse_crosswalk', 'ens_retro.silver.tally_discourse_crosswalk']`.
[32m2026-04-16 21:45:52 +0530[0m - dagster - [34mINFO[0m - __ASSET_JOB - fcb55e2f-2a86-48c9-a72c-6bb001bc0b20 - ens_dbt_assets - Copying `/home/torch/ENS-Retro-Data/infra/dbt/target/partial_parse.msgpack` to `/home/torch/ENS-Retro-Data/infra/dbt/target/ens_dbt_assets-fcb55e2-f942c5a/partial_parse.msgpack` to take advantage of partial parsing.
[32m2026-04-16 21:45:52 +0530[0m - dagster - [34mINFO[0m - __ASSET_JOB - fcb55e2f-2a86-48c9-a72c-6bb001bc0b20 - ens_dbt_assets - Running dbt command: `dbt build --select ens_retro.silver.snapshot_discourse_crosswalk ens_retro.silver.tally_discourse_crosswalk`.
[32m2026-04-16 21:45:56 +0530[0m - dagster - [34mDEBUG[0m - __ASSET_JOB - fcb55e2f-2a86-48c9-a72c-6bb001bc0b20 - 16060 - ens_dbt_assets - STEP_OUTPUT - Yielded output "silver__snapshot_discourse_crosswalk" of type "Nothing". (Type check passed).
[32m2026-04-16 21:45:58 +0530[0m - dagster - [34mDEBUG[0m - __ASSET_JOB - fcb55e2f-2a86-48c9-a72c-6bb001bc0b20 - 16060 - ens_dbt_assets - ASSET_MATERIALIZATION - Materialized value silver snapshot_discourse_crosswalk.
[32m2026-04-16 21:45:58 +0530[0m - dagster - [34mDEBUG[0m - __ASSET_JOB - fcb55e2f-2a86-48c9-a72c-6bb001bc0b20 - 16060 - ens_dbt_assets - STEP_OUTPUT - Yielded output "silver__tally_discourse_crosswalk" of type "Nothing". (Type check passed).
[32m2026-04-16 21:46:00 +0530[0m - dagster - [34mDEBUG[0m - __ASSET_JOB - fcb55e2f-2a86-48c9-a72c-6bb001bc0b20 - 16060 - ens_dbt_assets - ASSET_MATERIALIZATION - Materialized value silver tally_discourse_crosswalk.
[32m2026-04-16 21:46:00 +0530[0m - dagster - [34mDEBUG[0m - __ASSET_JOB - fcb55e2f-2a86-48c9-a72c-6bb001bc0b20 - 16060 - ens_dbt_assets - STEP_OUTPUT - Yielded output "silver__snapshot_discourse_crosswalk_accepted_values_snapshot_discourse_crosswalk_match_source__body_regex__manual__unmatched" of type "Any". (Type check passed).
[32m2026-04-16 21:46:01 +0530[0m - dagster - [34mDEBUG[0m - __ASSET_JOB - fcb55e2f-2a86-48c9-a72c-6bb001bc0b20 - 16060 - ens_dbt_assets - ASSET_CHECK_EVALUATION - Asset check 'accepted_values_snapshot_discourse_crosswalk_match_source__body_regex__manual__unmatched' on 'silver/snapshot_discourse_crosswalk' passed.
[32m2026-04-16 21:46:01 +0530[0m - dagster - [34mWARNING[0m - __ASSET_JOB - fcb55e2f-2a86-48c9-a72c-6bb001bc0b20 - ens_dbt_assets - Logging an `AssetObservation` instead of an `AssetCheckResult` for dbt test `assert_snapshot_discourse_crosswalk_one_to_one`.

`assert_snapshot_discourse_crosswalk_one_to_one` is a singular test with multiple dependencies. Configure an asset key in the test's dbt meta to load it as an asset check.

This test was not included in Dagster's asset check selection, and was likely executed due to dbt indirect selection.
[32m2026-04-16 21:46:02 +0530[0m - dagster - [34mDEBUG[0m - __ASSET_JOB - fcb55e2f-2a86-48c9-a72c-6bb001bc0b20 - 16060 - ens_dbt_assets - ASSET_OBSERVATION - ASSET_OBSERVATION for step ens_dbt_assets
[32m2026-04-16 21:46:04 +0530[0m - dagster - [34mDEBUG[0m - __ASSET_JOB - fcb55e2f-2a86-48c9-a72c-6bb001bc0b20 - 16060 - ens_dbt_assets - ASSET_OBSERVATION - ASSET_OBSERVATION for step ens_dbt_assets
[32m2026-04-16 21:46:04 +0530[0m - dagster - [34mDEBUG[0m - __ASSET_JOB - fcb55e2f-2a86-48c9-a72c-6bb001bc0b20 - 16060 - ens_dbt_assets - STEP_OUTPUT - Yielded output "silver__snapshot_discourse_crosswalk_not_null_snapshot_discourse_crosswalk_match_source" of type "Any". (Type check passed).
[32m2026-04-16 21:46:05 +0530[0m - dagster - [34mDEBUG[0m - __ASSET_JOB - fcb55e2f-2a86-48c9-a72c-6bb001bc0b20 - 16060 - ens_dbt_assets - ASSET_CHECK_EVALUATION - Asset check 'not_null_snapshot_discourse_crosswalk_match_source' on 'silver/snapshot_discourse_crosswalk' passed.
[32m2026-04-16 21:46:05 +0530[0m - dagster - [34mDEBUG[0m - __ASSET_JOB - fcb55e2f-2a86-48c9-a72c-6bb001bc0b20 - 16060 - ens_dbt_assets - STEP_OUTPUT - Yielded output "silver__snapshot_discourse_crosswalk_not_null_snapshot_discourse_crosswalk_proposal_id" of type "Any". (Type check passed).
[32m2026-04-16 21:46:07 +0530[0m - dagster - [34mDEBUG[0m - __ASSET_JOB - fcb55e2f-2a86-48c9-a72c-6bb001bc0b20 - 16060 - ens_dbt_assets - ASSET_CHECK_EVALUATION - Asset check 'not_null_snapshot_discourse_crosswalk_proposal_id' on 'silver/snapshot_discourse_crosswalk' passed.
[32m2026-04-16 21:46:07 +0530[0m - dagster - [34mDEBUG[0m - __ASSET_JOB - fcb55e2f-2a86-48c9-a72c-6bb001bc0b20 - 16060 - ens_dbt_assets - STEP_OUTPUT - Yielded output "silver__snapshot_discourse_crosswalk_relationships_snapshot_discourse_crosswalk_topic_id__topic_id__ref_stg_forum_topics_" of type "Any". (Type check passed).
[32m2026-04-16 21:46:09 +0530[0m - dagster - [34mDEBUG[0m - __ASSET_JOB - fcb55e2f-2a86-48c9-a72c-6bb001bc0b20 - 16060 - ens_dbt_assets - ASSET_CHECK_EVALUATION - Asset check 'relationships_snapshot_discourse_crosswalk_topic_id__topic_id__ref_stg_forum_topics_' on 'silver/snapshot_discourse_crosswalk' passed.
[32m2026-04-16 21:46:10 +0530[0m - dagster - [34mDEBUG[0m - __ASSET_JOB - fcb55e2f-2a86-48c9-a72c-6bb001bc0b20 - 16060 - ens_dbt_assets - STEP_OUTPUT - Yielded output "silver__snapshot_discourse_crosswalk_unique_snapshot_discourse_crosswalk_proposal_id" of type "Any". (Type check passed).
[32m2026-04-16 21:46:11 +0530[0m - dagster - [34mDEBUG[0m - __ASSET_JOB - fcb55e2f-2a86-48c9-a72c-6bb001bc0b20 - 16060 - ens_dbt_assets - ASSET_CHECK_EVALUATION - Asset check 'unique_snapshot_discourse_crosswalk_proposal_id' on 'silver/snapshot_discourse_crosswalk' passed.
[32m2026-04-16 21:46:11 +0530[0m - dagster - [34mDEBUG[0m - __ASSET_JOB - fcb55e2f-2a86-48c9-a72c-6bb001bc0b20 - 16060 - ens_dbt_assets - STEP_OUTPUT - Yielded output "silver__tally_discourse_crosswalk_accepted_values_tally_discourse_crosswalk_match_source__field__body_regex__manual__unmatched" of type "Any". (Type check passed).
[32m2026-04-16 21:46:12 +0530[0m - dagster - [34mDEBUG[0m - __ASSET_JOB - fcb55e2f-2a86-48c9-a72c-6bb001bc0b20 - 16060 - ens_dbt_assets - ASSET_CHECK_EVALUATION - Asset check 'accepted_values_tally_discourse_crosswalk_match_source__field__body_regex__manual__unmatched' on 'silver/tally_discourse_crosswalk' passed.
[32m2026-04-16 21:46:13 +0530[0m - dagster - [34mWARNING[0m - __ASSET_JOB - fcb55e2f-2a86-48c9-a72c-6bb001bc0b20 - ens_dbt_assets - Logging an `AssetObservation` instead of an `AssetCheckResult` for dbt test `assert_tally_discourse_crosswalk_one_to_one`.

`assert_tally_discourse_crosswalk_one_to_one` is a singular test with multiple dependencies. Configure an asset key in the test's dbt meta to load it as an asset check.

This test was not included in Dagster's asset check selection, and was likely executed due to dbt indirect selection.
[32m2026-04-16 21:46:14 +0530[0m - dagster - [34mDEBUG[0m - __ASSET_JOB - fcb55e2f-2a86-48c9-a72c-6bb001bc0b20 - 16060 - ens_dbt_assets - ASSET_OBSERVATION - ASSET_OBSERVATION for step ens_dbt_assets
[32m2026-04-16 21:46:15 +0530[0m - dagster - [34mDEBUG[0m - __ASSET_JOB - fcb55e2f-2a86-48c9-a72c-6bb001bc0b20 - 16060 - ens_dbt_assets - ASSET_OBSERVATION - ASSET_OBSERVATION for step ens_dbt_assets
[32m2026-04-16 21:46:16 +0530[0m - dagster - [34mDEBUG[0m - __ASSET_JOB - fcb55e2f-2a86-48c9-a72c-6bb001bc0b20 - 16060 - ens_dbt_assets - STEP_OUTPUT - Yielded output "silver__tally_discourse_crosswalk_not_null_tally_discourse_crosswalk_match_source" of type "Any". (Type check passed).
[32m2026-04-16 21:46:17 +0530[0m - dagster - [34mDEBUG[0m - __ASSET_JOB - fcb55e2f-2a86-48c9-a72c-6bb001bc0b20 - 16060 - ens_dbt_assets - ASSET_CHECK_EVALUATION - Asset check 'not_null_tally_discourse_crosswalk_match_source' on 'silver/tally_discourse_crosswalk' passed.
[32m2026-04-16 21:46:17 +0530[0m - dagster - [34mDEBUG[0m - __ASSET_JOB - fcb55e2f-2a86-48c9-a72c-6bb001bc0b20 - 16060 - ens_dbt_assets - STEP_OUTPUT - Yielded output "silver__tally_discourse_crosswalk_not_null_tally_discourse_crosswalk_proposal_id" of type "Any". (Type check passed).
[32m2026-04-16 21:46:19 +0530[0m - dagster - [34mDEBUG[0m - __ASSET_JOB - fcb55e2f-2a86-48c9-a72c-6bb001bc0b20 - 16060 - ens_dbt_assets - ASSET_CHECK_EVALUATION - Asset check 'not_null_tally_discourse_crosswalk_proposal_id' on 'silver/tally_discourse_crosswalk' passed.
[32m2026-04-16 21:46:20 +0530[0m - dagster - [34mDEBUG[0m - __ASSET_JOB - fcb55e2f-2a86-48c9-a72c-6bb001bc0b20 - 16060 - ens_dbt_assets - STEP_OUTPUT - Yielded output "silver__tally_discourse_crosswalk_relationships_tally_discourse_crosswalk_topic_id__topic_id__ref_stg_forum_topics_" of type "Any". (Type check passed).
[32m2026-04-16 21:46:22 +0530[0m - dagster - [34mDEBUG[0m - __ASSET_JOB - fcb55e2f-2a86-48c9-a72c-6bb001bc0b20 - 16060 - ens_dbt_assets - ASSET_CHECK_EVALUATION - Asset check 'relationships_tally_discourse_crosswalk_topic_id__topic_id__ref_stg_forum_topics_' on 'silver/tally_discourse_crosswalk' passed.
[32m2026-04-16 21:46:22 +0530[0m - dagster - [34mDEBUG[0m - __ASSET_JOB - fcb55e2f-2a86-48c9-a72c-6bb001bc0b20 - 16060 - ens_dbt_assets - STEP_OUTPUT - Yielded output "silver__tally_discourse_crosswalk_unique_tally_discourse_crosswalk_proposal_id" of type "Any". (Type check passed).
[32m2026-04-16 21:46:23 +0530[0m - dagster - [34mDEBUG[0m - __ASSET_JOB - fcb55e2f-2a86-48c9-a72c-6bb001bc0b20 - 16060 - ens_dbt_assets - ASSET_CHECK_EVALUATION - Asset check 'unique_tally_discourse_crosswalk_proposal_id' on 'silver/tally_discourse_crosswalk' passed.
[32m2026-04-16 21:46:23 +0530[0m - dagster - [34mWARNING[0m - __ASSET_JOB - fcb55e2f-2a86-48c9-a72c-6bb001bc0b20 - ens_dbt_assets - Logging an `AssetObservation` instead of an `AssetCheckResult` for dbt test `assert_governance_discourse_activity_one_to_one`.

`assert_governance_discourse_activity_one_to_one` is a singular test with multiple dependencies. Configure an asset key in the test's dbt meta to load it as an asset check.

This test was not included in Dagster's asset check selection, and was likely executed due to dbt indirect selection.
[32m2026-04-16 21:46:24 +0530[0m - dagster - [34mDEBUG[0m - __ASSET_JOB - fcb55e2f-2a86-48c9-a72c-6bb001bc0b20 - 16060 - ens_dbt_assets - ASSET_OBSERVATION - ASSET_OBSERVATION for step ens_dbt_assets
[32m2026-04-16 21:46:25 +0530[0m - dagster - [34mDEBUG[0m - __ASSET_JOB - fcb55e2f-2a86-48c9-a72c-6bb001bc0b20 - 16060 - ens_dbt_assets - ASSET_OBSERVATION - ASSET_OBSERVATION for step ens_dbt_assets
[32m2026-04-16 21:46:26 +0530[0m - dagster - [34mDEBUG[0m - __ASSET_JOB - fcb55e2f-2a86-48c9-a72c-6bb001bc0b20 - 16060 - ens_dbt_assets - ASSET_OBSERVATION - ASSET_OBSERVATION for step ens_dbt_assets
[32m2026-04-16 21:46:27 +0530[0m - dagster - [34mINFO[0m - __ASSET_JOB - fcb55e2f-2a86-48c9-a72c-6bb001bc0b20 - ens_dbt_assets - Finished dbt command: `dbt build --select ens_retro.silver.snapshot_discourse_crosswalk ens_retro.silver.tally_discourse_crosswalk`.
[32m2026-04-16 21:46:27 +0530[0m - dagster - [34mDEBUG[0m - __ASSET_JOB - fcb55e2f-2a86-48c9-a72c-6bb001bc0b20 - 16060 - ens_dbt_assets - STEP_SUCCESS - Finished execution of step "ens_dbt_assets" in 41.14s.
