[32m2026-04-02 12:02:33 +0530[0m - dagster - [34mDEBUG[0m - __ASSET_JOB - 699a6813-308c-44fa-86b0-2b638ed77781 - 88622 - LOGS_CAPTURED - Started capturing logs in process (pid: 88622).
[32m2026-04-02 12:02:33 +0530[0m - dagster - [34mDEBUG[0m - __ASSET_JOB - 699a6813-308c-44fa-86b0-2b638ed77781 - 88622 - ens_dbt_assets - STEP_START - Started execution of step "ens_dbt_assets".
[32m2026-04-02 12:02:33 +0530[0m - dagster - [34mWARNING[0m - __ASSET_JOB - 699a6813-308c-44fa-86b0-2b638ed77781 - ens_dbt_assets - Skipping 3 model(s) — source files not on disk yet: ['stg_compensation', 'stg_grants', 'stg_delegate_profiles']
/home/torch/.local/lib/python3.10/site-packages/dagster_dbt/asset_utils.py:497: DeprecationWarning: AssetExecutionContext.op is deprecated and will be removed in a future release. You have called the deprecated method op on AssetExecutionContext. Use context.op_execution_context.op instead.
/home/torch/.local/lib/python3.10/site-packages/dagster_dbt/asset_utils.py:498: DeprecationWarning: AssetExecutionContext.op is deprecated and will be removed in a future release. You have called the deprecated method op on AssetExecutionContext. Use context.op_execution_context.op instead.
/home/torch/.local/lib/python3.10/site-packages/dagster_dbt/asset_utils.py:499: DeprecationWarning: AssetExecutionContext.op is deprecated and will be removed in a future release. You have called the deprecated method op on AssetExecutionContext. Use context.op_execution_context.op instead.
[32m2026-04-02 12:02:34 +0530[0m - dagster - [34mINFO[0m - __ASSET_JOB - 699a6813-308c-44fa-86b0-2b638ed77781 - ens_dbt_assets - A dbt subsetted execution is being performed. Overriding default dbt selection arguments `['--select', 'fqn:*']` with arguments: `['ens_retro.staging.stg_tally_votes', 'ens_retro.staging.stg_treasury_flows', 'ens_retro.staging.stg_tally_proposals', 'ens_retro.staging.stg_token_distribution', 'ens_retro.staging.stg_snapshot_votes', 'ens_retro.staging.stg_delegations', 'ens_retro.staging.stg_compensation', 'ens_retro.staging.stg_forum_posts', 'ens_retro.staging.stg_votingpower_delegates', 'ens_retro.staging.stg_delegate_profiles', 'ens_retro.staging.stg_grants', 'ens_retro.staging.stg_tally_delegates', 'ens_retro.staging.stg_snapshot_proposals']`.
[32m2026-04-02 12:02:44 +0530[0m - dagster - [34mINFO[0m - __ASSET_JOB - 699a6813-308c-44fa-86b0-2b638ed77781 - ens_dbt_assets - Copying `/home/torch/ENS-Retro-Data/infra/dbt/target/partial_parse.msgpack` to `/home/torch/ENS-Retro-Data/infra/dbt/target/ens_dbt_assets-699a681-df20df6/partial_parse.msgpack` to take advantage of partial parsing.
[32m2026-04-02 12:02:44 +0530[0m - dagster - [34mINFO[0m - __ASSET_JOB - 699a6813-308c-44fa-86b0-2b638ed77781 - ens_dbt_assets - Running dbt command: `dbt build --exclude stg_compensation+ --exclude stg_grants+ --exclude stg_delegate_profiles+ --select ens_retro.staging.stg_tally_votes ens_retro.staging.stg_treasury_flows ens_retro.staging.stg_tally_proposals ens_retro.staging.stg_token_distribution ens_retro.staging.stg_snapshot_votes ens_retro.staging.stg_delegations ens_retro.staging.stg_compensation ens_retro.staging.stg_forum_posts ens_retro.staging.stg_votingpower_delegates ens_retro.staging.stg_delegate_profiles ens_retro.staging.stg_grants ens_retro.staging.stg_tally_delegates ens_retro.staging.stg_snapshot_proposals`.
[32m2026-04-02 12:02:52 +0530[0m - dagster - [34mDEBUG[0m - __ASSET_JOB - 699a6813-308c-44fa-86b0-2b638ed77781 - 88622 - ens_dbt_assets - STEP_OUTPUT - Yielded output "bronze__stg_delegations" of type "Nothing". (Type check passed).
[32m2026-04-02 12:02:54 +0530[0m - dagster - [34mDEBUG[0m - __ASSET_JOB - 699a6813-308c-44fa-86b0-2b638ed77781 - 88622 - ens_dbt_assets - ASSET_MATERIALIZATION - Materialized value bronze stg_delegations.
[32m2026-04-02 12:02:54 +0530[0m - dagster - [34mDEBUG[0m - __ASSET_JOB - 699a6813-308c-44fa-86b0-2b638ed77781 - 88622 - ens_dbt_assets - STEP_OUTPUT - Yielded output "bronze__stg_forum_posts" of type "Nothing". (Type check passed).
[32m2026-04-02 12:02:56 +0530[0m - dagster - [34mDEBUG[0m - __ASSET_JOB - 699a6813-308c-44fa-86b0-2b638ed77781 - 88622 - ens_dbt_assets - ASSET_MATERIALIZATION - Materialized value bronze stg_forum_posts.
[32m2026-04-02 12:02:57 +0530[0m - dagster - [34mDEBUG[0m - __ASSET_JOB - 699a6813-308c-44fa-86b0-2b638ed77781 - 88622 - ens_dbt_assets - STEP_OUTPUT - Yielded output "bronze__stg_snapshot_proposals" of type "Nothing". (Type check passed).
[32m2026-04-02 12:02:59 +0530[0m - dagster - [34mDEBUG[0m - __ASSET_JOB - 699a6813-308c-44fa-86b0-2b638ed77781 - 88622 - ens_dbt_assets - ASSET_MATERIALIZATION - Materialized value bronze stg_snapshot_proposals.
[32m2026-04-02 12:03:00 +0530[0m - dagster - [34mDEBUG[0m - __ASSET_JOB - 699a6813-308c-44fa-86b0-2b638ed77781 - 88622 - ens_dbt_assets - STEP_OUTPUT - Yielded output "bronze__stg_snapshot_votes" of type "Nothing". (Type check passed).
[32m2026-04-02 12:03:01 +0530[0m - dagster - [34mDEBUG[0m - __ASSET_JOB - 699a6813-308c-44fa-86b0-2b638ed77781 - 88622 - ens_dbt_assets - ASSET_MATERIALIZATION - Materialized value bronze stg_snapshot_votes.
[32m2026-04-02 12:03:01 +0530[0m - dagster - [34mDEBUG[0m - __ASSET_JOB - 699a6813-308c-44fa-86b0-2b638ed77781 - 88622 - ens_dbt_assets - STEP_OUTPUT - Yielded output "bronze__stg_tally_delegates" of type "Nothing". (Type check passed).
[32m2026-04-02 12:03:02 +0530[0m - dagster - [34mDEBUG[0m - __ASSET_JOB - 699a6813-308c-44fa-86b0-2b638ed77781 - 88622 - ens_dbt_assets - ASSET_MATERIALIZATION - Materialized value bronze stg_tally_delegates.
[32m2026-04-02 12:03:03 +0530[0m - dagster - [34mDEBUG[0m - __ASSET_JOB - 699a6813-308c-44fa-86b0-2b638ed77781 - 88622 - ens_dbt_assets - STEP_OUTPUT - Yielded output "bronze__stg_tally_proposals" of type "Nothing". (Type check passed).
[32m2026-04-02 12:03:04 +0530[0m - dagster - [34mDEBUG[0m - __ASSET_JOB - 699a6813-308c-44fa-86b0-2b638ed77781 - 88622 - ens_dbt_assets - ASSET_MATERIALIZATION - Materialized value bronze stg_tally_proposals.
[32m2026-04-02 12:03:04 +0530[0m - dagster - [34mDEBUG[0m - __ASSET_JOB - 699a6813-308c-44fa-86b0-2b638ed77781 - 88622 - ens_dbt_assets - STEP_OUTPUT - Yielded output "bronze__stg_tally_votes" of type "Nothing". (Type check passed).
[32m2026-04-02 12:03:05 +0530[0m - dagster - [34mDEBUG[0m - __ASSET_JOB - 699a6813-308c-44fa-86b0-2b638ed77781 - 88622 - ens_dbt_assets - ASSET_MATERIALIZATION - Materialized value bronze stg_tally_votes.
[32m2026-04-02 12:03:06 +0530[0m - dagster - [34mDEBUG[0m - __ASSET_JOB - 699a6813-308c-44fa-86b0-2b638ed77781 - 88622 - ens_dbt_assets - STEP_OUTPUT - Yielded output "bronze__stg_token_distribution" of type "Nothing". (Type check passed).
[32m2026-04-02 12:03:08 +0530[0m - dagster - [34mDEBUG[0m - __ASSET_JOB - 699a6813-308c-44fa-86b0-2b638ed77781 - 88622 - ens_dbt_assets - ASSET_MATERIALIZATION - Materialized value bronze stg_token_distribution.
[32m2026-04-02 12:03:08 +0530[0m - dagster - [34mDEBUG[0m - __ASSET_JOB - 699a6813-308c-44fa-86b0-2b638ed77781 - 88622 - ens_dbt_assets - STEP_OUTPUT - Yielded output "bronze__stg_treasury_flows" of type "Nothing". (Type check passed).
[32m2026-04-02 12:03:10 +0530[0m - dagster - [34mDEBUG[0m - __ASSET_JOB - 699a6813-308c-44fa-86b0-2b638ed77781 - 88622 - ens_dbt_assets - ASSET_MATERIALIZATION - Materialized value bronze stg_treasury_flows.
[32m2026-04-02 12:03:10 +0530[0m - dagster - [34mDEBUG[0m - __ASSET_JOB - 699a6813-308c-44fa-86b0-2b638ed77781 - 88622 - ens_dbt_assets - STEP_OUTPUT - Yielded output "bronze__stg_votingpower_delegates" of type "Nothing". (Type check passed).
[32m2026-04-02 12:03:12 +0530[0m - dagster - [34mDEBUG[0m - __ASSET_JOB - 699a6813-308c-44fa-86b0-2b638ed77781 - 88622 - ens_dbt_assets - ASSET_MATERIALIZATION - Materialized value bronze stg_votingpower_delegates.
[32m2026-04-02 12:03:12 +0530[0m - dagster - [34mDEBUG[0m - __ASSET_JOB - 699a6813-308c-44fa-86b0-2b638ed77781 - 88622 - ens_dbt_assets - STEP_OUTPUT - Yielded output "bronze__stg_delegations_not_null_stg_delegations_delegate" of type "Any". (Type check passed).
[32m2026-04-02 12:03:14 +0530[0m - dagster - [34mDEBUG[0m - __ASSET_JOB - 699a6813-308c-44fa-86b0-2b638ed77781 - 88622 - ens_dbt_assets - ASSET_CHECK_EVALUATION - Asset check 'not_null_stg_delegations_delegate' on 'bronze/stg_delegations' passed.
[32m2026-04-02 12:03:14 +0530[0m - dagster - [34mDEBUG[0m - __ASSET_JOB - 699a6813-308c-44fa-86b0-2b638ed77781 - 88622 - ens_dbt_assets - STEP_OUTPUT - Yielded output "bronze__stg_delegations_not_null_stg_delegations_delegator" of type "Any". (Type check passed).
[32m2026-04-02 12:03:15 +0530[0m - dagster - [34mDEBUG[0m - __ASSET_JOB - 699a6813-308c-44fa-86b0-2b638ed77781 - 88622 - ens_dbt_assets - ASSET_CHECK_EVALUATION - Asset check 'not_null_stg_delegations_delegator' on 'bronze/stg_delegations' passed.
[32m2026-04-02 12:03:15 +0530[0m - dagster - [34mDEBUG[0m - __ASSET_JOB - 699a6813-308c-44fa-86b0-2b638ed77781 - 88622 - ens_dbt_assets - STEP_OUTPUT - Yielded output "bronze__stg_forum_posts_not_null_stg_forum_posts_post_id" of type "Any". (Type check passed).
[32m2026-04-02 12:03:17 +0530[0m - dagster - [34mDEBUG[0m - __ASSET_JOB - 699a6813-308c-44fa-86b0-2b638ed77781 - 88622 - ens_dbt_assets - ASSET_CHECK_EVALUATION - Asset check 'not_null_stg_forum_posts_post_id' on 'bronze/stg_forum_posts' passed.
[32m2026-04-02 12:03:17 +0530[0m - dagster - [34mDEBUG[0m - __ASSET_JOB - 699a6813-308c-44fa-86b0-2b638ed77781 - 88622 - ens_dbt_assets - STEP_OUTPUT - Yielded output "bronze__stg_forum_posts_unique_stg_forum_posts_post_id" of type "Any". (Type check passed).
[32m2026-04-02 12:03:18 +0530[0m - dagster - [34mDEBUG[0m - __ASSET_JOB - 699a6813-308c-44fa-86b0-2b638ed77781 - 88622 - ens_dbt_assets - ASSET_CHECK_EVALUATION - Asset check 'unique_stg_forum_posts_post_id' on 'bronze/stg_forum_posts' passed.
[32m2026-04-02 12:03:18 +0530[0m - dagster - [34mDEBUG[0m - __ASSET_JOB - 699a6813-308c-44fa-86b0-2b638ed77781 - 88622 - ens_dbt_assets - STEP_OUTPUT - Yielded output "bronze__stg_snapshot_proposals_not_null_stg_snapshot_proposals_author_address" of type "Any". (Type check passed).
[32m2026-04-02 12:03:20 +0530[0m - dagster - [34mDEBUG[0m - __ASSET_JOB - 699a6813-308c-44fa-86b0-2b638ed77781 - 88622 - ens_dbt_assets - ASSET_CHECK_EVALUATION - Asset check 'not_null_stg_snapshot_proposals_author_address' on 'bronze/stg_snapshot_proposals' passed.
[32m2026-04-02 12:03:20 +0530[0m - dagster - [34mDEBUG[0m - __ASSET_JOB - 699a6813-308c-44fa-86b0-2b638ed77781 - 88622 - ens_dbt_assets - STEP_OUTPUT - Yielded output "bronze__stg_snapshot_proposals_not_null_stg_snapshot_proposals_proposal_id" of type "Any". (Type check passed).
[32m2026-04-02 12:03:23 +0530[0m - dagster - [34mDEBUG[0m - __ASSET_JOB - 699a6813-308c-44fa-86b0-2b638ed77781 - 88622 - ens_dbt_assets - ASSET_CHECK_EVALUATION - Asset check 'not_null_stg_snapshot_proposals_proposal_id' on 'bronze/stg_snapshot_proposals' passed.
[32m2026-04-02 12:03:23 +0530[0m - dagster - [34mDEBUG[0m - __ASSET_JOB - 699a6813-308c-44fa-86b0-2b638ed77781 - 88622 - ens_dbt_assets - STEP_OUTPUT - Yielded output "bronze__stg_snapshot_proposals_not_null_stg_snapshot_proposals_status" of type "Any". (Type check passed).
[32m2026-04-02 12:03:24 +0530[0m - dagster - [34mDEBUG[0m - __ASSET_JOB - 699a6813-308c-44fa-86b0-2b638ed77781 - 88622 - ens_dbt_assets - ASSET_CHECK_EVALUATION - Asset check 'not_null_stg_snapshot_proposals_status' on 'bronze/stg_snapshot_proposals' passed.
[32m2026-04-02 12:03:24 +0530[0m - dagster - [34mDEBUG[0m - __ASSET_JOB - 699a6813-308c-44fa-86b0-2b638ed77781 - 88622 - ens_dbt_assets - STEP_OUTPUT - Yielded output "bronze__stg_snapshot_proposals_unique_stg_snapshot_proposals_proposal_id" of type "Any". (Type check passed).
[32m2026-04-02 12:03:26 +0530[0m - dagster - [34mDEBUG[0m - __ASSET_JOB - 699a6813-308c-44fa-86b0-2b638ed77781 - 88622 - ens_dbt_assets - ASSET_CHECK_EVALUATION - Asset check 'unique_stg_snapshot_proposals_proposal_id' on 'bronze/stg_snapshot_proposals' passed.
[32m2026-04-02 12:03:26 +0530[0m - dagster - [34mDEBUG[0m - __ASSET_JOB - 699a6813-308c-44fa-86b0-2b638ed77781 - 88622 - ens_dbt_assets - STEP_OUTPUT - Yielded output "bronze__stg_snapshot_votes_not_null_stg_snapshot_votes_proposal_id" of type "Any". (Type check passed).
[32m2026-04-02 12:03:27 +0530[0m - dagster - [34mDEBUG[0m - __ASSET_JOB - 699a6813-308c-44fa-86b0-2b638ed77781 - 88622 - ens_dbt_assets - ASSET_CHECK_EVALUATION - Asset check 'not_null_stg_snapshot_votes_proposal_id' on 'bronze/stg_snapshot_votes' passed.
[32m2026-04-02 12:03:28 +0530[0m - dagster - [34mDEBUG[0m - __ASSET_JOB - 699a6813-308c-44fa-86b0-2b638ed77781 - 88622 - ens_dbt_assets - STEP_OUTPUT - Yielded output "bronze__stg_snapshot_votes_not_null_stg_snapshot_votes_vote_id" of type "Any". (Type check passed).
[32m2026-04-02 12:03:29 +0530[0m - dagster - [34mDEBUG[0m - __ASSET_JOB - 699a6813-308c-44fa-86b0-2b638ed77781 - 88622 - ens_dbt_assets - ASSET_CHECK_EVALUATION - Asset check 'not_null_stg_snapshot_votes_vote_id' on 'bronze/stg_snapshot_votes' passed.
[32m2026-04-02 12:03:30 +0530[0m - dagster - [34mDEBUG[0m - __ASSET_JOB - 699a6813-308c-44fa-86b0-2b638ed77781 - 88622 - ens_dbt_assets - STEP_OUTPUT - Yielded output "bronze__stg_snapshot_votes_not_null_stg_snapshot_votes_voter" of type "Any". (Type check passed).
[32m2026-04-02 12:03:31 +0530[0m - dagster - [34mDEBUG[0m - __ASSET_JOB - 699a6813-308c-44fa-86b0-2b638ed77781 - 88622 - ens_dbt_assets - ASSET_CHECK_EVALUATION - Asset check 'not_null_stg_snapshot_votes_voter' on 'bronze/stg_snapshot_votes' passed.
[32m2026-04-02 12:03:31 +0530[0m - dagster - [34mDEBUG[0m - __ASSET_JOB - 699a6813-308c-44fa-86b0-2b638ed77781 - 88622 - ens_dbt_assets - STEP_OUTPUT - Yielded output "bronze__stg_snapshot_votes_unique_stg_snapshot_votes_vote_id" of type "Any". (Type check passed).
[32m2026-04-02 12:03:32 +0530[0m - dagster - [34mDEBUG[0m - __ASSET_JOB - 699a6813-308c-44fa-86b0-2b638ed77781 - 88622 - ens_dbt_assets - ASSET_CHECK_EVALUATION - Asset check 'unique_stg_snapshot_votes_vote_id' on 'bronze/stg_snapshot_votes' passed.
[32m2026-04-02 12:03:33 +0530[0m - dagster - [34mDEBUG[0m - __ASSET_JOB - 699a6813-308c-44fa-86b0-2b638ed77781 - 88622 - ens_dbt_assets - STEP_OUTPUT - Yielded output "bronze__stg_tally_delegates_not_null_stg_tally_delegates_address" of type "Any". (Type check passed).
[32m2026-04-02 12:03:34 +0530[0m - dagster - [34mDEBUG[0m - __ASSET_JOB - 699a6813-308c-44fa-86b0-2b638ed77781 - 88622 - ens_dbt_assets - ASSET_CHECK_EVALUATION - Asset check 'not_null_stg_tally_delegates_address' on 'bronze/stg_tally_delegates' passed.
[32m2026-04-02 12:03:34 +0530[0m - dagster - [34mDEBUG[0m - __ASSET_JOB - 699a6813-308c-44fa-86b0-2b638ed77781 - 88622 - ens_dbt_assets - STEP_OUTPUT - Yielded output "bronze__stg_tally_delegates_unique_stg_tally_delegates_address" of type "Any". (Type check passed).
[32m2026-04-02 12:03:35 +0530[0m - dagster - [34mDEBUG[0m - __ASSET_JOB - 699a6813-308c-44fa-86b0-2b638ed77781 - 88622 - ens_dbt_assets - ASSET_CHECK_EVALUATION - Asset check 'unique_stg_tally_delegates_address' on 'bronze/stg_tally_delegates' passed.
[32m2026-04-02 12:03:36 +0530[0m - dagster - [34mDEBUG[0m - __ASSET_JOB - 699a6813-308c-44fa-86b0-2b638ed77781 - 88622 - ens_dbt_assets - STEP_OUTPUT - Yielded output "bronze__stg_tally_proposals_not_null_stg_tally_proposals_proposal_id" of type "Any". (Type check passed).
[32m2026-04-02 12:03:36 +0530[0m - dagster - [34mDEBUG[0m - __ASSET_JOB - 699a6813-308c-44fa-86b0-2b638ed77781 - 88622 - ens_dbt_assets - ASSET_CHECK_EVALUATION - Asset check 'not_null_stg_tally_proposals_proposal_id' on 'bronze/stg_tally_proposals' passed.
[32m2026-04-02 12:03:37 +0530[0m - dagster - [34mDEBUG[0m - __ASSET_JOB - 699a6813-308c-44fa-86b0-2b638ed77781 - 88622 - ens_dbt_assets - STEP_OUTPUT - Yielded output "bronze__stg_tally_proposals_not_null_stg_tally_proposals_status" of type "Any". (Type check passed).
[32m2026-04-02 12:03:38 +0530[0m - dagster - [34mDEBUG[0m - __ASSET_JOB - 699a6813-308c-44fa-86b0-2b638ed77781 - 88622 - ens_dbt_assets - ASSET_CHECK_EVALUATION - Asset check 'not_null_stg_tally_proposals_status' on 'bronze/stg_tally_proposals' passed.
[32m2026-04-02 12:03:39 +0530[0m - dagster - [34mDEBUG[0m - __ASSET_JOB - 699a6813-308c-44fa-86b0-2b638ed77781 - 88622 - ens_dbt_assets - STEP_OUTPUT - Yielded output "bronze__stg_tally_proposals_unique_stg_tally_proposals_proposal_id" of type "Any". (Type check passed).
[32m2026-04-02 12:03:40 +0530[0m - dagster - [34mDEBUG[0m - __ASSET_JOB - 699a6813-308c-44fa-86b0-2b638ed77781 - 88622 - ens_dbt_assets - ASSET_CHECK_EVALUATION - Asset check 'unique_stg_tally_proposals_proposal_id' on 'bronze/stg_tally_proposals' passed.
[32m2026-04-02 12:03:40 +0530[0m - dagster - [34mDEBUG[0m - __ASSET_JOB - 699a6813-308c-44fa-86b0-2b638ed77781 - 88622 - ens_dbt_assets - STEP_OUTPUT - Yielded output "bronze__stg_tally_votes_not_null_stg_tally_votes_proposal_id" of type "Any". (Type check passed).
[32m2026-04-02 12:03:42 +0530[0m - dagster - [34mDEBUG[0m - __ASSET_JOB - 699a6813-308c-44fa-86b0-2b638ed77781 - 88622 - ens_dbt_assets - ASSET_CHECK_EVALUATION - Asset check 'not_null_stg_tally_votes_proposal_id' on 'bronze/stg_tally_votes' passed.
[32m2026-04-02 12:03:42 +0530[0m - dagster - [34mDEBUG[0m - __ASSET_JOB - 699a6813-308c-44fa-86b0-2b638ed77781 - 88622 - ens_dbt_assets - STEP_OUTPUT - Yielded output "bronze__stg_tally_votes_not_null_stg_tally_votes_vote_id" of type "Any". (Type check passed).
[32m2026-04-02 12:03:43 +0530[0m - dagster - [34mDEBUG[0m - __ASSET_JOB - 699a6813-308c-44fa-86b0-2b638ed77781 - 88622 - ens_dbt_assets - ASSET_CHECK_EVALUATION - Asset check 'not_null_stg_tally_votes_vote_id' on 'bronze/stg_tally_votes' passed.
[32m2026-04-02 12:03:44 +0530[0m - dagster - [34mDEBUG[0m - __ASSET_JOB - 699a6813-308c-44fa-86b0-2b638ed77781 - 88622 - ens_dbt_assets - STEP_OUTPUT - Yielded output "bronze__stg_tally_votes_not_null_stg_tally_votes_voter" of type "Any". (Type check passed).
[32m2026-04-02 12:03:45 +0530[0m - dagster - [34mDEBUG[0m - __ASSET_JOB - 699a6813-308c-44fa-86b0-2b638ed77781 - 88622 - ens_dbt_assets - ASSET_CHECK_EVALUATION - Asset check 'not_null_stg_tally_votes_voter' on 'bronze/stg_tally_votes' passed.
[32m2026-04-02 12:03:45 +0530[0m - dagster - [34mDEBUG[0m - __ASSET_JOB - 699a6813-308c-44fa-86b0-2b638ed77781 - 88622 - ens_dbt_assets - STEP_OUTPUT - Yielded output "bronze__stg_tally_votes_unique_stg_tally_votes_vote_id" of type "Any". (Type check passed).
[32m2026-04-02 12:03:47 +0530[0m - dagster - [34mDEBUG[0m - __ASSET_JOB - 699a6813-308c-44fa-86b0-2b638ed77781 - 88622 - ens_dbt_assets - ASSET_CHECK_EVALUATION - Asset check 'unique_stg_tally_votes_vote_id' on 'bronze/stg_tally_votes' passed.
[32m2026-04-02 12:03:47 +0530[0m - dagster - [34mDEBUG[0m - __ASSET_JOB - 699a6813-308c-44fa-86b0-2b638ed77781 - 88622 - ens_dbt_assets - STEP_OUTPUT - Yielded output "bronze__stg_token_distribution_not_null_stg_token_distribution_address" of type "Any". (Type check passed).
[32m2026-04-02 12:03:49 +0530[0m - dagster - [34mDEBUG[0m - __ASSET_JOB - 699a6813-308c-44fa-86b0-2b638ed77781 - 88622 - ens_dbt_assets - ASSET_CHECK_EVALUATION - Asset check 'not_null_stg_token_distribution_address' on 'bronze/stg_token_distribution' passed.
[32m2026-04-02 12:03:49 +0530[0m - dagster - [34mDEBUG[0m - __ASSET_JOB - 699a6813-308c-44fa-86b0-2b638ed77781 - 88622 - ens_dbt_assets - STEP_OUTPUT - Yielded output "bronze__stg_token_distribution_unique_stg_token_distribution_address" of type "Any". (Type check passed).
[32m2026-04-02 12:03:50 +0530[0m - dagster - [34mDEBUG[0m - __ASSET_JOB - 699a6813-308c-44fa-86b0-2b638ed77781 - 88622 - ens_dbt_assets - ASSET_CHECK_EVALUATION - Asset check 'unique_stg_token_distribution_address' on 'bronze/stg_token_distribution' passed.
[32m2026-04-02 12:03:51 +0530[0m - dagster - [34mDEBUG[0m - __ASSET_JOB - 699a6813-308c-44fa-86b0-2b638ed77781 - 88622 - ens_dbt_assets - STEP_OUTPUT - Yielded output "bronze__stg_treasury_flows_not_null_stg_treasury_flows_from_address" of type "Any". (Type check passed).
[32m2026-04-02 12:03:52 +0530[0m - dagster - [34mDEBUG[0m - __ASSET_JOB - 699a6813-308c-44fa-86b0-2b638ed77781 - 88622 - ens_dbt_assets - ASSET_CHECK_EVALUATION - Asset check 'not_null_stg_treasury_flows_from_address' on 'bronze/stg_treasury_flows' passed.
[32m2026-04-02 12:03:53 +0530[0m - dagster - [34mDEBUG[0m - __ASSET_JOB - 699a6813-308c-44fa-86b0-2b638ed77781 - 88622 - ens_dbt_assets - STEP_OUTPUT - Yielded output "bronze__stg_treasury_flows_not_null_stg_treasury_flows_tx_hash" of type "Any". (Type check passed).
[32m2026-04-02 12:03:54 +0530[0m - dagster - [34mDEBUG[0m - __ASSET_JOB - 699a6813-308c-44fa-86b0-2b638ed77781 - 88622 - ens_dbt_assets - ASSET_CHECK_EVALUATION - Asset check 'not_null_stg_treasury_flows_tx_hash' on 'bronze/stg_treasury_flows' passed.
[32m2026-04-02 12:03:54 +0530[0m - dagster - [34mDEBUG[0m - __ASSET_JOB - 699a6813-308c-44fa-86b0-2b638ed77781 - 88622 - ens_dbt_assets - STEP_OUTPUT - Yielded output "bronze__stg_treasury_flows_unique_stg_treasury_flows_tx_hash" of type "Any". (Type check passed).
[32m2026-04-02 12:03:55 +0530[0m - dagster - [34mDEBUG[0m - __ASSET_JOB - 699a6813-308c-44fa-86b0-2b638ed77781 - 88622 - ens_dbt_assets - ASSET_CHECK_EVALUATION - Asset check 'unique_stg_treasury_flows_tx_hash' on 'bronze/stg_treasury_flows' passed.
[32m2026-04-02 12:03:55 +0530[0m - dagster - [34mDEBUG[0m - __ASSET_JOB - 699a6813-308c-44fa-86b0-2b638ed77781 - 88622 - ens_dbt_assets - STEP_OUTPUT - Yielded output "bronze__stg_votingpower_delegates_not_null_stg_votingpower_delegates_delegate_address" of type "Any". (Type check passed).
[32m2026-04-02 12:03:56 +0530[0m - dagster - [34mDEBUG[0m - __ASSET_JOB - 699a6813-308c-44fa-86b0-2b638ed77781 - 88622 - ens_dbt_assets - ASSET_CHECK_EVALUATION - Asset check 'not_null_stg_votingpower_delegates_delegate_address' on 'bronze/stg_votingpower_delegates' passed.
[32m2026-04-02 12:03:57 +0530[0m - dagster - [34mDEBUG[0m - __ASSET_JOB - 699a6813-308c-44fa-86b0-2b638ed77781 - 88622 - ens_dbt_assets - STEP_OUTPUT - Yielded output "bronze__stg_votingpower_delegates_not_null_stg_votingpower_delegates_rank" of type "Any". (Type check passed).
[32m2026-04-02 12:03:58 +0530[0m - dagster - [34mDEBUG[0m - __ASSET_JOB - 699a6813-308c-44fa-86b0-2b638ed77781 - 88622 - ens_dbt_assets - ASSET_CHECK_EVALUATION - Asset check 'not_null_stg_votingpower_delegates_rank' on 'bronze/stg_votingpower_delegates' passed.
[32m2026-04-02 12:03:58 +0530[0m - dagster - [34mDEBUG[0m - __ASSET_JOB - 699a6813-308c-44fa-86b0-2b638ed77781 - 88622 - ens_dbt_assets - STEP_OUTPUT - Yielded output "bronze__stg_votingpower_delegates_unique_stg_votingpower_delegates_delegate_address" of type "Any". (Type check passed).
[32m2026-04-02 12:04:00 +0530[0m - dagster - [34mDEBUG[0m - __ASSET_JOB - 699a6813-308c-44fa-86b0-2b638ed77781 - 88622 - ens_dbt_assets - ASSET_CHECK_EVALUATION - Asset check 'unique_stg_votingpower_delegates_delegate_address' on 'bronze/stg_votingpower_delegates' passed.
[32m2026-04-02 12:04:00 +0530[0m - dagster - [34mINFO[0m - __ASSET_JOB - 699a6813-308c-44fa-86b0-2b638ed77781 - ens_dbt_assets - Finished dbt command: `dbt build --exclude stg_compensation+ --exclude stg_grants+ --exclude stg_delegate_profiles+ --select ens_retro.staging.stg_tally_votes ens_retro.staging.stg_treasury_flows ens_retro.staging.stg_tally_proposals ens_retro.staging.stg_token_distribution ens_retro.staging.stg_snapshot_votes ens_retro.staging.stg_delegations ens_retro.staging.stg_compensation ens_retro.staging.stg_forum_posts ens_retro.staging.stg_votingpower_delegates ens_retro.staging.stg_delegate_profiles ens_retro.staging.stg_grants ens_retro.staging.stg_tally_delegates ens_retro.staging.stg_snapshot_proposals`.
[32m2026-04-02 12:04:00 +0530[0m - dagster - [34mINFO[0m - __ASSET_JOB - 699a6813-308c-44fa-86b0-2b638ed77781 - ens_dbt_assets - op 'ens_dbt_assets' did not yield or return expected outputs {'bronze__stg_delegate_profiles_not_null_stg_delegate_profiles_address', 'bronze__stg_grants_not_null_stg_grants_grant_id', 'bronze__stg_compensation_not_null_stg_compensation_recipient_address', 'bronze__stg_grants_unique_stg_grants_grant_id'}.
[32m2026-04-02 12:04:01 +0530[0m - dagster - [34mDEBUG[0m - __ASSET_JOB - 699a6813-308c-44fa-86b0-2b638ed77781 - 88622 - ens_dbt_assets - STEP_SUCCESS - Finished execution of step "ens_dbt_assets" in 1m27s.
