Running with dbt=1.11.6
Registered adapter: duckdb=1.10.1
[[33mWARNING[0m]: Configuration paths exist in your dbt_project.yml file which do not apply to any resources.
There are 1 unused configuration paths:
- seeds.ens_retro
Found 29 models, 88 data tests, 13 sources, 596 macros

Concurrency: 1 threads (target='dev')

1 of 39 START sql view model main_bronze.stg_delegations ....................... [RUN]
1 of 39 OK created sql view model main_bronze.stg_delegations .................. [[32mOK[0m in 0.60s]
2 of 39 START sql view model main_bronze.stg_forum_posts ....................... [RUN]
2 of 39 OK created sql view model main_bronze.stg_forum_posts .................. [[32mOK[0m in 2.05s]
3 of 39 START sql view model main_bronze.stg_snapshot_proposals ................ [RUN]
3 of 39 OK created sql view model main_bronze.stg_snapshot_proposals ........... [[32mOK[0m in 0.33s]
4 of 39 START sql view model main_bronze.stg_snapshot_votes .................... [RUN]
4 of 39 OK created sql view model main_bronze.stg_snapshot_votes ............... [[32mOK[0m in 0.42s]
5 of 39 START sql view model main_bronze.stg_tally_delegates ................... [RUN]
5 of 39 OK created sql view model main_bronze.stg_tally_delegates .............. [[32mOK[0m in 0.58s]
6 of 39 START sql view model main_bronze.stg_tally_proposals ................... [RUN]
6 of 39 OK created sql view model main_bronze.stg_tally_proposals .............. [[32mOK[0m in 0.35s]
7 of 39 START sql view model main_bronze.stg_tally_votes ....................... [RUN]
7 of 39 OK created sql view model main_bronze.stg_tally_votes .................. [[32mOK[0m in 1.38s]
8 of 39 START sql view model main_bronze.stg_token_distribution ................ [RUN]
8 of 39 OK created sql view model main_bronze.stg_token_distribution ........... [[32mOK[0m in 0.37s]
9 of 39 START sql view model main_bronze.stg_treasury_flows .................... [RUN]
9 of 39 OK created sql view model main_bronze.stg_treasury_flows ............... [[32mOK[0m in 0.41s]
10 of 39 START sql view model main_bronze.stg_votingpower_delegates ............ [RUN]
10 of 39 OK created sql view model main_bronze.stg_votingpower_delegates ....... [[32mOK[0m in 0.58s]
11 of 39 START test not_null_stg_delegations_delegate .......................... [RUN]
11 of 39 PASS not_null_stg_delegations_delegate ................................ [[32mPASS[0m in 0.34s]
12 of 39 START test not_null_stg_delegations_delegator ......................... [RUN]
12 of 39 PASS not_null_stg_delegations_delegator ............................... [[32mPASS[0m in 0.26s]
13 of 39 START test not_null_stg_forum_posts_post_id ........................... [RUN]
13 of 39 PASS not_null_stg_forum_posts_post_id ................................. [[32mPASS[0m in 0.49s]
14 of 39 START test unique_stg_forum_posts_post_id ............................. [RUN]
14 of 39 PASS unique_stg_forum_posts_post_id ................................... [[32mPASS[0m in 0.62s]
15 of 39 START test not_null_stg_snapshot_proposals_author_address ............. [RUN]
15 of 39 PASS not_null_stg_snapshot_proposals_author_address ................... [[32mPASS[0m in 0.05s]
16 of 39 START test not_null_stg_snapshot_proposals_proposal_id ................ [RUN]
16 of 39 PASS not_null_stg_snapshot_proposals_proposal_id ...................... [[32mPASS[0m in 0.05s]
17 of 39 START test not_null_stg_snapshot_proposals_status ..................... [RUN]
17 of 39 PASS not_null_stg_snapshot_proposals_status ........................... [[32mPASS[0m in 0.04s]
18 of 39 START test unique_stg_snapshot_proposals_proposal_id .................. [RUN]
18 of 39 PASS unique_stg_snapshot_proposals_proposal_id ........................ [[32mPASS[0m in 0.05s]
19 of 39 START test not_null_stg_snapshot_votes_proposal_id .................... [RUN]
19 of 39 PASS not_null_stg_snapshot_votes_proposal_id .......................... [[32mPASS[0m in 0.22s]
20 of 39 START test not_null_stg_snapshot_votes_vote_id ........................ [RUN]
20 of 39 PASS not_null_stg_snapshot_votes_vote_id .............................. [[32mPASS[0m in 0.17s]
21 of 39 START test not_null_stg_snapshot_votes_voter .......................... [RUN]
21 of 39 PASS not_null_stg_snapshot_votes_voter ................................ [[32mPASS[0m in 0.18s]
22 of 39 START test unique_stg_snapshot_votes_vote_id .......................... [RUN]
22 of 39 PASS unique_stg_snapshot_votes_vote_id ................................ [[32mPASS[0m in 0.20s]
23 of 39 START test not_null_stg_tally_delegates_address ....................... [RUN]
23 of 39 PASS not_null_stg_tally_delegates_address ............................. [[32mPASS[0m in 0.41s]
24 of 39 START test unique_stg_tally_delegates_address ......................... [RUN]
24 of 39 PASS unique_stg_tally_delegates_address ............................... [[32mPASS[0m in 0.54s]
25 of 39 START test not_null_stg_tally_proposals_proposal_id ................... [RUN]
25 of 39 PASS not_null_stg_tally_proposals_proposal_id ......................... [[32mPASS[0m in 0.05s]
26 of 39 START test not_null_stg_tally_proposals_status ........................ [RUN]
26 of 39 PASS not_null_stg_tally_proposals_status .............................. [[32mPASS[0m in 0.04s]
27 of 39 START test unique_stg_tally_proposals_proposal_id ..................... [RUN]
27 of 39 PASS unique_stg_tally_proposals_proposal_id ........................... [[32mPASS[0m in 0.05s]
28 of 39 START test not_null_stg_tally_votes_proposal_id ....................... [RUN]
28 of 39 PASS not_null_stg_tally_votes_proposal_id ............................. [[32mPASS[0m in 0.18s]
29 of 39 START test not_null_stg_tally_votes_vote_id ........................... [RUN]
29 of 39 PASS not_null_stg_tally_votes_vote_id ................................. [[32mPASS[0m in 0.15s]
30 of 39 START test not_null_stg_tally_votes_voter ............................. [RUN]
30 of 39 PASS not_null_stg_tally_votes_voter ................................... [[32mPASS[0m in 0.19s]
31 of 39 START test unique_stg_tally_votes_vote_id ............................. [RUN]
31 of 39 PASS unique_stg_tally_votes_vote_id ................................... [[32mPASS[0m in 0.20s]
32 of 39 START test not_null_stg_token_distribution_address .................... [RUN]
32 of 39 PASS not_null_stg_token_distribution_address .......................... [[32mPASS[0m in 0.16s]
33 of 39 START test unique_stg_token_distribution_address ...................... [RUN]
33 of 39 PASS unique_stg_token_distribution_address ............................ [[32mPASS[0m in 0.19s]
34 of 39 START test not_null_stg_treasury_flows_from_address ................... [RUN]
34 of 39 PASS not_null_stg_treasury_flows_from_address ......................... [[32mPASS[0m in 0.05s]
35 of 39 START test not_null_stg_treasury_flows_tx_hash ........................ [RUN]
35 of 39 PASS not_null_stg_treasury_flows_tx_hash .............................. [[32mPASS[0m in 0.05s]
36 of 39 START test unique_stg_treasury_flows_tx_hash .......................... [RUN]
36 of 39 PASS unique_stg_treasury_flows_tx_hash ................................ [[32mPASS[0m in 0.06s]
37 of 39 START test not_null_stg_votingpower_delegates_delegate_address ........ [RUN]
37 of 39 PASS not_null_stg_votingpower_delegates_delegate_address .............. [[32mPASS[0m in 0.04s]
38 of 39 START test not_null_stg_votingpower_delegates_rank .................... [RUN]
38 of 39 PASS not_null_stg_votingpower_delegates_rank .......................... [[32mPASS[0m in 0.08s]
39 of 39 START test unique_stg_votingpower_delegates_delegate_address .......... [RUN]
39 of 39 PASS unique_stg_votingpower_delegates_delegate_address ................ [[32mPASS[0m in 0.07s]

Finished running 29 data tests, 10 view models in 0 hours 0 minutes and 28.34 seconds (28.34s).

[32mCompleted successfully[0m

Done. PASS=39 WARN=0 ERROR=0 SKIP=0 NO-OP=0 TOTAL=39
