[32m2026-04-02 16:58:55 +0530[0m - dagster - [34mDEBUG[0m - __ASSET_JOB - 919ac8e4-4e01-4598-9455-a6665b50603e - 466238 - LOGS_CAPTURED - Started capturing logs in process (pid: 466238).
[32m2026-04-02 16:58:55 +0530[0m - dagster - [34mDEBUG[0m - __ASSET_JOB - 919ac8e4-4e01-4598-9455-a6665b50603e - 466238 - oso_ens_timeseries - STEP_START - Started execution of step "oso_ens_timeseries".
[32m2026-04-02 16:58:55 +0530[0m - dagster - [34mINFO[0m - __ASSET_JOB - 919ac8e4-4e01-4598-9455-a6665b50603e - oso_ens_timeseries - ============================================================
[32m2026-04-02 16:58:55 +0530[0m - dagster - [34mINFO[0m - __ASSET_JOB - 919ac8e4-4e01-4598-9455-a6665b50603e - oso_ens_timeseries - [BRONZE] Starting: oso_ens_timeseries (incremental)
[32m2026-04-02 16:58:55 +0530[0m - dagster - [34mINFO[0m - __ASSET_JOB - 919ac8e4-4e01-4598-9455-a6665b50603e - oso_ens_timeseries - [BRONZE] Output: bronze/github/oso_ens_timeseries.json
[32m2026-04-02 16:58:56 +0530[0m - dagster - [34mINFO[0m - __ASSET_JOB - 919ac8e4-4e01-4598-9455-a6665b50603e - oso_ens_timeseries - [BRONZE] No existing file — fetching full history since 2019-01-01
[OSO] Fetching ENS timeseries events since 2019-01-01 (namespace='ensdomains')
[OSO] ERROR fetching timeseries: 401 Client Error: Unauthorized for url: https://www.oso.xyz/api/v1/async-sql - Authentication required
[32m2026-04-02 16:59:03 +0530[0m - dagster - [34mERROR[0m - [31m__ASSET_JOB - 919ac8e4-4e01-4598-9455-a6665b50603e - 466238 - oso_ens_timeseries - STEP_FAILURE - Execution of step "oso_ens_timeseries" failed.

dagster._core.errors.DagsterExecutionStepExecutionError: Error occurred while executing op "oso_ens_timeseries"::

pyoso.exceptions.OsoHTTPError: 401 Client Error: Unauthorized for url: https://www.oso.xyz/api/v1/async-sql - Authentication required

Stack Trace:
  File "/home/torch/.local/lib/python3.10/site-packages/dagster/_core/execution/plan/utils.py", line 57, in op_execution_error_boundary
    yield
  File "/home/torch/.local/lib/python3.10/site-packages/dagster/_utils/__init__.py", line 394, in iterate_with_context
    next_output = next(iterator)
  File "/home/torch/.local/lib/python3.10/site-packages/dagster/_core/execution/plan/compute_generator.py", line 135, in _coerce_op_compute_fn_to_iterator
    result = invoke_compute_fn(
  File "/home/torch/.local/lib/python3.10/site-packages/dagster/_core/execution/plan/compute_generator.py", line 115, in invoke_compute_fn
    return fn(context, **args_to_pass) if context_arg_provided else fn(**args_to_pass)
  File "/home/torch/ENS-Retro-Data/infra/ingest/assets.py", line 907, in oso_ens_timeseries
    new_rows = fetch_ens_timeseries(oso_config.api_key, since=since)
  File "/home/torch/ENS-Retro-Data/infra/ingest/oso_api.py", line 139, in fetch_ens_timeseries
    df = client.to_pandas(f"""
  File "/home/torch/.local/lib/python3.10/site-packages/pyoso/client.py", line 200, in to_pandas
    query_response = self.__query(query)
  File "/home/torch/.local/lib/python3.10/site-packages/pyoso/client.py", line 152, in __query
    return self._make_sql_request(
  File "/home/torch/.local/lib/python3.10/site-packages/pyoso/client.py", line 197, in _make_sql_request
    raise OsoHTTPError(e, response=e.response) from None
[0m
