[32m2026-04-02 16:58:54 +0530[0m - dagster - [34mDEBUG[0m - __ASSET_JOB - 919ac8e4-4e01-4598-9455-a6665b50603e - 466237 - LOGS_CAPTURED - Started capturing logs in process (pid: 466237).
[32m2026-04-02 16:58:54 +0530[0m - dagster - [34mDEBUG[0m - __ASSET_JOB - 919ac8e4-4e01-4598-9455-a6665b50603e - 466237 - oso_ens_code_metrics - STEP_START - Started execution of step "oso_ens_code_metrics".
[32m2026-04-02 16:58:54 +0530[0m - dagster - [34mINFO[0m - __ASSET_JOB - 919ac8e4-4e01-4598-9455-a6665b50603e - oso_ens_code_metrics - ============================================================
[32m2026-04-02 16:58:54 +0530[0m - dagster - [34mINFO[0m - __ASSET_JOB - 919ac8e4-4e01-4598-9455-a6665b50603e - oso_ens_code_metrics - [BRONZE] Starting: oso_ens_code_metrics
[32m2026-04-02 16:58:54 +0530[0m - dagster - [34mINFO[0m - __ASSET_JOB - 919ac8e4-4e01-4598-9455-a6665b50603e - oso_ens_code_metrics - [BRONZE] Output: bronze/github/oso_ens_code_metrics.json
[OSO] Fetching ENS code metrics (artifact_namespace='ensdomains')
[OSO] ERROR fetching code metrics: 400 Client Error: Bad Request for url: https://www.oso.xyz/api/v1/async-sql?id=66d31141-88d3-4f44-94e6-51413a84f7a6 - USER_ERROR: TABLE_NOT_FOUND - line 1:540: Table 'iceberg.oso.code_metrics_by_artifact_v0' does not exist
[32m2026-04-02 16:59:12 +0530[0m - dagster - [34mERROR[0m - [31m__ASSET_JOB - 919ac8e4-4e01-4598-9455-a6665b50603e - 466237 - oso_ens_code_metrics - STEP_FAILURE - Execution of step "oso_ens_code_metrics" failed.

dagster._core.errors.DagsterExecutionStepExecutionError: Error occurred while executing op "oso_ens_code_metrics"::

pyoso.exceptions.OsoHTTPError: 400 Client Error: Bad Request for url: https://www.oso.xyz/api/v1/async-sql?id=66d31141-88d3-4f44-94e6-51413a84f7a6 - USER_ERROR: TABLE_NOT_FOUND - line 1:540: Table 'iceberg.oso.code_metrics_by_artifact_v0' does not exist

Stack Trace:
  File "/home/torch/.local/lib/python3.10/site-packages/dagster/_core/execution/plan/utils.py", line 57, in op_execution_error_boundary
    yield
  File "/home/torch/.local/lib/python3.10/site-packages/dagster/_utils/__init__.py", line 394, in iterate_with_context
    next_output = next(iterator)
  File "/home/torch/.local/lib/python3.10/site-packages/dagster/_core/execution/plan/compute_generator.py", line 135, in _coerce_op_compute_fn_to_iterator
    result = invoke_compute_fn(
  File "/home/torch/.local/lib/python3.10/site-packages/dagster/_core/execution/plan/compute_generator.py", line 115, in invoke_compute_fn
    return fn(context, **args_to_pass) if context_arg_provided else fn(**args_to_pass)
  File "/home/torch/ENS-Retro-Data/infra/ingest/assets.py", line 852, in oso_ens_code_metrics
    metrics = fetch_ens_code_metrics(oso_config.api_key)
  File "/home/torch/ENS-Retro-Data/infra/ingest/oso_api.py", line 88, in fetch_ens_code_metrics
    df = client.to_pandas(f"""
  File "/home/torch/.local/lib/python3.10/site-packages/pyoso/client.py", line 200, in to_pandas
    query_response = self.__query(query)
  File "/home/torch/.local/lib/python3.10/site-packages/pyoso/client.py", line 152, in __query
    return self._make_sql_request(
  File "/home/torch/.local/lib/python3.10/site-packages/pyoso/client.py", line 197, in _make_sql_request
    raise OsoHTTPError(e, response=e.response) from None
[0m
