[32m2026-04-02 17:08:40 +0530[0m - dagster - [34mDEBUG[0m - __ASSET_JOB - df913629-d28d-450f-96b0-eca77b38215c - 485848 - LOGS_CAPTURED - Started capturing logs in process (pid: 485848).
[32m2026-04-02 17:08:40 +0530[0m - dagster - [34mDEBUG[0m - __ASSET_JOB - df913629-d28d-450f-96b0-eca77b38215c - 485848 - ens_dbt_assets - STEP_START - Started execution of step "ens_dbt_assets".
[32m2026-04-02 17:08:40 +0530[0m - dagster - [34mWARNING[0m - __ASSET_JOB - df913629-d28d-450f-96b0-eca77b38215c - ens_dbt_assets - Skipping dbt model 'stg_oso_ens_code_metrics+' — source file not on disk: oso_ens_code_metrics.json
[32m2026-04-02 17:08:40 +0530[0m - dagster - [34mWARNING[0m - __ASSET_JOB - df913629-d28d-450f-96b0-eca77b38215c - ens_dbt_assets - Skipping dbt model 'stg_oso_ens_timeseries+' — source file not on disk: oso_ens_timeseries.json
/home/torch/.local/lib/python3.10/site-packages/dagster_dbt/asset_utils.py:497: DeprecationWarning: AssetExecutionContext.op is deprecated and will be removed in a future release. You have called the deprecated method op on AssetExecutionContext. Use context.op_execution_context.op instead.
/home/torch/.local/lib/python3.10/site-packages/dagster_dbt/asset_utils.py:498: DeprecationWarning: AssetExecutionContext.op is deprecated and will be removed in a future release. You have called the deprecated method op on AssetExecutionContext. Use context.op_execution_context.op instead.
/home/torch/.local/lib/python3.10/site-packages/dagster_dbt/asset_utils.py:499: DeprecationWarning: AssetExecutionContext.op is deprecated and will be removed in a future release. You have called the deprecated method op on AssetExecutionContext. Use context.op_execution_context.op instead.
[32m2026-04-02 17:08:41 +0530[0m - dagster - [34mINFO[0m - __ASSET_JOB - df913629-d28d-450f-96b0-eca77b38215c - ens_dbt_assets - A dbt subsetted execution is being performed. Overriding default dbt selection arguments `['--select', 'fqn:*']` with arguments: `['ens_retro.silver.clean_compensation', 'ens_retro.silver.clean_grants', 'ens_retro.silver.clean_treasury_flows']`.
[32m2026-04-02 17:08:53 +0530[0m - dagster - [34mINFO[0m - __ASSET_JOB - df913629-d28d-450f-96b0-eca77b38215c - ens_dbt_assets - Copying `/home/torch/ENS-Retro-Data/infra/dbt/target/partial_parse.msgpack` to `/home/torch/ENS-Retro-Data/infra/dbt/target/ens_dbt_assets-df91362-893bc57/partial_parse.msgpack` to take advantage of partial parsing.
[32m2026-04-02 17:08:53 +0530[0m - dagster - [34mINFO[0m - __ASSET_JOB - df913629-d28d-450f-96b0-eca77b38215c - ens_dbt_assets - Running dbt command: `dbt build --exclude stg_oso_ens_code_metrics+ --exclude stg_oso_ens_timeseries+ --select ens_retro.silver.clean_compensation ens_retro.silver.clean_grants ens_retro.silver.clean_treasury_flows`.
[32m2026-04-02 17:08:58 +0530[0m - dagster - [34mDEBUG[0m - __ASSET_JOB - df913629-d28d-450f-96b0-eca77b38215c - 485848 - ens_dbt_assets - STEP_OUTPUT - Yielded output "silver__clean_compensation" of type "Nothing". (Type check passed).
[32m2026-04-02 17:08:59 +0530[0m - dagster - [34mDEBUG[0m - __ASSET_JOB - df913629-d28d-450f-96b0-eca77b38215c - 485848 - ens_dbt_assets - ASSET_MATERIALIZATION - Materialized value silver clean_compensation.
[32m2026-04-02 17:09:00 +0530[0m - dagster - [34mDEBUG[0m - __ASSET_JOB - df913629-d28d-450f-96b0-eca77b38215c - 485848 - ens_dbt_assets - STEP_OUTPUT - Yielded output "silver__clean_grants" of type "Nothing". (Type check passed).
[32m2026-04-02 17:09:01 +0530[0m - dagster - [34mDEBUG[0m - __ASSET_JOB - df913629-d28d-450f-96b0-eca77b38215c - 485848 - ens_dbt_assets - ASSET_MATERIALIZATION - Materialized value silver clean_grants.
[32m2026-04-02 17:09:01 +0530[0m - dagster - [34mDEBUG[0m - __ASSET_JOB - df913629-d28d-450f-96b0-eca77b38215c - 485848 - ens_dbt_assets - STEP_OUTPUT - Yielded output "silver__clean_treasury_flows" of type "Nothing". (Type check passed).
[32m2026-04-02 17:09:03 +0530[0m - dagster - [34mDEBUG[0m - __ASSET_JOB - df913629-d28d-450f-96b0-eca77b38215c - 485848 - ens_dbt_assets - ASSET_MATERIALIZATION - Materialized value silver clean_treasury_flows.
[32m2026-04-02 17:09:04 +0530[0m - dagster - [34mDEBUG[0m - __ASSET_JOB - df913629-d28d-450f-96b0-eca77b38215c - 485848 - ens_dbt_assets - STEP_OUTPUT - Yielded output "silver__clean_compensation_accepted_values_clean_compensation_role__delegate__steward__contributor__token_holder__service_provider__multisig_signer__working_group_lead__dao_officer" of type "Any". (Type check passed).
[32m2026-04-02 17:09:05 +0530[0m - dagster - [34mDEBUG[0m - __ASSET_JOB - df913629-d28d-450f-96b0-eca77b38215c - 485848 - ens_dbt_assets - ASSET_CHECK_EVALUATION - Asset check 'accepted_values_clean_compensation_role__delegate__steward__contributor__token_holder__service_provider__multisig_signer__working_group_lead__dao_officer' on 'silver/clean_compensation' did not pass.
[32m2026-04-02 17:09:06 +0530[0m - dagster - [34mDEBUG[0m - __ASSET_JOB - df913629-d28d-450f-96b0-eca77b38215c - 485848 - ens_dbt_assets - STEP_OUTPUT - Yielded output "silver__clean_compensation_accepted_values_clean_compensation_working_group__meta_governance__ens_ecosystem__public_goods__providers" of type "Any". (Type check passed).
[32m2026-04-02 17:09:07 +0530[0m - dagster - [34mDEBUG[0m - __ASSET_JOB - df913629-d28d-450f-96b0-eca77b38215c - 485848 - ens_dbt_assets - ASSET_CHECK_EVALUATION - Asset check 'accepted_values_clean_compensation_working_group__meta_governance__ens_ecosystem__public_goods__providers' on 'silver/clean_compensation' did not pass.
[32m2026-04-02 17:09:07 +0530[0m - dagster - [34mDEBUG[0m - __ASSET_JOB - df913629-d28d-450f-96b0-eca77b38215c - 485848 - ens_dbt_assets - STEP_OUTPUT - Yielded output "silver__clean_compensation_not_null_clean_compensation_recipient_address" of type "Any". (Type check passed).
[32m2026-04-02 17:09:08 +0530[0m - dagster - [34mDEBUG[0m - __ASSET_JOB - df913629-d28d-450f-96b0-eca77b38215c - 485848 - ens_dbt_assets - ASSET_CHECK_EVALUATION - Asset check 'not_null_clean_compensation_recipient_address' on 'silver/clean_compensation' passed.
[32m2026-04-02 17:09:09 +0530[0m - dagster - [34mDEBUG[0m - __ASSET_JOB - df913629-d28d-450f-96b0-eca77b38215c - 485848 - ens_dbt_assets - STEP_OUTPUT - Yielded output "silver__clean_grants_accepted_values_clean_grants_working_group__meta_governance__ens_ecosystem__public_goods__providers" of type "Any". (Type check passed).
[32m2026-04-02 17:09:10 +0530[0m - dagster - [34mDEBUG[0m - __ASSET_JOB - df913629-d28d-450f-96b0-eca77b38215c - 485848 - ens_dbt_assets - ASSET_CHECK_EVALUATION - Asset check 'accepted_values_clean_grants_working_group__meta_governance__ens_ecosystem__public_goods__providers' on 'silver/clean_grants' did not pass.
[32m2026-04-02 17:09:10 +0530[0m - dagster - [34mDEBUG[0m - __ASSET_JOB - df913629-d28d-450f-96b0-eca77b38215c - 485848 - ens_dbt_assets - STEP_OUTPUT - Yielded output "silver__clean_grants_not_null_clean_grants_grant_id" of type "Any". (Type check passed).
[32m2026-04-02 17:09:10 +0530[0m - dagster - [34mDEBUG[0m - __ASSET_JOB - df913629-d28d-450f-96b0-eca77b38215c - 485848 - ens_dbt_assets - ASSET_CHECK_EVALUATION - Asset check 'not_null_clean_grants_grant_id' on 'silver/clean_grants' passed.
[32m2026-04-02 17:09:11 +0530[0m - dagster - [34mDEBUG[0m - __ASSET_JOB - df913629-d28d-450f-96b0-eca77b38215c - 485848 - ens_dbt_assets - STEP_OUTPUT - Yielded output "silver__clean_grants_unique_clean_grants_grant_id" of type "Any". (Type check passed).
[32m2026-04-02 17:09:11 +0530[0m - dagster - [34mDEBUG[0m - __ASSET_JOB - df913629-d28d-450f-96b0-eca77b38215c - 485848 - ens_dbt_assets - ASSET_CHECK_EVALUATION - Asset check 'unique_clean_grants_grant_id' on 'silver/clean_grants' did not pass.
[32m2026-04-02 17:09:11 +0530[0m - dagster - [34mDEBUG[0m - __ASSET_JOB - df913629-d28d-450f-96b0-eca77b38215c - 485848 - ens_dbt_assets - STEP_OUTPUT - Yielded output "silver__clean_treasury_flows_not_null_clean_treasury_flows_tx_hash" of type "Any". (Type check passed).
[32m2026-04-02 17:09:12 +0530[0m - dagster - [34mDEBUG[0m - __ASSET_JOB - df913629-d28d-450f-96b0-eca77b38215c - 485848 - ens_dbt_assets - ASSET_CHECK_EVALUATION - Asset check 'not_null_clean_treasury_flows_tx_hash' on 'silver/clean_treasury_flows' passed.
[32m2026-04-02 17:09:13 +0530[0m - dagster - [34mDEBUG[0m - __ASSET_JOB - df913629-d28d-450f-96b0-eca77b38215c - 485848 - ens_dbt_assets - STEP_OUTPUT - Yielded output "silver__clean_treasury_flows_unique_clean_treasury_flows_tx_hash" of type "Any". (Type check passed).
[32m2026-04-02 17:09:13 +0530[0m - dagster - [34mDEBUG[0m - __ASSET_JOB - df913629-d28d-450f-96b0-eca77b38215c - 485848 - ens_dbt_assets - ASSET_CHECK_EVALUATION - Asset check 'unique_clean_treasury_flows_tx_hash' on 'silver/clean_treasury_flows' passed.
[32m2026-04-02 17:09:14 +0530[0m - dagster - [34mINFO[0m - __ASSET_JOB - df913629-d28d-450f-96b0-eca77b38215c - ens_dbt_assets - Finished dbt command: `dbt build --exclude stg_oso_ens_code_metrics+ --exclude stg_oso_ens_timeseries+ --select ens_retro.silver.clean_compensation ens_retro.silver.clean_grants ens_retro.silver.clean_treasury_flows`.
[32m2026-04-02 17:09:14 +0530[0m - dagster - [34mDEBUG[0m - __ASSET_JOB - df913629-d28d-450f-96b0-eca77b38215c - 485848 - ens_dbt_assets - STEP_SUCCESS - Finished execution of step "ens_dbt_assets" in 33.6s.
