[32m2026-04-02 17:05:37 +0530[0m - dagster - [34mDEBUG[0m - __ASSET_JOB - c02d0a9e-3c1f-4caf-860f-6c26ac0d2e18 - 478991 - LOGS_CAPTURED - Started capturing logs in process (pid: 478991).
[32m2026-04-02 17:05:37 +0530[0m - dagster - [34mDEBUG[0m - __ASSET_JOB - c02d0a9e-3c1f-4caf-860f-6c26ac0d2e18 - 478991 - ens_dbt_assets - STEP_START - Started execution of step "ens_dbt_assets".
[32m2026-04-02 17:05:37 +0530[0m - dagster - [34mWARNING[0m - __ASSET_JOB - c02d0a9e-3c1f-4caf-860f-6c26ac0d2e18 - ens_dbt_assets - Skipping dbt model 'stg_oso_ens_code_metrics+' — source file not on disk: oso_ens_code_metrics.json
[32m2026-04-02 17:05:38 +0530[0m - dagster - [34mWARNING[0m - __ASSET_JOB - c02d0a9e-3c1f-4caf-860f-6c26ac0d2e18 - ens_dbt_assets - Skipping dbt model 'stg_oso_ens_timeseries+' — source file not on disk: oso_ens_timeseries.json
/home/torch/.local/lib/python3.10/site-packages/dagster_dbt/asset_utils.py:497: DeprecationWarning: AssetExecutionContext.op is deprecated and will be removed in a future release. You have called the deprecated method op on AssetExecutionContext. Use context.op_execution_context.op instead.
/home/torch/.local/lib/python3.10/site-packages/dagster_dbt/asset_utils.py:498: DeprecationWarning: AssetExecutionContext.op is deprecated and will be removed in a future release. You have called the deprecated method op on AssetExecutionContext. Use context.op_execution_context.op instead.
/home/torch/.local/lib/python3.10/site-packages/dagster_dbt/asset_utils.py:499: DeprecationWarning: AssetExecutionContext.op is deprecated and will be removed in a future release. You have called the deprecated method op on AssetExecutionContext. Use context.op_execution_context.op instead.
[32m2026-04-02 17:05:38 +0530[0m - dagster - [34mINFO[0m - __ASSET_JOB - c02d0a9e-3c1f-4caf-860f-6c26ac0d2e18 - ens_dbt_assets - A dbt subsetted execution is being performed. Overriding default dbt selection arguments `['--select', 'fqn:*']` with arguments: `['ens_retro.staging.stg_treasury_flows']`.
[32m2026-04-02 17:05:46 +0530[0m - dagster - [34mINFO[0m - __ASSET_JOB - c02d0a9e-3c1f-4caf-860f-6c26ac0d2e18 - ens_dbt_assets - Copying `/home/torch/ENS-Retro-Data/infra/dbt/target/partial_parse.msgpack` to `/home/torch/ENS-Retro-Data/infra/dbt/target/ens_dbt_assets-c02d0a9-6641963/partial_parse.msgpack` to take advantage of partial parsing.
[32m2026-04-02 17:05:47 +0530[0m - dagster - [34mINFO[0m - __ASSET_JOB - c02d0a9e-3c1f-4caf-860f-6c26ac0d2e18 - ens_dbt_assets - Running dbt command: `dbt build --exclude stg_oso_ens_code_metrics+ --exclude stg_oso_ens_timeseries+ --select ens_retro.staging.stg_treasury_flows`.
[32m2026-04-02 17:05:51 +0530[0m - dagster - [34mDEBUG[0m - __ASSET_JOB - c02d0a9e-3c1f-4caf-860f-6c26ac0d2e18 - 478991 - ens_dbt_assets - STEP_OUTPUT - Yielded output "bronze__stg_treasury_flows" of type "Nothing". (Type check passed).
[32m2026-04-02 17:05:52 +0530[0m - dagster - [34mDEBUG[0m - __ASSET_JOB - c02d0a9e-3c1f-4caf-860f-6c26ac0d2e18 - 478991 - ens_dbt_assets - ASSET_MATERIALIZATION - Materialized value bronze stg_treasury_flows.
[32m2026-04-02 17:05:52 +0530[0m - dagster - [34mDEBUG[0m - __ASSET_JOB - c02d0a9e-3c1f-4caf-860f-6c26ac0d2e18 - 478991 - ens_dbt_assets - STEP_OUTPUT - Yielded output "bronze__stg_treasury_flows_not_null_stg_treasury_flows_from_address" of type "Any". (Type check passed).
[32m2026-04-02 17:05:53 +0530[0m - dagster - [34mDEBUG[0m - __ASSET_JOB - c02d0a9e-3c1f-4caf-860f-6c26ac0d2e18 - 478991 - ens_dbt_assets - ASSET_CHECK_EVALUATION - Asset check 'not_null_stg_treasury_flows_from_address' on 'bronze/stg_treasury_flows' passed.
[32m2026-04-02 17:05:53 +0530[0m - dagster - [34mDEBUG[0m - __ASSET_JOB - c02d0a9e-3c1f-4caf-860f-6c26ac0d2e18 - 478991 - ens_dbt_assets - STEP_OUTPUT - Yielded output "bronze__stg_treasury_flows_not_null_stg_treasury_flows_tx_hash" of type "Any". (Type check passed).
[32m2026-04-02 17:05:55 +0530[0m - dagster - [34mDEBUG[0m - __ASSET_JOB - c02d0a9e-3c1f-4caf-860f-6c26ac0d2e18 - 478991 - ens_dbt_assets - ASSET_CHECK_EVALUATION - Asset check 'not_null_stg_treasury_flows_tx_hash' on 'bronze/stg_treasury_flows' passed.
[32m2026-04-02 17:05:55 +0530[0m - dagster - [34mDEBUG[0m - __ASSET_JOB - c02d0a9e-3c1f-4caf-860f-6c26ac0d2e18 - 478991 - ens_dbt_assets - STEP_OUTPUT - Yielded output "bronze__stg_treasury_flows_unique_stg_treasury_flows_tx_hash" of type "Any". (Type check passed).
[32m2026-04-02 17:05:56 +0530[0m - dagster - [34mDEBUG[0m - __ASSET_JOB - c02d0a9e-3c1f-4caf-860f-6c26ac0d2e18 - 478991 - ens_dbt_assets - ASSET_CHECK_EVALUATION - Asset check 'unique_stg_treasury_flows_tx_hash' on 'bronze/stg_treasury_flows' passed.
[32m2026-04-02 17:05:56 +0530[0m - dagster - [34mINFO[0m - __ASSET_JOB - c02d0a9e-3c1f-4caf-860f-6c26ac0d2e18 - ens_dbt_assets - Finished dbt command: `dbt build --exclude stg_oso_ens_code_metrics+ --exclude stg_oso_ens_timeseries+ --select ens_retro.staging.stg_treasury_flows`.
[32m2026-04-02 17:05:56 +0530[0m - dagster - [34mDEBUG[0m - __ASSET_JOB - c02d0a9e-3c1f-4caf-860f-6c26ac0d2e18 - 478991 - ens_dbt_assets - STEP_SUCCESS - Finished execution of step "ens_dbt_assets" in 18.68s.
