[32m2026-04-02 11:19:52 +0530[0m - dagster - [34mDEBUG[0m - __ASSET_JOB - d06c15ef-d93a-4612-8bef-937abf3ba21e - 33022 - LOGS_CAPTURED - Started capturing logs in process (pid: 33022).
[32m2026-04-02 11:19:52 +0530[0m - dagster - [34mDEBUG[0m - __ASSET_JOB - d06c15ef-d93a-4612-8bef-937abf3ba21e - 33022 - ens_dbt_assets - STEP_START - Started execution of step "ens_dbt_assets".
/home/torch/.local/lib/python3.10/site-packages/dagster_dbt/asset_utils.py:497: DeprecationWarning: AssetExecutionContext.op is deprecated and will be removed in a future release. You have called the deprecated method op on AssetExecutionContext. Use context.op_execution_context.op instead.
/home/torch/.local/lib/python3.10/site-packages/dagster_dbt/asset_utils.py:498: DeprecationWarning: AssetExecutionContext.op is deprecated and will be removed in a future release. You have called the deprecated method op on AssetExecutionContext. Use context.op_execution_context.op instead.
/home/torch/.local/lib/python3.10/site-packages/dagster_dbt/asset_utils.py:499: DeprecationWarning: AssetExecutionContext.op is deprecated and will be removed in a future release. You have called the deprecated method op on AssetExecutionContext. Use context.op_execution_context.op instead.
[32m2026-04-02 11:19:52 +0530[0m - dagster - [34mINFO[0m - __ASSET_JOB - d06c15ef-d93a-4612-8bef-937abf3ba21e - ens_dbt_assets - A dbt subsetted execution is being performed. Overriding default dbt selection arguments `['--select', 'fqn:*']` with arguments: `['ens_retro.staging.stg_forum_posts', 'ens_retro.staging.stg_snapshot_votes', 'ens_retro.staging.stg_snapshot_proposals', 'ens_retro.staging.stg_grants', 'ens_retro.staging.stg_compensation', 'ens_retro.staging.stg_treasury_flows', 'ens_retro.staging.stg_tally_votes', 'ens_retro.staging.stg_tally_delegates', 'ens_retro.staging.stg_delegate_profiles', 'ens_retro.staging.stg_token_distribution', 'ens_retro.staging.stg_delegations', 'ens_retro.staging.stg_tally_proposals', 'ens_retro.staging.stg_votingpower_delegates']`.
[32m2026-04-02 11:20:02 +0530[0m - dagster - [34mINFO[0m - __ASSET_JOB - d06c15ef-d93a-4612-8bef-937abf3ba21e - ens_dbt_assets - Copying `/home/torch/ENS-Retro-Data/infra/dbt/target/partial_parse.msgpack` to `/home/torch/ENS-Retro-Data/infra/dbt/target/ens_dbt_assets-d06c15e-d9de8aa/partial_parse.msgpack` to take advantage of partial parsing.
[32m2026-04-02 11:20:02 +0530[0m - dagster - [34mINFO[0m - __ASSET_JOB - d06c15ef-d93a-4612-8bef-937abf3ba21e - ens_dbt_assets - Running dbt command: `dbt build --select ens_retro.staging.stg_forum_posts ens_retro.staging.stg_snapshot_votes ens_retro.staging.stg_snapshot_proposals ens_retro.staging.stg_grants ens_retro.staging.stg_compensation ens_retro.staging.stg_treasury_flows ens_retro.staging.stg_tally_votes ens_retro.staging.stg_tally_delegates ens_retro.staging.stg_delegate_profiles ens_retro.staging.stg_token_distribution ens_retro.staging.stg_delegations ens_retro.staging.stg_tally_proposals ens_retro.staging.stg_votingpower_delegates`.
[32m2026-04-02 11:20:11 +0530[0m - dagster - [34mDEBUG[0m - __ASSET_JOB - d06c15ef-d93a-4612-8bef-937abf3ba21e - 33022 - ens_dbt_assets - STEP_OUTPUT - Yielded output "bronze__stg_delegations" of type "Nothing". (Type check passed).
[32m2026-04-02 11:20:12 +0530[0m - dagster - [34mDEBUG[0m - __ASSET_JOB - d06c15ef-d93a-4612-8bef-937abf3ba21e - 33022 - ens_dbt_assets - ASSET_MATERIALIZATION - Materialized value bronze stg_delegations.
[32m2026-04-02 11:20:13 +0530[0m - dagster - [34mDEBUG[0m - __ASSET_JOB - d06c15ef-d93a-4612-8bef-937abf3ba21e - 33022 - ens_dbt_assets - STEP_OUTPUT - Yielded output "bronze__stg_snapshot_proposals" of type "Nothing". (Type check passed).
[32m2026-04-02 11:20:16 +0530[0m - dagster - [34mDEBUG[0m - __ASSET_JOB - d06c15ef-d93a-4612-8bef-937abf3ba21e - 33022 - ens_dbt_assets - ASSET_MATERIALIZATION - Materialized value bronze stg_snapshot_proposals.
[32m2026-04-02 11:20:16 +0530[0m - dagster - [34mDEBUG[0m - __ASSET_JOB - d06c15ef-d93a-4612-8bef-937abf3ba21e - 33022 - ens_dbt_assets - STEP_OUTPUT - Yielded output "bronze__stg_snapshot_votes" of type "Nothing". (Type check passed).
[32m2026-04-02 11:20:19 +0530[0m - dagster - [34mDEBUG[0m - __ASSET_JOB - d06c15ef-d93a-4612-8bef-937abf3ba21e - 33022 - ens_dbt_assets - ASSET_MATERIALIZATION - Materialized value bronze stg_snapshot_votes.
[32m2026-04-02 11:20:19 +0530[0m - dagster - [34mDEBUG[0m - __ASSET_JOB - d06c15ef-d93a-4612-8bef-937abf3ba21e - 33022 - ens_dbt_assets - STEP_OUTPUT - Yielded output "bronze__stg_tally_delegates" of type "Nothing". (Type check passed).
[32m2026-04-02 11:20:21 +0530[0m - dagster - [34mDEBUG[0m - __ASSET_JOB - d06c15ef-d93a-4612-8bef-937abf3ba21e - 33022 - ens_dbt_assets - ASSET_MATERIALIZATION - Materialized value bronze stg_tally_delegates.
[32m2026-04-02 11:20:22 +0530[0m - dagster - [34mDEBUG[0m - __ASSET_JOB - d06c15ef-d93a-4612-8bef-937abf3ba21e - 33022 - ens_dbt_assets - STEP_OUTPUT - Yielded output "bronze__stg_tally_proposals" of type "Nothing". (Type check passed).
[32m2026-04-02 11:20:23 +0530[0m - dagster - [34mDEBUG[0m - __ASSET_JOB - d06c15ef-d93a-4612-8bef-937abf3ba21e - 33022 - ens_dbt_assets - ASSET_MATERIALIZATION - Materialized value bronze stg_tally_proposals.
[32m2026-04-02 11:20:24 +0530[0m - dagster - [34mDEBUG[0m - __ASSET_JOB - d06c15ef-d93a-4612-8bef-937abf3ba21e - 33022 - ens_dbt_assets - STEP_OUTPUT - Yielded output "bronze__stg_tally_votes" of type "Nothing". (Type check passed).
[32m2026-04-02 11:20:25 +0530[0m - dagster - [34mDEBUG[0m - __ASSET_JOB - d06c15ef-d93a-4612-8bef-937abf3ba21e - 33022 - ens_dbt_assets - ASSET_MATERIALIZATION - Materialized value bronze stg_tally_votes.
[32m2026-04-02 11:20:25 +0530[0m - dagster - [34mDEBUG[0m - __ASSET_JOB - d06c15ef-d93a-4612-8bef-937abf3ba21e - 33022 - ens_dbt_assets - STEP_OUTPUT - Yielded output "bronze__stg_token_distribution" of type "Nothing". (Type check passed).
[32m2026-04-02 11:20:27 +0530[0m - dagster - [34mDEBUG[0m - __ASSET_JOB - d06c15ef-d93a-4612-8bef-937abf3ba21e - 33022 - ens_dbt_assets - ASSET_MATERIALIZATION - Materialized value bronze stg_token_distribution.
[32m2026-04-02 11:20:27 +0530[0m - dagster - [34mDEBUG[0m - __ASSET_JOB - d06c15ef-d93a-4612-8bef-937abf3ba21e - 33022 - ens_dbt_assets - STEP_OUTPUT - Yielded output "bronze__stg_treasury_flows" of type "Nothing". (Type check passed).
[32m2026-04-02 11:20:29 +0530[0m - dagster - [34mDEBUG[0m - __ASSET_JOB - d06c15ef-d93a-4612-8bef-937abf3ba21e - 33022 - ens_dbt_assets - ASSET_MATERIALIZATION - Materialized value bronze stg_treasury_flows.
[32m2026-04-02 11:20:30 +0530[0m - dagster - [34mDEBUG[0m - __ASSET_JOB - d06c15ef-d93a-4612-8bef-937abf3ba21e - 33022 - ens_dbt_assets - STEP_OUTPUT - Yielded output "bronze__stg_votingpower_delegates" of type "Nothing". (Type check passed).
[32m2026-04-02 11:20:32 +0530[0m - dagster - [34mDEBUG[0m - __ASSET_JOB - d06c15ef-d93a-4612-8bef-937abf3ba21e - 33022 - ens_dbt_assets - ASSET_MATERIALIZATION - Materialized value bronze stg_votingpower_delegates.
[32m2026-04-02 11:20:32 +0530[0m - dagster - [34mDEBUG[0m - __ASSET_JOB - d06c15ef-d93a-4612-8bef-937abf3ba21e - 33022 - ens_dbt_assets - STEP_OUTPUT - Yielded output "bronze__stg_delegations_not_null_stg_delegations_delegate" of type "Any". (Type check passed).
[32m2026-04-02 11:20:34 +0530[0m - dagster - [34mDEBUG[0m - __ASSET_JOB - d06c15ef-d93a-4612-8bef-937abf3ba21e - 33022 - ens_dbt_assets - ASSET_CHECK_EVALUATION - Asset check 'not_null_stg_delegations_delegate' on 'bronze/stg_delegations' passed.
[32m2026-04-02 11:20:34 +0530[0m - dagster - [34mDEBUG[0m - __ASSET_JOB - d06c15ef-d93a-4612-8bef-937abf3ba21e - 33022 - ens_dbt_assets - STEP_OUTPUT - Yielded output "bronze__stg_delegations_not_null_stg_delegations_delegator" of type "Any". (Type check passed).
[32m2026-04-02 11:20:35 +0530[0m - dagster - [34mDEBUG[0m - __ASSET_JOB - d06c15ef-d93a-4612-8bef-937abf3ba21e - 33022 - ens_dbt_assets - ASSET_CHECK_EVALUATION - Asset check 'not_null_stg_delegations_delegator' on 'bronze/stg_delegations' passed.
[32m2026-04-02 11:20:36 +0530[0m - dagster - [34mDEBUG[0m - __ASSET_JOB - d06c15ef-d93a-4612-8bef-937abf3ba21e - 33022 - ens_dbt_assets - STEP_OUTPUT - Yielded output "bronze__stg_snapshot_proposals_not_null_stg_snapshot_proposals_author_address" of type "Any". (Type check passed).
[32m2026-04-02 11:20:38 +0530[0m - dagster - [34mDEBUG[0m - __ASSET_JOB - d06c15ef-d93a-4612-8bef-937abf3ba21e - 33022 - ens_dbt_assets - ASSET_CHECK_EVALUATION - Asset check 'not_null_stg_snapshot_proposals_author_address' on 'bronze/stg_snapshot_proposals' passed.
[32m2026-04-02 11:20:38 +0530[0m - dagster - [34mDEBUG[0m - __ASSET_JOB - d06c15ef-d93a-4612-8bef-937abf3ba21e - 33022 - ens_dbt_assets - STEP_OUTPUT - Yielded output "bronze__stg_snapshot_proposals_not_null_stg_snapshot_proposals_proposal_id" of type "Any". (Type check passed).
[32m2026-04-02 11:20:40 +0530[0m - dagster - [34mDEBUG[0m - __ASSET_JOB - d06c15ef-d93a-4612-8bef-937abf3ba21e - 33022 - ens_dbt_assets - ASSET_CHECK_EVALUATION - Asset check 'not_null_stg_snapshot_proposals_proposal_id' on 'bronze/stg_snapshot_proposals' passed.
[32m2026-04-02 11:20:40 +0530[0m - dagster - [34mDEBUG[0m - __ASSET_JOB - d06c15ef-d93a-4612-8bef-937abf3ba21e - 33022 - ens_dbt_assets - STEP_OUTPUT - Yielded output "bronze__stg_snapshot_proposals_not_null_stg_snapshot_proposals_status" of type "Any". (Type check passed).
[32m2026-04-02 11:20:41 +0530[0m - dagster - [34mDEBUG[0m - __ASSET_JOB - d06c15ef-d93a-4612-8bef-937abf3ba21e - 33022 - ens_dbt_assets - ASSET_CHECK_EVALUATION - Asset check 'not_null_stg_snapshot_proposals_status' on 'bronze/stg_snapshot_proposals' passed.
[32m2026-04-02 11:20:41 +0530[0m - dagster - [34mDEBUG[0m - __ASSET_JOB - d06c15ef-d93a-4612-8bef-937abf3ba21e - 33022 - ens_dbt_assets - STEP_OUTPUT - Yielded output "bronze__stg_snapshot_proposals_unique_stg_snapshot_proposals_proposal_id" of type "Any". (Type check passed).
[32m2026-04-02 11:20:43 +0530[0m - dagster - [34mDEBUG[0m - __ASSET_JOB - d06c15ef-d93a-4612-8bef-937abf3ba21e - 33022 - ens_dbt_assets - ASSET_CHECK_EVALUATION - Asset check 'unique_stg_snapshot_proposals_proposal_id' on 'bronze/stg_snapshot_proposals' passed.
[32m2026-04-02 11:20:43 +0530[0m - dagster - [34mDEBUG[0m - __ASSET_JOB - d06c15ef-d93a-4612-8bef-937abf3ba21e - 33022 - ens_dbt_assets - STEP_OUTPUT - Yielded output "bronze__stg_snapshot_votes_not_null_stg_snapshot_votes_proposal_id" of type "Any". (Type check passed).
[32m2026-04-02 11:20:44 +0530[0m - dagster - [34mDEBUG[0m - __ASSET_JOB - d06c15ef-d93a-4612-8bef-937abf3ba21e - 33022 - ens_dbt_assets - ASSET_CHECK_EVALUATION - Asset check 'not_null_stg_snapshot_votes_proposal_id' on 'bronze/stg_snapshot_votes' passed.
[32m2026-04-02 11:20:45 +0530[0m - dagster - [34mDEBUG[0m - __ASSET_JOB - d06c15ef-d93a-4612-8bef-937abf3ba21e - 33022 - ens_dbt_assets - STEP_OUTPUT - Yielded output "bronze__stg_snapshot_votes_not_null_stg_snapshot_votes_vote_id" of type "Any". (Type check passed).
[32m2026-04-02 11:20:46 +0530[0m - dagster - [34mDEBUG[0m - __ASSET_JOB - d06c15ef-d93a-4612-8bef-937abf3ba21e - 33022 - ens_dbt_assets - ASSET_CHECK_EVALUATION - Asset check 'not_null_stg_snapshot_votes_vote_id' on 'bronze/stg_snapshot_votes' passed.
[32m2026-04-02 11:20:46 +0530[0m - dagster - [34mDEBUG[0m - __ASSET_JOB - d06c15ef-d93a-4612-8bef-937abf3ba21e - 33022 - ens_dbt_assets - STEP_OUTPUT - Yielded output "bronze__stg_snapshot_votes_not_null_stg_snapshot_votes_voter" of type "Any". (Type check passed).
[32m2026-04-02 11:20:47 +0530[0m - dagster - [34mDEBUG[0m - __ASSET_JOB - d06c15ef-d93a-4612-8bef-937abf3ba21e - 33022 - ens_dbt_assets - ASSET_CHECK_EVALUATION - Asset check 'not_null_stg_snapshot_votes_voter' on 'bronze/stg_snapshot_votes' passed.
[32m2026-04-02 11:20:48 +0530[0m - dagster - [34mDEBUG[0m - __ASSET_JOB - d06c15ef-d93a-4612-8bef-937abf3ba21e - 33022 - ens_dbt_assets - STEP_OUTPUT - Yielded output "bronze__stg_snapshot_votes_unique_stg_snapshot_votes_vote_id" of type "Any". (Type check passed).
[32m2026-04-02 11:20:48 +0530[0m - dagster - [34mDEBUG[0m - __ASSET_JOB - d06c15ef-d93a-4612-8bef-937abf3ba21e - 33022 - ens_dbt_assets - ASSET_CHECK_EVALUATION - Asset check 'unique_stg_snapshot_votes_vote_id' on 'bronze/stg_snapshot_votes' passed.
[32m2026-04-02 11:20:49 +0530[0m - dagster - [34mDEBUG[0m - __ASSET_JOB - d06c15ef-d93a-4612-8bef-937abf3ba21e - 33022 - ens_dbt_assets - STEP_OUTPUT - Yielded output "bronze__stg_tally_delegates_not_null_stg_tally_delegates_address" of type "Any". (Type check passed).
[32m2026-04-02 11:20:49 +0530[0m - dagster - [34mDEBUG[0m - __ASSET_JOB - d06c15ef-d93a-4612-8bef-937abf3ba21e - 33022 - ens_dbt_assets - ASSET_CHECK_EVALUATION - Asset check 'not_null_stg_tally_delegates_address' on 'bronze/stg_tally_delegates' passed.
[32m2026-04-02 11:20:49 +0530[0m - dagster - [34mDEBUG[0m - __ASSET_JOB - d06c15ef-d93a-4612-8bef-937abf3ba21e - 33022 - ens_dbt_assets - STEP_OUTPUT - Yielded output "bronze__stg_tally_delegates_unique_stg_tally_delegates_address" of type "Any". (Type check passed).
[32m2026-04-02 11:20:51 +0530[0m - dagster - [34mDEBUG[0m - __ASSET_JOB - d06c15ef-d93a-4612-8bef-937abf3ba21e - 33022 - ens_dbt_assets - ASSET_CHECK_EVALUATION - Asset check 'unique_stg_tally_delegates_address' on 'bronze/stg_tally_delegates' passed.
[32m2026-04-02 11:20:51 +0530[0m - dagster - [34mDEBUG[0m - __ASSET_JOB - d06c15ef-d93a-4612-8bef-937abf3ba21e - 33022 - ens_dbt_assets - STEP_OUTPUT - Yielded output "bronze__stg_tally_proposals_not_null_stg_tally_proposals_proposal_id" of type "Any". (Type check passed).
[32m2026-04-02 11:20:52 +0530[0m - dagster - [34mDEBUG[0m - __ASSET_JOB - d06c15ef-d93a-4612-8bef-937abf3ba21e - 33022 - ens_dbt_assets - ASSET_CHECK_EVALUATION - Asset check 'not_null_stg_tally_proposals_proposal_id' on 'bronze/stg_tally_proposals' passed.
[32m2026-04-02 11:20:52 +0530[0m - dagster - [34mDEBUG[0m - __ASSET_JOB - d06c15ef-d93a-4612-8bef-937abf3ba21e - 33022 - ens_dbt_assets - STEP_OUTPUT - Yielded output "bronze__stg_tally_proposals_not_null_stg_tally_proposals_status" of type "Any". (Type check passed).
[32m2026-04-02 11:20:53 +0530[0m - dagster - [34mDEBUG[0m - __ASSET_JOB - d06c15ef-d93a-4612-8bef-937abf3ba21e - 33022 - ens_dbt_assets - ASSET_CHECK_EVALUATION - Asset check 'not_null_stg_tally_proposals_status' on 'bronze/stg_tally_proposals' passed.
[32m2026-04-02 11:20:53 +0530[0m - dagster - [34mDEBUG[0m - __ASSET_JOB - d06c15ef-d93a-4612-8bef-937abf3ba21e - 33022 - ens_dbt_assets - STEP_OUTPUT - Yielded output "bronze__stg_tally_proposals_unique_stg_tally_proposals_proposal_id" of type "Any". (Type check passed).
[32m2026-04-02 11:20:54 +0530[0m - dagster - [34mDEBUG[0m - __ASSET_JOB - d06c15ef-d93a-4612-8bef-937abf3ba21e - 33022 - ens_dbt_assets - ASSET_CHECK_EVALUATION - Asset check 'unique_stg_tally_proposals_proposal_id' on 'bronze/stg_tally_proposals' passed.
[32m2026-04-02 11:20:55 +0530[0m - dagster - [34mDEBUG[0m - __ASSET_JOB - d06c15ef-d93a-4612-8bef-937abf3ba21e - 33022 - ens_dbt_assets - STEP_OUTPUT - Yielded output "bronze__stg_tally_votes_not_null_stg_tally_votes_proposal_id" of type "Any". (Type check passed).
[32m2026-04-02 11:20:55 +0530[0m - dagster - [34mDEBUG[0m - __ASSET_JOB - d06c15ef-d93a-4612-8bef-937abf3ba21e - 33022 - ens_dbt_assets - ASSET_CHECK_EVALUATION - Asset check 'not_null_stg_tally_votes_proposal_id' on 'bronze/stg_tally_votes' passed.
[32m2026-04-02 11:20:56 +0530[0m - dagster - [34mDEBUG[0m - __ASSET_JOB - d06c15ef-d93a-4612-8bef-937abf3ba21e - 33022 - ens_dbt_assets - STEP_OUTPUT - Yielded output "bronze__stg_tally_votes_not_null_stg_tally_votes_vote_id" of type "Any". (Type check passed).
[32m2026-04-02 11:20:56 +0530[0m - dagster - [34mDEBUG[0m - __ASSET_JOB - d06c15ef-d93a-4612-8bef-937abf3ba21e - 33022 - ens_dbt_assets - ASSET_CHECK_EVALUATION - Asset check 'not_null_stg_tally_votes_vote_id' on 'bronze/stg_tally_votes' passed.
[32m2026-04-02 11:20:57 +0530[0m - dagster - [34mDEBUG[0m - __ASSET_JOB - d06c15ef-d93a-4612-8bef-937abf3ba21e - 33022 - ens_dbt_assets - STEP_OUTPUT - Yielded output "bronze__stg_tally_votes_not_null_stg_tally_votes_voter" of type "Any". (Type check passed).
[32m2026-04-02 11:20:58 +0530[0m - dagster - [34mDEBUG[0m - __ASSET_JOB - d06c15ef-d93a-4612-8bef-937abf3ba21e - 33022 - ens_dbt_assets - ASSET_CHECK_EVALUATION - Asset check 'not_null_stg_tally_votes_voter' on 'bronze/stg_tally_votes' passed.
[32m2026-04-02 11:20:58 +0530[0m - dagster - [34mDEBUG[0m - __ASSET_JOB - d06c15ef-d93a-4612-8bef-937abf3ba21e - 33022 - ens_dbt_assets - STEP_OUTPUT - Yielded output "bronze__stg_tally_votes_unique_stg_tally_votes_vote_id" of type "Any". (Type check passed).
[32m2026-04-02 11:20:59 +0530[0m - dagster - [34mDEBUG[0m - __ASSET_JOB - d06c15ef-d93a-4612-8bef-937abf3ba21e - 33022 - ens_dbt_assets - ASSET_CHECK_EVALUATION - Asset check 'unique_stg_tally_votes_vote_id' on 'bronze/stg_tally_votes' passed.
[32m2026-04-02 11:21:00 +0530[0m - dagster - [34mDEBUG[0m - __ASSET_JOB - d06c15ef-d93a-4612-8bef-937abf3ba21e - 33022 - ens_dbt_assets - STEP_OUTPUT - Yielded output "bronze__stg_token_distribution_not_null_stg_token_distribution_address" of type "Any". (Type check passed).
[32m2026-04-02 11:21:01 +0530[0m - dagster - [34mDEBUG[0m - __ASSET_JOB - d06c15ef-d93a-4612-8bef-937abf3ba21e - 33022 - ens_dbt_assets - ASSET_CHECK_EVALUATION - Asset check 'not_null_stg_token_distribution_address' on 'bronze/stg_token_distribution' passed.
[32m2026-04-02 11:21:02 +0530[0m - dagster - [34mDEBUG[0m - __ASSET_JOB - d06c15ef-d93a-4612-8bef-937abf3ba21e - 33022 - ens_dbt_assets - STEP_OUTPUT - Yielded output "bronze__stg_token_distribution_unique_stg_token_distribution_address" of type "Any". (Type check passed).
[32m2026-04-02 11:21:03 +0530[0m - dagster - [34mDEBUG[0m - __ASSET_JOB - d06c15ef-d93a-4612-8bef-937abf3ba21e - 33022 - ens_dbt_assets - ASSET_CHECK_EVALUATION - Asset check 'unique_stg_token_distribution_address' on 'bronze/stg_token_distribution' passed.
[32m2026-04-02 11:21:03 +0530[0m - dagster - [34mDEBUG[0m - __ASSET_JOB - d06c15ef-d93a-4612-8bef-937abf3ba21e - 33022 - ens_dbt_assets - STEP_OUTPUT - Yielded output "bronze__stg_treasury_flows_not_null_stg_treasury_flows_from_address" of type "Any". (Type check passed).
[32m2026-04-02 11:21:05 +0530[0m - dagster - [34mDEBUG[0m - __ASSET_JOB - d06c15ef-d93a-4612-8bef-937abf3ba21e - 33022 - ens_dbt_assets - ASSET_CHECK_EVALUATION - Asset check 'not_null_stg_treasury_flows_from_address' on 'bronze/stg_treasury_flows' passed.
[32m2026-04-02 11:21:06 +0530[0m - dagster - [34mDEBUG[0m - __ASSET_JOB - d06c15ef-d93a-4612-8bef-937abf3ba21e - 33022 - ens_dbt_assets - STEP_OUTPUT - Yielded output "bronze__stg_treasury_flows_not_null_stg_treasury_flows_tx_hash" of type "Any". (Type check passed).
[32m2026-04-02 11:21:06 +0530[0m - dagster - [34mDEBUG[0m - __ASSET_JOB - d06c15ef-d93a-4612-8bef-937abf3ba21e - 33022 - ens_dbt_assets - ASSET_CHECK_EVALUATION - Asset check 'not_null_stg_treasury_flows_tx_hash' on 'bronze/stg_treasury_flows' passed.
[32m2026-04-02 11:21:07 +0530[0m - dagster - [34mDEBUG[0m - __ASSET_JOB - d06c15ef-d93a-4612-8bef-937abf3ba21e - 33022 - ens_dbt_assets - STEP_OUTPUT - Yielded output "bronze__stg_treasury_flows_unique_stg_treasury_flows_tx_hash" of type "Any". (Type check passed).
[32m2026-04-02 11:21:07 +0530[0m - dagster - [34mDEBUG[0m - __ASSET_JOB - d06c15ef-d93a-4612-8bef-937abf3ba21e - 33022 - ens_dbt_assets - ASSET_CHECK_EVALUATION - Asset check 'unique_stg_treasury_flows_tx_hash' on 'bronze/stg_treasury_flows' passed.
[32m2026-04-02 11:21:08 +0530[0m - dagster - [34mDEBUG[0m - __ASSET_JOB - d06c15ef-d93a-4612-8bef-937abf3ba21e - 33022 - ens_dbt_assets - STEP_OUTPUT - Yielded output "bronze__stg_votingpower_delegates_not_null_stg_votingpower_delegates_delegate_address" of type "Any". (Type check passed).
[32m2026-04-02 11:21:09 +0530[0m - dagster - [34mDEBUG[0m - __ASSET_JOB - d06c15ef-d93a-4612-8bef-937abf3ba21e - 33022 - ens_dbt_assets - ASSET_CHECK_EVALUATION - Asset check 'not_null_stg_votingpower_delegates_delegate_address' on 'bronze/stg_votingpower_delegates' passed.
[32m2026-04-02 11:21:09 +0530[0m - dagster - [34mDEBUG[0m - __ASSET_JOB - d06c15ef-d93a-4612-8bef-937abf3ba21e - 33022 - ens_dbt_assets - STEP_OUTPUT - Yielded output "bronze__stg_votingpower_delegates_not_null_stg_votingpower_delegates_rank" of type "Any". (Type check passed).
[32m2026-04-02 11:21:10 +0530[0m - dagster - [34mDEBUG[0m - __ASSET_JOB - d06c15ef-d93a-4612-8bef-937abf3ba21e - 33022 - ens_dbt_assets - ASSET_CHECK_EVALUATION - Asset check 'not_null_stg_votingpower_delegates_rank' on 'bronze/stg_votingpower_delegates' passed.
[32m2026-04-02 11:21:10 +0530[0m - dagster - [34mDEBUG[0m - __ASSET_JOB - d06c15ef-d93a-4612-8bef-937abf3ba21e - 33022 - ens_dbt_assets - STEP_OUTPUT - Yielded output "bronze__stg_votingpower_delegates_unique_stg_votingpower_delegates_delegate_address" of type "Any". (Type check passed).
[32m2026-04-02 11:21:12 +0530[0m - dagster - [34mDEBUG[0m - __ASSET_JOB - d06c15ef-d93a-4612-8bef-937abf3ba21e - 33022 - ens_dbt_assets - ASSET_CHECK_EVALUATION - Asset check 'unique_stg_votingpower_delegates_delegate_address' on 'bronze/stg_votingpower_delegates' passed.
[32m2026-04-02 11:21:12 +0530[0m - dagster - [34mINFO[0m - __ASSET_JOB - d06c15ef-d93a-4612-8bef-937abf3ba21e - ens_dbt_assets - Finished dbt command: `dbt build --select ens_retro.staging.stg_forum_posts ens_retro.staging.stg_snapshot_votes ens_retro.staging.stg_snapshot_proposals ens_retro.staging.stg_grants ens_retro.staging.stg_compensation ens_retro.staging.stg_treasury_flows ens_retro.staging.stg_tally_votes ens_retro.staging.stg_tally_delegates ens_retro.staging.stg_delegate_profiles ens_retro.staging.stg_token_distribution ens_retro.staging.stg_delegations ens_retro.staging.stg_tally_proposals ens_retro.staging.stg_votingpower_delegates`.
[32m2026-04-02 11:21:12 +0530[0m - dagster - [34mERROR[0m - [31m__ASSET_JOB - d06c15ef-d93a-4612-8bef-937abf3ba21e - 33022 - ens_dbt_assets - STEP_FAILURE - Execution of step "ens_dbt_assets" failed.

dagster_dbt.errors.DagsterDbtCliRuntimeError: The dbt CLI process with command

`dbt build --select ens_retro.staging.stg_forum_posts ens_retro.staging.stg_snapshot_votes ens_retro.staging.stg_snapshot_proposals ens_retro.staging.stg_grants ens_retro.staging.stg_compensation ens_retro.staging.stg_treasury_flows ens_retro.staging.stg_tally_votes ens_retro.staging.stg_tally_delegates ens_retro.staging.stg_delegate_profiles ens_retro.staging.stg_token_distribution ens_retro.staging.stg_delegations ens_retro.staging.stg_tally_proposals ens_retro.staging.stg_votingpower_delegates`

failed with exit code `1`. Check the stdout in the Dagster compute logs for the full information about the error, or view the dbt debug log: /home/torch/ENS-Retro-Data/infra/dbt/target/ens_dbt_assets-d06c15e-d9de8aa/dbt.log.

Errors parsed from dbt logs:

1 of 46 ERROR creating sql view model main_bronze.stg_compensation ............. [[31mERROR[0m in 0.32s]

2 of 46 ERROR creating sql view model main_bronze.stg_delegate_profiles ........ [[31mERROR[0m in 0.04s]

4 of 46 ERROR creating sql view model main_bronze.stg_forum_posts .............. [[31mERROR[0m in 1.51s]

5 of 46 ERROR creating sql view model main_bronze.stg_grants ................... [[31mERROR[0m in 0.03s]

[31mFailure in model stg_compensation (models/staging/stg_compensation.sql)[0m

  Runtime Error in model stg_compensation (models/staging/stg_compensation.sql)
  IO Error: No files found that match the pattern "../../bronze/financial/compensation.json"
  
  LINE 15: from read_json_auto('../../bronze/financial/compensation.json')
                ^

[31mFailure in model stg_delegate_profiles (models/staging/stg_delegate_profiles.sql)[0m

  Runtime Error in model stg_delegate_profiles (models/staging/stg_delegate_profiles.sql)
  IO Error: No files found that match the pattern "../../bronze/interviews/delegate_profiles.json"
  
  LINE 15: from read_json_auto('../../bronze/interviews/delegate_profiles...
                ^

[31mFailure in model stg_forum_posts (models/staging/stg_forum_posts.sql)[0m

  Runtime Error in model stg_forum_posts (models/staging/stg_forum_posts.sql)
  Binder Error: Referenced column "id" not found in FROM clause!
  Candidate bindings: "topic_id", "updated_at", "like_count", "accepted_answer"
  
  LINE 9:     id as post_id,
              ^

[31mFailure in model stg_grants (models/staging/stg_grants.sql)[0m

  Runtime Error in model stg_grants (models/staging/stg_grants.sql)
  IO Error: No files found that match the pattern "../../bronze/grants/grants.json"
  
  LINE 18: from read_json_auto('../../bronze/grants/grants.json')
                ^

Stack Trace:
  File "/home/torch/.local/lib/python3.10/site-packages/dagster/_core/execution/plan/execute_plan.py", line 247, in dagster_event_sequence_for_step
    yield from check.generator(step_events)
  File "/home/torch/.local/lib/python3.10/site-packages/dagster/_core/execution/plan/execute_step.py", line 505, in core_dagster_event_sequence_for_step
    for user_event in _step_output_error_checked_user_event_sequence(
  File "/home/torch/.local/lib/python3.10/site-packages/dagster/_core/execution/plan/execute_step.py", line 184, in _step_output_error_checked_user_event_sequence
    for user_event in user_event_sequence:
  File "/home/torch/.local/lib/python3.10/site-packages/dagster/_core/execution/plan/execute_step.py", line 88, in _process_asset_results_to_events
    for user_event in user_event_sequence:
  File "/home/torch/.local/lib/python3.10/site-packages/dagster/_core/execution/plan/compute.py", line 188, in execute_core_compute
    for step_output in _yield_compute_results(step_context, inputs, compute_fn, compute_context):
  File "/home/torch/.local/lib/python3.10/site-packages/dagster/_core/execution/plan/compute.py", line 157, in _yield_compute_results
    for event in iterate_with_context(
  File "/home/torch/.local/lib/python3.10/site-packages/dagster/_utils/__init__.py", line 394, in iterate_with_context
    next_output = next(iterator)
  File "/home/torch/ENS-Retro-Data/infra/dbt_assets.py", line 16, in ens_dbt_assets
    yield from dbt.cli(["build"], context=context).stream()
  File "/home/torch/.local/lib/python3.10/site-packages/dagster_dbt/core/dbt_event_iterator.py", line 215, in __next__
    return next(self._inner_iterator)
  File "/home/torch/.local/lib/python3.10/site-packages/dagster_dbt/core/dbt_cli_invocation.py", line 286, in _stream_asset_events
    for event in self.stream_raw_events():
  File "/home/torch/.local/lib/python3.10/site-packages/dagster_dbt/core/dbt_cli_invocation.py", line 379, in stream_raw_events
    self._raise_on_error()
  File "/home/torch/.local/lib/python3.10/site-packages/dagster_dbt/core/dbt_cli_invocation.py", line 470, in _raise_on_error
    raise error
[0m
