[32m2026-03-24 18:19:05 +0530[0m - dagster - [34mDEBUG[0m - __ASSET_JOB - 64e08312-0ef8-43b8-b11a-f19b8d43b3a9 - 505352 - LOGS_CAPTURED - Started capturing logs in process (pid: 505352).
[32m2026-03-24 18:19:05 +0530[0m - dagster - [34mDEBUG[0m - __ASSET_JOB - 64e08312-0ef8-43b8-b11a-f19b8d43b3a9 - 505352 - oso_ens_code_metrics - STEP_START - Started execution of step "oso_ens_code_metrics".
[32m2026-03-24 18:19:05 +0530[0m - dagster - [34mINFO[0m - __ASSET_JOB - 64e08312-0ef8-43b8-b11a-f19b8d43b3a9 - oso_ens_code_metrics - ============================================================
[32m2026-03-24 18:19:05 +0530[0m - dagster - [34mINFO[0m - __ASSET_JOB - 64e08312-0ef8-43b8-b11a-f19b8d43b3a9 - oso_ens_code_metrics - [BRONZE] Starting: oso_ens_code_metrics
[32m2026-03-24 18:19:05 +0530[0m - dagster - [34mINFO[0m - __ASSET_JOB - 64e08312-0ef8-43b8-b11a-f19b8d43b3a9 - oso_ens_code_metrics - [BRONZE] Output: bronze/github/oso_ens_code_metrics.json
[OSO] Fetching ENS code metrics (artifact_namespace='ensdomains')
[OSO] ERROR fetching code metrics: 400 Client Error: Bad Request for url: https://www.oso.xyz/api/v1/async-sql?id=d6b38de7-0821-462d-a7c8-696e32735665 - USER_ERROR: TABLE_NOT_FOUND - line 1:540: Table 'iceberg.oso.code_metrics_by_artifact_v0' does not exist
[32m2026-03-24 18:19:16 +0530[0m - dagster - [34mERROR[0m - [31m__ASSET_JOB - 64e08312-0ef8-43b8-b11a-f19b8d43b3a9 - 505352 - oso_ens_code_metrics - STEP_FAILURE - Execution of step "oso_ens_code_metrics" failed.

dagster._core.errors.DagsterExecutionStepExecutionError: Error occurred while executing op "oso_ens_code_metrics"::

pyoso.exceptions.OsoHTTPError: 400 Client Error: Bad Request for url: https://www.oso.xyz/api/v1/async-sql?id=d6b38de7-0821-462d-a7c8-696e32735665 - USER_ERROR: TABLE_NOT_FOUND - line 1:540: Table 'iceberg.oso.code_metrics_by_artifact_v0' does not exist

Stack Trace:
  File "/home/torch/ENS-Retro-Data/.venv/lib/python3.12/site-packages/dagster/_core/execution/plan/utils.py", line 57, in op_execution_error_boundary
    yield
  File "/home/torch/ENS-Retro-Data/.venv/lib/python3.12/site-packages/dagster/_utils/__init__.py", line 394, in iterate_with_context
    next_output = next(iterator)
                  ^^^^^^^^^^^^^^
  File "/home/torch/ENS-Retro-Data/.venv/lib/python3.12/site-packages/dagster/_core/execution/plan/compute_generator.py", line 135, in _coerce_op_compute_fn_to_iterator
    result = invoke_compute_fn(
             ^^^^^^^^^^^^^^^^^^
  File "/home/torch/ENS-Retro-Data/.venv/lib/python3.12/site-packages/dagster/_core/execution/plan/compute_generator.py", line 115, in invoke_compute_fn
    return fn(context, **args_to_pass) if context_arg_provided else fn(**args_to_pass)
           ^^^^^^^^^^^^^^^^^^^^^^^^^^^
  File "/home/torch/ENS-Retro-Data/infra/ingest/assets.py", line 892, in oso_ens_code_metrics
    metrics = fetch_ens_code_metrics(oso_config.api_key)
              ^^^^^^^^^^^^^^^^^^^^^^^^^^^^^^^^^^^^^^^^^^
  File "/home/torch/ENS-Retro-Data/infra/ingest/oso_api.py", line 88, in fetch_ens_code_metrics
    df = client.to_pandas(f"""
         ^^^^^^^^^^^^^^^^^^^^^
  File "/home/torch/ENS-Retro-Data/.venv/lib/python3.12/site-packages/pyoso/client.py", line 200, in to_pandas
    query_response = self.__query(query)
                     ^^^^^^^^^^^^^^^^^^^
  File "/home/torch/ENS-Retro-Data/.venv/lib/python3.12/site-packages/pyoso/client.py", line 152, in __query
    return self._make_sql_request(
           ^^^^^^^^^^^^^^^^^^^^^^^
  File "/home/torch/ENS-Retro-Data/.venv/lib/python3.12/site-packages/pyoso/client.py", line 197, in _make_sql_request
    raise OsoHTTPError(e, response=e.response) from None
[0m
