[32m2026-04-03 13:38:38 +0530[0m - dagster - [34mDEBUG[0m - __ASSET_JOB - 974bc2dc-f4f2-461d-96bf-b6a4f610d855 - 801513 - LOGS_CAPTURED - Started capturing logs in process (pid: 801513).
[32m2026-04-03 13:38:38 +0530[0m - dagster - [34mDEBUG[0m - __ASSET_JOB - 974bc2dc-f4f2-461d-96bf-b6a4f610d855 - 801513 - ens_dbt_assets - STEP_START - Started execution of step "ens_dbt_assets".
/home/torch/.local/lib/python3.10/site-packages/dagster_dbt/asset_utils.py:497: DeprecationWarning: AssetExecutionContext.op is deprecated and will be removed in a future release. You have called the deprecated method op on AssetExecutionContext. Use context.op_execution_context.op instead.
/home/torch/.local/lib/python3.10/site-packages/dagster_dbt/asset_utils.py:498: DeprecationWarning: AssetExecutionContext.op is deprecated and will be removed in a future release. You have called the deprecated method op on AssetExecutionContext. Use context.op_execution_context.op instead.
/home/torch/.local/lib/python3.10/site-packages/dagster_dbt/asset_utils.py:499: DeprecationWarning: AssetExecutionContext.op is deprecated and will be removed in a future release. You have called the deprecated method op on AssetExecutionContext. Use context.op_execution_context.op instead.
[32m2026-04-03 13:38:38 +0530[0m - dagster - [34mINFO[0m - __ASSET_JOB - 974bc2dc-f4f2-461d-96bf-b6a4f610d855 - ens_dbt_assets - A dbt subsetted execution is being performed. Overriding default dbt selection arguments `['--select', 'fqn:*']` with arguments: `['ens_retro.silver.clean_oso_ens_code_metrics', 'ens_retro.silver.clean_oso_ens_timeseries']`.
[32m2026-04-03 13:38:48 +0530[0m - dagster - [34mINFO[0m - __ASSET_JOB - 974bc2dc-f4f2-461d-96bf-b6a4f610d855 - ens_dbt_assets - Copying `/home/torch/ENS-Retro-Data/infra/dbt/target/partial_parse.msgpack` to `/home/torch/ENS-Retro-Data/infra/dbt/target/ens_dbt_assets-974bc2d-abaca8a/partial_parse.msgpack` to take advantage of partial parsing.
[32m2026-04-03 13:38:48 +0530[0m - dagster - [34mINFO[0m - __ASSET_JOB - 974bc2dc-f4f2-461d-96bf-b6a4f610d855 - ens_dbt_assets - Running dbt command: `dbt build --select ens_retro.silver.clean_oso_ens_code_metrics ens_retro.silver.clean_oso_ens_timeseries`.
[32m2026-04-03 13:38:53 +0530[0m - dagster - [34mDEBUG[0m - __ASSET_JOB - 974bc2dc-f4f2-461d-96bf-b6a4f610d855 - 801513 - ens_dbt_assets - STEP_OUTPUT - Yielded output "silver__clean_oso_ens_code_metrics" of type "Nothing". (Type check passed).
[32m2026-04-03 13:38:55 +0530[0m - dagster - [34mDEBUG[0m - __ASSET_JOB - 974bc2dc-f4f2-461d-96bf-b6a4f610d855 - 801513 - ens_dbt_assets - ASSET_MATERIALIZATION - Materialized value silver clean_oso_ens_code_metrics.
[32m2026-04-03 13:38:55 +0530[0m - dagster - [34mDEBUG[0m - __ASSET_JOB - 974bc2dc-f4f2-461d-96bf-b6a4f610d855 - 801513 - ens_dbt_assets - STEP_OUTPUT - Yielded output "silver__clean_oso_ens_timeseries" of type "Nothing". (Type check passed).
[32m2026-04-03 13:38:57 +0530[0m - dagster - [34mDEBUG[0m - __ASSET_JOB - 974bc2dc-f4f2-461d-96bf-b6a4f610d855 - 801513 - ens_dbt_assets - ASSET_MATERIALIZATION - Materialized value silver clean_oso_ens_timeseries.
[32m2026-04-03 13:38:57 +0530[0m - dagster - [34mDEBUG[0m - __ASSET_JOB - 974bc2dc-f4f2-461d-96bf-b6a4f610d855 - 801513 - ens_dbt_assets - STEP_OUTPUT - Yielded output "silver__clean_oso_ens_code_metrics_accepted_values_clean_oso_ens_code_metrics_source__oso" of type "Any". (Type check passed).
[32m2026-04-03 13:38:58 +0530[0m - dagster - [34mDEBUG[0m - __ASSET_JOB - 974bc2dc-f4f2-461d-96bf-b6a4f610d855 - 801513 - ens_dbt_assets - ASSET_CHECK_EVALUATION - Asset check 'accepted_values_clean_oso_ens_code_metrics_source__oso' on 'silver/clean_oso_ens_code_metrics' passed.
[32m2026-04-03 13:38:58 +0530[0m - dagster - [34mDEBUG[0m - __ASSET_JOB - 974bc2dc-f4f2-461d-96bf-b6a4f610d855 - 801513 - ens_dbt_assets - STEP_OUTPUT - Yielded output "silver__clean_oso_ens_code_metrics_not_null_clean_oso_ens_code_metrics_artifact_id" of type "Any". (Type check passed).
[32m2026-04-03 13:38:58 +0530[0m - dagster - [34mDEBUG[0m - __ASSET_JOB - 974bc2dc-f4f2-461d-96bf-b6a4f610d855 - 801513 - ens_dbt_assets - ASSET_CHECK_EVALUATION - Asset check 'not_null_clean_oso_ens_code_metrics_artifact_id' on 'silver/clean_oso_ens_code_metrics' passed.
[32m2026-04-03 13:38:59 +0530[0m - dagster - [34mDEBUG[0m - __ASSET_JOB - 974bc2dc-f4f2-461d-96bf-b6a4f610d855 - 801513 - ens_dbt_assets - STEP_OUTPUT - Yielded output "silver__clean_oso_ens_code_metrics_not_null_clean_oso_ens_code_metrics_artifact_name" of type "Any". (Type check passed).
[32m2026-04-03 13:39:00 +0530[0m - dagster - [34mDEBUG[0m - __ASSET_JOB - 974bc2dc-f4f2-461d-96bf-b6a4f610d855 - 801513 - ens_dbt_assets - ASSET_CHECK_EVALUATION - Asset check 'not_null_clean_oso_ens_code_metrics_artifact_name' on 'silver/clean_oso_ens_code_metrics' passed.
[32m2026-04-03 13:39:01 +0530[0m - dagster - [34mDEBUG[0m - __ASSET_JOB - 974bc2dc-f4f2-461d-96bf-b6a4f610d855 - 801513 - ens_dbt_assets - STEP_OUTPUT - Yielded output "silver__clean_oso_ens_code_metrics_unique_clean_oso_ens_code_metrics_artifact_id" of type "Any". (Type check passed).
[32m2026-04-03 13:39:02 +0530[0m - dagster - [34mDEBUG[0m - __ASSET_JOB - 974bc2dc-f4f2-461d-96bf-b6a4f610d855 - 801513 - ens_dbt_assets - ASSET_CHECK_EVALUATION - Asset check 'unique_clean_oso_ens_code_metrics_artifact_id' on 'silver/clean_oso_ens_code_metrics' passed.
[32m2026-04-03 13:39:02 +0530[0m - dagster - [34mDEBUG[0m - __ASSET_JOB - 974bc2dc-f4f2-461d-96bf-b6a4f610d855 - 801513 - ens_dbt_assets - STEP_OUTPUT - Yielded output "silver__clean_oso_ens_timeseries_accepted_values_clean_oso_ens_timeseries_source__oso" of type "Any". (Type check passed).
[32m2026-04-03 13:39:03 +0530[0m - dagster - [34mDEBUG[0m - __ASSET_JOB - 974bc2dc-f4f2-461d-96bf-b6a4f610d855 - 801513 - ens_dbt_assets - ASSET_CHECK_EVALUATION - Asset check 'accepted_values_clean_oso_ens_timeseries_source__oso' on 'silver/clean_oso_ens_timeseries' passed.
[32m2026-04-03 13:39:03 +0530[0m - dagster - [34mDEBUG[0m - __ASSET_JOB - 974bc2dc-f4f2-461d-96bf-b6a4f610d855 - 801513 - ens_dbt_assets - STEP_OUTPUT - Yielded output "silver__clean_oso_ens_timeseries_not_null_clean_oso_ens_timeseries_artifact_id" of type "Any". (Type check passed).
[32m2026-04-03 13:39:05 +0530[0m - dagster - [34mDEBUG[0m - __ASSET_JOB - 974bc2dc-f4f2-461d-96bf-b6a4f610d855 - 801513 - ens_dbt_assets - ASSET_CHECK_EVALUATION - Asset check 'not_null_clean_oso_ens_timeseries_artifact_id' on 'silver/clean_oso_ens_timeseries' passed.
[32m2026-04-03 13:39:05 +0530[0m - dagster - [34mDEBUG[0m - __ASSET_JOB - 974bc2dc-f4f2-461d-96bf-b6a4f610d855 - 801513 - ens_dbt_assets - STEP_OUTPUT - Yielded output "silver__clean_oso_ens_timeseries_not_null_clean_oso_ens_timeseries_event_time" of type "Any". (Type check passed).
[32m2026-04-03 13:39:07 +0530[0m - dagster - [34mDEBUG[0m - __ASSET_JOB - 974bc2dc-f4f2-461d-96bf-b6a4f610d855 - 801513 - ens_dbt_assets - ASSET_CHECK_EVALUATION - Asset check 'not_null_clean_oso_ens_timeseries_event_time' on 'silver/clean_oso_ens_timeseries' passed.
[32m2026-04-03 13:39:07 +0530[0m - dagster - [34mDEBUG[0m - __ASSET_JOB - 974bc2dc-f4f2-461d-96bf-b6a4f610d855 - 801513 - ens_dbt_assets - STEP_OUTPUT - Yielded output "silver__clean_oso_ens_timeseries_not_null_clean_oso_ens_timeseries_event_type" of type "Any". (Type check passed).
[32m2026-04-03 13:39:08 +0530[0m - dagster - [34mDEBUG[0m - __ASSET_JOB - 974bc2dc-f4f2-461d-96bf-b6a4f610d855 - 801513 - ens_dbt_assets - ASSET_CHECK_EVALUATION - Asset check 'not_null_clean_oso_ens_timeseries_event_type' on 'silver/clean_oso_ens_timeseries' passed.
[32m2026-04-03 13:39:08 +0530[0m - dagster - [34mINFO[0m - __ASSET_JOB - 974bc2dc-f4f2-461d-96bf-b6a4f610d855 - ens_dbt_assets - Finished dbt command: `dbt build --select ens_retro.silver.clean_oso_ens_code_metrics ens_retro.silver.clean_oso_ens_timeseries`.
[32m2026-04-03 13:39:09 +0530[0m - dagster - [34mDEBUG[0m - __ASSET_JOB - 974bc2dc-f4f2-461d-96bf-b6a4f610d855 - 801513 - ens_dbt_assets - STEP_SUCCESS - Finished execution of step "ens_dbt_assets" in 30.28s.
