Running with dbt=1.11.6
Registered adapter: duckdb=1.10.1
[[33mWARNING[0m]: Configuration paths exist in your dbt_project.yml file which do not apply to any resources.
There are 1 unused configuration paths:
- seeds.ens_retro
Found 36 models, 123 data tests, 17 sources, 597 macros

Concurrency: 1 threads (target='dev')

1 of 10 START sql table model main_silver.clean_oso_ens_code_metrics ........... [RUN]
1 of 10 OK created sql table model main_silver.clean_oso_ens_code_metrics ...... [[32mOK[0m in 0.32s]
2 of 10 START sql table model main_silver.clean_oso_ens_timeseries ............. [RUN]
2 of 10 OK created sql table model main_silver.clean_oso_ens_timeseries ........ [[32mOK[0m in 0.47s]
3 of 10 START test accepted_values_clean_oso_ens_code_metrics_source__oso ...... [RUN]
3 of 10 PASS accepted_values_clean_oso_ens_code_metrics_source__oso ............ [[32mPASS[0m in 0.08s]
4 of 10 START test not_null_clean_oso_ens_code_metrics_artifact_id ............. [RUN]
4 of 10 PASS not_null_clean_oso_ens_code_metrics_artifact_id ................... [[32mPASS[0m in 0.04s]
5 of 10 START test not_null_clean_oso_ens_code_metrics_artifact_name ........... [RUN]
5 of 10 PASS not_null_clean_oso_ens_code_metrics_artifact_name ................. [[32mPASS[0m in 0.04s]
6 of 10 START test unique_clean_oso_ens_code_metrics_artifact_id ............... [RUN]
6 of 10 PASS unique_clean_oso_ens_code_metrics_artifact_id ..................... [[32mPASS[0m in 0.04s]
7 of 10 START test accepted_values_clean_oso_ens_timeseries_source__oso ........ [RUN]
7 of 10 PASS accepted_values_clean_oso_ens_timeseries_source__oso .............. [[32mPASS[0m in 0.04s]
8 of 10 START test not_null_clean_oso_ens_timeseries_artifact_id ............... [RUN]
8 of 10 PASS not_null_clean_oso_ens_timeseries_artifact_id ..................... [[32mPASS[0m in 0.04s]
9 of 10 START test not_null_clean_oso_ens_timeseries_event_time ................ [RUN]
9 of 10 PASS not_null_clean_oso_ens_timeseries_event_time ...................... [[32mPASS[0m in 0.04s]
10 of 10 START test not_null_clean_oso_ens_timeseries_event_type ............... [RUN]
10 of 10 PASS not_null_clean_oso_ens_timeseries_event_type ..................... [[32mPASS[0m in 0.04s]

Finished running 2 table models, 8 data tests in 0 hours 0 minutes and 1.57 seconds (1.57s).

[32mCompleted successfully[0m

Done. PASS=10 WARN=0 ERROR=0 SKIP=0 NO-OP=0 TOTAL=10
