[32m2026-04-02 16:18:40 +0530[0m - dagster - [34mDEBUG[0m - __ASSET_JOB - 6bf1cf1f-c0af-4699-adb2-f21eeb8bff58 - 391543 - LOGS_CAPTURED - Started capturing logs in process (pid: 391543).
[32m2026-04-02 16:18:41 +0530[0m - dagster - [34mDEBUG[0m - __ASSET_JOB - 6bf1cf1f-c0af-4699-adb2-f21eeb8bff58 - 391543 - ens_dbt_assets - STEP_START - Started execution of step "ens_dbt_assets".
/home/torch/.local/lib/python3.10/site-packages/dagster_dbt/asset_utils.py:497: DeprecationWarning: AssetExecutionContext.op is deprecated and will be removed in a future release. You have called the deprecated method op on AssetExecutionContext. Use context.op_execution_context.op instead.
/home/torch/.local/lib/python3.10/site-packages/dagster_dbt/asset_utils.py:498: DeprecationWarning: AssetExecutionContext.op is deprecated and will be removed in a future release. You have called the deprecated method op on AssetExecutionContext. Use context.op_execution_context.op instead.
/home/torch/.local/lib/python3.10/site-packages/dagster_dbt/asset_utils.py:499: DeprecationWarning: AssetExecutionContext.op is deprecated and will be removed in a future release. You have called the deprecated method op on AssetExecutionContext. Use context.op_execution_context.op instead.
[32m2026-04-02 16:18:41 +0530[0m - dagster - [34mINFO[0m - __ASSET_JOB - 6bf1cf1f-c0af-4699-adb2-f21eeb8bff58 - ens_dbt_assets - A dbt subsetted execution is being performed. Overriding default dbt selection arguments `['--select', 'fqn:*']` with arguments: `['ens_retro.staging.stg_grants']`.
[32m2026-04-02 16:18:50 +0530[0m - dagster - [34mINFO[0m - __ASSET_JOB - 6bf1cf1f-c0af-4699-adb2-f21eeb8bff58 - ens_dbt_assets - Copying `/home/torch/ENS-Retro-Data/infra/dbt/target/partial_parse.msgpack` to `/home/torch/ENS-Retro-Data/infra/dbt/target/ens_dbt_assets-6bf1cf1-874c380/partial_parse.msgpack` to take advantage of partial parsing.
[32m2026-04-02 16:18:50 +0530[0m - dagster - [34mINFO[0m - __ASSET_JOB - 6bf1cf1f-c0af-4699-adb2-f21eeb8bff58 - ens_dbt_assets - Running dbt command: `dbt build --select ens_retro.staging.stg_grants`.
[32m2026-04-02 16:18:54 +0530[0m - dagster - [34mINFO[0m - __ASSET_JOB - 6bf1cf1f-c0af-4699-adb2-f21eeb8bff58 - ens_dbt_assets - Finished dbt command: `dbt build --select ens_retro.staging.stg_grants`.
[32m2026-04-02 16:18:55 +0530[0m - dagster - [34mERROR[0m - [31m__ASSET_JOB - 6bf1cf1f-c0af-4699-adb2-f21eeb8bff58 - 391543 - ens_dbt_assets - STEP_FAILURE - Execution of step "ens_dbt_assets" failed.

dagster_dbt.errors.DagsterDbtCliRuntimeError: The dbt CLI process with command

`dbt build --select ens_retro.staging.stg_grants`

failed with exit code `1`. Check the stdout in the Dagster compute logs for the full information about the error, or view the dbt debug log: /home/torch/ENS-Retro-Data/infra/dbt/target/ens_dbt_assets-6bf1cf1-874c380/dbt.log.

Errors parsed from dbt logs:

1 of 3 ERROR creating sql view model main_bronze.stg_grants .................... [[31mERROR[0m in 0.13s]

[31mFailure in model stg_grants (models/staging/stg_grants.sql)[0m

  Runtime Error in model stg_grants (models/staging/stg_grants.sql)
  IO Error: No files found that match the pattern "../../bronze/grants/grants.json"
  
  LINE 18: from read_json_auto('../../bronze/grants/grants.json')
                ^

Stack Trace:
  File "/home/torch/.local/lib/python3.10/site-packages/dagster/_core/execution/plan/execute_plan.py", line 247, in dagster_event_sequence_for_step
    yield from check.generator(step_events)
  File "/home/torch/.local/lib/python3.10/site-packages/dagster/_core/execution/plan/execute_step.py", line 505, in core_dagster_event_sequence_for_step
    for user_event in _step_output_error_checked_user_event_sequence(
  File "/home/torch/.local/lib/python3.10/site-packages/dagster/_core/execution/plan/execute_step.py", line 184, in _step_output_error_checked_user_event_sequence
    for user_event in user_event_sequence:
  File "/home/torch/.local/lib/python3.10/site-packages/dagster/_core/execution/plan/execute_step.py", line 88, in _process_asset_results_to_events
    for user_event in user_event_sequence:
  File "/home/torch/.local/lib/python3.10/site-packages/dagster/_core/execution/plan/compute.py", line 188, in execute_core_compute
    for step_output in _yield_compute_results(step_context, inputs, compute_fn, compute_context):
  File "/home/torch/.local/lib/python3.10/site-packages/dagster/_core/execution/plan/compute.py", line 157, in _yield_compute_results
    for event in iterate_with_context(
  File "/home/torch/.local/lib/python3.10/site-packages/dagster/_utils/__init__.py", line 394, in iterate_with_context
    next_output = next(iterator)
  File "/home/torch/ENS-Retro-Data/infra/dbt_assets.py", line 54, in ens_dbt_assets
    yield from dbt.cli(cmd, context=context).stream()
  File "/home/torch/.local/lib/python3.10/site-packages/dagster_dbt/core/dbt_event_iterator.py", line 215, in __next__
    return next(self._inner_iterator)
  File "/home/torch/.local/lib/python3.10/site-packages/dagster_dbt/core/dbt_cli_invocation.py", line 286, in _stream_asset_events
    for event in self.stream_raw_events():
  File "/home/torch/.local/lib/python3.10/site-packages/dagster_dbt/core/dbt_cli_invocation.py", line 379, in stream_raw_events
    self._raise_on_error()
  File "/home/torch/.local/lib/python3.10/site-packages/dagster_dbt/core/dbt_cli_invocation.py", line 470, in _raise_on_error
    raise error
[0m
