Running with dbt=1.11.6
Registered adapter: duckdb=1.10.1
[[33mWARNING[0m]: Configuration paths exist in your dbt_project.yml file which do not apply to any resources.
There are 1 unused configuration paths:
- seeds.ens_retro
Found 36 models, 123 data tests, 17 sources, 597 macros

Concurrency: 1 threads (target='dev')

1 of 59 START sql table model main_silver.clean_compensation ................... [RUN]
1 of 59 OK created sql table model main_silver.clean_compensation .............. [[32mOK[0m in 0.63s]
2 of 59 START sql table model main_silver.clean_delegations .................... [RUN]
2 of 59 OK created sql table model main_silver.clean_delegations ............... [[32mOK[0m in 2.52s]
3 of 59 START sql table model main_silver.clean_ens_ledger ..................... [RUN]
3 of 59 OK created sql table model main_silver.clean_ens_ledger ................ [[32mOK[0m in 1.21s]
4 of 59 START sql table model main_silver.clean_grants ......................... [RUN]
4 of 59 OK created sql table model main_silver.clean_grants .................... [[32mOK[0m in 0.46s]
5 of 59 START sql table model main_silver.clean_snapshot_proposals ............. [RUN]
5 of 59 OK created sql table model main_silver.clean_snapshot_proposals ........ [[32mOK[0m in 0.50s]
6 of 59 START sql table model main_silver.clean_snapshot_votes ................. [RUN]
6 of 59 OK created sql table model main_silver.clean_snapshot_votes ............ [[32mOK[0m in 2.09s]
7 of 59 START sql table model main_silver.clean_tally_delegates ................ [RUN]
7 of 59 OK created sql table model main_silver.clean_tally_delegates ........... [[32mOK[0m in 3.80s]
8 of 59 START sql table model main_silver.clean_tally_proposals ................ [RUN]
8 of 59 OK created sql table model main_silver.clean_tally_proposals ........... [[32mOK[0m in 0.66s]
9 of 59 START sql table model main_silver.clean_tally_votes .................... [RUN]
9 of 59 OK created sql table model main_silver.clean_tally_votes ............... [[32mOK[0m in 1.25s]
10 of 59 START sql table model main_silver.clean_token_distribution ............ [RUN]
10 of 59 OK created sql table model main_silver.clean_token_distribution ....... [[32mOK[0m in 0.80s]
11 of 59 START sql table model main_silver.clean_treasury_flows ................ [RUN]
11 of 59 OK created sql table model main_silver.clean_treasury_flows ........... [[32mOK[0m in 0.57s]
12 of 59 START test accepted_values_clean_compensation_role__delegate__steward__contributor__token_holder__service_provider__multisig_signer__working_group_lead__dao_officer  [RUN]
12 of 59 WARN 1 accepted_values_clean_compensation_role__delegate__steward__contributor__token_holder__service_provider__multisig_signer__working_group_lead__dao_officer  [[33mWARN 1[0m in 0.22s]
13 of 59 START test accepted_values_clean_compensation_working_group__meta_governance__ens_ecosystem__public_goods__providers  [RUN]
13 of 59 WARN 4 accepted_values_clean_compensation_working_group__meta_governance__ens_ecosystem__public_goods__providers  [[33mWARN 4[0m in 0.11s]
14 of 59 START test not_null_clean_compensation_recipient_address .............. [RUN]
14 of 59 PASS not_null_clean_compensation_recipient_address .................... [[32mPASS[0m in 0.10s]
15 of 59 START test not_null_clean_delegations_delegate ........................ [RUN]
15 of 59 PASS not_null_clean_delegations_delegate .............................. [[32mPASS[0m in 0.09s]
16 of 59 START test not_null_clean_delegations_delegator ....................... [RUN]
16 of 59 PASS not_null_clean_delegations_delegator ............................. [[32mPASS[0m in 0.09s]
17 of 59 START test accepted_values_clean_ens_ledger_asset__ETH__ENS__USDC__USDT__WETH  [RUN]
17 of 59 PASS accepted_values_clean_ens_ledger_asset__ETH__ENS__USDC__USDT__WETH  [[32mPASS[0m in 0.11s]
18 of 59 START test accepted_values_clean_ens_ledger_flow_type__inflow__outflow__internal  [RUN]
18 of 59 PASS accepted_values_clean_ens_ledger_flow_type__inflow__outflow__internal  [[32mPASS[0m in 0.10s]
19 of 59 START test not_null_clean_ens_ledger_asset ............................ [RUN]
19 of 59 PASS not_null_clean_ens_ledger_asset .................................. [[32mPASS[0m in 0.09s]
20 of 59 START test not_null_clean_ens_ledger_category ......................... [RUN]
20 of 59 PASS not_null_clean_ens_ledger_category ............................... [[32mPASS[0m in 0.09s]
21 of 59 START test not_null_clean_ens_ledger_flow_type ........................ [RUN]
21 of 59 PASS not_null_clean_ens_ledger_flow_type .............................. [[32mPASS[0m in 0.09s]
22 of 59 START test not_null_clean_ens_ledger_tx_date .......................... [RUN]
22 of 59 PASS not_null_clean_ens_ledger_tx_date ................................ [[32mPASS[0m in 0.09s]
23 of 59 START test not_null_clean_ens_ledger_tx_hash .......................... [RUN]
23 of 59 PASS not_null_clean_ens_ledger_tx_hash ................................ [[32mPASS[0m in 0.09s]
24 of 59 START test not_null_clean_ens_ledger_value_usd ........................ [RUN]
24 of 59 PASS not_null_clean_ens_ledger_value_usd .............................. [[32mPASS[0m in 0.11s]
25 of 59 START test accepted_values_clean_grants_working_group__meta_governance__ens_ecosystem__public_goods__providers  [RUN]
25 of 59 WARN 2 accepted_values_clean_grants_working_group__meta_governance__ens_ecosystem__public_goods__providers  [[33mWARN 2[0m in 0.08s]
26 of 59 START test not_null_clean_grants_grant_id ............................. [RUN]
26 of 59 PASS not_null_clean_grants_grant_id ................................... [[32mPASS[0m in 0.06s]
27 of 59 START test unique_clean_grants_grant_id ............................... [RUN]
27 of 59 PASS unique_clean_grants_grant_id ..................................... [[32mPASS[0m in 0.06s]
28 of 59 START test accepted_values_clean_snapshot_proposals_source__snapshot .. [RUN]
28 of 59 PASS accepted_values_clean_snapshot_proposals_source__snapshot ........ [[32mPASS[0m in 0.09s]
29 of 59 START test accepted_values_clean_snapshot_proposals_status__active__closed__executed__defeated__pending__queued__cancelled  [RUN]
29 of 59 PASS accepted_values_clean_snapshot_proposals_status__active__closed__executed__defeated__pending__queued__cancelled  [[32mPASS[0m in 0.06s]
30 of 59 START test not_null_clean_snapshot_proposals_author_address ........... [RUN]
30 of 59 PASS not_null_clean_snapshot_proposals_author_address ................. [[32mPASS[0m in 0.06s]
31 of 59 START test not_null_clean_snapshot_proposals_proposal_id .............. [RUN]
31 of 59 PASS not_null_clean_snapshot_proposals_proposal_id .................... [[32mPASS[0m in 0.05s]
32 of 59 START test not_null_clean_snapshot_proposals_status ................... [RUN]
32 of 59 PASS not_null_clean_snapshot_proposals_status ......................... [[32mPASS[0m in 0.04s]
33 of 59 START test unique_clean_snapshot_proposals_proposal_id ................ [RUN]
33 of 59 PASS unique_clean_snapshot_proposals_proposal_id ...................... [[32mPASS[0m in 0.05s]
34 of 59 START test accepted_values_clean_snapshot_votes_source__snapshot ...... [RUN]
34 of 59 PASS accepted_values_clean_snapshot_votes_source__snapshot ............ [[32mPASS[0m in 0.04s]
35 of 59 START test accepted_values_clean_snapshot_votes_vote_choice__for__against__abstain__unknown  [RUN]
35 of 59 PASS accepted_values_clean_snapshot_votes_vote_choice__for__against__abstain__unknown  [[32mPASS[0m in 0.07s]
36 of 59 START test not_null_clean_snapshot_votes_vote_choice .................. [RUN]
36 of 59 PASS not_null_clean_snapshot_votes_vote_choice ........................ [[32mPASS[0m in 0.06s]
37 of 59 START test not_null_clean_snapshot_votes_vote_id ...................... [RUN]
37 of 59 PASS not_null_clean_snapshot_votes_vote_id ............................ [[32mPASS[0m in 0.05s]
38 of 59 START test not_null_clean_snapshot_votes_voter ........................ [RUN]
38 of 59 PASS not_null_clean_snapshot_votes_voter .............................. [[32mPASS[0m in 0.05s]
39 of 59 START test unique_clean_snapshot_votes_vote_id ........................ [RUN]
39 of 59 PASS unique_clean_snapshot_votes_vote_id .............................. [[32mPASS[0m in 0.08s]
40 of 59 START test not_null_clean_tally_delegates_address ..................... [RUN]
40 of 59 PASS not_null_clean_tally_delegates_address ........................... [[32mPASS[0m in 0.06s]
41 of 59 START test unique_clean_tally_delegates_address ....................... [RUN]
41 of 59 PASS unique_clean_tally_delegates_address ............................. [[32mPASS[0m in 0.08s]
42 of 59 START test accepted_values_clean_tally_proposals_source__tally ........ [RUN]
42 of 59 PASS accepted_values_clean_tally_proposals_source__tally .............. [[32mPASS[0m in 0.06s]
43 of 59 START test accepted_values_clean_tally_proposals_status__active__closed__executed__defeated__pending__queued__cancelled  [RUN]
43 of 59 PASS accepted_values_clean_tally_proposals_status__active__closed__executed__defeated__pending__queued__cancelled  [[32mPASS[0m in 0.05s]
44 of 59 START test not_null_clean_tally_proposals_proposal_id ................. [RUN]
44 of 59 PASS not_null_clean_tally_proposals_proposal_id ....................... [[32mPASS[0m in 0.04s]
45 of 59 START test not_null_clean_tally_proposals_status ...................... [RUN]
45 of 59 PASS not_null_clean_tally_proposals_status ............................ [[32mPASS[0m in 0.07s]
46 of 59 START test unique_clean_tally_proposals_proposal_id ................... [RUN]
46 of 59 PASS unique_clean_tally_proposals_proposal_id ......................... [[32mPASS[0m in 0.07s]
47 of 59 START test accepted_values_clean_tally_votes_source__tally ............ [RUN]
47 of 59 PASS accepted_values_clean_tally_votes_source__tally .................. [[32mPASS[0m in 0.05s]
48 of 59 START test accepted_values_clean_tally_votes_vote_choice__for__against__abstain__unknown  [RUN]
48 of 59 PASS accepted_values_clean_tally_votes_vote_choice__for__against__abstain__unknown  [[32mPASS[0m in 0.04s]
49 of 59 START test not_null_clean_tally_votes_vote_choice ..................... [RUN]
49 of 59 PASS not_null_clean_tally_votes_vote_choice ........................... [[32mPASS[0m in 0.04s]
50 of 59 START test not_null_clean_tally_votes_vote_id ......................... [RUN]
50 of 59 PASS not_null_clean_tally_votes_vote_id ............................... [[32mPASS[0m in 0.21s]
51 of 59 START test not_null_clean_tally_votes_voter ........................... [RUN]
51 of 59 PASS not_null_clean_tally_votes_voter ................................. [[32mPASS[0m in 0.06s]
52 of 59 START test unique_clean_tally_votes_vote_id ........................... [RUN]
52 of 59 PASS unique_clean_tally_votes_vote_id ................................. [[32mPASS[0m in 0.06s]
53 of 59 START test not_null_clean_token_distribution_address .................. [RUN]
53 of 59 PASS not_null_clean_token_distribution_address ........................ [[32mPASS[0m in 0.12s]
54 of 59 START test unique_clean_token_distribution_address .................... [RUN]
54 of 59 PASS unique_clean_token_distribution_address .......................... [[32mPASS[0m in 0.10s]
55 of 59 START test not_null_clean_treasury_flows_tx_hash ...................... [RUN]
55 of 59 PASS not_null_clean_treasury_flows_tx_hash ............................ [[32mPASS[0m in 0.05s]
56 of 59 START test unique_clean_treasury_flows_tx_hash ........................ [RUN]
56 of 59 PASS unique_clean_treasury_flows_tx_hash .............................. [[32mPASS[0m in 0.10s]
57 of 59 START sql table model main_silver.address_crosswalk ................... [RUN]
57 of 59 OK created sql table model main_silver.address_crosswalk .............. [[32mOK[0m in 2.01s]
58 of 59 START test not_null_address_crosswalk_address ......................... [RUN]
58 of 59 PASS not_null_address_crosswalk_address ............................... [[32mPASS[0m in 0.05s]
59 of 59 START test unique_address_crosswalk_address ........................... [RUN]
59 of 59 PASS unique_address_crosswalk_address ................................. [[32mPASS[0m in 0.09s]

Finished running 12 table models, 47 data tests in 0 hours 1 minutes and 10.77 seconds (70.77s).

[33mCompleted with 3 warnings:[0m

[33mWarning in test accepted_values_clean_compensation_role__delegate__steward__contributor__token_holder__service_provider__multisig_signer__working_group_lead__dao_officer (models/silver/_silver.yml)[0m
Got 1 result, configured to warn if != 0

  compiled code at target/ens_dbt_assets-5c83638-59b7673/compiled/ens_retro/models/silver/_silver.yml/accepted_values_clean_compensa_fd4d1c411377e300d55e2bd0a056c98a.sql

[33mWarning in test accepted_values_clean_compensation_working_group__meta_governance__ens_ecosystem__public_goods__providers (models/silver/_silver.yml)[0m
Got 4 results, configured to warn if != 0

  compiled code at target/ens_dbt_assets-5c83638-59b7673/compiled/ens_retro/models/silver/_silver.yml/accepted_values_clean_compensa_67a079fbc16a2a42f4b7f871b0502ac5.sql

[33mWarning in test accepted_values_clean_grants_working_group__meta_governance__ens_ecosystem__public_goods__providers (models/silver/_silver.yml)[0m
Got 2 results, configured to warn if != 0

  compiled code at target/ens_dbt_assets-5c83638-59b7673/compiled/ens_retro/models/silver/_silver.yml/accepted_values_clean_grants_6319527dd9898b434240718f7a55d0e1.sql

Done. PASS=56 WARN=3 ERROR=0 SKIP=0 NO-OP=0 TOTAL=59
