[32m2026-04-03 10:19:47 +0530[0m - dagster - [34mDEBUG[0m - __ASSET_JOB - 5c836380-3882-486c-aa25-a813febfe92c - 741599 - LOGS_CAPTURED - Started capturing logs in process (pid: 741599).
[32m2026-04-03 10:19:47 +0530[0m - dagster - [34mDEBUG[0m - __ASSET_JOB - 5c836380-3882-486c-aa25-a813febfe92c - 741599 - ens_dbt_assets - STEP_START - Started execution of step "ens_dbt_assets".
[32m2026-04-03 10:19:48 +0530[0m - dagster - [34mWARNING[0m - __ASSET_JOB - 5c836380-3882-486c-aa25-a813febfe92c - ens_dbt_assets - Skipping dbt model 'stg_oso_ens_timeseries+' — source file not on disk: oso_ens_timeseries.json
/home/torch/.local/lib/python3.10/site-packages/dagster_dbt/asset_utils.py:497: DeprecationWarning: AssetExecutionContext.op is deprecated and will be removed in a future release. You have called the deprecated method op on AssetExecutionContext. Use context.op_execution_context.op instead.
/home/torch/.local/lib/python3.10/site-packages/dagster_dbt/asset_utils.py:498: DeprecationWarning: AssetExecutionContext.op is deprecated and will be removed in a future release. You have called the deprecated method op on AssetExecutionContext. Use context.op_execution_context.op instead.
/home/torch/.local/lib/python3.10/site-packages/dagster_dbt/asset_utils.py:499: DeprecationWarning: AssetExecutionContext.op is deprecated and will be removed in a future release. You have called the deprecated method op on AssetExecutionContext. Use context.op_execution_context.op instead.
[32m2026-04-03 10:19:48 +0530[0m - dagster - [34mINFO[0m - __ASSET_JOB - 5c836380-3882-486c-aa25-a813febfe92c - ens_dbt_assets - A dbt subsetted execution is being performed. Overriding default dbt selection arguments `['--select', 'fqn:*']` with arguments: `['ens_retro.silver.clean_compensation', 'ens_retro.silver.clean_tally_proposals', 'ens_retro.silver.clean_treasury_flows', 'ens_retro.silver.clean_grants', 'ens_retro.silver.clean_ens_ledger', 'ens_retro.silver.address_crosswalk', 'ens_retro.silver.clean_snapshot_votes', 'ens_retro.silver.clean_tally_votes', 'ens_retro.silver.clean_delegations', 'ens_retro.silver.clean_token_distribution', 'ens_retro.silver.clean_tally_delegates', 'ens_retro.silver.clean_snapshot_proposals']`.
[32m2026-04-03 10:20:05 +0530[0m - dagster - [34mINFO[0m - __ASSET_JOB - 5c836380-3882-486c-aa25-a813febfe92c - ens_dbt_assets - Copying `/home/torch/ENS-Retro-Data/infra/dbt/target/partial_parse.msgpack` to `/home/torch/ENS-Retro-Data/infra/dbt/target/ens_dbt_assets-5c83638-59b7673/partial_parse.msgpack` to take advantage of partial parsing.
[32m2026-04-03 10:20:05 +0530[0m - dagster - [34mINFO[0m - __ASSET_JOB - 5c836380-3882-486c-aa25-a813febfe92c - ens_dbt_assets - Running dbt command: `dbt build --exclude stg_oso_ens_timeseries+ --select ens_retro.silver.clean_compensation ens_retro.silver.clean_tally_proposals ens_retro.silver.clean_treasury_flows ens_retro.silver.clean_grants ens_retro.silver.clean_ens_ledger ens_retro.silver.address_crosswalk ens_retro.silver.clean_snapshot_votes ens_retro.silver.clean_tally_votes ens_retro.silver.clean_delegations ens_retro.silver.clean_token_distribution ens_retro.silver.clean_tally_delegates ens_retro.silver.clean_snapshot_proposals`.
[32m2026-04-03 10:20:13 +0530[0m - dagster - [34mDEBUG[0m - __ASSET_JOB - 5c836380-3882-486c-aa25-a813febfe92c - 741599 - ens_dbt_assets - STEP_OUTPUT - Yielded output "silver__clean_compensation" of type "Nothing". (Type check passed).
[32m2026-04-03 10:20:15 +0530[0m - dagster - [34mDEBUG[0m - __ASSET_JOB - 5c836380-3882-486c-aa25-a813febfe92c - 741599 - ens_dbt_assets - ASSET_MATERIALIZATION - Materialized value silver clean_compensation.
[32m2026-04-03 10:20:16 +0530[0m - dagster - [34mDEBUG[0m - __ASSET_JOB - 5c836380-3882-486c-aa25-a813febfe92c - 741599 - ens_dbt_assets - STEP_OUTPUT - Yielded output "silver__clean_delegations" of type "Nothing". (Type check passed).
[32m2026-04-03 10:20:19 +0530[0m - dagster - [34mDEBUG[0m - __ASSET_JOB - 5c836380-3882-486c-aa25-a813febfe92c - 741599 - ens_dbt_assets - ASSET_MATERIALIZATION - Materialized value silver clean_delegations.
[32m2026-04-03 10:20:19 +0530[0m - dagster - [34mDEBUG[0m - __ASSET_JOB - 5c836380-3882-486c-aa25-a813febfe92c - 741599 - ens_dbt_assets - STEP_OUTPUT - Yielded output "silver__clean_ens_ledger" of type "Nothing". (Type check passed).
[32m2026-04-03 10:20:22 +0530[0m - dagster - [34mDEBUG[0m - __ASSET_JOB - 5c836380-3882-486c-aa25-a813febfe92c - 741599 - ens_dbt_assets - ASSET_MATERIALIZATION - Materialized value silver clean_ens_ledger.
[32m2026-04-03 10:20:23 +0530[0m - dagster - [34mDEBUG[0m - __ASSET_JOB - 5c836380-3882-486c-aa25-a813febfe92c - 741599 - ens_dbt_assets - STEP_OUTPUT - Yielded output "silver__clean_grants" of type "Nothing". (Type check passed).
[32m2026-04-03 10:20:26 +0530[0m - dagster - [34mDEBUG[0m - __ASSET_JOB - 5c836380-3882-486c-aa25-a813febfe92c - 741599 - ens_dbt_assets - ASSET_MATERIALIZATION - Materialized value silver clean_grants.
[32m2026-04-03 10:20:27 +0530[0m - dagster - [34mDEBUG[0m - __ASSET_JOB - 5c836380-3882-486c-aa25-a813febfe92c - 741599 - ens_dbt_assets - STEP_OUTPUT - Yielded output "silver__clean_snapshot_proposals" of type "Nothing". (Type check passed).
[32m2026-04-03 10:20:30 +0530[0m - dagster - [34mDEBUG[0m - __ASSET_JOB - 5c836380-3882-486c-aa25-a813febfe92c - 741599 - ens_dbt_assets - ASSET_MATERIALIZATION - Materialized value silver clean_snapshot_proposals.
[32m2026-04-03 10:20:30 +0530[0m - dagster - [34mDEBUG[0m - __ASSET_JOB - 5c836380-3882-486c-aa25-a813febfe92c - 741599 - ens_dbt_assets - STEP_OUTPUT - Yielded output "silver__clean_snapshot_votes" of type "Nothing". (Type check passed).
[32m2026-04-03 10:20:32 +0530[0m - dagster - [34mDEBUG[0m - __ASSET_JOB - 5c836380-3882-486c-aa25-a813febfe92c - 741599 - ens_dbt_assets - ASSET_MATERIALIZATION - Materialized value silver clean_snapshot_votes.
[32m2026-04-03 10:20:32 +0530[0m - dagster - [34mDEBUG[0m - __ASSET_JOB - 5c836380-3882-486c-aa25-a813febfe92c - 741599 - ens_dbt_assets - STEP_OUTPUT - Yielded output "silver__clean_tally_delegates" of type "Nothing". (Type check passed).
[32m2026-04-03 10:20:34 +0530[0m - dagster - [34mDEBUG[0m - __ASSET_JOB - 5c836380-3882-486c-aa25-a813febfe92c - 741599 - ens_dbt_assets - ASSET_MATERIALIZATION - Materialized value silver clean_tally_delegates.
[32m2026-04-03 10:20:34 +0530[0m - dagster - [34mDEBUG[0m - __ASSET_JOB - 5c836380-3882-486c-aa25-a813febfe92c - 741599 - ens_dbt_assets - STEP_OUTPUT - Yielded output "silver__clean_tally_proposals" of type "Nothing". (Type check passed).
[32m2026-04-03 10:20:37 +0530[0m - dagster - [34mDEBUG[0m - __ASSET_JOB - 5c836380-3882-486c-aa25-a813febfe92c - 741599 - ens_dbt_assets - ASSET_MATERIALIZATION - Materialized value silver clean_tally_proposals.
[32m2026-04-03 10:20:37 +0530[0m - dagster - [34mDEBUG[0m - __ASSET_JOB - 5c836380-3882-486c-aa25-a813febfe92c - 741599 - ens_dbt_assets - STEP_OUTPUT - Yielded output "silver__clean_tally_votes" of type "Nothing". (Type check passed).
[32m2026-04-03 10:20:38 +0530[0m - dagster - [34mDEBUG[0m - __ASSET_JOB - 5c836380-3882-486c-aa25-a813febfe92c - 741599 - ens_dbt_assets - ASSET_MATERIALIZATION - Materialized value silver clean_tally_votes.
[32m2026-04-03 10:20:38 +0530[0m - dagster - [34mDEBUG[0m - __ASSET_JOB - 5c836380-3882-486c-aa25-a813febfe92c - 741599 - ens_dbt_assets - STEP_OUTPUT - Yielded output "silver__clean_token_distribution" of type "Nothing". (Type check passed).
[32m2026-04-03 10:20:40 +0530[0m - dagster - [34mDEBUG[0m - __ASSET_JOB - 5c836380-3882-486c-aa25-a813febfe92c - 741599 - ens_dbt_assets - ASSET_MATERIALIZATION - Materialized value silver clean_token_distribution.
[32m2026-04-03 10:20:41 +0530[0m - dagster - [34mDEBUG[0m - __ASSET_JOB - 5c836380-3882-486c-aa25-a813febfe92c - 741599 - ens_dbt_assets - STEP_OUTPUT - Yielded output "silver__clean_treasury_flows" of type "Nothing". (Type check passed).
[32m2026-04-03 10:20:42 +0530[0m - dagster - [34mDEBUG[0m - __ASSET_JOB - 5c836380-3882-486c-aa25-a813febfe92c - 741599 - ens_dbt_assets - ASSET_MATERIALIZATION - Materialized value silver clean_treasury_flows.
[32m2026-04-03 10:20:43 +0530[0m - dagster - [34mDEBUG[0m - __ASSET_JOB - 5c836380-3882-486c-aa25-a813febfe92c - 741599 - ens_dbt_assets - STEP_OUTPUT - Yielded output "silver__clean_compensation_accepted_values_clean_compensation_role__delegate__steward__contributor__token_holder__service_provider__multisig_signer__working_group_lead__dao_officer" of type "Any". (Type check passed).
[32m2026-04-03 10:20:44 +0530[0m - dagster - [34mDEBUG[0m - __ASSET_JOB - 5c836380-3882-486c-aa25-a813febfe92c - 741599 - ens_dbt_assets - ASSET_CHECK_EVALUATION - Asset check 'accepted_values_clean_compensation_role__delegate__steward__contributor__token_holder__service_provider__multisig_signer__working_group_lead__dao_officer' on 'silver/clean_compensation' did not pass.
[32m2026-04-03 10:20:45 +0530[0m - dagster - [34mDEBUG[0m - __ASSET_JOB - 5c836380-3882-486c-aa25-a813febfe92c - 741599 - ens_dbt_assets - STEP_OUTPUT - Yielded output "silver__clean_compensation_accepted_values_clean_compensation_working_group__meta_governance__ens_ecosystem__public_goods__providers" of type "Any". (Type check passed).
[32m2026-04-03 10:20:46 +0530[0m - dagster - [34mDEBUG[0m - __ASSET_JOB - 5c836380-3882-486c-aa25-a813febfe92c - 741599 - ens_dbt_assets - ASSET_CHECK_EVALUATION - Asset check 'accepted_values_clean_compensation_working_group__meta_governance__ens_ecosystem__public_goods__providers' on 'silver/clean_compensation' did not pass.
[32m2026-04-03 10:20:46 +0530[0m - dagster - [34mDEBUG[0m - __ASSET_JOB - 5c836380-3882-486c-aa25-a813febfe92c - 741599 - ens_dbt_assets - STEP_OUTPUT - Yielded output "silver__clean_compensation_not_null_clean_compensation_recipient_address" of type "Any". (Type check passed).
[32m2026-04-03 10:20:48 +0530[0m - dagster - [34mDEBUG[0m - __ASSET_JOB - 5c836380-3882-486c-aa25-a813febfe92c - 741599 - ens_dbt_assets - ASSET_CHECK_EVALUATION - Asset check 'not_null_clean_compensation_recipient_address' on 'silver/clean_compensation' passed.
[32m2026-04-03 10:20:48 +0530[0m - dagster - [34mDEBUG[0m - __ASSET_JOB - 5c836380-3882-486c-aa25-a813febfe92c - 741599 - ens_dbt_assets - STEP_OUTPUT - Yielded output "silver__clean_delegations_not_null_clean_delegations_delegate" of type "Any". (Type check passed).
[32m2026-04-03 10:20:49 +0530[0m - dagster - [34mDEBUG[0m - __ASSET_JOB - 5c836380-3882-486c-aa25-a813febfe92c - 741599 - ens_dbt_assets - ASSET_CHECK_EVALUATION - Asset check 'not_null_clean_delegations_delegate' on 'silver/clean_delegations' passed.
[32m2026-04-03 10:20:50 +0530[0m - dagster - [34mDEBUG[0m - __ASSET_JOB - 5c836380-3882-486c-aa25-a813febfe92c - 741599 - ens_dbt_assets - STEP_OUTPUT - Yielded output "silver__clean_delegations_not_null_clean_delegations_delegator" of type "Any". (Type check passed).
[32m2026-04-03 10:20:51 +0530[0m - dagster - [34mDEBUG[0m - __ASSET_JOB - 5c836380-3882-486c-aa25-a813febfe92c - 741599 - ens_dbt_assets - ASSET_CHECK_EVALUATION - Asset check 'not_null_clean_delegations_delegator' on 'silver/clean_delegations' passed.
[32m2026-04-03 10:20:52 +0530[0m - dagster - [34mDEBUG[0m - __ASSET_JOB - 5c836380-3882-486c-aa25-a813febfe92c - 741599 - ens_dbt_assets - STEP_OUTPUT - Yielded output "silver__clean_ens_ledger_accepted_values_clean_ens_ledger_asset__ETH__ENS__USDC__USDT__WETH" of type "Any". (Type check passed).
[32m2026-04-03 10:20:53 +0530[0m - dagster - [34mDEBUG[0m - __ASSET_JOB - 5c836380-3882-486c-aa25-a813febfe92c - 741599 - ens_dbt_assets - ASSET_CHECK_EVALUATION - Asset check 'accepted_values_clean_ens_ledger_asset__ETH__ENS__USDC__USDT__WETH' on 'silver/clean_ens_ledger' passed.
[32m2026-04-03 10:20:54 +0530[0m - dagster - [34mDEBUG[0m - __ASSET_JOB - 5c836380-3882-486c-aa25-a813febfe92c - 741599 - ens_dbt_assets - STEP_OUTPUT - Yielded output "silver__clean_ens_ledger_accepted_values_clean_ens_ledger_flow_type__inflow__outflow__internal" of type "Any". (Type check passed).
[32m2026-04-03 10:20:55 +0530[0m - dagster - [34mDEBUG[0m - __ASSET_JOB - 5c836380-3882-486c-aa25-a813febfe92c - 741599 - ens_dbt_assets - ASSET_CHECK_EVALUATION - Asset check 'accepted_values_clean_ens_ledger_flow_type__inflow__outflow__internal' on 'silver/clean_ens_ledger' passed.
[32m2026-04-03 10:20:56 +0530[0m - dagster - [34mDEBUG[0m - __ASSET_JOB - 5c836380-3882-486c-aa25-a813febfe92c - 741599 - ens_dbt_assets - STEP_OUTPUT - Yielded output "silver__clean_ens_ledger_not_null_clean_ens_ledger_asset" of type "Any". (Type check passed).
[32m2026-04-03 10:20:57 +0530[0m - dagster - [34mDEBUG[0m - __ASSET_JOB - 5c836380-3882-486c-aa25-a813febfe92c - 741599 - ens_dbt_assets - ASSET_CHECK_EVALUATION - Asset check 'not_null_clean_ens_ledger_asset' on 'silver/clean_ens_ledger' passed.
[32m2026-04-03 10:20:57 +0530[0m - dagster - [34mDEBUG[0m - __ASSET_JOB - 5c836380-3882-486c-aa25-a813febfe92c - 741599 - ens_dbt_assets - STEP_OUTPUT - Yielded output "silver__clean_ens_ledger_not_null_clean_ens_ledger_category" of type "Any". (Type check passed).
[32m2026-04-03 10:20:58 +0530[0m - dagster - [34mDEBUG[0m - __ASSET_JOB - 5c836380-3882-486c-aa25-a813febfe92c - 741599 - ens_dbt_assets - ASSET_CHECK_EVALUATION - Asset check 'not_null_clean_ens_ledger_category' on 'silver/clean_ens_ledger' passed.
[32m2026-04-03 10:20:59 +0530[0m - dagster - [34mDEBUG[0m - __ASSET_JOB - 5c836380-3882-486c-aa25-a813febfe92c - 741599 - ens_dbt_assets - STEP_OUTPUT - Yielded output "silver__clean_ens_ledger_not_null_clean_ens_ledger_flow_type" of type "Any". (Type check passed).
[32m2026-04-03 10:21:01 +0530[0m - dagster - [34mDEBUG[0m - __ASSET_JOB - 5c836380-3882-486c-aa25-a813febfe92c - 741599 - ens_dbt_assets - ASSET_CHECK_EVALUATION - Asset check 'not_null_clean_ens_ledger_flow_type' on 'silver/clean_ens_ledger' passed.
[32m2026-04-03 10:21:01 +0530[0m - dagster - [34mDEBUG[0m - __ASSET_JOB - 5c836380-3882-486c-aa25-a813febfe92c - 741599 - ens_dbt_assets - STEP_OUTPUT - Yielded output "silver__clean_ens_ledger_not_null_clean_ens_ledger_tx_date" of type "Any". (Type check passed).
[32m2026-04-03 10:21:02 +0530[0m - dagster - [34mDEBUG[0m - __ASSET_JOB - 5c836380-3882-486c-aa25-a813febfe92c - 741599 - ens_dbt_assets - ASSET_CHECK_EVALUATION - Asset check 'not_null_clean_ens_ledger_tx_date' on 'silver/clean_ens_ledger' passed.
[32m2026-04-03 10:21:02 +0530[0m - dagster - [34mDEBUG[0m - __ASSET_JOB - 5c836380-3882-486c-aa25-a813febfe92c - 741599 - ens_dbt_assets - STEP_OUTPUT - Yielded output "silver__clean_ens_ledger_not_null_clean_ens_ledger_tx_hash" of type "Any". (Type check passed).
[32m2026-04-03 10:21:04 +0530[0m - dagster - [34mDEBUG[0m - __ASSET_JOB - 5c836380-3882-486c-aa25-a813febfe92c - 741599 - ens_dbt_assets - ASSET_CHECK_EVALUATION - Asset check 'not_null_clean_ens_ledger_tx_hash' on 'silver/clean_ens_ledger' passed.
[32m2026-04-03 10:21:04 +0530[0m - dagster - [34mDEBUG[0m - __ASSET_JOB - 5c836380-3882-486c-aa25-a813febfe92c - 741599 - ens_dbt_assets - STEP_OUTPUT - Yielded output "silver__clean_ens_ledger_not_null_clean_ens_ledger_value_usd" of type "Any". (Type check passed).
[32m2026-04-03 10:21:06 +0530[0m - dagster - [34mDEBUG[0m - __ASSET_JOB - 5c836380-3882-486c-aa25-a813febfe92c - 741599 - ens_dbt_assets - ASSET_CHECK_EVALUATION - Asset check 'not_null_clean_ens_ledger_value_usd' on 'silver/clean_ens_ledger' passed.
[32m2026-04-03 10:21:07 +0530[0m - dagster - [34mDEBUG[0m - __ASSET_JOB - 5c836380-3882-486c-aa25-a813febfe92c - 741599 - ens_dbt_assets - STEP_OUTPUT - Yielded output "silver__clean_grants_accepted_values_clean_grants_working_group__meta_governance__ens_ecosystem__public_goods__providers" of type "Any". (Type check passed).
[32m2026-04-03 10:21:08 +0530[0m - dagster - [34mDEBUG[0m - __ASSET_JOB - 5c836380-3882-486c-aa25-a813febfe92c - 741599 - ens_dbt_assets - ASSET_CHECK_EVALUATION - Asset check 'accepted_values_clean_grants_working_group__meta_governance__ens_ecosystem__public_goods__providers' on 'silver/clean_grants' did not pass.
[32m2026-04-03 10:21:08 +0530[0m - dagster - [34mDEBUG[0m - __ASSET_JOB - 5c836380-3882-486c-aa25-a813febfe92c - 741599 - ens_dbt_assets - STEP_OUTPUT - Yielded output "silver__clean_grants_not_null_clean_grants_grant_id" of type "Any". (Type check passed).
[32m2026-04-03 10:21:09 +0530[0m - dagster - [34mDEBUG[0m - __ASSET_JOB - 5c836380-3882-486c-aa25-a813febfe92c - 741599 - ens_dbt_assets - ASSET_CHECK_EVALUATION - Asset check 'not_null_clean_grants_grant_id' on 'silver/clean_grants' passed.
[32m2026-04-03 10:21:09 +0530[0m - dagster - [34mDEBUG[0m - __ASSET_JOB - 5c836380-3882-486c-aa25-a813febfe92c - 741599 - ens_dbt_assets - STEP_OUTPUT - Yielded output "silver__clean_grants_unique_clean_grants_grant_id" of type "Any". (Type check passed).
[32m2026-04-03 10:21:10 +0530[0m - dagster - [34mDEBUG[0m - __ASSET_JOB - 5c836380-3882-486c-aa25-a813febfe92c - 741599 - ens_dbt_assets - ASSET_CHECK_EVALUATION - Asset check 'unique_clean_grants_grant_id' on 'silver/clean_grants' passed.
[32m2026-04-03 10:21:11 +0530[0m - dagster - [34mDEBUG[0m - __ASSET_JOB - 5c836380-3882-486c-aa25-a813febfe92c - 741599 - ens_dbt_assets - STEP_OUTPUT - Yielded output "silver__clean_snapshot_proposals_accepted_values_clean_snapshot_proposals_source__snapshot" of type "Any". (Type check passed).
[32m2026-04-03 10:21:12 +0530[0m - dagster - [34mDEBUG[0m - __ASSET_JOB - 5c836380-3882-486c-aa25-a813febfe92c - 741599 - ens_dbt_assets - ASSET_CHECK_EVALUATION - Asset check 'accepted_values_clean_snapshot_proposals_source__snapshot' on 'silver/clean_snapshot_proposals' passed.
[32m2026-04-03 10:21:12 +0530[0m - dagster - [34mDEBUG[0m - __ASSET_JOB - 5c836380-3882-486c-aa25-a813febfe92c - 741599 - ens_dbt_assets - STEP_OUTPUT - Yielded output "silver__clean_snapshot_proposals_accepted_values_clean_snapshot_proposals_status__active__closed__executed__defeated__pending__queued__cancelled" of type "Any". (Type check passed).
[32m2026-04-03 10:21:14 +0530[0m - dagster - [34mDEBUG[0m - __ASSET_JOB - 5c836380-3882-486c-aa25-a813febfe92c - 741599 - ens_dbt_assets - ASSET_CHECK_EVALUATION - Asset check 'accepted_values_clean_snapshot_proposals_status__active__closed__executed__defeated__pending__queued__cancelled' on 'silver/clean_snapshot_proposals' passed.
[32m2026-04-03 10:21:14 +0530[0m - dagster - [34mDEBUG[0m - __ASSET_JOB - 5c836380-3882-486c-aa25-a813febfe92c - 741599 - ens_dbt_assets - STEP_OUTPUT - Yielded output "silver__clean_snapshot_proposals_not_null_clean_snapshot_proposals_author_address" of type "Any". (Type check passed).
[32m2026-04-03 10:21:15 +0530[0m - dagster - [34mDEBUG[0m - __ASSET_JOB - 5c836380-3882-486c-aa25-a813febfe92c - 741599 - ens_dbt_assets - ASSET_CHECK_EVALUATION - Asset check 'not_null_clean_snapshot_proposals_author_address' on 'silver/clean_snapshot_proposals' passed.
[32m2026-04-03 10:21:16 +0530[0m - dagster - [34mDEBUG[0m - __ASSET_JOB - 5c836380-3882-486c-aa25-a813febfe92c - 741599 - ens_dbt_assets - STEP_OUTPUT - Yielded output "silver__clean_snapshot_proposals_not_null_clean_snapshot_proposals_proposal_id" of type "Any". (Type check passed).
[32m2026-04-03 10:21:17 +0530[0m - dagster - [34mDEBUG[0m - __ASSET_JOB - 5c836380-3882-486c-aa25-a813febfe92c - 741599 - ens_dbt_assets - ASSET_CHECK_EVALUATION - Asset check 'not_null_clean_snapshot_proposals_proposal_id' on 'silver/clean_snapshot_proposals' passed.
[32m2026-04-03 10:21:18 +0530[0m - dagster - [34mDEBUG[0m - __ASSET_JOB - 5c836380-3882-486c-aa25-a813febfe92c - 741599 - ens_dbt_assets - STEP_OUTPUT - Yielded output "silver__clean_snapshot_proposals_not_null_clean_snapshot_proposals_status" of type "Any". (Type check passed).
[32m2026-04-03 10:21:20 +0530[0m - dagster - [34mDEBUG[0m - __ASSET_JOB - 5c836380-3882-486c-aa25-a813febfe92c - 741599 - ens_dbt_assets - ASSET_CHECK_EVALUATION - Asset check 'not_null_clean_snapshot_proposals_status' on 'silver/clean_snapshot_proposals' passed.
[32m2026-04-03 10:21:20 +0530[0m - dagster - [34mDEBUG[0m - __ASSET_JOB - 5c836380-3882-486c-aa25-a813febfe92c - 741599 - ens_dbt_assets - STEP_OUTPUT - Yielded output "silver__clean_snapshot_proposals_unique_clean_snapshot_proposals_proposal_id" of type "Any". (Type check passed).
[32m2026-04-03 10:21:22 +0530[0m - dagster - [34mDEBUG[0m - __ASSET_JOB - 5c836380-3882-486c-aa25-a813febfe92c - 741599 - ens_dbt_assets - ASSET_CHECK_EVALUATION - Asset check 'unique_clean_snapshot_proposals_proposal_id' on 'silver/clean_snapshot_proposals' passed.
[32m2026-04-03 10:21:22 +0530[0m - dagster - [34mDEBUG[0m - __ASSET_JOB - 5c836380-3882-486c-aa25-a813febfe92c - 741599 - ens_dbt_assets - STEP_OUTPUT - Yielded output "silver__clean_snapshot_votes_accepted_values_clean_snapshot_votes_source__snapshot" of type "Any". (Type check passed).
[32m2026-04-03 10:21:24 +0530[0m - dagster - [34mDEBUG[0m - __ASSET_JOB - 5c836380-3882-486c-aa25-a813febfe92c - 741599 - ens_dbt_assets - ASSET_CHECK_EVALUATION - Asset check 'accepted_values_clean_snapshot_votes_source__snapshot' on 'silver/clean_snapshot_votes' passed.
[32m2026-04-03 10:21:24 +0530[0m - dagster - [34mDEBUG[0m - __ASSET_JOB - 5c836380-3882-486c-aa25-a813febfe92c - 741599 - ens_dbt_assets - STEP_OUTPUT - Yielded output "silver__clean_snapshot_votes_accepted_values_clean_snapshot_votes_vote_choice__for__against__abstain__unknown" of type "Any". (Type check passed).
[32m2026-04-03 10:21:25 +0530[0m - dagster - [34mDEBUG[0m - __ASSET_JOB - 5c836380-3882-486c-aa25-a813febfe92c - 741599 - ens_dbt_assets - ASSET_CHECK_EVALUATION - Asset check 'accepted_values_clean_snapshot_votes_vote_choice__for__against__abstain__unknown' on 'silver/clean_snapshot_votes' passed.
[32m2026-04-03 10:21:26 +0530[0m - dagster - [34mDEBUG[0m - __ASSET_JOB - 5c836380-3882-486c-aa25-a813febfe92c - 741599 - ens_dbt_assets - STEP_OUTPUT - Yielded output "silver__clean_snapshot_votes_not_null_clean_snapshot_votes_vote_choice" of type "Any". (Type check passed).
[32m2026-04-03 10:21:27 +0530[0m - dagster - [34mDEBUG[0m - __ASSET_JOB - 5c836380-3882-486c-aa25-a813febfe92c - 741599 - ens_dbt_assets - ASSET_CHECK_EVALUATION - Asset check 'not_null_clean_snapshot_votes_vote_choice' on 'silver/clean_snapshot_votes' passed.
[32m2026-04-03 10:21:27 +0530[0m - dagster - [34mDEBUG[0m - __ASSET_JOB - 5c836380-3882-486c-aa25-a813febfe92c - 741599 - ens_dbt_assets - STEP_OUTPUT - Yielded output "silver__clean_snapshot_votes_not_null_clean_snapshot_votes_vote_id" of type "Any". (Type check passed).
[32m2026-04-03 10:21:29 +0530[0m - dagster - [34mDEBUG[0m - __ASSET_JOB - 5c836380-3882-486c-aa25-a813febfe92c - 741599 - ens_dbt_assets - ASSET_CHECK_EVALUATION - Asset check 'not_null_clean_snapshot_votes_vote_id' on 'silver/clean_snapshot_votes' passed.
[32m2026-04-03 10:21:29 +0530[0m - dagster - [34mDEBUG[0m - __ASSET_JOB - 5c836380-3882-486c-aa25-a813febfe92c - 741599 - ens_dbt_assets - STEP_OUTPUT - Yielded output "silver__clean_snapshot_votes_not_null_clean_snapshot_votes_voter" of type "Any". (Type check passed).
[32m2026-04-03 10:21:31 +0530[0m - dagster - [34mDEBUG[0m - __ASSET_JOB - 5c836380-3882-486c-aa25-a813febfe92c - 741599 - ens_dbt_assets - ASSET_CHECK_EVALUATION - Asset check 'not_null_clean_snapshot_votes_voter' on 'silver/clean_snapshot_votes' passed.
[32m2026-04-03 10:21:31 +0530[0m - dagster - [34mDEBUG[0m - __ASSET_JOB - 5c836380-3882-486c-aa25-a813febfe92c - 741599 - ens_dbt_assets - STEP_OUTPUT - Yielded output "silver__clean_snapshot_votes_unique_clean_snapshot_votes_vote_id" of type "Any". (Type check passed).
[32m2026-04-03 10:21:32 +0530[0m - dagster - [34mDEBUG[0m - __ASSET_JOB - 5c836380-3882-486c-aa25-a813febfe92c - 741599 - ens_dbt_assets - ASSET_CHECK_EVALUATION - Asset check 'unique_clean_snapshot_votes_vote_id' on 'silver/clean_snapshot_votes' passed.
[32m2026-04-03 10:21:33 +0530[0m - dagster - [34mDEBUG[0m - __ASSET_JOB - 5c836380-3882-486c-aa25-a813febfe92c - 741599 - ens_dbt_assets - STEP_OUTPUT - Yielded output "silver__clean_tally_delegates_not_null_clean_tally_delegates_address" of type "Any". (Type check passed).
[32m2026-04-03 10:21:33 +0530[0m - dagster - [34mDEBUG[0m - __ASSET_JOB - 5c836380-3882-486c-aa25-a813febfe92c - 741599 - ens_dbt_assets - ASSET_CHECK_EVALUATION - Asset check 'not_null_clean_tally_delegates_address' on 'silver/clean_tally_delegates' passed.
[32m2026-04-03 10:21:34 +0530[0m - dagster - [34mDEBUG[0m - __ASSET_JOB - 5c836380-3882-486c-aa25-a813febfe92c - 741599 - ens_dbt_assets - STEP_OUTPUT - Yielded output "silver__clean_tally_delegates_unique_clean_tally_delegates_address" of type "Any". (Type check passed).
[32m2026-04-03 10:21:35 +0530[0m - dagster - [34mDEBUG[0m - __ASSET_JOB - 5c836380-3882-486c-aa25-a813febfe92c - 741599 - ens_dbt_assets - ASSET_CHECK_EVALUATION - Asset check 'unique_clean_tally_delegates_address' on 'silver/clean_tally_delegates' passed.
[32m2026-04-03 10:21:36 +0530[0m - dagster - [34mDEBUG[0m - __ASSET_JOB - 5c836380-3882-486c-aa25-a813febfe92c - 741599 - ens_dbt_assets - STEP_OUTPUT - Yielded output "silver__clean_tally_proposals_accepted_values_clean_tally_proposals_source__tally" of type "Any". (Type check passed).
[32m2026-04-03 10:21:37 +0530[0m - dagster - [34mDEBUG[0m - __ASSET_JOB - 5c836380-3882-486c-aa25-a813febfe92c - 741599 - ens_dbt_assets - ASSET_CHECK_EVALUATION - Asset check 'accepted_values_clean_tally_proposals_source__tally' on 'silver/clean_tally_proposals' passed.
[32m2026-04-03 10:21:38 +0530[0m - dagster - [34mDEBUG[0m - __ASSET_JOB - 5c836380-3882-486c-aa25-a813febfe92c - 741599 - ens_dbt_assets - STEP_OUTPUT - Yielded output "silver__clean_tally_proposals_accepted_values_clean_tally_proposals_status__active__closed__executed__defeated__pending__queued__cancelled" of type "Any". (Type check passed).
[32m2026-04-03 10:21:40 +0530[0m - dagster - [34mDEBUG[0m - __ASSET_JOB - 5c836380-3882-486c-aa25-a813febfe92c - 741599 - ens_dbt_assets - ASSET_CHECK_EVALUATION - Asset check 'accepted_values_clean_tally_proposals_status__active__closed__executed__defeated__pending__queued__cancelled' on 'silver/clean_tally_proposals' passed.
[32m2026-04-03 10:21:41 +0530[0m - dagster - [34mDEBUG[0m - __ASSET_JOB - 5c836380-3882-486c-aa25-a813febfe92c - 741599 - ens_dbt_assets - STEP_OUTPUT - Yielded output "silver__clean_tally_proposals_not_null_clean_tally_proposals_proposal_id" of type "Any". (Type check passed).
[32m2026-04-03 10:21:42 +0530[0m - dagster - [34mDEBUG[0m - __ASSET_JOB - 5c836380-3882-486c-aa25-a813febfe92c - 741599 - ens_dbt_assets - ASSET_CHECK_EVALUATION - Asset check 'not_null_clean_tally_proposals_proposal_id' on 'silver/clean_tally_proposals' passed.
[32m2026-04-03 10:21:42 +0530[0m - dagster - [34mDEBUG[0m - __ASSET_JOB - 5c836380-3882-486c-aa25-a813febfe92c - 741599 - ens_dbt_assets - STEP_OUTPUT - Yielded output "silver__clean_tally_proposals_not_null_clean_tally_proposals_status" of type "Any". (Type check passed).
[32m2026-04-03 10:21:44 +0530[0m - dagster - [34mDEBUG[0m - __ASSET_JOB - 5c836380-3882-486c-aa25-a813febfe92c - 741599 - ens_dbt_assets - ASSET_CHECK_EVALUATION - Asset check 'not_null_clean_tally_proposals_status' on 'silver/clean_tally_proposals' passed.
[32m2026-04-03 10:21:44 +0530[0m - dagster - [34mDEBUG[0m - __ASSET_JOB - 5c836380-3882-486c-aa25-a813febfe92c - 741599 - ens_dbt_assets - STEP_OUTPUT - Yielded output "silver__clean_tally_proposals_unique_clean_tally_proposals_proposal_id" of type "Any". (Type check passed).
[32m2026-04-03 10:21:45 +0530[0m - dagster - [34mDEBUG[0m - __ASSET_JOB - 5c836380-3882-486c-aa25-a813febfe92c - 741599 - ens_dbt_assets - ASSET_CHECK_EVALUATION - Asset check 'unique_clean_tally_proposals_proposal_id' on 'silver/clean_tally_proposals' passed.
[32m2026-04-03 10:21:46 +0530[0m - dagster - [34mDEBUG[0m - __ASSET_JOB - 5c836380-3882-486c-aa25-a813febfe92c - 741599 - ens_dbt_assets - STEP_OUTPUT - Yielded output "silver__clean_tally_votes_accepted_values_clean_tally_votes_source__tally" of type "Any". (Type check passed).
[32m2026-04-03 10:21:47 +0530[0m - dagster - [34mDEBUG[0m - __ASSET_JOB - 5c836380-3882-486c-aa25-a813febfe92c - 741599 - ens_dbt_assets - ASSET_CHECK_EVALUATION - Asset check 'accepted_values_clean_tally_votes_source__tally' on 'silver/clean_tally_votes' passed.
[32m2026-04-03 10:21:47 +0530[0m - dagster - [34mDEBUG[0m - __ASSET_JOB - 5c836380-3882-486c-aa25-a813febfe92c - 741599 - ens_dbt_assets - STEP_OUTPUT - Yielded output "silver__clean_tally_votes_accepted_values_clean_tally_votes_vote_choice__for__against__abstain__unknown" of type "Any". (Type check passed).
[32m2026-04-03 10:21:48 +0530[0m - dagster - [34mDEBUG[0m - __ASSET_JOB - 5c836380-3882-486c-aa25-a813febfe92c - 741599 - ens_dbt_assets - ASSET_CHECK_EVALUATION - Asset check 'accepted_values_clean_tally_votes_vote_choice__for__against__abstain__unknown' on 'silver/clean_tally_votes' passed.
[32m2026-04-03 10:21:49 +0530[0m - dagster - [34mDEBUG[0m - __ASSET_JOB - 5c836380-3882-486c-aa25-a813febfe92c - 741599 - ens_dbt_assets - STEP_OUTPUT - Yielded output "silver__clean_tally_votes_not_null_clean_tally_votes_vote_choice" of type "Any". (Type check passed).
[32m2026-04-03 10:21:50 +0530[0m - dagster - [34mDEBUG[0m - __ASSET_JOB - 5c836380-3882-486c-aa25-a813febfe92c - 741599 - ens_dbt_assets - ASSET_CHECK_EVALUATION - Asset check 'not_null_clean_tally_votes_vote_choice' on 'silver/clean_tally_votes' passed.
[32m2026-04-03 10:21:50 +0530[0m - dagster - [34mDEBUG[0m - __ASSET_JOB - 5c836380-3882-486c-aa25-a813febfe92c - 741599 - ens_dbt_assets - STEP_OUTPUT - Yielded output "silver__clean_tally_votes_not_null_clean_tally_votes_vote_id" of type "Any". (Type check passed).
[32m2026-04-03 10:21:52 +0530[0m - dagster - [34mDEBUG[0m - __ASSET_JOB - 5c836380-3882-486c-aa25-a813febfe92c - 741599 - ens_dbt_assets - ASSET_CHECK_EVALUATION - Asset check 'not_null_clean_tally_votes_vote_id' on 'silver/clean_tally_votes' passed.
[32m2026-04-03 10:21:52 +0530[0m - dagster - [34mDEBUG[0m - __ASSET_JOB - 5c836380-3882-486c-aa25-a813febfe92c - 741599 - ens_dbt_assets - STEP_OUTPUT - Yielded output "silver__clean_tally_votes_not_null_clean_tally_votes_voter" of type "Any". (Type check passed).
[32m2026-04-03 10:21:54 +0530[0m - dagster - [34mDEBUG[0m - __ASSET_JOB - 5c836380-3882-486c-aa25-a813febfe92c - 741599 - ens_dbt_assets - ASSET_CHECK_EVALUATION - Asset check 'not_null_clean_tally_votes_voter' on 'silver/clean_tally_votes' passed.
[32m2026-04-03 10:21:54 +0530[0m - dagster - [34mDEBUG[0m - __ASSET_JOB - 5c836380-3882-486c-aa25-a813febfe92c - 741599 - ens_dbt_assets - STEP_OUTPUT - Yielded output "silver__clean_tally_votes_unique_clean_tally_votes_vote_id" of type "Any". (Type check passed).
[32m2026-04-03 10:21:55 +0530[0m - dagster - [34mDEBUG[0m - __ASSET_JOB - 5c836380-3882-486c-aa25-a813febfe92c - 741599 - ens_dbt_assets - ASSET_CHECK_EVALUATION - Asset check 'unique_clean_tally_votes_vote_id' on 'silver/clean_tally_votes' passed.
[32m2026-04-03 10:21:56 +0530[0m - dagster - [34mDEBUG[0m - __ASSET_JOB - 5c836380-3882-486c-aa25-a813febfe92c - 741599 - ens_dbt_assets - STEP_OUTPUT - Yielded output "silver__clean_token_distribution_not_null_clean_token_distribution_address" of type "Any". (Type check passed).
[32m2026-04-03 10:21:57 +0530[0m - dagster - [34mDEBUG[0m - __ASSET_JOB - 5c836380-3882-486c-aa25-a813febfe92c - 741599 - ens_dbt_assets - ASSET_CHECK_EVALUATION - Asset check 'not_null_clean_token_distribution_address' on 'silver/clean_token_distribution' passed.
[32m2026-04-03 10:21:57 +0530[0m - dagster - [34mDEBUG[0m - __ASSET_JOB - 5c836380-3882-486c-aa25-a813febfe92c - 741599 - ens_dbt_assets - STEP_OUTPUT - Yielded output "silver__clean_token_distribution_unique_clean_token_distribution_address" of type "Any". (Type check passed).
[32m2026-04-03 10:21:58 +0530[0m - dagster - [34mDEBUG[0m - __ASSET_JOB - 5c836380-3882-486c-aa25-a813febfe92c - 741599 - ens_dbt_assets - ASSET_CHECK_EVALUATION - Asset check 'unique_clean_token_distribution_address' on 'silver/clean_token_distribution' passed.
[32m2026-04-03 10:21:58 +0530[0m - dagster - [34mDEBUG[0m - __ASSET_JOB - 5c836380-3882-486c-aa25-a813febfe92c - 741599 - ens_dbt_assets - STEP_OUTPUT - Yielded output "silver__clean_treasury_flows_not_null_clean_treasury_flows_tx_hash" of type "Any". (Type check passed).
[32m2026-04-03 10:22:00 +0530[0m - dagster - [34mDEBUG[0m - __ASSET_JOB - 5c836380-3882-486c-aa25-a813febfe92c - 741599 - ens_dbt_assets - ASSET_CHECK_EVALUATION - Asset check 'not_null_clean_treasury_flows_tx_hash' on 'silver/clean_treasury_flows' passed.
[32m2026-04-03 10:22:01 +0530[0m - dagster - [34mDEBUG[0m - __ASSET_JOB - 5c836380-3882-486c-aa25-a813febfe92c - 741599 - ens_dbt_assets - STEP_OUTPUT - Yielded output "silver__clean_treasury_flows_unique_clean_treasury_flows_tx_hash" of type "Any". (Type check passed).
[32m2026-04-03 10:22:01 +0530[0m - dagster - [34mDEBUG[0m - __ASSET_JOB - 5c836380-3882-486c-aa25-a813febfe92c - 741599 - ens_dbt_assets - ASSET_CHECK_EVALUATION - Asset check 'unique_clean_treasury_flows_tx_hash' on 'silver/clean_treasury_flows' passed.
[32m2026-04-03 10:22:02 +0530[0m - dagster - [34mDEBUG[0m - __ASSET_JOB - 5c836380-3882-486c-aa25-a813febfe92c - 741599 - ens_dbt_assets - STEP_OUTPUT - Yielded output "silver__address_crosswalk" of type "Nothing". (Type check passed).
[32m2026-04-03 10:22:03 +0530[0m - dagster - [34mDEBUG[0m - __ASSET_JOB - 5c836380-3882-486c-aa25-a813febfe92c - 741599 - ens_dbt_assets - ASSET_MATERIALIZATION - Materialized value silver address_crosswalk.
[32m2026-04-03 10:22:04 +0530[0m - dagster - [34mDEBUG[0m - __ASSET_JOB - 5c836380-3882-486c-aa25-a813febfe92c - 741599 - ens_dbt_assets - STEP_OUTPUT - Yielded output "silver__address_crosswalk_not_null_address_crosswalk_address" of type "Any". (Type check passed).
[32m2026-04-03 10:22:05 +0530[0m - dagster - [34mDEBUG[0m - __ASSET_JOB - 5c836380-3882-486c-aa25-a813febfe92c - 741599 - ens_dbt_assets - ASSET_CHECK_EVALUATION - Asset check 'not_null_address_crosswalk_address' on 'silver/address_crosswalk' passed.
[32m2026-04-03 10:22:06 +0530[0m - dagster - [34mDEBUG[0m - __ASSET_JOB - 5c836380-3882-486c-aa25-a813febfe92c - 741599 - ens_dbt_assets - STEP_OUTPUT - Yielded output "silver__address_crosswalk_unique_address_crosswalk_address" of type "Any". (Type check passed).
[32m2026-04-03 10:22:07 +0530[0m - dagster - [34mDEBUG[0m - __ASSET_JOB - 5c836380-3882-486c-aa25-a813febfe92c - 741599 - ens_dbt_assets - ASSET_CHECK_EVALUATION - Asset check 'unique_address_crosswalk_address' on 'silver/address_crosswalk' passed.
[32m2026-04-03 10:22:07 +0530[0m - dagster - [34mINFO[0m - __ASSET_JOB - 5c836380-3882-486c-aa25-a813febfe92c - ens_dbt_assets - Finished dbt command: `dbt build --exclude stg_oso_ens_timeseries+ --select ens_retro.silver.clean_compensation ens_retro.silver.clean_tally_proposals ens_retro.silver.clean_treasury_flows ens_retro.silver.clean_grants ens_retro.silver.clean_ens_ledger ens_retro.silver.address_crosswalk ens_retro.silver.clean_snapshot_votes ens_retro.silver.clean_tally_votes ens_retro.silver.clean_delegations ens_retro.silver.clean_token_distribution ens_retro.silver.clean_tally_delegates ens_retro.silver.clean_snapshot_proposals`.
[32m2026-04-03 10:22:08 +0530[0m - dagster - [34mDEBUG[0m - __ASSET_JOB - 5c836380-3882-486c-aa25-a813febfe92c - 741599 - ens_dbt_assets - STEP_SUCCESS - Finished execution of step "ens_dbt_assets" in 2m19s.
