[32m2026-04-03 13:46:16 +0530[0m - dagster - [34mDEBUG[0m - __ASSET_JOB - 7d5fa388-5181-44b9-8ed3-7abfbd008ef1 - 807865 - LOGS_CAPTURED - Started capturing logs in process (pid: 807865).
[32m2026-04-03 13:46:16 +0530[0m - dagster - [34mDEBUG[0m - __ASSET_JOB - 7d5fa388-5181-44b9-8ed3-7abfbd008ef1 - 807865 - ens_dbt_assets - STEP_START - Started execution of step "ens_dbt_assets".
/home/torch/.local/lib/python3.10/site-packages/dagster_dbt/asset_utils.py:497: DeprecationWarning: AssetExecutionContext.op is deprecated and will be removed in a future release. You have called the deprecated method op on AssetExecutionContext. Use context.op_execution_context.op instead.
/home/torch/.local/lib/python3.10/site-packages/dagster_dbt/asset_utils.py:498: DeprecationWarning: AssetExecutionContext.op is deprecated and will be removed in a future release. You have called the deprecated method op on AssetExecutionContext. Use context.op_execution_context.op instead.
/home/torch/.local/lib/python3.10/site-packages/dagster_dbt/asset_utils.py:499: DeprecationWarning: AssetExecutionContext.op is deprecated and will be removed in a future release. You have called the deprecated method op on AssetExecutionContext. Use context.op_execution_context.op instead.
[32m2026-04-03 13:46:17 +0530[0m - dagster - [34mINFO[0m - __ASSET_JOB - 7d5fa388-5181-44b9-8ed3-7abfbd008ef1 - ens_dbt_assets - A dbt subsetted execution is being performed. Overriding default dbt selection arguments `['--select', 'fqn:*']` with arguments: `['ens_retro.gold.decentralization_index', 'ens_retro.gold.participation_index', 'ens_retro.gold.treasury_summary', 'ens_retro.gold.delegate_scorecard', 'ens_retro.gold.governance_activity']`.
[32m2026-04-03 13:46:31 +0530[0m - dagster - [34mINFO[0m - __ASSET_JOB - 7d5fa388-5181-44b9-8ed3-7abfbd008ef1 - ens_dbt_assets - Copying `/home/torch/ENS-Retro-Data/infra/dbt/target/partial_parse.msgpack` to `/home/torch/ENS-Retro-Data/infra/dbt/target/ens_dbt_assets-7d5fa38-301b235/partial_parse.msgpack` to take advantage of partial parsing.
[32m2026-04-03 13:46:31 +0530[0m - dagster - [34mINFO[0m - __ASSET_JOB - 7d5fa388-5181-44b9-8ed3-7abfbd008ef1 - ens_dbt_assets - Running dbt command: `dbt build --select ens_retro.gold.decentralization_index ens_retro.gold.participation_index ens_retro.gold.treasury_summary ens_retro.gold.delegate_scorecard ens_retro.gold.governance_activity`.
[32m2026-04-03 13:46:40 +0530[0m - dagster - [34mDEBUG[0m - __ASSET_JOB - 7d5fa388-5181-44b9-8ed3-7abfbd008ef1 - 807865 - ens_dbt_assets - STEP_OUTPUT - Yielded output "gold__governance_activity" of type "Nothing". (Type check passed).
[32m2026-04-03 13:46:41 +0530[0m - dagster - [34mDEBUG[0m - __ASSET_JOB - 7d5fa388-5181-44b9-8ed3-7abfbd008ef1 - 807865 - ens_dbt_assets - ASSET_MATERIALIZATION - Materialized value gold governance_activity.
[32m2026-04-03 13:46:42 +0530[0m - dagster - [34mDEBUG[0m - __ASSET_JOB - 7d5fa388-5181-44b9-8ed3-7abfbd008ef1 - 807865 - ens_dbt_assets - STEP_OUTPUT - Yielded output "gold__treasury_summary" of type "Nothing". (Type check passed).
[32m2026-04-03 13:46:44 +0530[0m - dagster - [34mDEBUG[0m - __ASSET_JOB - 7d5fa388-5181-44b9-8ed3-7abfbd008ef1 - 807865 - ens_dbt_assets - ASSET_MATERIALIZATION - Materialized value gold treasury_summary.
[32m2026-04-03 13:46:44 +0530[0m - dagster - [34mDEBUG[0m - __ASSET_JOB - 7d5fa388-5181-44b9-8ed3-7abfbd008ef1 - 807865 - ens_dbt_assets - STEP_OUTPUT - Yielded output "gold__governance_activity_accepted_values_governance_activity_source__snapshot__tally" of type "Any". (Type check passed).
[32m2026-04-03 13:46:46 +0530[0m - dagster - [34mDEBUG[0m - __ASSET_JOB - 7d5fa388-5181-44b9-8ed3-7abfbd008ef1 - 807865 - ens_dbt_assets - ASSET_CHECK_EVALUATION - Asset check 'accepted_values_governance_activity_source__snapshot__tally' on 'gold/governance_activity' passed.
[32m2026-04-03 13:46:47 +0530[0m - dagster - [34mDEBUG[0m - __ASSET_JOB - 7d5fa388-5181-44b9-8ed3-7abfbd008ef1 - 807865 - ens_dbt_assets - STEP_OUTPUT - Yielded output "gold__governance_activity_assert_governance_activity_has_both_sources" of type "Any". (Type check passed).
[32m2026-04-03 13:46:48 +0530[0m - dagster - [34mDEBUG[0m - __ASSET_JOB - 7d5fa388-5181-44b9-8ed3-7abfbd008ef1 - 807865 - ens_dbt_assets - ASSET_CHECK_EVALUATION - Asset check 'assert_governance_activity_has_both_sources' on 'gold/governance_activity' passed.
[32m2026-04-03 13:46:48 +0530[0m - dagster - [34mDEBUG[0m - __ASSET_JOB - 7d5fa388-5181-44b9-8ed3-7abfbd008ef1 - 807865 - ens_dbt_assets - STEP_OUTPUT - Yielded output "gold__governance_activity_not_null_governance_activity_proposal_id" of type "Any". (Type check passed).
[32m2026-04-03 13:46:50 +0530[0m - dagster - [34mDEBUG[0m - __ASSET_JOB - 7d5fa388-5181-44b9-8ed3-7abfbd008ef1 - 807865 - ens_dbt_assets - ASSET_CHECK_EVALUATION - Asset check 'not_null_governance_activity_proposal_id' on 'gold/governance_activity' passed.
[32m2026-04-03 13:46:51 +0530[0m - dagster - [34mDEBUG[0m - __ASSET_JOB - 7d5fa388-5181-44b9-8ed3-7abfbd008ef1 - 807865 - ens_dbt_assets - STEP_OUTPUT - Yielded output "gold__governance_activity_not_null_governance_activity_source" of type "Any". (Type check passed).
[32m2026-04-03 13:46:52 +0530[0m - dagster - [34mDEBUG[0m - __ASSET_JOB - 7d5fa388-5181-44b9-8ed3-7abfbd008ef1 - 807865 - ens_dbt_assets - ASSET_CHECK_EVALUATION - Asset check 'not_null_governance_activity_source' on 'gold/governance_activity' passed.
[32m2026-04-03 13:46:53 +0530[0m - dagster - [34mDEBUG[0m - __ASSET_JOB - 7d5fa388-5181-44b9-8ed3-7abfbd008ef1 - 807865 - ens_dbt_assets - STEP_OUTPUT - Yielded output "gold__governance_activity_not_null_governance_activity_title" of type "Any". (Type check passed).
[32m2026-04-03 13:46:54 +0530[0m - dagster - [34mDEBUG[0m - __ASSET_JOB - 7d5fa388-5181-44b9-8ed3-7abfbd008ef1 - 807865 - ens_dbt_assets - ASSET_CHECK_EVALUATION - Asset check 'not_null_governance_activity_title' on 'gold/governance_activity' passed.
[32m2026-04-03 13:46:54 +0530[0m - dagster - [34mDEBUG[0m - __ASSET_JOB - 7d5fa388-5181-44b9-8ed3-7abfbd008ef1 - 807865 - ens_dbt_assets - STEP_OUTPUT - Yielded output "gold__governance_activity_unique_governance_activity_proposal_id" of type "Any". (Type check passed).
[32m2026-04-03 13:46:56 +0530[0m - dagster - [34mDEBUG[0m - __ASSET_JOB - 7d5fa388-5181-44b9-8ed3-7abfbd008ef1 - 807865 - ens_dbt_assets - ASSET_CHECK_EVALUATION - Asset check 'unique_governance_activity_proposal_id' on 'gold/governance_activity' passed.
[32m2026-04-03 13:46:56 +0530[0m - dagster - [34mDEBUG[0m - __ASSET_JOB - 7d5fa388-5181-44b9-8ed3-7abfbd008ef1 - 807865 - ens_dbt_assets - STEP_OUTPUT - Yielded output "gold__treasury_summary_not_null_treasury_summary_category" of type "Any". (Type check passed).
[32m2026-04-03 13:46:57 +0530[0m - dagster - [34mDEBUG[0m - __ASSET_JOB - 7d5fa388-5181-44b9-8ed3-7abfbd008ef1 - 807865 - ens_dbt_assets - ASSET_CHECK_EVALUATION - Asset check 'not_null_treasury_summary_category' on 'gold/treasury_summary' passed.
[32m2026-04-03 13:46:57 +0530[0m - dagster - [34mDEBUG[0m - __ASSET_JOB - 7d5fa388-5181-44b9-8ed3-7abfbd008ef1 - 807865 - ens_dbt_assets - STEP_OUTPUT - Yielded output "gold__treasury_summary_not_null_treasury_summary_inflows_usd" of type "Any". (Type check passed).
[32m2026-04-03 13:46:58 +0530[0m - dagster - [34mDEBUG[0m - __ASSET_JOB - 7d5fa388-5181-44b9-8ed3-7abfbd008ef1 - 807865 - ens_dbt_assets - ASSET_CHECK_EVALUATION - Asset check 'not_null_treasury_summary_inflows_usd' on 'gold/treasury_summary' passed.
[32m2026-04-03 13:46:58 +0530[0m - dagster - [34mDEBUG[0m - __ASSET_JOB - 7d5fa388-5181-44b9-8ed3-7abfbd008ef1 - 807865 - ens_dbt_assets - STEP_OUTPUT - Yielded output "gold__treasury_summary_not_null_treasury_summary_internal_transfer_usd" of type "Any". (Type check passed).
[32m2026-04-03 13:46:58 +0530[0m - dagster - [34mDEBUG[0m - __ASSET_JOB - 7d5fa388-5181-44b9-8ed3-7abfbd008ef1 - 807865 - ens_dbt_assets - ASSET_CHECK_EVALUATION - Asset check 'not_null_treasury_summary_internal_transfer_usd' on 'gold/treasury_summary' passed.
[32m2026-04-03 13:46:59 +0530[0m - dagster - [34mDEBUG[0m - __ASSET_JOB - 7d5fa388-5181-44b9-8ed3-7abfbd008ef1 - 807865 - ens_dbt_assets - STEP_OUTPUT - Yielded output "gold__treasury_summary_not_null_treasury_summary_net_usd" of type "Any". (Type check passed).
[32m2026-04-03 13:47:00 +0530[0m - dagster - [34mDEBUG[0m - __ASSET_JOB - 7d5fa388-5181-44b9-8ed3-7abfbd008ef1 - 807865 - ens_dbt_assets - ASSET_CHECK_EVALUATION - Asset check 'not_null_treasury_summary_net_usd' on 'gold/treasury_summary' passed.
[32m2026-04-03 13:47:00 +0530[0m - dagster - [34mDEBUG[0m - __ASSET_JOB - 7d5fa388-5181-44b9-8ed3-7abfbd008ef1 - 807865 - ens_dbt_assets - STEP_OUTPUT - Yielded output "gold__treasury_summary_not_null_treasury_summary_outflows_usd" of type "Any". (Type check passed).
[32m2026-04-03 13:47:01 +0530[0m - dagster - [34mDEBUG[0m - __ASSET_JOB - 7d5fa388-5181-44b9-8ed3-7abfbd008ef1 - 807865 - ens_dbt_assets - ASSET_CHECK_EVALUATION - Asset check 'not_null_treasury_summary_outflows_usd' on 'gold/treasury_summary' passed.
[32m2026-04-03 13:47:02 +0530[0m - dagster - [34mDEBUG[0m - __ASSET_JOB - 7d5fa388-5181-44b9-8ed3-7abfbd008ef1 - 807865 - ens_dbt_assets - STEP_OUTPUT - Yielded output "gold__treasury_summary_not_null_treasury_summary_period" of type "Any". (Type check passed).
[32m2026-04-03 13:47:03 +0530[0m - dagster - [34mDEBUG[0m - __ASSET_JOB - 7d5fa388-5181-44b9-8ed3-7abfbd008ef1 - 807865 - ens_dbt_assets - ASSET_CHECK_EVALUATION - Asset check 'not_null_treasury_summary_period' on 'gold/treasury_summary' passed.
[32m2026-04-03 13:47:04 +0530[0m - dagster - [34mDEBUG[0m - __ASSET_JOB - 7d5fa388-5181-44b9-8ed3-7abfbd008ef1 - 807865 - ens_dbt_assets - STEP_OUTPUT - Yielded output "gold__delegate_scorecard" of type "Nothing". (Type check passed).
[32m2026-04-03 13:47:06 +0530[0m - dagster - [34mDEBUG[0m - __ASSET_JOB - 7d5fa388-5181-44b9-8ed3-7abfbd008ef1 - 807865 - ens_dbt_assets - ASSET_MATERIALIZATION - Materialized value gold delegate_scorecard.
[32m2026-04-03 13:47:06 +0530[0m - dagster - [34mDEBUG[0m - __ASSET_JOB - 7d5fa388-5181-44b9-8ed3-7abfbd008ef1 - 807865 - ens_dbt_assets - STEP_OUTPUT - Yielded output "gold__delegate_scorecard_not_null_delegate_scorecard_address" of type "Any". (Type check passed).
[32m2026-04-03 13:47:07 +0530[0m - dagster - [34mDEBUG[0m - __ASSET_JOB - 7d5fa388-5181-44b9-8ed3-7abfbd008ef1 - 807865 - ens_dbt_assets - ASSET_CHECK_EVALUATION - Asset check 'not_null_delegate_scorecard_address' on 'gold/delegate_scorecard' passed.
[32m2026-04-03 13:47:07 +0530[0m - dagster - [34mDEBUG[0m - __ASSET_JOB - 7d5fa388-5181-44b9-8ed3-7abfbd008ef1 - 807865 - ens_dbt_assets - STEP_OUTPUT - Yielded output "gold__delegate_scorecard_not_null_delegate_scorecard_voting_power" of type "Any". (Type check passed).
[32m2026-04-03 13:47:09 +0530[0m - dagster - [34mDEBUG[0m - __ASSET_JOB - 7d5fa388-5181-44b9-8ed3-7abfbd008ef1 - 807865 - ens_dbt_assets - ASSET_CHECK_EVALUATION - Asset check 'not_null_delegate_scorecard_voting_power' on 'gold/delegate_scorecard' passed.
[32m2026-04-03 13:47:09 +0530[0m - dagster - [34mDEBUG[0m - __ASSET_JOB - 7d5fa388-5181-44b9-8ed3-7abfbd008ef1 - 807865 - ens_dbt_assets - STEP_OUTPUT - Yielded output "gold__delegate_scorecard_unique_delegate_scorecard_address" of type "Any". (Type check passed).
[32m2026-04-03 13:47:10 +0530[0m - dagster - [34mDEBUG[0m - __ASSET_JOB - 7d5fa388-5181-44b9-8ed3-7abfbd008ef1 - 807865 - ens_dbt_assets - ASSET_CHECK_EVALUATION - Asset check 'unique_delegate_scorecard_address' on 'gold/delegate_scorecard' passed.
[32m2026-04-03 13:47:11 +0530[0m - dagster - [34mDEBUG[0m - __ASSET_JOB - 7d5fa388-5181-44b9-8ed3-7abfbd008ef1 - 807865 - ens_dbt_assets - STEP_OUTPUT - Yielded output "gold__decentralization_index" of type "Nothing". (Type check passed).
[32m2026-04-03 13:47:12 +0530[0m - dagster - [34mDEBUG[0m - __ASSET_JOB - 7d5fa388-5181-44b9-8ed3-7abfbd008ef1 - 807865 - ens_dbt_assets - ASSET_MATERIALIZATION - Materialized value gold decentralization_index.
[32m2026-04-03 13:47:13 +0530[0m - dagster - [34mDEBUG[0m - __ASSET_JOB - 7d5fa388-5181-44b9-8ed3-7abfbd008ef1 - 807865 - ens_dbt_assets - STEP_OUTPUT - Yielded output "gold__participation_index" of type "Nothing". (Type check passed).
[32m2026-04-03 13:47:14 +0530[0m - dagster - [34mDEBUG[0m - __ASSET_JOB - 7d5fa388-5181-44b9-8ed3-7abfbd008ef1 - 807865 - ens_dbt_assets - ASSET_MATERIALIZATION - Materialized value gold participation_index.
[32m2026-04-03 13:47:14 +0530[0m - dagster - [34mDEBUG[0m - __ASSET_JOB - 7d5fa388-5181-44b9-8ed3-7abfbd008ef1 - 807865 - ens_dbt_assets - STEP_OUTPUT - Yielded output "gold__decentralization_index_not_null_decentralization_index_metric" of type "Any". (Type check passed).
[32m2026-04-03 13:47:15 +0530[0m - dagster - [34mDEBUG[0m - __ASSET_JOB - 7d5fa388-5181-44b9-8ed3-7abfbd008ef1 - 807865 - ens_dbt_assets - ASSET_CHECK_EVALUATION - Asset check 'not_null_decentralization_index_metric' on 'gold/decentralization_index' passed.
[32m2026-04-03 13:47:16 +0530[0m - dagster - [34mDEBUG[0m - __ASSET_JOB - 7d5fa388-5181-44b9-8ed3-7abfbd008ef1 - 807865 - ens_dbt_assets - STEP_OUTPUT - Yielded output "gold__decentralization_index_not_null_decentralization_index_value" of type "Any". (Type check passed).
[32m2026-04-03 13:47:17 +0530[0m - dagster - [34mDEBUG[0m - __ASSET_JOB - 7d5fa388-5181-44b9-8ed3-7abfbd008ef1 - 807865 - ens_dbt_assets - ASSET_CHECK_EVALUATION - Asset check 'not_null_decentralization_index_value' on 'gold/decentralization_index' passed.
[32m2026-04-03 13:47:17 +0530[0m - dagster - [34mDEBUG[0m - __ASSET_JOB - 7d5fa388-5181-44b9-8ed3-7abfbd008ef1 - 807865 - ens_dbt_assets - STEP_OUTPUT - Yielded output "gold__decentralization_index_unique_decentralization_index_metric" of type "Any". (Type check passed).
[32m2026-04-03 13:47:18 +0530[0m - dagster - [34mDEBUG[0m - __ASSET_JOB - 7d5fa388-5181-44b9-8ed3-7abfbd008ef1 - 807865 - ens_dbt_assets - ASSET_CHECK_EVALUATION - Asset check 'unique_decentralization_index_metric' on 'gold/decentralization_index' passed.
[32m2026-04-03 13:47:19 +0530[0m - dagster - [34mDEBUG[0m - __ASSET_JOB - 7d5fa388-5181-44b9-8ed3-7abfbd008ef1 - 807865 - ens_dbt_assets - STEP_OUTPUT - Yielded output "gold__participation_index_not_null_participation_index_metric" of type "Any". (Type check passed).
[32m2026-04-03 13:47:19 +0530[0m - dagster - [34mDEBUG[0m - __ASSET_JOB - 7d5fa388-5181-44b9-8ed3-7abfbd008ef1 - 807865 - ens_dbt_assets - ASSET_CHECK_EVALUATION - Asset check 'not_null_participation_index_metric' on 'gold/participation_index' passed.
[32m2026-04-03 13:47:19 +0530[0m - dagster - [34mDEBUG[0m - __ASSET_JOB - 7d5fa388-5181-44b9-8ed3-7abfbd008ef1 - 807865 - ens_dbt_assets - STEP_OUTPUT - Yielded output "gold__participation_index_not_null_participation_index_value" of type "Any". (Type check passed).
[32m2026-04-03 13:47:20 +0530[0m - dagster - [34mDEBUG[0m - __ASSET_JOB - 7d5fa388-5181-44b9-8ed3-7abfbd008ef1 - 807865 - ens_dbt_assets - ASSET_CHECK_EVALUATION - Asset check 'not_null_participation_index_value' on 'gold/participation_index' passed.
[32m2026-04-03 13:47:20 +0530[0m - dagster - [34mDEBUG[0m - __ASSET_JOB - 7d5fa388-5181-44b9-8ed3-7abfbd008ef1 - 807865 - ens_dbt_assets - STEP_OUTPUT - Yielded output "gold__participation_index_unique_participation_index_metric" of type "Any". (Type check passed).
[32m2026-04-03 13:47:21 +0530[0m - dagster - [34mDEBUG[0m - __ASSET_JOB - 7d5fa388-5181-44b9-8ed3-7abfbd008ef1 - 807865 - ens_dbt_assets - ASSET_CHECK_EVALUATION - Asset check 'unique_participation_index_metric' on 'gold/participation_index' passed.
[32m2026-04-03 13:47:22 +0530[0m - dagster - [34mINFO[0m - __ASSET_JOB - 7d5fa388-5181-44b9-8ed3-7abfbd008ef1 - ens_dbt_assets - Finished dbt command: `dbt build --select ens_retro.gold.decentralization_index ens_retro.gold.participation_index ens_retro.gold.treasury_summary ens_retro.gold.delegate_scorecard ens_retro.gold.governance_activity`.
[32m2026-04-03 13:47:22 +0530[0m - dagster - [34mDEBUG[0m - __ASSET_JOB - 7d5fa388-5181-44b9-8ed3-7abfbd008ef1 - 807865 - ens_dbt_assets - STEP_SUCCESS - Finished execution of step "ens_dbt_assets" in 1m5s.
