[32m2026-03-20 05:43:49 +0530[0m - dagster - [34mDEBUG[0m - __ASSET_JOB - 869c63f2-ec84-4ddb-b1d4-936781c4c49a - 234499 - LOGS_CAPTURED - Started capturing logs in process (pid: 234499).
[32m2026-03-20 05:43:49 +0530[0m - dagster - [34mDEBUG[0m - __ASSET_JOB - 869c63f2-ec84-4ddb-b1d4-936781c4c49a - 234499 - tally_delegates - STEP_START - Started execution of step "tally_delegates".
[32m2026-03-20 05:43:49 +0530[0m - dagster - [34mINFO[0m - __ASSET_JOB - 869c63f2-ec84-4ddb-b1d4-936781c4c49a - tally_delegates - ============================================================
[32m2026-03-20 05:43:49 +0530[0m - dagster - [34mINFO[0m - __ASSET_JOB - 869c63f2-ec84-4ddb-b1d4-936781c4c49a - tally_delegates - [BRONZE] Starting: tally_delegates
[32m2026-03-20 05:43:49 +0530[0m - dagster - [34mINFO[0m - __ASSET_JOB - 869c63f2-ec84-4ddb-b1d4-936781c4c49a - tally_delegates - [BRONZE] Source: tally.xyz GraphQL API
[32m2026-03-20 05:43:49 +0530[0m - dagster - [34mINFO[0m - __ASSET_JOB - 869c63f2-ec84-4ddb-b1d4-936781c4c49a - tally_delegates - [BRONZE] Output: bronze/governance/tally_delegates.json
[32m2026-03-20 05:43:49 +0530[0m - dagster - [34mINFO[0m - __ASSET_JOB - 869c63f2-ec84-4ddb-b1d4-936781c4c49a - tally_delegates - [BRONZE] Fetching ENS organization from Tally...
[32m2026-03-20 05:43:50 +0530[0m - dagster - [34mINFO[0m - __ASSET_JOB - 869c63f2-ec84-4ddb-b1d4-936781c4c49a - tally_delegates - [BRONZE] ✓ Connected to Tally org: ENS (id=2206072050458560426)
[32m2026-03-20 05:43:50 +0530[0m - dagster - [34mINFO[0m - __ASSET_JOB - 869c63f2-ec84-4ddb-b1d4-936781c4c49a - tally_delegates - [BRONZE] Fetching all ENS delegates (sorted by voting power)...
[32m2026-03-20 05:43:50 +0530[0m - dagster - [34mINFO[0m - __ASSET_JOB - 869c63f2-ec84-4ddb-b1d4-936781c4c49a - tally_delegates - [BRONZE] WARNING: With Tally rate limiting (429 errors), this may take 2-6 HOURS
[32m2026-03-20 05:43:50 +0530[0m - dagster - [34mINFO[0m - __ASSET_JOB - 869c63f2-ec84-4ddb-b1d4-936781c4c49a - tally_delegates - [BRONZE] ~38k delegates at 500/page with rate limiting delays
[32m2026-03-20 05:43:50 +0530[0m - dagster - [34mINFO[0m - __ASSET_JOB - 869c63f2-ec84-4ddb-b1d4-936781c4c49a - tally_delegates - [BRONZE] Progress will be logged every 5 pages
[32m2026-03-20 05:43:50 +0530[0m - dagster - [34mINFO[0m - __ASSET_JOB - 869c63f2-ec84-4ddb-b1d4-936781c4c49a - tally_delegates - ============================================================
[32m2026-03-20 05:43:50 +0530[0m - dagster - [34mINFO[0m - __ASSET_JOB - 869c63f2-ec84-4ddb-b1d4-936781c4c49a - tally_delegates - [TALLY] Starting: fetch_tally_delegates
[32m2026-03-20 05:43:50 +0530[0m - dagster - [34mINFO[0m - __ASSET_JOB - 869c63f2-ec84-4ddb-b1d4-936781c4c49a - tally_delegates - [TALLY] API: https://api.tally.xyz/query
[32m2026-03-20 05:43:50 +0530[0m - dagster - [34mINFO[0m - __ASSET_JOB - 869c63f2-ec84-4ddb-b1d4-936781c4c49a - tally_delegates - [TALLY] Organization ID: 2206072050458560426
[32m2026-03-20 05:43:50 +0530[0m - dagster - [34mINFO[0m - __ASSET_JOB - 869c63f2-ec84-4ddb-b1d4-936781c4c49a - tally_delegates - [TALLY] WARNING: With rate limiting, expect 2-6 HOURS runtime (~38k delegates)
[32m2026-03-20 05:43:51 +0530[0m - dagster - [34mINFO[0m - __ASSET_JOB - 869c63f2-ec84-4ddb-b1d4-936781c4c49a - tally_delegates - [TALLY] Page 1: 20 delegates fetched (16/sec, rate_retries=0, ~2395s remaining)
[32m2026-03-20 05:44:02 +0530[0m - dagster - [34mINFO[0m - __ASSET_JOB - 869c63f2-ec84-4ddb-b1d4-936781c4c49a - tally_delegates - [TALLY] Page 5: 100 delegates fetched (8/sec, rate_retries=0, ~4665s remaining)
[32m2026-03-20 05:44:19 +0530[0m - dagster - [34mINFO[0m - __ASSET_JOB - 869c63f2-ec84-4ddb-b1d4-936781c4c49a - tally_delegates - [TALLY] Page 10: 200 delegates fetched (7/sec, rate_retries=0, ~5421s remaining)
[32m2026-03-20 05:44:31 +0530[0m - dagster - [34mINFO[0m - __ASSET_JOB - 869c63f2-ec84-4ddb-b1d4-936781c4c49a - tally_delegates - [TALLY] Page 15: 300 delegates fetched (7/sec, rate_retries=0, ~5207s remaining)
[32m2026-03-20 05:44:44 +0530[0m - dagster - [34mINFO[0m - __ASSET_JOB - 869c63f2-ec84-4ddb-b1d4-936781c4c49a - tally_delegates - [TALLY] Page 20: 400 delegates fetched (7/sec, rate_retries=0, ~5087s remaining)
[32m2026-03-20 05:45:01 +0530[0m - dagster - [34mINFO[0m - __ASSET_JOB - 869c63f2-ec84-4ddb-b1d4-936781c4c49a - tally_delegates - [TALLY] Page 25: 500 delegates fetched (7/sec, rate_retries=0, ~5289s remaining)
[32m2026-03-20 05:45:13 +0530[0m - dagster - [34mINFO[0m - __ASSET_JOB - 869c63f2-ec84-4ddb-b1d4-936781c4c49a - tally_delegates - [TALLY] Page 30: 600 delegates fetched (7/sec, rate_retries=0, ~5184s remaining)
[32m2026-03-20 05:45:30 +0530[0m - dagster - [34mINFO[0m - __ASSET_JOB - 869c63f2-ec84-4ddb-b1d4-936781c4c49a - tally_delegates - [TALLY] Page 35: 700 delegates fetched (7/sec, rate_retries=0, ~5323s remaining)
[32m2026-03-20 05:45:43 +0530[0m - dagster - [34mINFO[0m - __ASSET_JOB - 869c63f2-ec84-4ddb-b1d4-936781c4c49a - tally_delegates - [TALLY] Page 40: 800 delegates fetched (7/sec, rate_retries=0, ~5247s remaining)
[32m2026-03-20 05:45:56 +0530[0m - dagster - [34mINFO[0m - __ASSET_JOB - 869c63f2-ec84-4ddb-b1d4-936781c4c49a - tally_delegates - [TALLY] Page 45: 900 delegates fetched (7/sec, rate_retries=0, ~5195s remaining)
[32m2026-03-20 05:46:12 +0530[0m - dagster - [34mINFO[0m - __ASSET_JOB - 869c63f2-ec84-4ddb-b1d4-936781c4c49a - tally_delegates - [TALLY] Page 50: 1000 delegates fetched (7/sec, rate_retries=0, ~5270s remaining)
[32m2026-03-20 05:46:26 +0530[0m - dagster - [34mINFO[0m - __ASSET_JOB - 869c63f2-ec84-4ddb-b1d4-936781c4c49a - tally_delegates - [TALLY] Page 55: 1100 delegates fetched (7/sec, rate_retries=0, ~5215s remaining)
[32m2026-03-20 05:46:42 +0530[0m - dagster - [34mINFO[0m - __ASSET_JOB - 869c63f2-ec84-4ddb-b1d4-936781c4c49a - tally_delegates - [TALLY] Page 60: 1200 delegates fetched (7/sec, rate_retries=0, ~5270s remaining)
[32m2026-03-20 05:47:00 +0530[0m - dagster - [34mINFO[0m - __ASSET_JOB - 869c63f2-ec84-4ddb-b1d4-936781c4c49a - tally_delegates - [TALLY] Page 65: 1300 delegates fetched (7/sec, rate_retries=0, ~5375s remaining)
[32m2026-03-20 05:47:17 +0530[0m - dagster - [34mINFO[0m - __ASSET_JOB - 869c63f2-ec84-4ddb-b1d4-936781c4c49a - tally_delegates - [TALLY] Page 70: 1400 delegates fetched (7/sec, rate_retries=0, ~5402s remaining)
[32m2026-03-20 05:47:30 +0530[0m - dagster - [34mINFO[0m - __ASSET_JOB - 869c63f2-ec84-4ddb-b1d4-936781c4c49a - tally_delegates - [TALLY] Page 75: 1500 delegates fetched (7/sec, rate_retries=0, ~5343s remaining)
[32m2026-03-20 05:47:42 +0530[0m - dagster - [34mINFO[0m - __ASSET_JOB - 869c63f2-ec84-4ddb-b1d4-936781c4c49a - tally_delegates - [TALLY] Page 80: 1600 delegates fetched (7/sec, rate_retries=0, ~5287s remaining)
[32m2026-03-20 05:47:59 +0530[0m - dagster - [34mINFO[0m - __ASSET_JOB - 869c63f2-ec84-4ddb-b1d4-936781c4c49a - tally_delegates - [TALLY] Page 85: 1700 delegates fetched (7/sec, rate_retries=0, ~5317s remaining)
[32m2026-03-20 05:48:12 +0530[0m - dagster - [34mINFO[0m - __ASSET_JOB - 869c63f2-ec84-4ddb-b1d4-936781c4c49a - tally_delegates - [TALLY] Page 90: 1800 delegates fetched (7/sec, rate_retries=0, ~5262s remaining)
[32m2026-03-20 05:48:28 +0530[0m - dagster - [34mINFO[0m - __ASSET_JOB - 869c63f2-ec84-4ddb-b1d4-936781c4c49a - tally_delegates - [TALLY] Page 95: 1900 delegates fetched (7/sec, rate_retries=0, ~5279s remaining)
[32m2026-03-20 05:48:40 +0530[0m - dagster - [34mINFO[0m - __ASSET_JOB - 869c63f2-ec84-4ddb-b1d4-936781c4c49a - tally_delegates - [TALLY] Page 100: 2000 delegates fetched (7/sec, rate_retries=0, ~5227s remaining)
[32m2026-03-20 05:48:53 +0530[0m - dagster - [34mINFO[0m - __ASSET_JOB - 869c63f2-ec84-4ddb-b1d4-936781c4c49a - tally_delegates - [TALLY] Page 105: 2100 delegates fetched (7/sec, rate_retries=0, ~5181s remaining)
[32m2026-03-20 05:49:10 +0530[0m - dagster - [34mINFO[0m - __ASSET_JOB - 869c63f2-ec84-4ddb-b1d4-936781c4c49a - tally_delegates - [TALLY] Page 110: 2200 delegates fetched (7/sec, rate_retries=0, ~5202s remaining)
[32m2026-03-20 05:49:23 +0530[0m - dagster - [34mINFO[0m - __ASSET_JOB - 869c63f2-ec84-4ddb-b1d4-936781c4c49a - tally_delegates - [TALLY] Page 115: 2300 delegates fetched (7/sec, rate_retries=0, ~5161s remaining)
[32m2026-03-20 05:49:39 +0530[0m - dagster - [34mINFO[0m - __ASSET_JOB - 869c63f2-ec84-4ddb-b1d4-936781c4c49a - tally_delegates - [TALLY] Page 120: 2400 delegates fetched (7/sec, rate_retries=0, ~5175s remaining)
[32m2026-03-20 05:49:52 +0530[0m - dagster - [34mINFO[0m - __ASSET_JOB - 869c63f2-ec84-4ddb-b1d4-936781c4c49a - tally_delegates - [TALLY] Page 125: 2500 delegates fetched (7/sec, rate_retries=0, ~5136s remaining)
[32m2026-03-20 05:50:05 +0530[0m - dagster - [34mINFO[0m - __ASSET_JOB - 869c63f2-ec84-4ddb-b1d4-936781c4c49a - tally_delegates - [TALLY] Page 130: 2600 delegates fetched (7/sec, rate_retries=0, ~5107s remaining)
[32m2026-03-20 05:50:22 +0530[0m - dagster - [34mINFO[0m - __ASSET_JOB - 869c63f2-ec84-4ddb-b1d4-936781c4c49a - tally_delegates - [TALLY] Page 135: 2700 delegates fetched (7/sec, rate_retries=0, ~5121s remaining)
[32m2026-03-20 05:50:35 +0530[0m - dagster - [34mINFO[0m - __ASSET_JOB - 869c63f2-ec84-4ddb-b1d4-936781c4c49a - tally_delegates - [TALLY] Page 140: 2800 delegates fetched (7/sec, rate_retries=0, ~5092s remaining)
[32m2026-03-20 05:50:52 +0530[0m - dagster - [34mINFO[0m - __ASSET_JOB - 869c63f2-ec84-4ddb-b1d4-936781c4c49a - tally_delegates - [TALLY] Page 145: 2900 delegates fetched (7/sec, rate_retries=0, ~5103s remaining)
[32m2026-03-20 05:51:04 +0530[0m - dagster - [34mINFO[0m - __ASSET_JOB - 869c63f2-ec84-4ddb-b1d4-936781c4c49a - tally_delegates - [TALLY] Page 150: 3000 delegates fetched (7/sec, rate_retries=0, ~5068s remaining)
[32m2026-03-20 05:51:17 +0530[0m - dagster - [34mINFO[0m - __ASSET_JOB - 869c63f2-ec84-4ddb-b1d4-936781c4c49a - tally_delegates - [TALLY] Page 155: 3100 delegates fetched (7/sec, rate_retries=0, ~5032s remaining)
[32m2026-03-20 05:51:34 +0530[0m - dagster - [34mINFO[0m - __ASSET_JOB - 869c63f2-ec84-4ddb-b1d4-936781c4c49a - tally_delegates - [TALLY] Page 160: 3200 delegates fetched (7/sec, rate_retries=0, ~5040s remaining)
[32m2026-03-20 05:51:46 +0530[0m - dagster - [34mINFO[0m - __ASSET_JOB - 869c63f2-ec84-4ddb-b1d4-936781c4c49a - tally_delegates - [TALLY] Page 165: 3300 delegates fetched (7/sec, rate_retries=0, ~5007s remaining)
[32m2026-03-20 05:52:03 +0530[0m - dagster - [34mINFO[0m - __ASSET_JOB - 869c63f2-ec84-4ddb-b1d4-936781c4c49a - tally_delegates - [TALLY] Page 170: 3400 delegates fetched (7/sec, rate_retries=0, ~5014s remaining)
[32m2026-03-20 05:52:15 +0530[0m - dagster - [34mINFO[0m - __ASSET_JOB - 869c63f2-ec84-4ddb-b1d4-936781c4c49a - tally_delegates - [TALLY] Page 175: 3500 delegates fetched (7/sec, rate_retries=0, ~4982s remaining)
[32m2026-03-20 05:52:28 +0530[0m - dagster - [34mINFO[0m - __ASSET_JOB - 869c63f2-ec84-4ddb-b1d4-936781c4c49a - tally_delegates - [TALLY] Page 180: 3600 delegates fetched (7/sec, rate_retries=0, ~4952s remaining)
[32m2026-03-20 05:52:45 +0530[0m - dagster - [34mINFO[0m - __ASSET_JOB - 869c63f2-ec84-4ddb-b1d4-936781c4c49a - tally_delegates - [TALLY] Page 185: 3700 delegates fetched (7/sec, rate_retries=0, ~4957s remaining)
[32m2026-03-20 05:52:58 +0530[0m - dagster - [34mINFO[0m - __ASSET_JOB - 869c63f2-ec84-4ddb-b1d4-936781c4c49a - tally_delegates - [TALLY] Page 190: 3800 delegates fetched (7/sec, rate_retries=0, ~4930s remaining)
[32m2026-03-20 05:53:14 +0530[0m - dagster - [34mINFO[0m - __ASSET_JOB - 869c63f2-ec84-4ddb-b1d4-936781c4c49a - tally_delegates - [TALLY] Page 195: 3900 delegates fetched (7/sec, rate_retries=0, ~4933s remaining)
[32m2026-03-20 05:53:27 +0530[0m - dagster - [34mINFO[0m - __ASSET_JOB - 869c63f2-ec84-4ddb-b1d4-936781c4c49a - tally_delegates - [TALLY] Page 200: 4000 delegates fetched (7/sec, rate_retries=0, ~4902s remaining)
[32m2026-03-20 05:53:39 +0530[0m - dagster - [34mINFO[0m - __ASSET_JOB - 869c63f2-ec84-4ddb-b1d4-936781c4c49a - tally_delegates - [TALLY] Page 205: 4100 delegates fetched (7/sec, rate_retries=0, ~4872s remaining)
[32m2026-03-20 05:53:55 +0530[0m - dagster - [34mINFO[0m - __ASSET_JOB - 869c63f2-ec84-4ddb-b1d4-936781c4c49a - tally_delegates - [TALLY] Page 210: 4200 delegates fetched (7/sec, rate_retries=0, ~4872s remaining)
[32m2026-03-20 05:54:08 +0530[0m - dagster - [34mINFO[0m - __ASSET_JOB - 869c63f2-ec84-4ddb-b1d4-936781c4c49a - tally_delegates - [TALLY] Page 215: 4300 delegates fetched (7/sec, rate_retries=0, ~4844s remaining)
[32m2026-03-20 05:54:21 +0530[0m - dagster - [34mINFO[0m - __ASSET_JOB - 869c63f2-ec84-4ddb-b1d4-936781c4c49a - tally_delegates - [TALLY] Page 220: 4400 delegates fetched (7/sec, rate_retries=0, ~4817s remaining)
[32m2026-03-20 05:54:37 +0530[0m - dagster - [34mINFO[0m - __ASSET_JOB - 869c63f2-ec84-4ddb-b1d4-936781c4c49a - tally_delegates - [TALLY] Page 225: 4500 delegates fetched (7/sec, rate_retries=0, ~4820s remaining)
[32m2026-03-20 05:54:50 +0530[0m - dagster - [34mINFO[0m - __ASSET_JOB - 869c63f2-ec84-4ddb-b1d4-936781c4c49a - tally_delegates - [TALLY] Page 230: 4600 delegates fetched (7/sec, rate_retries=0, ~4792s remaining)
[32m2026-03-20 05:55:06 +0530[0m - dagster - [34mINFO[0m - __ASSET_JOB - 869c63f2-ec84-4ddb-b1d4-936781c4c49a - tally_delegates - [TALLY] Page 235: 4700 delegates fetched (7/sec, rate_retries=0, ~4793s remaining)
[32m2026-03-20 05:55:19 +0530[0m - dagster - [34mINFO[0m - __ASSET_JOB - 869c63f2-ec84-4ddb-b1d4-936781c4c49a - tally_delegates - [TALLY] Page 240: 4800 delegates fetched (7/sec, rate_retries=0, ~4766s remaining)
[32m2026-03-20 05:55:32 +0530[0m - dagster - [34mINFO[0m - __ASSET_JOB - 869c63f2-ec84-4ddb-b1d4-936781c4c49a - tally_delegates - [TALLY] Page 245: 4900 delegates fetched (7/sec, rate_retries=0, ~4742s remaining)
[32m2026-03-20 05:55:49 +0530[0m - dagster - [34mINFO[0m - __ASSET_JOB - 869c63f2-ec84-4ddb-b1d4-936781c4c49a - tally_delegates - [TALLY] Page 250: 5000 delegates fetched (7/sec, rate_retries=0, ~4744s remaining)
[32m2026-03-20 05:56:02 +0530[0m - dagster - [34mINFO[0m - __ASSET_JOB - 869c63f2-ec84-4ddb-b1d4-936781c4c49a - tally_delegates - [TALLY] Page 255: 5100 delegates fetched (7/sec, rate_retries=0, ~4720s remaining)
[32m2026-03-20 05:56:18 +0530[0m - dagster - [34mINFO[0m - __ASSET_JOB - 869c63f2-ec84-4ddb-b1d4-936781c4c49a - tally_delegates - [TALLY] Page 260: 5200 delegates fetched (7/sec, rate_retries=0, ~4719s remaining)
[32m2026-03-20 05:56:31 +0530[0m - dagster - [34mINFO[0m - __ASSET_JOB - 869c63f2-ec84-4ddb-b1d4-936781c4c49a - tally_delegates - [TALLY] Page 265: 5300 delegates fetched (7/sec, rate_retries=0, ~4694s remaining)
[32m2026-03-20 05:56:43 +0530[0m - dagster - [34mINFO[0m - __ASSET_JOB - 869c63f2-ec84-4ddb-b1d4-936781c4c49a - tally_delegates - [TALLY] Page 270: 5400 delegates fetched (7/sec, rate_retries=0, ~4668s remaining)
[32m2026-03-20 05:57:00 +0530[0m - dagster - [34mINFO[0m - __ASSET_JOB - 869c63f2-ec84-4ddb-b1d4-936781c4c49a - tally_delegates - [TALLY] Page 275: 5500 delegates fetched (7/sec, rate_retries=0, ~4667s remaining)
[32m2026-03-20 05:57:13 +0530[0m - dagster - [34mINFO[0m - __ASSET_JOB - 869c63f2-ec84-4ddb-b1d4-936781c4c49a - tally_delegates - [TALLY] Page 280: 5600 delegates fetched (7/sec, rate_retries=0, ~4643s remaining)
[32m2026-03-20 05:57:29 +0530[0m - dagster - [34mINFO[0m - __ASSET_JOB - 869c63f2-ec84-4ddb-b1d4-936781c4c49a - tally_delegates - [TALLY] Page 285: 5700 delegates fetched (7/sec, rate_retries=0, ~4643s remaining)
[32m2026-03-20 05:57:42 +0530[0m - dagster - [34mINFO[0m - __ASSET_JOB - 869c63f2-ec84-4ddb-b1d4-936781c4c49a - tally_delegates - [TALLY] Page 290: 5800 delegates fetched (7/sec, rate_retries=0, ~4621s remaining)
[32m2026-03-20 05:57:55 +0530[0m - dagster - [34mINFO[0m - __ASSET_JOB - 869c63f2-ec84-4ddb-b1d4-936781c4c49a - tally_delegates - [TALLY] Page 295: 5900 delegates fetched (7/sec, rate_retries=0, ~4599s remaining)
[32m2026-03-20 05:58:12 +0530[0m - dagster - [34mINFO[0m - __ASSET_JOB - 869c63f2-ec84-4ddb-b1d4-936781c4c49a - tally_delegates - [TALLY] Page 300: 6000 delegates fetched (7/sec, rate_retries=0, ~4595s remaining)
[32m2026-03-20 05:58:24 +0530[0m - dagster - [34mINFO[0m - __ASSET_JOB - 869c63f2-ec84-4ddb-b1d4-936781c4c49a - tally_delegates - [TALLY] Page 305: 6100 delegates fetched (7/sec, rate_retries=0, ~4569s remaining)
[32m2026-03-20 05:58:40 +0530[0m - dagster - [34mINFO[0m - __ASSET_JOB - 869c63f2-ec84-4ddb-b1d4-936781c4c49a - tally_delegates - [TALLY] Page 310: 6200 delegates fetched (7/sec, rate_retries=0, ~4566s remaining)
[32m2026-03-20 05:58:53 +0530[0m - dagster - [34mINFO[0m - __ASSET_JOB - 869c63f2-ec84-4ddb-b1d4-936781c4c49a - tally_delegates - [TALLY] Page 315: 6300 delegates fetched (7/sec, rate_retries=0, ~4544s remaining)
[32m2026-03-20 05:59:06 +0530[0m - dagster - [34mINFO[0m - __ASSET_JOB - 869c63f2-ec84-4ddb-b1d4-936781c4c49a - tally_delegates - [TALLY] Page 320: 6400 delegates fetched (7/sec, rate_retries=0, ~4522s remaining)
[32m2026-03-20 05:59:22 +0530[0m - dagster - [34mINFO[0m - __ASSET_JOB - 869c63f2-ec84-4ddb-b1d4-936781c4c49a - tally_delegates - [TALLY] Page 325: 6500 delegates fetched (7/sec, rate_retries=0, ~4516s remaining)
[32m2026-03-20 05:59:35 +0530[0m - dagster - [34mINFO[0m - __ASSET_JOB - 869c63f2-ec84-4ddb-b1d4-936781c4c49a - tally_delegates - [TALLY] Page 330: 6600 delegates fetched (7/sec, rate_retries=0, ~4495s remaining)
[32m2026-03-20 05:59:47 +0530[0m - dagster - [34mINFO[0m - __ASSET_JOB - 869c63f2-ec84-4ddb-b1d4-936781c4c49a - tally_delegates - [TALLY] Page 335: 6700 delegates fetched (7/sec, rate_retries=0, ~4472s remaining)
[32m2026-03-20 06:00:04 +0530[0m - dagster - [34mINFO[0m - __ASSET_JOB - 869c63f2-ec84-4ddb-b1d4-936781c4c49a - tally_delegates - [TALLY] Page 340: 6800 delegates fetched (7/sec, rate_retries=0, ~4467s remaining)
[32m2026-03-20 06:00:16 +0530[0m - dagster - [34mINFO[0m - __ASSET_JOB - 869c63f2-ec84-4ddb-b1d4-936781c4c49a - tally_delegates - [TALLY] Page 345: 6900 delegates fetched (7/sec, rate_retries=0, ~4445s remaining)
[32m2026-03-20 06:00:33 +0530[0m - dagster - [34mINFO[0m - __ASSET_JOB - 869c63f2-ec84-4ddb-b1d4-936781c4c49a - tally_delegates - [TALLY] Page 350: 7000 delegates fetched (7/sec, rate_retries=0, ~4440s remaining)
[32m2026-03-20 06:00:45 +0530[0m - dagster - [34mINFO[0m - __ASSET_JOB - 869c63f2-ec84-4ddb-b1d4-936781c4c49a - tally_delegates - [TALLY] Page 355: 7100 delegates fetched (7/sec, rate_retries=0, ~4419s remaining)
[32m2026-03-20 06:00:58 +0530[0m - dagster - [34mINFO[0m - __ASSET_JOB - 869c63f2-ec84-4ddb-b1d4-936781c4c49a - tally_delegates - [TALLY] Page 360: 7200 delegates fetched (7/sec, rate_retries=0, ~4397s remaining)
[32m2026-03-20 06:01:14 +0530[0m - dagster - [34mINFO[0m - __ASSET_JOB - 869c63f2-ec84-4ddb-b1d4-936781c4c49a - tally_delegates - [TALLY] Page 365: 7300 delegates fetched (7/sec, rate_retries=0, ~4391s remaining)
[32m2026-03-20 06:01:27 +0530[0m - dagster - [34mINFO[0m - __ASSET_JOB - 869c63f2-ec84-4ddb-b1d4-936781c4c49a - tally_delegates - [TALLY] Page 370: 7400 delegates fetched (7/sec, rate_retries=0, ~4371s remaining)
[32m2026-03-20 06:01:44 +0530[0m - dagster - [34mINFO[0m - __ASSET_JOB - 869c63f2-ec84-4ddb-b1d4-936781c4c49a - tally_delegates - [TALLY] Page 375: 7500 delegates fetched (7/sec, rate_retries=0, ~4365s remaining)
[32m2026-03-20 06:01:56 +0530[0m - dagster - [34mINFO[0m - __ASSET_JOB - 869c63f2-ec84-4ddb-b1d4-936781c4c49a - tally_delegates - [TALLY] Page 380: 7600 delegates fetched (7/sec, rate_retries=0, ~4346s remaining)
[32m2026-03-20 06:02:09 +0530[0m - dagster - [34mINFO[0m - __ASSET_JOB - 869c63f2-ec84-4ddb-b1d4-936781c4c49a - tally_delegates - [TALLY] Page 385: 7700 delegates fetched (7/sec, rate_retries=0, ~4326s remaining)
[32m2026-03-20 06:02:25 +0530[0m - dagster - [34mINFO[0m - __ASSET_JOB - 869c63f2-ec84-4ddb-b1d4-936781c4c49a - tally_delegates - [TALLY] Page 390: 7800 delegates fetched (7/sec, rate_retries=0, ~4318s remaining)
[32m2026-03-20 06:02:38 +0530[0m - dagster - [34mINFO[0m - __ASSET_JOB - 869c63f2-ec84-4ddb-b1d4-936781c4c49a - tally_delegates - [TALLY] Page 395: 7900 delegates fetched (7/sec, rate_retries=0, ~4297s remaining)
[32m2026-03-20 06:02:54 +0530[0m - dagster - [34mINFO[0m - __ASSET_JOB - 869c63f2-ec84-4ddb-b1d4-936781c4c49a - tally_delegates - [TALLY] Page 400: 8000 delegates fetched (7/sec, rate_retries=0, ~4291s remaining)
[32m2026-03-20 06:03:07 +0530[0m - dagster - [34mINFO[0m - __ASSET_JOB - 869c63f2-ec84-4ddb-b1d4-936781c4c49a - tally_delegates - [TALLY] Page 405: 8100 delegates fetched (7/sec, rate_retries=0, ~4270s remaining)
[32m2026-03-20 06:03:19 +0530[0m - dagster - [34mINFO[0m - __ASSET_JOB - 869c63f2-ec84-4ddb-b1d4-936781c4c49a - tally_delegates - [TALLY] Page 410: 8200 delegates fetched (7/sec, rate_retries=0, ~4250s remaining)
[32m2026-03-20 06:03:36 +0530[0m - dagster - [34mINFO[0m - __ASSET_JOB - 869c63f2-ec84-4ddb-b1d4-936781c4c49a - tally_delegates - [TALLY] Page 415: 8300 delegates fetched (7/sec, rate_retries=0, ~4243s remaining)
[32m2026-03-20 06:03:49 +0530[0m - dagster - [34mINFO[0m - __ASSET_JOB - 869c63f2-ec84-4ddb-b1d4-936781c4c49a - tally_delegates - [TALLY] Page 420: 8400 delegates fetched (7/sec, rate_retries=0, ~4224s remaining)
[32m2026-03-20 06:04:05 +0530[0m - dagster - [34mINFO[0m - __ASSET_JOB - 869c63f2-ec84-4ddb-b1d4-936781c4c49a - tally_delegates - [TALLY] Page 425: 8500 delegates fetched (7/sec, rate_retries=0, ~4217s remaining)
[32m2026-03-20 06:04:18 +0530[0m - dagster - [34mINFO[0m - __ASSET_JOB - 869c63f2-ec84-4ddb-b1d4-936781c4c49a - tally_delegates - [TALLY] Page 430: 8600 delegates fetched (7/sec, rate_retries=0, ~4198s remaining)
[32m2026-03-20 06:04:31 +0530[0m - dagster - [34mINFO[0m - __ASSET_JOB - 869c63f2-ec84-4ddb-b1d4-936781c4c49a - tally_delegates - [TALLY] Page 435: 8700 delegates fetched (7/sec, rate_retries=0, ~4179s remaining)
[32m2026-03-20 06:04:47 +0530[0m - dagster - [34mINFO[0m - __ASSET_JOB - 869c63f2-ec84-4ddb-b1d4-936781c4c49a - tally_delegates - [TALLY] Page 440: 8800 delegates fetched (7/sec, rate_retries=0, ~4170s remaining)
[32m2026-03-20 06:05:00 +0530[0m - dagster - [34mINFO[0m - __ASSET_JOB - 869c63f2-ec84-4ddb-b1d4-936781c4c49a - tally_delegates - [TALLY] Page 445: 8900 delegates fetched (7/sec, rate_retries=0, ~4151s remaining)
[32m2026-03-20 06:05:12 +0530[0m - dagster - [34mINFO[0m - __ASSET_JOB - 869c63f2-ec84-4ddb-b1d4-936781c4c49a - tally_delegates - [TALLY] Page 450: 9000 delegates fetched (7/sec, rate_retries=0, ~4132s remaining)
[32m2026-03-20 06:05:29 +0530[0m - dagster - [34mINFO[0m - __ASSET_JOB - 869c63f2-ec84-4ddb-b1d4-936781c4c49a - tally_delegates - [TALLY] Page 455: 9100 delegates fetched (7/sec, rate_retries=0, ~4125s remaining)
[32m2026-03-20 06:05:42 +0530[0m - dagster - [34mINFO[0m - __ASSET_JOB - 869c63f2-ec84-4ddb-b1d4-936781c4c49a - tally_delegates - [TALLY] Page 460: 9200 delegates fetched (7/sec, rate_retries=0, ~4106s remaining)
[32m2026-03-20 06:05:58 +0530[0m - dagster - [34mINFO[0m - __ASSET_JOB - 869c63f2-ec84-4ddb-b1d4-936781c4c49a - tally_delegates - [TALLY] Page 465: 9300 delegates fetched (7/sec, rate_retries=0, ~4098s remaining)
[32m2026-03-20 06:06:11 +0530[0m - dagster - [34mINFO[0m - __ASSET_JOB - 869c63f2-ec84-4ddb-b1d4-936781c4c49a - tally_delegates - [TALLY] Page 470: 9400 delegates fetched (7/sec, rate_retries=0, ~4079s remaining)
[32m2026-03-20 06:06:24 +0530[0m - dagster - [34mINFO[0m - __ASSET_JOB - 869c63f2-ec84-4ddb-b1d4-936781c4c49a - tally_delegates - [TALLY] Page 475: 9500 delegates fetched (7/sec, rate_retries=0, ~4061s remaining)
[32m2026-03-20 06:06:40 +0530[0m - dagster - [34mINFO[0m - __ASSET_JOB - 869c63f2-ec84-4ddb-b1d4-936781c4c49a - tally_delegates - [TALLY] Page 480: 9600 delegates fetched (7/sec, rate_retries=0, ~4053s remaining)
[32m2026-03-20 06:06:53 +0530[0m - dagster - [34mINFO[0m - __ASSET_JOB - 869c63f2-ec84-4ddb-b1d4-936781c4c49a - tally_delegates - [TALLY] Page 485: 9700 delegates fetched (7/sec, rate_retries=0, ~4034s remaining)
[32m2026-03-20 06:07:09 +0530[0m - dagster - [34mINFO[0m - __ASSET_JOB - 869c63f2-ec84-4ddb-b1d4-936781c4c49a - tally_delegates - [TALLY] Page 490: 9800 delegates fetched (7/sec, rate_retries=0, ~4026s remaining)
[32m2026-03-20 06:07:27 +0530[0m - dagster - [34mINFO[0m - __ASSET_JOB - 869c63f2-ec84-4ddb-b1d4-936781c4c49a - tally_delegates - [TALLY] Page 495: 9900 delegates fetched (7/sec, rate_retries=0, ~4022s remaining)
[32m2026-03-20 06:07:44 +0530[0m - dagster - [34mINFO[0m - __ASSET_JOB - 869c63f2-ec84-4ddb-b1d4-936781c4c49a - tally_delegates - [TALLY] Page 500: 10000 delegates fetched (7/sec, rate_retries=0, ~4015s remaining)
[32m2026-03-20 06:07:56 +0530[0m - dagster - [34mINFO[0m - __ASSET_JOB - 869c63f2-ec84-4ddb-b1d4-936781c4c49a - tally_delegates - [TALLY] Page 505: 10100 delegates fetched (7/sec, rate_retries=0, ~3995s remaining)
[32m2026-03-20 06:08:09 +0530[0m - dagster - [34mINFO[0m - __ASSET_JOB - 869c63f2-ec84-4ddb-b1d4-936781c4c49a - tally_delegates - [TALLY] Page 510: 10200 delegates fetched (7/sec, rate_retries=0, ~3977s remaining)
[32m2026-03-20 06:08:25 +0530[0m - dagster - [34mINFO[0m - __ASSET_JOB - 869c63f2-ec84-4ddb-b1d4-936781c4c49a - tally_delegates - [TALLY] Page 515: 10300 delegates fetched (7/sec, rate_retries=0, ~3968s remaining)
[32m2026-03-20 06:08:38 +0530[0m - dagster - [34mINFO[0m - __ASSET_JOB - 869c63f2-ec84-4ddb-b1d4-936781c4c49a - tally_delegates - [TALLY] Page 520: 10400 delegates fetched (7/sec, rate_retries=0, ~3949s remaining)
[32m2026-03-20 06:08:55 +0530[0m - dagster - [34mINFO[0m - __ASSET_JOB - 869c63f2-ec84-4ddb-b1d4-936781c4c49a - tally_delegates - [TALLY] Page 525: 10500 delegates fetched (7/sec, rate_retries=0, ~3941s remaining)
[32m2026-03-20 06:09:08 +0530[0m - dagster - [34mINFO[0m - __ASSET_JOB - 869c63f2-ec84-4ddb-b1d4-936781c4c49a - tally_delegates - [TALLY] Page 530: 10600 delegates fetched (7/sec, rate_retries=0, ~3923s remaining)
[32m2026-03-20 06:09:20 +0530[0m - dagster - [34mINFO[0m - __ASSET_JOB - 869c63f2-ec84-4ddb-b1d4-936781c4c49a - tally_delegates - [TALLY] Page 535: 10700 delegates fetched (7/sec, rate_retries=0, ~3904s remaining)
[32m2026-03-20 06:09:37 +0530[0m - dagster - [34mINFO[0m - __ASSET_JOB - 869c63f2-ec84-4ddb-b1d4-936781c4c49a - tally_delegates - [TALLY] Page 540: 10800 delegates fetched (7/sec, rate_retries=0, ~3896s remaining)
[32m2026-03-20 06:09:49 +0530[0m - dagster - [34mINFO[0m - __ASSET_JOB - 869c63f2-ec84-4ddb-b1d4-936781c4c49a - tally_delegates - [TALLY] Page 545: 10900 delegates fetched (7/sec, rate_retries=0, ~3877s remaining)
[32m2026-03-20 06:10:05 +0530[0m - dagster - [34mINFO[0m - __ASSET_JOB - 869c63f2-ec84-4ddb-b1d4-936781c4c49a - tally_delegates - [TALLY] Page 550: 11000 delegates fetched (7/sec, rate_retries=0, ~3867s remaining)
[32m2026-03-20 06:10:19 +0530[0m - dagster - [34mINFO[0m - __ASSET_JOB - 869c63f2-ec84-4ddb-b1d4-936781c4c49a - tally_delegates - [TALLY] Page 555: 11100 delegates fetched (7/sec, rate_retries=0, ~3850s remaining)
[32m2026-03-20 06:10:32 +0530[0m - dagster - [34mINFO[0m - __ASSET_JOB - 869c63f2-ec84-4ddb-b1d4-936781c4c49a - tally_delegates - [TALLY] Page 560: 11200 delegates fetched (7/sec, rate_retries=0, ~3833s remaining)
[32m2026-03-20 06:10:48 +0530[0m - dagster - [34mINFO[0m - __ASSET_JOB - 869c63f2-ec84-4ddb-b1d4-936781c4c49a - tally_delegates - [TALLY] Page 565: 11300 delegates fetched (7/sec, rate_retries=0, ~3823s remaining)
[32m2026-03-20 06:11:01 +0530[0m - dagster - [34mINFO[0m - __ASSET_JOB - 869c63f2-ec84-4ddb-b1d4-936781c4c49a - tally_delegates - [TALLY] Page 570: 11400 delegates fetched (7/sec, rate_retries=0, ~3806s remaining)
[32m2026-03-20 06:11:18 +0530[0m - dagster - [34mINFO[0m - __ASSET_JOB - 869c63f2-ec84-4ddb-b1d4-936781c4c49a - tally_delegates - [TALLY] Page 575: 11500 delegates fetched (7/sec, rate_retries=0, ~3797s remaining)
[32m2026-03-20 06:11:30 +0530[0m - dagster - [34mINFO[0m - __ASSET_JOB - 869c63f2-ec84-4ddb-b1d4-936781c4c49a - tally_delegates - [TALLY] Page 580: 11600 delegates fetched (7/sec, rate_retries=0, ~3779s remaining)
[32m2026-03-20 06:11:43 +0530[0m - dagster - [34mINFO[0m - __ASSET_JOB - 869c63f2-ec84-4ddb-b1d4-936781c4c49a - tally_delegates - [TALLY] Page 585: 11700 delegates fetched (7/sec, rate_retries=0, ~3761s remaining)
[32m2026-03-20 06:12:00 +0530[0m - dagster - [34mINFO[0m - __ASSET_JOB - 869c63f2-ec84-4ddb-b1d4-936781c4c49a - tally_delegates - [TALLY] Page 590: 11800 delegates fetched (7/sec, rate_retries=0, ~3752s remaining)
[32m2026-03-20 06:12:13 +0530[0m - dagster - [34mINFO[0m - __ASSET_JOB - 869c63f2-ec84-4ddb-b1d4-936781c4c49a - tally_delegates - [TALLY] Page 595: 11900 delegates fetched (7/sec, rate_retries=0, ~3735s remaining)
[32m2026-03-20 06:12:26 +0530[0m - dagster - [34mINFO[0m - __ASSET_JOB - 869c63f2-ec84-4ddb-b1d4-936781c4c49a - tally_delegates - [TALLY] Page 600: 12000 delegates fetched (7/sec, rate_retries=0, ~3717s remaining)
[32m2026-03-20 06:12:42 +0530[0m - dagster - [34mINFO[0m - __ASSET_JOB - 869c63f2-ec84-4ddb-b1d4-936781c4c49a - tally_delegates - [TALLY] Page 605: 12100 delegates fetched (7/sec, rate_retries=0, ~3708s remaining)
[32m2026-03-20 06:12:55 +0530[0m - dagster - [34mINFO[0m - __ASSET_JOB - 869c63f2-ec84-4ddb-b1d4-936781c4c49a - tally_delegates - [TALLY] Page 610: 12200 delegates fetched (7/sec, rate_retries=0, ~3691s remaining)
[32m2026-03-20 06:13:12 +0530[0m - dagster - [34mINFO[0m - __ASSET_JOB - 869c63f2-ec84-4ddb-b1d4-936781c4c49a - tally_delegates - [TALLY] Page 615: 12300 delegates fetched (7/sec, rate_retries=0, ~3681s remaining)
[32m2026-03-20 06:13:24 +0530[0m - dagster - [34mINFO[0m - __ASSET_JOB - 869c63f2-ec84-4ddb-b1d4-936781c4c49a - tally_delegates - [TALLY] Page 620: 12400 delegates fetched (7/sec, rate_retries=0, ~3663s remaining)
[32m2026-03-20 06:13:37 +0530[0m - dagster - [34mINFO[0m - __ASSET_JOB - 869c63f2-ec84-4ddb-b1d4-936781c4c49a - tally_delegates - [TALLY] Page 625: 12500 delegates fetched (7/sec, rate_retries=0, ~3646s remaining)
[32m2026-03-20 06:13:54 +0530[0m - dagster - [34mINFO[0m - __ASSET_JOB - 869c63f2-ec84-4ddb-b1d4-936781c4c49a - tally_delegates - [TALLY] Page 630: 12600 delegates fetched (7/sec, rate_retries=0, ~3636s remaining)
[32m2026-03-20 06:14:07 +0530[0m - dagster - [34mINFO[0m - __ASSET_JOB - 869c63f2-ec84-4ddb-b1d4-936781c4c49a - tally_delegates - [TALLY] Page 635: 12700 delegates fetched (7/sec, rate_retries=0, ~3619s remaining)
[32m2026-03-20 06:14:23 +0530[0m - dagster - [34mINFO[0m - __ASSET_JOB - 869c63f2-ec84-4ddb-b1d4-936781c4c49a - tally_delegates - [TALLY] Page 640: 12800 delegates fetched (7/sec, rate_retries=0, ~3609s remaining)
[32m2026-03-20 06:14:36 +0530[0m - dagster - [34mINFO[0m - __ASSET_JOB - 869c63f2-ec84-4ddb-b1d4-936781c4c49a - tally_delegates - [TALLY] Page 645: 12900 delegates fetched (7/sec, rate_retries=0, ~3592s remaining)
[32m2026-03-20 06:14:49 +0530[0m - dagster - [34mINFO[0m - __ASSET_JOB - 869c63f2-ec84-4ddb-b1d4-936781c4c49a - tally_delegates - [TALLY] Page 650: 13000 delegates fetched (7/sec, rate_retries=0, ~3574s remaining)
[32m2026-03-20 06:15:05 +0530[0m - dagster - [34mINFO[0m - __ASSET_JOB - 869c63f2-ec84-4ddb-b1d4-936781c4c49a - tally_delegates - [TALLY] Page 655: 13100 delegates fetched (7/sec, rate_retries=0, ~3564s remaining)
[32m2026-03-20 06:15:18 +0530[0m - dagster - [34mINFO[0m - __ASSET_JOB - 869c63f2-ec84-4ddb-b1d4-936781c4c49a - tally_delegates - [TALLY] Page 660: 13200 delegates fetched (7/sec, rate_retries=0, ~3547s remaining)
[32m2026-03-20 06:15:34 +0530[0m - dagster - [34mINFO[0m - __ASSET_JOB - 869c63f2-ec84-4ddb-b1d4-936781c4c49a - tally_delegates - [TALLY] Page 665: 13300 delegates fetched (7/sec, rate_retries=0, ~3536s remaining)
[32m2026-03-20 06:15:47 +0530[0m - dagster - [34mINFO[0m - __ASSET_JOB - 869c63f2-ec84-4ddb-b1d4-936781c4c49a - tally_delegates - [TALLY] Page 670: 13400 delegates fetched (7/sec, rate_retries=0, ~3519s remaining)
[32m2026-03-20 06:16:00 +0530[0m - dagster - [34mINFO[0m - __ASSET_JOB - 869c63f2-ec84-4ddb-b1d4-936781c4c49a - tally_delegates - [TALLY] Page 675: 13500 delegates fetched (7/sec, rate_retries=0, ~3503s remaining)
[32m2026-03-20 06:16:17 +0530[0m - dagster - [34mINFO[0m - __ASSET_JOB - 869c63f2-ec84-4ddb-b1d4-936781c4c49a - tally_delegates - [TALLY] Page 680: 13600 delegates fetched (7/sec, rate_retries=0, ~3493s remaining)
[32m2026-03-20 06:16:30 +0530[0m - dagster - [34mINFO[0m - __ASSET_JOB - 869c63f2-ec84-4ddb-b1d4-936781c4c49a - tally_delegates - [TALLY] Page 685: 13700 delegates fetched (7/sec, rate_retries=0, ~3476s remaining)
[32m2026-03-20 06:16:46 +0530[0m - dagster - [34mINFO[0m - __ASSET_JOB - 869c63f2-ec84-4ddb-b1d4-936781c4c49a - tally_delegates - [TALLY] Page 690: 13800 delegates fetched (7/sec, rate_retries=0, ~3465s remaining)
[32m2026-03-20 06:16:59 +0530[0m - dagster - [34mINFO[0m - __ASSET_JOB - 869c63f2-ec84-4ddb-b1d4-936781c4c49a - tally_delegates - [TALLY] Page 695: 13900 delegates fetched (7/sec, rate_retries=0, ~3448s remaining)
[32m2026-03-20 06:17:12 +0530[0m - dagster - [34mINFO[0m - __ASSET_JOB - 869c63f2-ec84-4ddb-b1d4-936781c4c49a - tally_delegates - [TALLY] Page 700: 14000 delegates fetched (7/sec, rate_retries=0, ~3432s remaining)
[32m2026-03-20 06:17:29 +0530[0m - dagster - [34mINFO[0m - __ASSET_JOB - 869c63f2-ec84-4ddb-b1d4-936781c4c49a - tally_delegates - [TALLY] Page 705: 14100 delegates fetched (7/sec, rate_retries=0, ~3422s remaining)
[32m2026-03-20 06:17:41 +0530[0m - dagster - [34mINFO[0m - __ASSET_JOB - 869c63f2-ec84-4ddb-b1d4-936781c4c49a - tally_delegates - [TALLY] Page 710: 14200 delegates fetched (7/sec, rate_retries=0, ~3405s remaining)
[32m2026-03-20 06:17:58 +0530[0m - dagster - [34mINFO[0m - __ASSET_JOB - 869c63f2-ec84-4ddb-b1d4-936781c4c49a - tally_delegates - [TALLY] Page 715: 14300 delegates fetched (7/sec, rate_retries=0, ~3394s remaining)
[32m2026-03-20 06:18:10 +0530[0m - dagster - [34mINFO[0m - __ASSET_JOB - 869c63f2-ec84-4ddb-b1d4-936781c4c49a - tally_delegates - [TALLY] Page 720: 14400 delegates fetched (7/sec, rate_retries=0, ~3377s remaining)
[32m2026-03-20 06:18:23 +0530[0m - dagster - [34mINFO[0m - __ASSET_JOB - 869c63f2-ec84-4ddb-b1d4-936781c4c49a - tally_delegates - [TALLY] Page 725: 14500 delegates fetched (7/sec, rate_retries=0, ~3360s remaining)
[32m2026-03-20 06:18:39 +0530[0m - dagster - [34mINFO[0m - __ASSET_JOB - 869c63f2-ec84-4ddb-b1d4-936781c4c49a - tally_delegates - [TALLY] Page 730: 14600 delegates fetched (7/sec, rate_retries=0, ~3348s remaining)
[32m2026-03-20 06:18:52 +0530[0m - dagster - [34mINFO[0m - __ASSET_JOB - 869c63f2-ec84-4ddb-b1d4-936781c4c49a - tally_delegates - [TALLY] Page 735: 14700 delegates fetched (7/sec, rate_retries=0, ~3332s remaining)
[32m2026-03-20 06:19:09 +0530[0m - dagster - [34mINFO[0m - __ASSET_JOB - 869c63f2-ec84-4ddb-b1d4-936781c4c49a - tally_delegates - [TALLY] Page 740: 14800 delegates fetched (7/sec, rate_retries=0, ~3321s remaining)
[32m2026-03-20 06:19:22 +0530[0m - dagster - [34mINFO[0m - __ASSET_JOB - 869c63f2-ec84-4ddb-b1d4-936781c4c49a - tally_delegates - [TALLY] Page 745: 14900 delegates fetched (7/sec, rate_retries=0, ~3305s remaining)
[32m2026-03-20 06:19:35 +0530[0m - dagster - [34mINFO[0m - __ASSET_JOB - 869c63f2-ec84-4ddb-b1d4-936781c4c49a - tally_delegates - [TALLY] Page 750: 15000 delegates fetched (7/sec, rate_retries=0, ~3289s remaining)
[32m2026-03-20 06:19:51 +0530[0m - dagster - [34mINFO[0m - __ASSET_JOB - 869c63f2-ec84-4ddb-b1d4-936781c4c49a - tally_delegates - [TALLY] Page 755: 15100 delegates fetched (7/sec, rate_retries=0, ~3277s remaining)
[32m2026-03-20 06:20:04 +0530[0m - dagster - [34mINFO[0m - __ASSET_JOB - 869c63f2-ec84-4ddb-b1d4-936781c4c49a - tally_delegates - [TALLY] Page 760: 15200 delegates fetched (7/sec, rate_retries=0, ~3261s remaining)
[32m2026-03-20 06:20:21 +0530[0m - dagster - [34mINFO[0m - __ASSET_JOB - 869c63f2-ec84-4ddb-b1d4-936781c4c49a - tally_delegates - [TALLY] Page 765: 15300 delegates fetched (7/sec, rate_retries=0, ~3251s remaining)
[32m2026-03-20 06:20:34 +0530[0m - dagster - [34mINFO[0m - __ASSET_JOB - 869c63f2-ec84-4ddb-b1d4-936781c4c49a - tally_delegates - [TALLY] Page 770: 15400 delegates fetched (7/sec, rate_retries=0, ~3234s remaining)
[32m2026-03-20 06:20:47 +0530[0m - dagster - [34mINFO[0m - __ASSET_JOB - 869c63f2-ec84-4ddb-b1d4-936781c4c49a - tally_delegates - [TALLY] Page 775: 15500 delegates fetched (7/sec, rate_retries=0, ~3217s remaining)
[32m2026-03-20 06:21:03 +0530[0m - dagster - [34mINFO[0m - __ASSET_JOB - 869c63f2-ec84-4ddb-b1d4-936781c4c49a - tally_delegates - [TALLY] Page 780: 15600 delegates fetched (7/sec, rate_retries=0, ~3206s remaining)
[32m2026-03-20 06:21:16 +0530[0m - dagster - [34mINFO[0m - __ASSET_JOB - 869c63f2-ec84-4ddb-b1d4-936781c4c49a - tally_delegates - [TALLY] Page 785: 15700 delegates fetched (7/sec, rate_retries=0, ~3190s remaining)
[32m2026-03-20 06:21:32 +0530[0m - dagster - [34mINFO[0m - __ASSET_JOB - 869c63f2-ec84-4ddb-b1d4-936781c4c49a - tally_delegates - [TALLY] Page 790: 15800 delegates fetched (7/sec, rate_retries=0, ~3178s remaining)
[32m2026-03-20 06:21:45 +0530[0m - dagster - [34mINFO[0m - __ASSET_JOB - 869c63f2-ec84-4ddb-b1d4-936781c4c49a - tally_delegates - [TALLY] Page 795: 15900 delegates fetched (7/sec, rate_retries=0, ~3162s remaining)
[32m2026-03-20 06:21:58 +0530[0m - dagster - [34mINFO[0m - __ASSET_JOB - 869c63f2-ec84-4ddb-b1d4-936781c4c49a - tally_delegates - [TALLY] Page 800: 16000 delegates fetched (7/sec, rate_retries=0, ~3146s remaining)
[32m2026-03-20 06:22:14 +0530[0m - dagster - [34mINFO[0m - __ASSET_JOB - 869c63f2-ec84-4ddb-b1d4-936781c4c49a - tally_delegates - [TALLY] Page 805: 16100 delegates fetched (7/sec, rate_retries=0, ~3134s remaining)
[32m2026-03-20 06:22:27 +0530[0m - dagster - [34mINFO[0m - __ASSET_JOB - 869c63f2-ec84-4ddb-b1d4-936781c4c49a - tally_delegates - [TALLY] Page 810: 16200 delegates fetched (7/sec, rate_retries=0, ~3118s remaining)
[32m2026-03-20 06:22:44 +0530[0m - dagster - [34mINFO[0m - __ASSET_JOB - 869c63f2-ec84-4ddb-b1d4-936781c4c49a - tally_delegates - [TALLY] Page 815: 16300 delegates fetched (7/sec, rate_retries=0, ~3107s remaining)
[32m2026-03-20 06:22:56 +0530[0m - dagster - [34mINFO[0m - __ASSET_JOB - 869c63f2-ec84-4ddb-b1d4-936781c4c49a - tally_delegates - [TALLY] Page 820: 16400 delegates fetched (7/sec, rate_retries=0, ~3090s remaining)
[32m2026-03-20 06:23:09 +0530[0m - dagster - [34mINFO[0m - __ASSET_JOB - 869c63f2-ec84-4ddb-b1d4-936781c4c49a - tally_delegates - [TALLY] Page 825: 16500 delegates fetched (7/sec, rate_retries=0, ~3073s remaining)
[32m2026-03-20 06:23:25 +0530[0m - dagster - [34mINFO[0m - __ASSET_JOB - 869c63f2-ec84-4ddb-b1d4-936781c4c49a - tally_delegates - [TALLY] Page 830: 16600 delegates fetched (7/sec, rate_retries=0, ~3062s remaining)
[32m2026-03-20 06:23:38 +0530[0m - dagster - [34mINFO[0m - __ASSET_JOB - 869c63f2-ec84-4ddb-b1d4-936781c4c49a - tally_delegates - [TALLY] Page 835: 16700 delegates fetched (7/sec, rate_retries=0, ~3046s remaining)
[32m2026-03-20 06:23:51 +0530[0m - dagster - [34mINFO[0m - __ASSET_JOB - 869c63f2-ec84-4ddb-b1d4-936781c4c49a - tally_delegates - [TALLY] Page 840: 16800 delegates fetched (7/sec, rate_retries=0, ~3030s remaining)
[32m2026-03-20 06:24:07 +0530[0m - dagster - [34mINFO[0m - __ASSET_JOB - 869c63f2-ec84-4ddb-b1d4-936781c4c49a - tally_delegates - [TALLY] Page 845: 16900 delegates fetched (7/sec, rate_retries=0, ~3018s remaining)
[32m2026-03-20 06:24:20 +0530[0m - dagster - [34mINFO[0m - __ASSET_JOB - 869c63f2-ec84-4ddb-b1d4-936781c4c49a - tally_delegates - [TALLY] Page 850: 17000 delegates fetched (7/sec, rate_retries=0, ~3002s remaining)
[32m2026-03-20 06:24:37 +0530[0m - dagster - [34mINFO[0m - __ASSET_JOB - 869c63f2-ec84-4ddb-b1d4-936781c4c49a - tally_delegates - [TALLY] Page 855: 17100 delegates fetched (7/sec, rate_retries=0, ~2990s remaining)
[32m2026-03-20 06:24:50 +0530[0m - dagster - [34mINFO[0m - __ASSET_JOB - 869c63f2-ec84-4ddb-b1d4-936781c4c49a - tally_delegates - [TALLY] Page 860: 17200 delegates fetched (7/sec, rate_retries=0, ~2974s remaining)
[32m2026-03-20 06:25:02 +0530[0m - dagster - [34mINFO[0m - __ASSET_JOB - 869c63f2-ec84-4ddb-b1d4-936781c4c49a - tally_delegates - [TALLY] Page 865: 17300 delegates fetched (7/sec, rate_retries=0, ~2958s remaining)
[32m2026-03-20 06:25:19 +0530[0m - dagster - [34mINFO[0m - __ASSET_JOB - 869c63f2-ec84-4ddb-b1d4-936781c4c49a - tally_delegates - [TALLY] Page 870: 17400 delegates fetched (7/sec, rate_retries=0, ~2946s remaining)
[32m2026-03-20 06:25:31 +0530[0m - dagster - [34mINFO[0m - __ASSET_JOB - 869c63f2-ec84-4ddb-b1d4-936781c4c49a - tally_delegates - [TALLY] Page 875: 17500 delegates fetched (7/sec, rate_retries=0, ~2930s remaining)
[32m2026-03-20 06:25:48 +0530[0m - dagster - [34mINFO[0m - __ASSET_JOB - 869c63f2-ec84-4ddb-b1d4-936781c4c49a - tally_delegates - [TALLY] Page 880: 17600 delegates fetched (7/sec, rate_retries=0, ~2918s remaining)
[32m2026-03-20 06:26:01 +0530[0m - dagster - [34mINFO[0m - __ASSET_JOB - 869c63f2-ec84-4ddb-b1d4-936781c4c49a - tally_delegates - [TALLY] Page 885: 17700 delegates fetched (7/sec, rate_retries=0, ~2903s remaining)
[32m2026-03-20 06:26:14 +0530[0m - dagster - [34mINFO[0m - __ASSET_JOB - 869c63f2-ec84-4ddb-b1d4-936781c4c49a - tally_delegates - [TALLY] Page 890: 17800 delegates fetched (7/sec, rate_retries=0, ~2887s remaining)
[32m2026-03-20 06:26:30 +0530[0m - dagster - [34mINFO[0m - __ASSET_JOB - 869c63f2-ec84-4ddb-b1d4-936781c4c49a - tally_delegates - [TALLY] Page 895: 17900 delegates fetched (7/sec, rate_retries=0, ~2875s remaining)
[32m2026-03-20 06:26:43 +0530[0m - dagster - [34mINFO[0m - __ASSET_JOB - 869c63f2-ec84-4ddb-b1d4-936781c4c49a - tally_delegates - [TALLY] Page 900: 18000 delegates fetched (7/sec, rate_retries=0, ~2859s remaining)
[32m2026-03-20 06:27:00 +0530[0m - dagster - [34mINFO[0m - __ASSET_JOB - 869c63f2-ec84-4ddb-b1d4-936781c4c49a - tally_delegates - [TALLY] Page 905: 18100 delegates fetched (7/sec, rate_retries=0, ~2847s remaining)
[32m2026-03-20 06:27:12 +0530[0m - dagster - [34mINFO[0m - __ASSET_JOB - 869c63f2-ec84-4ddb-b1d4-936781c4c49a - tally_delegates - [TALLY] Page 910: 18200 delegates fetched (7/sec, rate_retries=0, ~2831s remaining)
[32m2026-03-20 06:27:25 +0530[0m - dagster - [34mINFO[0m - __ASSET_JOB - 869c63f2-ec84-4ddb-b1d4-936781c4c49a - tally_delegates - [TALLY] Page 915: 18300 delegates fetched (7/sec, rate_retries=0, ~2815s remaining)
[32m2026-03-20 06:27:41 +0530[0m - dagster - [34mINFO[0m - __ASSET_JOB - 869c63f2-ec84-4ddb-b1d4-936781c4c49a - tally_delegates - [TALLY] Page 920: 18400 delegates fetched (7/sec, rate_retries=0, ~2803s remaining)
[32m2026-03-20 06:27:54 +0530[0m - dagster - [34mINFO[0m - __ASSET_JOB - 869c63f2-ec84-4ddb-b1d4-936781c4c49a - tally_delegates - [TALLY] Page 925: 18500 delegates fetched (7/sec, rate_retries=0, ~2787s remaining)
[32m2026-03-20 06:28:11 +0530[0m - dagster - [34mINFO[0m - __ASSET_JOB - 869c63f2-ec84-4ddb-b1d4-936781c4c49a - tally_delegates - [TALLY] Page 930: 18600 delegates fetched (7/sec, rate_retries=0, ~2775s remaining)
[32m2026-03-20 06:28:23 +0530[0m - dagster - [34mINFO[0m - __ASSET_JOB - 869c63f2-ec84-4ddb-b1d4-936781c4c49a - tally_delegates - [TALLY] Page 935: 18700 delegates fetched (7/sec, rate_retries=0, ~2759s remaining)
[32m2026-03-20 06:28:36 +0530[0m - dagster - [34mINFO[0m - __ASSET_JOB - 869c63f2-ec84-4ddb-b1d4-936781c4c49a - tally_delegates - [TALLY] Page 940: 18800 delegates fetched (7/sec, rate_retries=0, ~2743s remaining)
[32m2026-03-20 06:28:52 +0530[0m - dagster - [34mINFO[0m - __ASSET_JOB - 869c63f2-ec84-4ddb-b1d4-936781c4c49a - tally_delegates - [TALLY] Page 945: 18900 delegates fetched (7/sec, rate_retries=0, ~2730s remaining)
[32m2026-03-20 06:29:05 +0530[0m - dagster - [34mINFO[0m - __ASSET_JOB - 869c63f2-ec84-4ddb-b1d4-936781c4c49a - tally_delegates - [TALLY] Page 950: 19000 delegates fetched (7/sec, rate_retries=0, ~2714s remaining)
[32m2026-03-20 06:29:21 +0530[0m - dagster - [34mINFO[0m - __ASSET_JOB - 869c63f2-ec84-4ddb-b1d4-936781c4c49a - tally_delegates - [TALLY] Page 955: 19100 delegates fetched (7/sec, rate_retries=0, ~2702s remaining)
[32m2026-03-20 06:29:34 +0530[0m - dagster - [34mINFO[0m - __ASSET_JOB - 869c63f2-ec84-4ddb-b1d4-936781c4c49a - tally_delegates - [TALLY] Page 960: 19200 delegates fetched (7/sec, rate_retries=0, ~2687s remaining)
[32m2026-03-20 06:29:47 +0530[0m - dagster - [34mINFO[0m - __ASSET_JOB - 869c63f2-ec84-4ddb-b1d4-936781c4c49a - tally_delegates - [TALLY] Page 965: 19300 delegates fetched (7/sec, rate_retries=0, ~2671s remaining)
[32m2026-03-20 06:30:04 +0530[0m - dagster - [34mINFO[0m - __ASSET_JOB - 869c63f2-ec84-4ddb-b1d4-936781c4c49a - tally_delegates - [TALLY] Page 970: 19400 delegates fetched (7/sec, rate_retries=0, ~2659s remaining)
[32m2026-03-20 06:30:16 +0530[0m - dagster - [34mINFO[0m - __ASSET_JOB - 869c63f2-ec84-4ddb-b1d4-936781c4c49a - tally_delegates - [TALLY] Page 975: 19500 delegates fetched (7/sec, rate_retries=0, ~2643s remaining)
[32m2026-03-20 06:30:33 +0530[0m - dagster - [34mINFO[0m - __ASSET_JOB - 869c63f2-ec84-4ddb-b1d4-936781c4c49a - tally_delegates - [TALLY] Page 980: 19600 delegates fetched (7/sec, rate_retries=0, ~2631s remaining)
[32m2026-03-20 06:30:46 +0530[0m - dagster - [34mINFO[0m - __ASSET_JOB - 869c63f2-ec84-4ddb-b1d4-936781c4c49a - tally_delegates - [TALLY] Page 985: 19700 delegates fetched (7/sec, rate_retries=0, ~2616s remaining)
[32m2026-03-20 06:30:59 +0530[0m - dagster - [34mINFO[0m - __ASSET_JOB - 869c63f2-ec84-4ddb-b1d4-936781c4c49a - tally_delegates - [TALLY] Page 990: 19800 delegates fetched (7/sec, rate_retries=0, ~2600s remaining)
[32m2026-03-20 06:31:15 +0530[0m - dagster - [34mINFO[0m - __ASSET_JOB - 869c63f2-ec84-4ddb-b1d4-936781c4c49a - tally_delegates - [TALLY] Page 995: 19900 delegates fetched (7/sec, rate_retries=0, ~2588s remaining)
[32m2026-03-20 06:31:28 +0530[0m - dagster - [34mINFO[0m - __ASSET_JOB - 869c63f2-ec84-4ddb-b1d4-936781c4c49a - tally_delegates - [TALLY] Page 1000: 20000 delegates fetched (7/sec, rate_retries=0, ~2572s remaining)
[32m2026-03-20 06:31:41 +0530[0m - dagster - [34mINFO[0m - __ASSET_JOB - 869c63f2-ec84-4ddb-b1d4-936781c4c49a - tally_delegates - [TALLY] Page 1005: 20100 delegates fetched (7/sec, rate_retries=0, ~2557s remaining)
[32m2026-03-20 06:31:57 +0530[0m - dagster - [34mINFO[0m - __ASSET_JOB - 869c63f2-ec84-4ddb-b1d4-936781c4c49a - tally_delegates - [TALLY] Page 1010: 20200 delegates fetched (7/sec, rate_retries=0, ~2544s remaining)
[32m2026-03-20 06:32:10 +0530[0m - dagster - [34mINFO[0m - __ASSET_JOB - 869c63f2-ec84-4ddb-b1d4-936781c4c49a - tally_delegates - [TALLY] Page 1015: 20300 delegates fetched (7/sec, rate_retries=0, ~2528s remaining)
[32m2026-03-20 06:32:26 +0530[0m - dagster - [34mINFO[0m - __ASSET_JOB - 869c63f2-ec84-4ddb-b1d4-936781c4c49a - tally_delegates - [TALLY] Page 1020: 20400 delegates fetched (7/sec, rate_retries=0, ~2516s remaining)
[32m2026-03-20 06:32:39 +0530[0m - dagster - [34mINFO[0m - __ASSET_JOB - 869c63f2-ec84-4ddb-b1d4-936781c4c49a - tally_delegates - [TALLY] Page 1025: 20500 delegates fetched (7/sec, rate_retries=0, ~2500s remaining)
[32m2026-03-20 06:32:52 +0530[0m - dagster - [34mINFO[0m - __ASSET_JOB - 869c63f2-ec84-4ddb-b1d4-936781c4c49a - tally_delegates - [TALLY] Page 1030: 20600 delegates fetched (7/sec, rate_retries=0, ~2485s remaining)
[32m2026-03-20 06:33:08 +0530[0m - dagster - [34mINFO[0m - __ASSET_JOB - 869c63f2-ec84-4ddb-b1d4-936781c4c49a - tally_delegates - [TALLY] Page 1035: 20700 delegates fetched (7/sec, rate_retries=0, ~2472s remaining)
[32m2026-03-20 06:33:21 +0530[0m - dagster - [34mINFO[0m - __ASSET_JOB - 869c63f2-ec84-4ddb-b1d4-936781c4c49a - tally_delegates - [TALLY] Page 1040: 20800 delegates fetched (7/sec, rate_retries=0, ~2457s remaining)
[32m2026-03-20 06:33:37 +0530[0m - dagster - [34mINFO[0m - __ASSET_JOB - 869c63f2-ec84-4ddb-b1d4-936781c4c49a - tally_delegates - [TALLY] Page 1045: 20900 delegates fetched (7/sec, rate_retries=0, ~2444s remaining)
[32m2026-03-20 06:33:50 +0530[0m - dagster - [34mINFO[0m - __ASSET_JOB - 869c63f2-ec84-4ddb-b1d4-936781c4c49a - tally_delegates - [TALLY] Page 1050: 21000 delegates fetched (7/sec, rate_retries=0, ~2428s remaining)
[32m2026-03-20 06:34:03 +0530[0m - dagster - [34mINFO[0m - __ASSET_JOB - 869c63f2-ec84-4ddb-b1d4-936781c4c49a - tally_delegates - [TALLY] Page 1055: 21100 delegates fetched (7/sec, rate_retries=0, ~2413s remaining)
[32m2026-03-20 06:34:19 +0530[0m - dagster - [34mINFO[0m - __ASSET_JOB - 869c63f2-ec84-4ddb-b1d4-936781c4c49a - tally_delegates - [TALLY] Page 1060: 21200 delegates fetched (7/sec, rate_retries=0, ~2400s remaining)
[32m2026-03-20 06:34:32 +0530[0m - dagster - [34mINFO[0m - __ASSET_JOB - 869c63f2-ec84-4ddb-b1d4-936781c4c49a - tally_delegates - [TALLY] Page 1065: 21300 delegates fetched (7/sec, rate_retries=0, ~2385s remaining)
[32m2026-03-20 06:34:48 +0530[0m - dagster - [34mINFO[0m - __ASSET_JOB - 869c63f2-ec84-4ddb-b1d4-936781c4c49a - tally_delegates - [TALLY] Page 1070: 21400 delegates fetched (7/sec, rate_retries=0, ~2372s remaining)
[32m2026-03-20 06:35:01 +0530[0m - dagster - [34mINFO[0m - __ASSET_JOB - 869c63f2-ec84-4ddb-b1d4-936781c4c49a - tally_delegates - [TALLY] Page 1075: 21500 delegates fetched (7/sec, rate_retries=0, ~2357s remaining)
[32m2026-03-20 06:35:14 +0530[0m - dagster - [34mINFO[0m - __ASSET_JOB - 869c63f2-ec84-4ddb-b1d4-936781c4c49a - tally_delegates - [TALLY] Page 1080: 21600 delegates fetched (7/sec, rate_retries=0, ~2341s remaining)
[32m2026-03-20 06:35:31 +0530[0m - dagster - [34mINFO[0m - __ASSET_JOB - 869c63f2-ec84-4ddb-b1d4-936781c4c49a - tally_delegates - [TALLY] Page 1085: 21700 delegates fetched (7/sec, rate_retries=0, ~2329s remaining)
[32m2026-03-20 06:35:44 +0530[0m - dagster - [34mINFO[0m - __ASSET_JOB - 869c63f2-ec84-4ddb-b1d4-936781c4c49a - tally_delegates - [TALLY] Page 1090: 21800 delegates fetched (7/sec, rate_retries=0, ~2314s remaining)
[32m2026-03-20 06:36:00 +0530[0m - dagster - [34mINFO[0m - __ASSET_JOB - 869c63f2-ec84-4ddb-b1d4-936781c4c49a - tally_delegates - [TALLY] Page 1095: 21900 delegates fetched (7/sec, rate_retries=0, ~2301s remaining)
[32m2026-03-20 06:36:13 +0530[0m - dagster - [34mINFO[0m - __ASSET_JOB - 869c63f2-ec84-4ddb-b1d4-936781c4c49a - tally_delegates - [TALLY] Page 1100: 22000 delegates fetched (7/sec, rate_retries=0, ~2286s remaining)
[32m2026-03-20 06:36:26 +0530[0m - dagster - [34mINFO[0m - __ASSET_JOB - 869c63f2-ec84-4ddb-b1d4-936781c4c49a - tally_delegates - [TALLY] Page 1105: 22100 delegates fetched (7/sec, rate_retries=0, ~2270s remaining)
[32m2026-03-20 06:36:42 +0530[0m - dagster - [34mINFO[0m - __ASSET_JOB - 869c63f2-ec84-4ddb-b1d4-936781c4c49a - tally_delegates - [TALLY] Page 1110: 22200 delegates fetched (7/sec, rate_retries=0, ~2258s remaining)
[32m2026-03-20 06:36:56 +0530[0m - dagster - [34mINFO[0m - __ASSET_JOB - 869c63f2-ec84-4ddb-b1d4-936781c4c49a - tally_delegates - [TALLY] Page 1115: 22300 delegates fetched (7/sec, rate_retries=0, ~2243s remaining)
[32m2026-03-20 06:37:12 +0530[0m - dagster - [34mINFO[0m - __ASSET_JOB - 869c63f2-ec84-4ddb-b1d4-936781c4c49a - tally_delegates - [TALLY] Page 1120: 22400 delegates fetched (7/sec, rate_retries=0, ~2230s remaining)
[32m2026-03-20 06:37:25 +0530[0m - dagster - [34mINFO[0m - __ASSET_JOB - 869c63f2-ec84-4ddb-b1d4-936781c4c49a - tally_delegates - [TALLY] Page 1125: 22500 delegates fetched (7/sec, rate_retries=0, ~2215s remaining)
[32m2026-03-20 06:37:37 +0530[0m - dagster - [34mINFO[0m - __ASSET_JOB - 869c63f2-ec84-4ddb-b1d4-936781c4c49a - tally_delegates - [TALLY] Page 1130: 22600 delegates fetched (7/sec, rate_retries=0, ~2199s remaining)
[32m2026-03-20 06:37:54 +0530[0m - dagster - [34mINFO[0m - __ASSET_JOB - 869c63f2-ec84-4ddb-b1d4-936781c4c49a - tally_delegates - [TALLY] Page 1135: 22700 delegates fetched (7/sec, rate_retries=0, ~2186s remaining)
[32m2026-03-20 06:38:07 +0530[0m - dagster - [34mINFO[0m - __ASSET_JOB - 869c63f2-ec84-4ddb-b1d4-936781c4c49a - tally_delegates - [TALLY] Page 1140: 22800 delegates fetched (7/sec, rate_retries=0, ~2171s remaining)
[32m2026-03-20 06:38:23 +0530[0m - dagster - [34mINFO[0m - __ASSET_JOB - 869c63f2-ec84-4ddb-b1d4-936781c4c49a - tally_delegates - [TALLY] Page 1145: 22900 delegates fetched (7/sec, rate_retries=0, ~2158s remaining)
[32m2026-03-20 06:38:36 +0530[0m - dagster - [34mINFO[0m - __ASSET_JOB - 869c63f2-ec84-4ddb-b1d4-936781c4c49a - tally_delegates - [TALLY] Page 1150: 23000 delegates fetched (7/sec, rate_retries=0, ~2143s remaining)
[32m2026-03-20 06:38:49 +0530[0m - dagster - [34mINFO[0m - __ASSET_JOB - 869c63f2-ec84-4ddb-b1d4-936781c4c49a - tally_delegates - [TALLY] Page 1155: 23100 delegates fetched (7/sec, rate_retries=0, ~2128s remaining)
[32m2026-03-20 06:39:05 +0530[0m - dagster - [34mINFO[0m - __ASSET_JOB - 869c63f2-ec84-4ddb-b1d4-936781c4c49a - tally_delegates - [TALLY] Page 1160: 23200 delegates fetched (7/sec, rate_retries=0, ~2115s remaining)
[32m2026-03-20 06:39:18 +0530[0m - dagster - [34mINFO[0m - __ASSET_JOB - 869c63f2-ec84-4ddb-b1d4-936781c4c49a - tally_delegates - [TALLY] Page 1165: 23300 delegates fetched (7/sec, rate_retries=0, ~2100s remaining)
[32m2026-03-20 06:39:35 +0530[0m - dagster - [34mINFO[0m - __ASSET_JOB - 869c63f2-ec84-4ddb-b1d4-936781c4c49a - tally_delegates - [TALLY] Page 1170: 23400 delegates fetched (7/sec, rate_retries=0, ~2087s remaining)
[32m2026-03-20 06:39:48 +0530[0m - dagster - [34mINFO[0m - __ASSET_JOB - 869c63f2-ec84-4ddb-b1d4-936781c4c49a - tally_delegates - [TALLY] Page 1175: 23500 delegates fetched (7/sec, rate_retries=0, ~2072s remaining)
[32m2026-03-20 06:40:00 +0530[0m - dagster - [34mINFO[0m - __ASSET_JOB - 869c63f2-ec84-4ddb-b1d4-936781c4c49a - tally_delegates - [TALLY] Page 1180: 23600 delegates fetched (7/sec, rate_retries=0, ~2056s remaining)
[32m2026-03-20 06:40:16 +0530[0m - dagster - [34mINFO[0m - __ASSET_JOB - 869c63f2-ec84-4ddb-b1d4-936781c4c49a - tally_delegates - [TALLY] Page 1185: 23700 delegates fetched (7/sec, rate_retries=0, ~2043s remaining)
[32m2026-03-20 06:40:30 +0530[0m - dagster - [34mINFO[0m - __ASSET_JOB - 869c63f2-ec84-4ddb-b1d4-936781c4c49a - tally_delegates - [TALLY] Page 1190: 23800 delegates fetched (7/sec, rate_retries=0, ~2028s remaining)
[32m2026-03-20 06:40:42 +0530[0m - dagster - [34mINFO[0m - __ASSET_JOB - 869c63f2-ec84-4ddb-b1d4-936781c4c49a - tally_delegates - [TALLY] Page 1195: 23900 delegates fetched (7/sec, rate_retries=0, ~2013s remaining)
[32m2026-03-20 06:40:59 +0530[0m - dagster - [34mINFO[0m - __ASSET_JOB - 869c63f2-ec84-4ddb-b1d4-936781c4c49a - tally_delegates - [TALLY] Page 1200: 24000 delegates fetched (7/sec, rate_retries=0, ~2000s remaining)
[32m2026-03-20 06:41:12 +0530[0m - dagster - [34mINFO[0m - __ASSET_JOB - 869c63f2-ec84-4ddb-b1d4-936781c4c49a - tally_delegates - [TALLY] Page 1205: 24100 delegates fetched (7/sec, rate_retries=0, ~1985s remaining)
[32m2026-03-20 06:41:28 +0530[0m - dagster - [34mINFO[0m - __ASSET_JOB - 869c63f2-ec84-4ddb-b1d4-936781c4c49a - tally_delegates - [TALLY] Page 1210: 24200 delegates fetched (7/sec, rate_retries=0, ~1972s remaining)
[32m2026-03-20 06:41:41 +0530[0m - dagster - [34mINFO[0m - __ASSET_JOB - 869c63f2-ec84-4ddb-b1d4-936781c4c49a - tally_delegates - [TALLY] Page 1215: 24300 delegates fetched (7/sec, rate_retries=0, ~1957s remaining)
[32m2026-03-20 06:41:53 +0530[0m - dagster - [34mINFO[0m - __ASSET_JOB - 869c63f2-ec84-4ddb-b1d4-936781c4c49a - tally_delegates - [TALLY] Page 1220: 24400 delegates fetched (7/sec, rate_retries=0, ~1941s remaining)
[32m2026-03-20 06:42:09 +0530[0m - dagster - [34mINFO[0m - __ASSET_JOB - 869c63f2-ec84-4ddb-b1d4-936781c4c49a - tally_delegates - [TALLY] Page 1225: 24500 delegates fetched (7/sec, rate_retries=0, ~1928s remaining)
[32m2026-03-20 06:42:23 +0530[0m - dagster - [34mINFO[0m - __ASSET_JOB - 869c63f2-ec84-4ddb-b1d4-936781c4c49a - tally_delegates - [TALLY] Page 1230: 24600 delegates fetched (7/sec, rate_retries=0, ~1913s remaining)
[32m2026-03-20 06:42:39 +0530[0m - dagster - [34mINFO[0m - __ASSET_JOB - 869c63f2-ec84-4ddb-b1d4-936781c4c49a - tally_delegates - [TALLY] Page 1235: 24700 delegates fetched (7/sec, rate_retries=0, ~1900s remaining)
[32m2026-03-20 06:42:52 +0530[0m - dagster - [34mINFO[0m - __ASSET_JOB - 869c63f2-ec84-4ddb-b1d4-936781c4c49a - tally_delegates - [TALLY] Page 1240: 24800 delegates fetched (7/sec, rate_retries=0, ~1885s remaining)
[32m2026-03-20 06:43:05 +0530[0m - dagster - [34mINFO[0m - __ASSET_JOB - 869c63f2-ec84-4ddb-b1d4-936781c4c49a - tally_delegates - [TALLY] Page 1245: 24900 delegates fetched (7/sec, rate_retries=0, ~1870s remaining)
[32m2026-03-20 06:43:21 +0530[0m - dagster - [34mINFO[0m - __ASSET_JOB - 869c63f2-ec84-4ddb-b1d4-936781c4c49a - tally_delegates - [TALLY] Page 1250: 25000 delegates fetched (7/sec, rate_retries=0, ~1857s remaining)
[32m2026-03-20 06:43:34 +0530[0m - dagster - [34mINFO[0m - __ASSET_JOB - 869c63f2-ec84-4ddb-b1d4-936781c4c49a - tally_delegates - [TALLY] Page 1255: 25100 delegates fetched (7/sec, rate_retries=0, ~1842s remaining)
[32m2026-03-20 06:43:50 +0530[0m - dagster - [34mINFO[0m - __ASSET_JOB - 869c63f2-ec84-4ddb-b1d4-936781c4c49a - tally_delegates - [TALLY] Page 1260: 25200 delegates fetched (7/sec, rate_retries=0, ~1829s remaining)
[32m2026-03-20 06:44:03 +0530[0m - dagster - [34mINFO[0m - __ASSET_JOB - 869c63f2-ec84-4ddb-b1d4-936781c4c49a - tally_delegates - [TALLY] Page 1265: 25300 delegates fetched (7/sec, rate_retries=0, ~1814s remaining)
[32m2026-03-20 06:44:18 +0530[0m - dagster - [34mINFO[0m - __ASSET_JOB - 869c63f2-ec84-4ddb-b1d4-936781c4c49a - tally_delegates - [TALLY] Page 1270: 25400 delegates fetched (7/sec, rate_retries=0, ~1800s remaining)
[32m2026-03-20 06:44:34 +0530[0m - dagster - [34mINFO[0m - __ASSET_JOB - 869c63f2-ec84-4ddb-b1d4-936781c4c49a - tally_delegates - [TALLY] Page 1275: 25500 delegates fetched (7/sec, rate_retries=0, ~1786s remaining)
[32m2026-03-20 06:44:47 +0530[0m - dagster - [34mINFO[0m - __ASSET_JOB - 869c63f2-ec84-4ddb-b1d4-936781c4c49a - tally_delegates - [TALLY] Page 1280: 25600 delegates fetched (7/sec, rate_retries=0, ~1771s remaining)
[32m2026-03-20 06:45:03 +0530[0m - dagster - [34mINFO[0m - __ASSET_JOB - 869c63f2-ec84-4ddb-b1d4-936781c4c49a - tally_delegates - [TALLY] Page 1285: 25700 delegates fetched (7/sec, rate_retries=0, ~1758s remaining)
[32m2026-03-20 06:45:16 +0530[0m - dagster - [34mINFO[0m - __ASSET_JOB - 869c63f2-ec84-4ddb-b1d4-936781c4c49a - tally_delegates - [TALLY] Page 1290: 25800 delegates fetched (7/sec, rate_retries=0, ~1743s remaining)
[32m2026-03-20 06:45:29 +0530[0m - dagster - [34mINFO[0m - __ASSET_JOB - 869c63f2-ec84-4ddb-b1d4-936781c4c49a - tally_delegates - [TALLY] Page 1295: 25900 delegates fetched (7/sec, rate_retries=0, ~1728s remaining)
[32m2026-03-20 06:45:46 +0530[0m - dagster - [34mINFO[0m - __ASSET_JOB - 869c63f2-ec84-4ddb-b1d4-936781c4c49a - tally_delegates - [TALLY] Page 1300: 26000 delegates fetched (7/sec, rate_retries=0, ~1715s remaining)
[32m2026-03-20 06:45:59 +0530[0m - dagster - [34mINFO[0m - __ASSET_JOB - 869c63f2-ec84-4ddb-b1d4-936781c4c49a - tally_delegates - [TALLY] Page 1305: 26100 delegates fetched (7/sec, rate_retries=0, ~1700s remaining)
[32m2026-03-20 06:46:15 +0530[0m - dagster - [34mINFO[0m - __ASSET_JOB - 869c63f2-ec84-4ddb-b1d4-936781c4c49a - tally_delegates - [TALLY] Page 1310: 26200 delegates fetched (7/sec, rate_retries=0, ~1687s remaining)
[32m2026-03-20 06:46:28 +0530[0m - dagster - [34mINFO[0m - __ASSET_JOB - 869c63f2-ec84-4ddb-b1d4-936781c4c49a - tally_delegates - [TALLY] Page 1315: 26300 delegates fetched (7/sec, rate_retries=0, ~1672s remaining)
[32m2026-03-20 06:46:40 +0530[0m - dagster - [34mINFO[0m - __ASSET_JOB - 869c63f2-ec84-4ddb-b1d4-936781c4c49a - tally_delegates - [TALLY] Page 1320: 26400 delegates fetched (7/sec, rate_retries=0, ~1657s remaining)
[32m2026-03-20 06:46:57 +0530[0m - dagster - [34mINFO[0m - __ASSET_JOB - 869c63f2-ec84-4ddb-b1d4-936781c4c49a - tally_delegates - [TALLY] Page 1325: 26500 delegates fetched (7/sec, rate_retries=0, ~1643s remaining)
[32m2026-03-20 06:47:09 +0530[0m - dagster - [34mINFO[0m - __ASSET_JOB - 869c63f2-ec84-4ddb-b1d4-936781c4c49a - tally_delegates - [TALLY] Page 1330: 26600 delegates fetched (7/sec, rate_retries=0, ~1628s remaining)
[32m2026-03-20 06:47:26 +0530[0m - dagster - [34mINFO[0m - __ASSET_JOB - 869c63f2-ec84-4ddb-b1d4-936781c4c49a - tally_delegates - [TALLY] Page 1335: 26700 delegates fetched (7/sec, rate_retries=0, ~1615s remaining)
[32m2026-03-20 06:47:39 +0530[0m - dagster - [34mINFO[0m - __ASSET_JOB - 869c63f2-ec84-4ddb-b1d4-936781c4c49a - tally_delegates - [TALLY] Page 1340: 26800 delegates fetched (7/sec, rate_retries=0, ~1600s remaining)
[32m2026-03-20 06:47:52 +0530[0m - dagster - [34mINFO[0m - __ASSET_JOB - 869c63f2-ec84-4ddb-b1d4-936781c4c49a - tally_delegates - [TALLY] Page 1345: 26900 delegates fetched (7/sec, rate_retries=0, ~1585s remaining)
[32m2026-03-20 06:48:09 +0530[0m - dagster - [34mINFO[0m - __ASSET_JOB - 869c63f2-ec84-4ddb-b1d4-936781c4c49a - tally_delegates - [TALLY] Page 1350: 27000 delegates fetched (7/sec, rate_retries=0, ~1572s remaining)
[32m2026-03-20 06:48:22 +0530[0m - dagster - [34mINFO[0m - __ASSET_JOB - 869c63f2-ec84-4ddb-b1d4-936781c4c49a - tally_delegates - [TALLY] Page 1355: 27100 delegates fetched (7/sec, rate_retries=0, ~1557s remaining)
[32m2026-03-20 06:48:38 +0530[0m - dagster - [34mINFO[0m - __ASSET_JOB - 869c63f2-ec84-4ddb-b1d4-936781c4c49a - tally_delegates - [TALLY] Page 1360: 27200 delegates fetched (7/sec, rate_retries=0, ~1544s remaining)
[32m2026-03-20 06:48:51 +0530[0m - dagster - [34mINFO[0m - __ASSET_JOB - 869c63f2-ec84-4ddb-b1d4-936781c4c49a - tally_delegates - [TALLY] Page 1365: 27300 delegates fetched (7/sec, rate_retries=0, ~1529s remaining)
[32m2026-03-20 06:49:03 +0530[0m - dagster - [34mINFO[0m - __ASSET_JOB - 869c63f2-ec84-4ddb-b1d4-936781c4c49a - tally_delegates - [TALLY] Page 1370: 27400 delegates fetched (7/sec, rate_retries=0, ~1514s remaining)
[32m2026-03-20 06:49:20 +0530[0m - dagster - [34mINFO[0m - __ASSET_JOB - 869c63f2-ec84-4ddb-b1d4-936781c4c49a - tally_delegates - [TALLY] Page 1375: 27500 delegates fetched (7/sec, rate_retries=0, ~1500s remaining)
[32m2026-03-20 06:49:33 +0530[0m - dagster - [34mINFO[0m - __ASSET_JOB - 869c63f2-ec84-4ddb-b1d4-936781c4c49a - tally_delegates - [TALLY] Page 1380: 27600 delegates fetched (7/sec, rate_retries=0, ~1486s remaining)
[32m2026-03-20 06:49:49 +0530[0m - dagster - [34mINFO[0m - __ASSET_JOB - 869c63f2-ec84-4ddb-b1d4-936781c4c49a - tally_delegates - [TALLY] Page 1385: 27700 delegates fetched (7/sec, rate_retries=0, ~1472s remaining)
[32m2026-03-20 06:50:01 +0530[0m - dagster - [34mINFO[0m - __ASSET_JOB - 869c63f2-ec84-4ddb-b1d4-936781c4c49a - tally_delegates - [TALLY] Page 1390: 27800 delegates fetched (7/sec, rate_retries=0, ~1457s remaining)
[32m2026-03-20 06:50:14 +0530[0m - dagster - [34mINFO[0m - __ASSET_JOB - 869c63f2-ec84-4ddb-b1d4-936781c4c49a - tally_delegates - [TALLY] Page 1395: 27900 delegates fetched (7/sec, rate_retries=0, ~1442s remaining)
[32m2026-03-20 06:50:31 +0530[0m - dagster - [34mINFO[0m - __ASSET_JOB - 869c63f2-ec84-4ddb-b1d4-936781c4c49a - tally_delegates - [TALLY] Page 1400: 28000 delegates fetched (7/sec, rate_retries=0, ~1429s remaining)
[32m2026-03-20 06:50:44 +0530[0m - dagster - [34mINFO[0m - __ASSET_JOB - 869c63f2-ec84-4ddb-b1d4-936781c4c49a - tally_delegates - [TALLY] Page 1405: 28100 delegates fetched (7/sec, rate_retries=0, ~1414s remaining)
[32m2026-03-20 06:50:56 +0530[0m - dagster - [34mINFO[0m - __ASSET_JOB - 869c63f2-ec84-4ddb-b1d4-936781c4c49a - tally_delegates - [TALLY] Page 1410: 28200 delegates fetched (7/sec, rate_retries=0, ~1399s remaining)
[32m2026-03-20 06:51:13 +0530[0m - dagster - [34mINFO[0m - __ASSET_JOB - 869c63f2-ec84-4ddb-b1d4-936781c4c49a - tally_delegates - [TALLY] Page 1415: 28300 delegates fetched (7/sec, rate_retries=0, ~1386s remaining)
[32m2026-03-20 06:51:26 +0530[0m - dagster - [34mINFO[0m - __ASSET_JOB - 869c63f2-ec84-4ddb-b1d4-936781c4c49a - tally_delegates - [TALLY] Page 1420: 28400 delegates fetched (7/sec, rate_retries=0, ~1371s remaining)
[32m2026-03-20 06:51:43 +0530[0m - dagster - [34mINFO[0m - __ASSET_JOB - 869c63f2-ec84-4ddb-b1d4-936781c4c49a - tally_delegates - [TALLY] Page 1425: 28500 delegates fetched (7/sec, rate_retries=0, ~1358s remaining)
[32m2026-03-20 06:51:56 +0530[0m - dagster - [34mINFO[0m - __ASSET_JOB - 869c63f2-ec84-4ddb-b1d4-936781c4c49a - tally_delegates - [TALLY] Page 1430: 28600 delegates fetched (7/sec, rate_retries=0, ~1343s remaining)
[32m2026-03-20 06:52:09 +0530[0m - dagster - [34mINFO[0m - __ASSET_JOB - 869c63f2-ec84-4ddb-b1d4-936781c4c49a - tally_delegates - [TALLY] Page 1435: 28700 delegates fetched (7/sec, rate_retries=0, ~1328s remaining)
[32m2026-03-20 06:52:26 +0530[0m - dagster - [34mINFO[0m - __ASSET_JOB - 869c63f2-ec84-4ddb-b1d4-936781c4c49a - tally_delegates - [TALLY] Page 1440: 28800 delegates fetched (7/sec, rate_retries=0, ~1315s remaining)
[32m2026-03-20 06:52:38 +0530[0m - dagster - [34mINFO[0m - __ASSET_JOB - 869c63f2-ec84-4ddb-b1d4-936781c4c49a - tally_delegates - [TALLY] Page 1445: 28900 delegates fetched (7/sec, rate_retries=0, ~1300s remaining)
[32m2026-03-20 06:52:55 +0530[0m - dagster - [34mINFO[0m - __ASSET_JOB - 869c63f2-ec84-4ddb-b1d4-936781c4c49a - tally_delegates - [TALLY] Page 1450: 29000 delegates fetched (7/sec, rate_retries=0, ~1286s remaining)
[32m2026-03-20 06:53:08 +0530[0m - dagster - [34mINFO[0m - __ASSET_JOB - 869c63f2-ec84-4ddb-b1d4-936781c4c49a - tally_delegates - [TALLY] Page 1455: 29100 delegates fetched (7/sec, rate_retries=0, ~1272s remaining)
[32m2026-03-20 06:53:21 +0530[0m - dagster - [34mINFO[0m - __ASSET_JOB - 869c63f2-ec84-4ddb-b1d4-936781c4c49a - tally_delegates - [TALLY] Page 1460: 29200 delegates fetched (7/sec, rate_retries=0, ~1257s remaining)
[32m2026-03-20 06:53:37 +0530[0m - dagster - [34mINFO[0m - __ASSET_JOB - 869c63f2-ec84-4ddb-b1d4-936781c4c49a - tally_delegates - [TALLY] Page 1465: 29300 delegates fetched (7/sec, rate_retries=0, ~1243s remaining)
[32m2026-03-20 06:53:50 +0530[0m - dagster - [34mINFO[0m - __ASSET_JOB - 869c63f2-ec84-4ddb-b1d4-936781c4c49a - tally_delegates - [TALLY] Page 1470: 29400 delegates fetched (7/sec, rate_retries=0, ~1229s remaining)
[32m2026-03-20 06:54:07 +0530[0m - dagster - [34mINFO[0m - __ASSET_JOB - 869c63f2-ec84-4ddb-b1d4-936781c4c49a - tally_delegates - [TALLY] Page 1475: 29500 delegates fetched (7/sec, rate_retries=0, ~1215s remaining)
[32m2026-03-20 06:54:20 +0530[0m - dagster - [34mINFO[0m - __ASSET_JOB - 869c63f2-ec84-4ddb-b1d4-936781c4c49a - tally_delegates - [TALLY] Page 1480: 29600 delegates fetched (7/sec, rate_retries=0, ~1200s remaining)
[32m2026-03-20 06:54:33 +0530[0m - dagster - [34mINFO[0m - __ASSET_JOB - 869c63f2-ec84-4ddb-b1d4-936781c4c49a - tally_delegates - [TALLY] Page 1485: 29700 delegates fetched (7/sec, rate_retries=0, ~1186s remaining)
[32m2026-03-20 06:54:49 +0530[0m - dagster - [34mINFO[0m - __ASSET_JOB - 869c63f2-ec84-4ddb-b1d4-936781c4c49a - tally_delegates - [TALLY] Page 1490: 29800 delegates fetched (7/sec, rate_retries=0, ~1172s remaining)
[32m2026-03-20 06:55:02 +0530[0m - dagster - [34mINFO[0m - __ASSET_JOB - 869c63f2-ec84-4ddb-b1d4-936781c4c49a - tally_delegates - [TALLY] Page 1495: 29900 delegates fetched (7/sec, rate_retries=0, ~1157s remaining)
[32m2026-03-20 06:55:19 +0530[0m - dagster - [34mINFO[0m - __ASSET_JOB - 869c63f2-ec84-4ddb-b1d4-936781c4c49a - tally_delegates - [TALLY] Page 1500: 30000 delegates fetched (7/sec, rate_retries=0, ~1144s remaining)
[32m2026-03-20 06:55:32 +0530[0m - dagster - [34mINFO[0m - __ASSET_JOB - 869c63f2-ec84-4ddb-b1d4-936781c4c49a - tally_delegates - [TALLY] Page 1505: 30100 delegates fetched (7/sec, rate_retries=0, ~1129s remaining)
[32m2026-03-20 06:55:44 +0530[0m - dagster - [34mINFO[0m - __ASSET_JOB - 869c63f2-ec84-4ddb-b1d4-936781c4c49a - tally_delegates - [TALLY] Page 1510: 30200 delegates fetched (7/sec, rate_retries=0, ~1114s remaining)
[32m2026-03-20 06:56:01 +0530[0m - dagster - [34mINFO[0m - __ASSET_JOB - 869c63f2-ec84-4ddb-b1d4-936781c4c49a - tally_delegates - [TALLY] Page 1515: 30300 delegates fetched (7/sec, rate_retries=0, ~1101s remaining)
[32m2026-03-20 06:56:14 +0530[0m - dagster - [34mINFO[0m - __ASSET_JOB - 869c63f2-ec84-4ddb-b1d4-936781c4c49a - tally_delegates - [TALLY] Page 1520: 30400 delegates fetched (7/sec, rate_retries=0, ~1086s remaining)
[32m2026-03-20 06:56:31 +0530[0m - dagster - [34mINFO[0m - __ASSET_JOB - 869c63f2-ec84-4ddb-b1d4-936781c4c49a - tally_delegates - [TALLY] Page 1525: 30500 delegates fetched (7/sec, rate_retries=0, ~1072s remaining)
[32m2026-03-20 06:56:43 +0530[0m - dagster - [34mINFO[0m - __ASSET_JOB - 869c63f2-ec84-4ddb-b1d4-936781c4c49a - tally_delegates - [TALLY] Page 1530: 30600 delegates fetched (7/sec, rate_retries=0, ~1058s remaining)
[32m2026-03-20 06:56:57 +0530[0m - dagster - [34mINFO[0m - __ASSET_JOB - 869c63f2-ec84-4ddb-b1d4-936781c4c49a - tally_delegates - [TALLY] Page 1535: 30700 delegates fetched (7/sec, rate_retries=0, ~1043s remaining)
[32m2026-03-20 06:57:13 +0530[0m - dagster - [34mINFO[0m - __ASSET_JOB - 869c63f2-ec84-4ddb-b1d4-936781c4c49a - tally_delegates - [TALLY] Page 1540: 30800 delegates fetched (7/sec, rate_retries=0, ~1029s remaining)
[32m2026-03-20 06:57:26 +0530[0m - dagster - [34mINFO[0m - __ASSET_JOB - 869c63f2-ec84-4ddb-b1d4-936781c4c49a - tally_delegates - [TALLY] Page 1545: 30900 delegates fetched (7/sec, rate_retries=0, ~1015s remaining)
[32m2026-03-20 06:57:42 +0530[0m - dagster - [34mINFO[0m - __ASSET_JOB - 869c63f2-ec84-4ddb-b1d4-936781c4c49a - tally_delegates - [TALLY] Page 1550: 31000 delegates fetched (7/sec, rate_retries=0, ~1001s remaining)
[32m2026-03-20 06:57:55 +0530[0m - dagster - [34mINFO[0m - __ASSET_JOB - 869c63f2-ec84-4ddb-b1d4-936781c4c49a - tally_delegates - [TALLY] Page 1555: 31100 delegates fetched (7/sec, rate_retries=0, ~986s remaining)
[32m2026-03-20 06:58:08 +0530[0m - dagster - [34mINFO[0m - __ASSET_JOB - 869c63f2-ec84-4ddb-b1d4-936781c4c49a - tally_delegates - [TALLY] Page 1560: 31200 delegates fetched (7/sec, rate_retries=0, ~972s remaining)
[32m2026-03-20 06:58:24 +0530[0m - dagster - [34mINFO[0m - __ASSET_JOB - 869c63f2-ec84-4ddb-b1d4-936781c4c49a - tally_delegates - [TALLY] Page 1565: 31300 delegates fetched (7/sec, rate_retries=0, ~958s remaining)
[32m2026-03-20 06:58:37 +0530[0m - dagster - [34mINFO[0m - __ASSET_JOB - 869c63f2-ec84-4ddb-b1d4-936781c4c49a - tally_delegates - [TALLY] Page 1570: 31400 delegates fetched (7/sec, rate_retries=0, ~943s remaining)
[32m2026-03-20 06:58:53 +0530[0m - dagster - [34mINFO[0m - __ASSET_JOB - 869c63f2-ec84-4ddb-b1d4-936781c4c49a - tally_delegates - [TALLY] Page 1575: 31500 delegates fetched (7/sec, rate_retries=0, ~929s remaining)
[32m2026-03-20 06:59:05 +0530[0m - dagster - [34mINFO[0m - __ASSET_JOB - 869c63f2-ec84-4ddb-b1d4-936781c4c49a - tally_delegates - [TALLY] Page 1580: 31600 delegates fetched (7/sec, rate_retries=0, ~914s remaining)
[32m2026-03-20 06:59:18 +0530[0m - dagster - [34mINFO[0m - __ASSET_JOB - 869c63f2-ec84-4ddb-b1d4-936781c4c49a - tally_delegates - [TALLY] Page 1585: 31700 delegates fetched (7/sec, rate_retries=0, ~900s remaining)
[32m2026-03-20 06:59:35 +0530[0m - dagster - [34mINFO[0m - __ASSET_JOB - 869c63f2-ec84-4ddb-b1d4-936781c4c49a - tally_delegates - [TALLY] Page 1590: 31800 delegates fetched (7/sec, rate_retries=0, ~886s remaining)
[32m2026-03-20 06:59:48 +0530[0m - dagster - [34mINFO[0m - __ASSET_JOB - 869c63f2-ec84-4ddb-b1d4-936781c4c49a - tally_delegates - [TALLY] Page 1595: 31900 delegates fetched (7/sec, rate_retries=0, ~872s remaining)
[32m2026-03-20 07:00:04 +0530[0m - dagster - [34mINFO[0m - __ASSET_JOB - 869c63f2-ec84-4ddb-b1d4-936781c4c49a - tally_delegates - [TALLY] Page 1600: 32000 delegates fetched (7/sec, rate_retries=0, ~858s remaining)
[32m2026-03-20 07:00:17 +0530[0m - dagster - [34mINFO[0m - __ASSET_JOB - 869c63f2-ec84-4ddb-b1d4-936781c4c49a - tally_delegates - [TALLY] Page 1605: 32100 delegates fetched (7/sec, rate_retries=0, ~843s remaining)
[32m2026-03-20 07:00:29 +0530[0m - dagster - [34mINFO[0m - __ASSET_JOB - 869c63f2-ec84-4ddb-b1d4-936781c4c49a - tally_delegates - [TALLY] Page 1610: 32200 delegates fetched (7/sec, rate_retries=0, ~828s remaining)
[32m2026-03-20 07:00:46 +0530[0m - dagster - [34mINFO[0m - __ASSET_JOB - 869c63f2-ec84-4ddb-b1d4-936781c4c49a - tally_delegates - [TALLY] Page 1615: 32300 delegates fetched (7/sec, rate_retries=0, ~815s remaining)
[32m2026-03-20 07:00:59 +0530[0m - dagster - [34mINFO[0m - __ASSET_JOB - 869c63f2-ec84-4ddb-b1d4-936781c4c49a - tally_delegates - [TALLY] Page 1620: 32400 delegates fetched (7/sec, rate_retries=0, ~800s remaining)
[32m2026-03-20 07:01:15 +0530[0m - dagster - [34mINFO[0m - __ASSET_JOB - 869c63f2-ec84-4ddb-b1d4-936781c4c49a - tally_delegates - [TALLY] Page 1625: 32500 delegates fetched (7/sec, rate_retries=0, ~786s remaining)
[32m2026-03-20 07:01:28 +0530[0m - dagster - [34mINFO[0m - __ASSET_JOB - 869c63f2-ec84-4ddb-b1d4-936781c4c49a - tally_delegates - [TALLY] Page 1630: 32600 delegates fetched (7/sec, rate_retries=0, ~772s remaining)
[32m2026-03-20 07:01:41 +0530[0m - dagster - [34mINFO[0m - __ASSET_JOB - 869c63f2-ec84-4ddb-b1d4-936781c4c49a - tally_delegates - [TALLY] Page 1635: 32700 delegates fetched (7/sec, rate_retries=0, ~757s remaining)
[32m2026-03-20 07:01:57 +0530[0m - dagster - [34mINFO[0m - __ASSET_JOB - 869c63f2-ec84-4ddb-b1d4-936781c4c49a - tally_delegates - [TALLY] Page 1640: 32800 delegates fetched (7/sec, rate_retries=0, ~743s remaining)
[32m2026-03-20 07:02:10 +0530[0m - dagster - [34mINFO[0m - __ASSET_JOB - 869c63f2-ec84-4ddb-b1d4-936781c4c49a - tally_delegates - [TALLY] Page 1645: 32900 delegates fetched (7/sec, rate_retries=0, ~729s remaining)
[32m2026-03-20 07:02:27 +0530[0m - dagster - [34mINFO[0m - __ASSET_JOB - 869c63f2-ec84-4ddb-b1d4-936781c4c49a - tally_delegates - [TALLY] Page 1650: 33000 delegates fetched (7/sec, rate_retries=0, ~715s remaining)
[32m2026-03-20 07:02:40 +0530[0m - dagster - [34mINFO[0m - __ASSET_JOB - 869c63f2-ec84-4ddb-b1d4-936781c4c49a - tally_delegates - [TALLY] Page 1655: 33100 delegates fetched (7/sec, rate_retries=0, ~700s remaining)
[32m2026-03-20 07:02:53 +0530[0m - dagster - [34mINFO[0m - __ASSET_JOB - 869c63f2-ec84-4ddb-b1d4-936781c4c49a - tally_delegates - [TALLY] Page 1660: 33200 delegates fetched (7/sec, rate_retries=0, ~686s remaining)
[32m2026-03-20 07:03:10 +0530[0m - dagster - [34mINFO[0m - __ASSET_JOB - 869c63f2-ec84-4ddb-b1d4-936781c4c49a - tally_delegates - [TALLY] Page 1665: 33300 delegates fetched (7/sec, rate_retries=0, ~672s remaining)
[32m2026-03-20 07:03:23 +0530[0m - dagster - [34mINFO[0m - __ASSET_JOB - 869c63f2-ec84-4ddb-b1d4-936781c4c49a - tally_delegates - [TALLY] Page 1670: 33400 delegates fetched (7/sec, rate_retries=0, ~657s remaining)
[32m2026-03-20 07:03:39 +0530[0m - dagster - [34mINFO[0m - __ASSET_JOB - 869c63f2-ec84-4ddb-b1d4-936781c4c49a - tally_delegates - [TALLY] Page 1675: 33500 delegates fetched (7/sec, rate_retries=0, ~643s remaining)
[32m2026-03-20 07:03:52 +0530[0m - dagster - [34mINFO[0m - __ASSET_JOB - 869c63f2-ec84-4ddb-b1d4-936781c4c49a - tally_delegates - [TALLY] Page 1680: 33600 delegates fetched (7/sec, rate_retries=0, ~629s remaining)
[32m2026-03-20 07:04:05 +0530[0m - dagster - [34mINFO[0m - __ASSET_JOB - 869c63f2-ec84-4ddb-b1d4-936781c4c49a - tally_delegates - [TALLY] Page 1685: 33700 delegates fetched (7/sec, rate_retries=0, ~614s remaining)
[32m2026-03-20 07:04:22 +0530[0m - dagster - [34mINFO[0m - __ASSET_JOB - 869c63f2-ec84-4ddb-b1d4-936781c4c49a - tally_delegates - [TALLY] Page 1690: 33800 delegates fetched (7/sec, rate_retries=0, ~600s remaining)
[32m2026-03-20 07:04:35 +0530[0m - dagster - [34mINFO[0m - __ASSET_JOB - 869c63f2-ec84-4ddb-b1d4-936781c4c49a - tally_delegates - [TALLY] Page 1695: 33900 delegates fetched (7/sec, rate_retries=0, ~586s remaining)
[32m2026-03-20 07:04:51 +0530[0m - dagster - [34mINFO[0m - __ASSET_JOB - 869c63f2-ec84-4ddb-b1d4-936781c4c49a - tally_delegates - [TALLY] Page 1700: 34000 delegates fetched (7/sec, rate_retries=0, ~572s remaining)
[32m2026-03-20 07:05:04 +0530[0m - dagster - [34mINFO[0m - __ASSET_JOB - 869c63f2-ec84-4ddb-b1d4-936781c4c49a - tally_delegates - [TALLY] Page 1705: 34100 delegates fetched (7/sec, rate_retries=0, ~557s remaining)
[32m2026-03-20 07:05:17 +0530[0m - dagster - [34mINFO[0m - __ASSET_JOB - 869c63f2-ec84-4ddb-b1d4-936781c4c49a - tally_delegates - [TALLY] Page 1710: 34200 delegates fetched (7/sec, rate_retries=0, ~543s remaining)
[32m2026-03-20 07:05:34 +0530[0m - dagster - [34mINFO[0m - __ASSET_JOB - 869c63f2-ec84-4ddb-b1d4-936781c4c49a - tally_delegates - [TALLY] Page 1715: 34300 delegates fetched (7/sec, rate_retries=0, ~529s remaining)
[32m2026-03-20 07:05:47 +0530[0m - dagster - [34mINFO[0m - __ASSET_JOB - 869c63f2-ec84-4ddb-b1d4-936781c4c49a - tally_delegates - [TALLY] Page 1720: 34400 delegates fetched (7/sec, rate_retries=0, ~515s remaining)
[32m2026-03-20 07:05:59 +0530[0m - dagster - [34mINFO[0m - __ASSET_JOB - 869c63f2-ec84-4ddb-b1d4-936781c4c49a - tally_delegates - [TALLY] Page 1725: 34500 delegates fetched (7/sec, rate_retries=0, ~500s remaining)
[32m2026-03-20 07:06:16 +0530[0m - dagster - [34mINFO[0m - __ASSET_JOB - 869c63f2-ec84-4ddb-b1d4-936781c4c49a - tally_delegates - [TALLY] Page 1730: 34600 delegates fetched (7/sec, rate_retries=0, ~486s remaining)
[32m2026-03-20 07:06:29 +0530[0m - dagster - [34mINFO[0m - __ASSET_JOB - 869c63f2-ec84-4ddb-b1d4-936781c4c49a - tally_delegates - [TALLY] Page 1735: 34700 delegates fetched (7/sec, rate_retries=0, ~472s remaining)
[32m2026-03-20 07:06:45 +0530[0m - dagster - [34mINFO[0m - __ASSET_JOB - 869c63f2-ec84-4ddb-b1d4-936781c4c49a - tally_delegates - [TALLY] Page 1740: 34800 delegates fetched (7/sec, rate_retries=0, ~458s remaining)
[32m2026-03-20 07:06:58 +0530[0m - dagster - [34mINFO[0m - __ASSET_JOB - 869c63f2-ec84-4ddb-b1d4-936781c4c49a - tally_delegates - [TALLY] Page 1745: 34900 delegates fetched (7/sec, rate_retries=0, ~443s remaining)
[32m2026-03-20 07:07:11 +0530[0m - dagster - [34mINFO[0m - __ASSET_JOB - 869c63f2-ec84-4ddb-b1d4-936781c4c49a - tally_delegates - [TALLY] Page 1750: 35000 delegates fetched (7/sec, rate_retries=0, ~429s remaining)
[32m2026-03-20 07:07:28 +0530[0m - dagster - [34mINFO[0m - __ASSET_JOB - 869c63f2-ec84-4ddb-b1d4-936781c4c49a - tally_delegates - [TALLY] Page 1755: 35100 delegates fetched (7/sec, rate_retries=0, ~415s remaining)
[32m2026-03-20 07:07:41 +0530[0m - dagster - [34mINFO[0m - __ASSET_JOB - 869c63f2-ec84-4ddb-b1d4-936781c4c49a - tally_delegates - [TALLY] Page 1760: 35200 delegates fetched (7/sec, rate_retries=0, ~400s remaining)
[32m2026-03-20 07:07:58 +0530[0m - dagster - [34mINFO[0m - __ASSET_JOB - 869c63f2-ec84-4ddb-b1d4-936781c4c49a - tally_delegates - [TALLY] Page 1765: 35300 delegates fetched (7/sec, rate_retries=0, ~386s remaining)
[32m2026-03-20 07:08:11 +0530[0m - dagster - [34mINFO[0m - __ASSET_JOB - 869c63f2-ec84-4ddb-b1d4-936781c4c49a - tally_delegates - [TALLY] Page 1770: 35400 delegates fetched (7/sec, rate_retries=0, ~372s remaining)
[32m2026-03-20 07:08:24 +0530[0m - dagster - [34mINFO[0m - __ASSET_JOB - 869c63f2-ec84-4ddb-b1d4-936781c4c49a - tally_delegates - [TALLY] Page 1775: 35500 delegates fetched (7/sec, rate_retries=0, ~357s remaining)
[32m2026-03-20 07:08:40 +0530[0m - dagster - [34mINFO[0m - __ASSET_JOB - 869c63f2-ec84-4ddb-b1d4-936781c4c49a - tally_delegates - [TALLY] Page 1780: 35600 delegates fetched (7/sec, rate_retries=0, ~343s remaining)
[32m2026-03-20 07:08:53 +0530[0m - dagster - [34mINFO[0m - __ASSET_JOB - 869c63f2-ec84-4ddb-b1d4-936781c4c49a - tally_delegates - [TALLY] Page 1785: 35700 delegates fetched (7/sec, rate_retries=0, ~329s remaining)
[32m2026-03-20 07:09:09 +0530[0m - dagster - [34mINFO[0m - __ASSET_JOB - 869c63f2-ec84-4ddb-b1d4-936781c4c49a - tally_delegates - [TALLY] Page 1790: 35800 delegates fetched (7/sec, rate_retries=0, ~315s remaining)
[32m2026-03-20 07:09:23 +0530[0m - dagster - [34mINFO[0m - __ASSET_JOB - 869c63f2-ec84-4ddb-b1d4-936781c4c49a - tally_delegates - [TALLY] Page 1795: 35900 delegates fetched (7/sec, rate_retries=0, ~300s remaining)
[32m2026-03-20 07:09:36 +0530[0m - dagster - [34mINFO[0m - __ASSET_JOB - 869c63f2-ec84-4ddb-b1d4-936781c4c49a - tally_delegates - [TALLY] Page 1800: 36000 delegates fetched (7/sec, rate_retries=0, ~286s remaining)
[32m2026-03-20 07:09:52 +0530[0m - dagster - [34mINFO[0m - __ASSET_JOB - 869c63f2-ec84-4ddb-b1d4-936781c4c49a - tally_delegates - [TALLY] Page 1805: 36100 delegates fetched (7/sec, rate_retries=0, ~272s remaining)
[32m2026-03-20 07:10:05 +0530[0m - dagster - [34mINFO[0m - __ASSET_JOB - 869c63f2-ec84-4ddb-b1d4-936781c4c49a - tally_delegates - [TALLY] Page 1810: 36200 delegates fetched (7/sec, rate_retries=0, ~257s remaining)
[32m2026-03-20 07:10:21 +0530[0m - dagster - [34mINFO[0m - __ASSET_JOB - 869c63f2-ec84-4ddb-b1d4-936781c4c49a - tally_delegates - [TALLY] Page 1815: 36300 delegates fetched (7/sec, rate_retries=0, ~243s remaining)
[32m2026-03-20 07:10:34 +0530[0m - dagster - [34mINFO[0m - __ASSET_JOB - 869c63f2-ec84-4ddb-b1d4-936781c4c49a - tally_delegates - [TALLY] Page 1820: 36400 delegates fetched (7/sec, rate_retries=0, ~229s remaining)
[32m2026-03-20 07:10:47 +0530[0m - dagster - [34mINFO[0m - __ASSET_JOB - 869c63f2-ec84-4ddb-b1d4-936781c4c49a - tally_delegates - [TALLY] Page 1825: 36500 delegates fetched (7/sec, rate_retries=0, ~214s remaining)
[32m2026-03-20 07:11:04 +0530[0m - dagster - [34mINFO[0m - __ASSET_JOB - 869c63f2-ec84-4ddb-b1d4-936781c4c49a - tally_delegates - [TALLY] Page 1830: 36600 delegates fetched (7/sec, rate_retries=0, ~200s remaining)
[32m2026-03-20 07:11:17 +0530[0m - dagster - [34mINFO[0m - __ASSET_JOB - 869c63f2-ec84-4ddb-b1d4-936781c4c49a - tally_delegates - [TALLY] Page 1835: 36700 delegates fetched (7/sec, rate_retries=0, ~186s remaining)
[32m2026-03-20 07:11:34 +0530[0m - dagster - [34mINFO[0m - __ASSET_JOB - 869c63f2-ec84-4ddb-b1d4-936781c4c49a - tally_delegates - [TALLY] Page 1840: 36800 delegates fetched (7/sec, rate_retries=0, ~172s remaining)
[32m2026-03-20 07:11:46 +0530[0m - dagster - [34mINFO[0m - __ASSET_JOB - 869c63f2-ec84-4ddb-b1d4-936781c4c49a - tally_delegates - [TALLY] Page 1845: 36900 delegates fetched (7/sec, rate_retries=0, ~157s remaining)
[32m2026-03-20 07:11:59 +0530[0m - dagster - [34mINFO[0m - __ASSET_JOB - 869c63f2-ec84-4ddb-b1d4-936781c4c49a - tally_delegates - [TALLY] Page 1850: 37000 delegates fetched (7/sec, rate_retries=0, ~143s remaining)
[32m2026-03-20 07:12:15 +0530[0m - dagster - [34mINFO[0m - __ASSET_JOB - 869c63f2-ec84-4ddb-b1d4-936781c4c49a - tally_delegates - [TALLY] Page 1855: 37100 delegates fetched (7/sec, rate_retries=0, ~129s remaining)
[32m2026-03-20 07:12:34 +0530[0m - dagster - [34mINFO[0m - __ASSET_JOB - 869c63f2-ec84-4ddb-b1d4-936781c4c49a - tally_delegates - [TALLY] Page 1860: 37200 delegates fetched (7/sec, rate_retries=0, ~114s remaining)
[32m2026-03-20 07:12:51 +0530[0m - dagster - [34mINFO[0m - __ASSET_JOB - 869c63f2-ec84-4ddb-b1d4-936781c4c49a - tally_delegates - [TALLY] Page 1865: 37300 delegates fetched (7/sec, rate_retries=0, ~100s remaining)
[32m2026-03-20 07:13:05 +0530[0m - dagster - [34mINFO[0m - __ASSET_JOB - 869c63f2-ec84-4ddb-b1d4-936781c4c49a - tally_delegates - [TALLY] Page 1870: 37400 delegates fetched (7/sec, rate_retries=0, ~86s remaining)
[32m2026-03-20 07:13:23 +0530[0m - dagster - [34mINFO[0m - __ASSET_JOB - 869c63f2-ec84-4ddb-b1d4-936781c4c49a - tally_delegates - [TALLY] Page 1875: 37500 delegates fetched (7/sec, rate_retries=0, ~72s remaining)
[32m2026-03-20 07:13:37 +0530[0m - dagster - [34mINFO[0m - __ASSET_JOB - 869c63f2-ec84-4ddb-b1d4-936781c4c49a - tally_delegates - [TALLY] Page 1880: 37600 delegates fetched (7/sec, rate_retries=0, ~57s remaining)
[32m2026-03-20 07:13:55 +0530[0m - dagster - [34mINFO[0m - __ASSET_JOB - 869c63f2-ec84-4ddb-b1d4-936781c4c49a - tally_delegates - [TALLY] Page 1885: 37700 delegates fetched (7/sec, rate_retries=0, ~43s remaining)
[32m2026-03-20 07:14:09 +0530[0m - dagster - [34mINFO[0m - __ASSET_JOB - 869c63f2-ec84-4ddb-b1d4-936781c4c49a - tally_delegates - [TALLY] Page 1890: 37800 delegates fetched (7/sec, rate_retries=0, ~29s remaining)
[32m2026-03-20 07:14:23 +0530[0m - dagster - [34mINFO[0m - __ASSET_JOB - 869c63f2-ec84-4ddb-b1d4-936781c4c49a - tally_delegates - [TALLY] Page 1895: 37891 delegates fetched (7/sec, rate_retries=0, ~16s remaining)
[32m2026-03-20 07:14:23 +0530[0m - dagster - [34mINFO[0m - __ASSET_JOB - 869c63f2-ec84-4ddb-b1d4-936781c4c49a - tally_delegates - [TALLY] Reached end (no more cursor)
[32m2026-03-20 07:14:23 +0530[0m - dagster - [34mINFO[0m - __ASSET_JOB - 869c63f2-ec84-4ddb-b1d4-936781c4c49a - tally_delegates - [TALLY] COMPLETE: Fetched 37891 delegates in 5433s (total rate retries: 0)
[32m2026-03-20 07:14:23 +0530[0m - dagster - [34mINFO[0m - __ASSET_JOB - 869c63f2-ec84-4ddb-b1d4-936781c4c49a - tally_delegates - [BRONZE] ✓ Received 37891 raw delegate records
[32m2026-03-20 07:14:23 +0530[0m - dagster - [34mINFO[0m - __ASSET_JOB - 869c63f2-ec84-4ddb-b1d4-936781c4c49a - tally_delegates - [BRONZE] Flattening nested account/statement/token data...
[32m2026-03-20 07:14:23 +0530[0m - dagster - [34mINFO[0m - __ASSET_JOB - 869c63f2-ec84-4ddb-b1d4-936781c4c49a - tally_delegates - [BRONZE] ✓ Flattened to 37891 delegate profiles
[32m2026-03-20 07:14:24 +0530[0m - dagster - [34mINFO[0m - __ASSET_JOB - 869c63f2-ec84-4ddb-b1d4-936781c4c49a - tally_delegates - Wrote 37891 records to /home/torch/ENS-Retro-Data/bronze/governance/tally_delegates.json (23,217,212 bytes)
[32m2026-03-20 07:14:24 +0530[0m - dagster - [34mINFO[0m - __ASSET_JOB - 869c63f2-ec84-4ddb-b1d4-936781c4c49a - tally_delegates - [BRONZE] ✓ tally_delegates COMPLETE - 37891 records written
[32m2026-03-20 07:14:24 +0530[0m - dagster - [34mDEBUG[0m - __ASSET_JOB - 869c63f2-ec84-4ddb-b1d4-936781c4c49a - 234499 - tally_delegates - STEP_OUTPUT - Yielded output "result" of type "Nothing". (Type check passed).
[32m2026-03-20 07:14:24 +0530[0m - dagster - [34mDEBUG[0m - __ASSET_JOB - 869c63f2-ec84-4ddb-b1d4-936781c4c49a - 234499 - tally_delegates - ASSET_MATERIALIZATION - Materialized value tally_delegates.
[32m2026-03-20 07:14:24 +0530[0m - dagster - [34mDEBUG[0m - __ASSET_JOB - 869c63f2-ec84-4ddb-b1d4-936781c4c49a - 234499 - tally_delegates - STEP_SUCCESS - Finished execution of step "tally_delegates" in 1h21m.
