[32m2026-03-20 05:46:03 +0530[0m - dagster - [34mDEBUG[0m - __ASSET_JOB - 7ae85f35-5ebf-45cd-aba5-1a8fd2d498c3 - 237031 - LOGS_CAPTURED - Started capturing logs in process (pid: 237031).
[32m2026-03-20 05:46:03 +0530[0m - dagster - [34mDEBUG[0m - __ASSET_JOB - 7ae85f35-5ebf-45cd-aba5-1a8fd2d498c3 - 237031 - tally_votes - STEP_START - Started execution of step "tally_votes".
[32m2026-03-20 05:46:03 +0530[0m - dagster - [34mINFO[0m - __ASSET_JOB - 7ae85f35-5ebf-45cd-aba5-1a8fd2d498c3 - tally_votes - ============================================================
[32m2026-03-20 05:46:03 +0530[0m - dagster - [34mINFO[0m - __ASSET_JOB - 7ae85f35-5ebf-45cd-aba5-1a8fd2d498c3 - tally_votes - [BRONZE] Starting: tally_votes (depends on tally_proposals)
[32m2026-03-20 05:46:03 +0530[0m - dagster - [34mINFO[0m - __ASSET_JOB - 7ae85f35-5ebf-45cd-aba5-1a8fd2d498c3 - tally_votes - [BRONZE] Source: tally.xyz GraphQL API
[32m2026-03-20 05:46:03 +0530[0m - dagster - [34mINFO[0m - __ASSET_JOB - 7ae85f35-5ebf-45cd-aba5-1a8fd2d498c3 - tally_votes - [BRONZE] Output: bronze/governance/tally_votes.json
[32m2026-03-20 05:46:03 +0530[0m - dagster - [34mINFO[0m - __ASSET_JOB - 7ae85f35-5ebf-45cd-aba5-1a8fd2d498c3 - tally_votes - [BRONZE] Found 66 proposals from previous asset
[32m2026-03-20 05:46:03 +0530[0m - dagster - [34mINFO[0m - __ASSET_JOB - 7ae85f35-5ebf-45cd-aba5-1a8fd2d498c3 - tally_votes - [BRONZE] Fetching on-chain votes for 66 proposals...
[32m2026-03-20 05:46:03 +0530[0m - dagster - [34mINFO[0m - __ASSET_JOB - 7ae85f35-5ebf-45cd-aba5-1a8fd2d498c3 - tally_votes - [BRONZE] WARNING: With Tally rate limiting (429 errors), this may take 1-4 HOURS
[32m2026-03-20 05:46:03 +0530[0m - dagster - [34mINFO[0m - __ASSET_JOB - 7ae85f35-5ebf-45cd-aba5-1a8fd2d498c3 - tally_votes - [BRONZE] Rate limiting is handled with exponential backoff (60s-10min delays)
[32m2026-03-20 05:46:03 +0530[0m - dagster - [34mINFO[0m - __ASSET_JOB - 7ae85f35-5ebf-45cd-aba5-1a8fd2d498c3 - tally_votes - [BRONZE] Progress will be logged every 5 proposals
[32m2026-03-20 05:46:03 +0530[0m - dagster - [34mINFO[0m - __ASSET_JOB - 7ae85f35-5ebf-45cd-aba5-1a8fd2d498c3 - tally_votes - ============================================================
[32m2026-03-20 05:46:03 +0530[0m - dagster - [34mINFO[0m - __ASSET_JOB - 7ae85f35-5ebf-45cd-aba5-1a8fd2d498c3 - tally_votes - [TALLY] Starting: fetch_tally_votes
[32m2026-03-20 05:46:03 +0530[0m - dagster - [34mINFO[0m - __ASSET_JOB - 7ae85f35-5ebf-45cd-aba5-1a8fd2d498c3 - tally_votes - [TALLY] API: https://api.tally.xyz/query
[32m2026-03-20 05:46:03 +0530[0m - dagster - [34mINFO[0m - __ASSET_JOB - 7ae85f35-5ebf-45cd-aba5-1a8fd2d498c3 - tally_votes - [TALLY] Total proposals to fetch votes for: 66
[32m2026-03-20 05:46:03 +0530[0m - dagster - [34mINFO[0m - __ASSET_JOB - 7ae85f35-5ebf-45cd-aba5-1a8fd2d498c3 - tally_votes - [TALLY] WARNING: With rate limiting, expect 1-4 HOURS runtime
[32m2026-03-20 05:47:37 +0530[0m - dagster - [34mINFO[0m - __ASSET_JOB - 7ae85f35-5ebf-45cd-aba5-1a8fd2d498c3 - tally_votes - [TALLY] Progress: 5/66 proposals (717 votes, 0 rate retries) - 94s elapsed, ~1142s remaining
[32m2026-03-20 05:50:21 +0530[0m - dagster - [34mINFO[0m - __ASSET_JOB - 7ae85f35-5ebf-45cd-aba5-1a8fd2d498c3 - tally_votes - [TALLY] Progress: 10/66 proposals (2023 votes, 0 rate retries) - 258s elapsed, ~1443s remaining
[32m2026-03-20 05:51:31 +0530[0m - dagster - [34mINFO[0m - __ASSET_JOB - 7ae85f35-5ebf-45cd-aba5-1a8fd2d498c3 - tally_votes - [TALLY] Progress: 15/66 proposals (2547 votes, 0 rate retries) - 327s elapsed, ~1113s remaining
[32m2026-03-20 05:52:46 +0530[0m - dagster - [34mINFO[0m - __ASSET_JOB - 7ae85f35-5ebf-45cd-aba5-1a8fd2d498c3 - tally_votes - [TALLY] Progress: 20/66 proposals (3047 votes, 0 rate retries) - 403s elapsed, ~926s remaining
[32m2026-03-20 05:54:01 +0530[0m - dagster - [34mINFO[0m - __ASSET_JOB - 7ae85f35-5ebf-45cd-aba5-1a8fd2d498c3 - tally_votes - [TALLY] Progress: 25/66 proposals (3573 votes, 0 rate retries) - 477s elapsed, ~783s remaining
[32m2026-03-20 05:55:22 +0530[0m - dagster - [34mINFO[0m - __ASSET_JOB - 7ae85f35-5ebf-45cd-aba5-1a8fd2d498c3 - tally_votes - [TALLY] Progress: 30/66 proposals (4167 votes, 0 rate retries) - 559s elapsed, ~671s remaining
[32m2026-03-20 05:56:08 +0530[0m - dagster - [34mINFO[0m - __ASSET_JOB - 7ae85f35-5ebf-45cd-aba5-1a8fd2d498c3 - tally_votes - [TALLY] Progress: 35/66 proposals (4448 votes, 0 rate retries) - 605s elapsed, ~536s remaining
[32m2026-03-20 05:57:37 +0530[0m - dagster - [34mINFO[0m - __ASSET_JOB - 7ae85f35-5ebf-45cd-aba5-1a8fd2d498c3 - tally_votes - [TALLY] Progress: 40/66 proposals (5072 votes, 0 rate retries) - 694s elapsed, ~451s remaining
[32m2026-03-20 05:58:52 +0530[0m - dagster - [34mINFO[0m - __ASSET_JOB - 7ae85f35-5ebf-45cd-aba5-1a8fd2d498c3 - tally_votes - [TALLY] Progress: 45/66 proposals (5606 votes, 0 rate retries) - 768s elapsed, ~359s remaining
[32m2026-03-20 06:01:12 +0530[0m - dagster - [34mINFO[0m - __ASSET_JOB - 7ae85f35-5ebf-45cd-aba5-1a8fd2d498c3 - tally_votes - [TALLY] Progress: 50/66 proposals (6664 votes, 0 rate retries) - 908s elapsed, ~291s remaining
[32m2026-03-20 06:04:00 +0530[0m - dagster - [34mINFO[0m - __ASSET_JOB - 7ae85f35-5ebf-45cd-aba5-1a8fd2d498c3 - tally_votes - [TALLY] Progress: 55/66 proposals (8007 votes, 0 rate retries) - 1076s elapsed, ~215s remaining
[32m2026-03-20 06:06:12 +0530[0m - dagster - [34mINFO[0m - __ASSET_JOB - 7ae85f35-5ebf-45cd-aba5-1a8fd2d498c3 - tally_votes - [TALLY] Progress: 60/66 proposals (8991 votes, 0 rate retries) - 1208s elapsed, ~121s remaining
[32m2026-03-20 06:08:10 +0530[0m - dagster - [34mINFO[0m - __ASSET_JOB - 7ae85f35-5ebf-45cd-aba5-1a8fd2d498c3 - tally_votes - [TALLY] Progress: 65/66 proposals (9910 votes, 0 rate retries) - 1326s elapsed, ~20s remaining
[32m2026-03-20 06:08:23 +0530[0m - dagster - [34mINFO[0m - __ASSET_JOB - 7ae85f35-5ebf-45cd-aba5-1a8fd2d498c3 - tally_votes - [TALLY] Progress: 66/66 proposals (9987 votes, 0 rate retries) - 1340s elapsed, ~0s remaining
[32m2026-03-20 06:08:23 +0530[0m - dagster - [34mINFO[0m - __ASSET_JOB - 7ae85f35-5ebf-45cd-aba5-1a8fd2d498c3 - tally_votes - [TALLY] COMPLETE: Fetched 9987 total votes for 66 proposals (total rate retries: 0)
[32m2026-03-20 06:08:23 +0530[0m - dagster - [34mINFO[0m - __ASSET_JOB - 7ae85f35-5ebf-45cd-aba5-1a8fd2d498c3 - tally_votes - [BRONZE] ✓ Received 9987 raw vote records
[32m2026-03-20 06:08:23 +0530[0m - dagster - [34mINFO[0m - __ASSET_JOB - 7ae85f35-5ebf-45cd-aba5-1a8fd2d498c3 - tally_votes - [BRONZE] Flattening nested voter/proposal/block data...
[32m2026-03-20 06:08:23 +0530[0m - dagster - [34mINFO[0m - __ASSET_JOB - 7ae85f35-5ebf-45cd-aba5-1a8fd2d498c3 - tally_votes - [BRONZE] ✓ Flattened to 9987 vote records
[32m2026-03-20 06:08:23 +0530[0m - dagster - [34mINFO[0m - __ASSET_JOB - 7ae85f35-5ebf-45cd-aba5-1a8fd2d498c3 - tally_votes - Wrote 9987 records to /home/torch/ENS-Retro-Data/bronze/governance/tally_votes.json (4,672,131 bytes)
[32m2026-03-20 06:08:23 +0530[0m - dagster - [34mINFO[0m - __ASSET_JOB - 7ae85f35-5ebf-45cd-aba5-1a8fd2d498c3 - tally_votes - [BRONZE] ✓ tally_votes COMPLETE - 9987 records written
[32m2026-03-20 06:08:23 +0530[0m - dagster - [34mDEBUG[0m - __ASSET_JOB - 7ae85f35-5ebf-45cd-aba5-1a8fd2d498c3 - 237031 - tally_votes - STEP_OUTPUT - Yielded output "result" of type "Nothing". (Type check passed).
[32m2026-03-20 06:08:23 +0530[0m - dagster - [34mDEBUG[0m - __ASSET_JOB - 7ae85f35-5ebf-45cd-aba5-1a8fd2d498c3 - 237031 - tally_votes - ASSET_MATERIALIZATION - Materialized value tally_votes.
[32m2026-03-20 06:08:23 +0530[0m - dagster - [34mDEBUG[0m - __ASSET_JOB - 7ae85f35-5ebf-45cd-aba5-1a8fd2d498c3 - 237031 - tally_votes - STEP_SUCCESS - Finished execution of step "tally_votes" in 20m6s.
