[32m2026-04-02 16:29:14 +0530[0m - dagster - [34mDEBUG[0m - __ASSET_JOB - a366bfa1-148f-481d-855f-536208b3d416 - 413483 - LOGS_CAPTURED - Started capturing logs in process (pid: 413483).
[32m2026-04-02 16:29:14 +0530[0m - dagster - [34mDEBUG[0m - __ASSET_JOB - a366bfa1-148f-481d-855f-536208b3d416 - 413483 - ens_dbt_assets - STEP_START - Started execution of step "ens_dbt_assets".
/home/torch/.local/lib/python3.10/site-packages/dagster_dbt/asset_utils.py:497: DeprecationWarning: AssetExecutionContext.op is deprecated and will be removed in a future release. You have called the deprecated method op on AssetExecutionContext. Use context.op_execution_context.op instead.
/home/torch/.local/lib/python3.10/site-packages/dagster_dbt/asset_utils.py:498: DeprecationWarning: AssetExecutionContext.op is deprecated and will be removed in a future release. You have called the deprecated method op on AssetExecutionContext. Use context.op_execution_context.op instead.
/home/torch/.local/lib/python3.10/site-packages/dagster_dbt/asset_utils.py:499: DeprecationWarning: AssetExecutionContext.op is deprecated and will be removed in a future release. You have called the deprecated method op on AssetExecutionContext. Use context.op_execution_context.op instead.
[32m2026-04-02 16:29:14 +0530[0m - dagster - [34mINFO[0m - __ASSET_JOB - a366bfa1-148f-481d-855f-536208b3d416 - ens_dbt_assets - A dbt subsetted execution is being performed. Overriding default dbt selection arguments `['--select', 'fqn:*']` with arguments: `['ens_retro.staging.stg_snapshot_proposals', 'ens_retro.staging.stg_tally_proposals', 'ens_retro.staging.stg_oso_ens_repos', 'ens_retro.staging.stg_delegate_profiles', 'ens_retro.staging.stg_tally_delegates', 'ens_retro.staging.stg_oso_ens_code_metrics', 'ens_retro.staging.stg_delegations', 'ens_retro.staging.stg_oso_ens_timeseries', 'ens_retro.staging.stg_snapshot_votes']`.
[32m2026-04-02 16:29:23 +0530[0m - dagster - [34mINFO[0m - __ASSET_JOB - a366bfa1-148f-481d-855f-536208b3d416 - ens_dbt_assets - Copying `/home/torch/ENS-Retro-Data/infra/dbt/target/partial_parse.msgpack` to `/home/torch/ENS-Retro-Data/infra/dbt/target/ens_dbt_assets-a366bfa-e7627b4/partial_parse.msgpack` to take advantage of partial parsing.
[32m2026-04-02 16:29:24 +0530[0m - dagster - [34mINFO[0m - __ASSET_JOB - a366bfa1-148f-481d-855f-536208b3d416 - ens_dbt_assets - Running dbt command: `dbt build --select ens_retro.staging.stg_snapshot_proposals ens_retro.staging.stg_tally_proposals ens_retro.staging.stg_oso_ens_repos ens_retro.staging.stg_delegate_profiles ens_retro.staging.stg_tally_delegates ens_retro.staging.stg_oso_ens_code_metrics ens_retro.staging.stg_delegations ens_retro.staging.stg_oso_ens_timeseries ens_retro.staging.stg_snapshot_votes`.
[32m2026-04-02 16:29:30 +0530[0m - dagster - [34mDEBUG[0m - __ASSET_JOB - a366bfa1-148f-481d-855f-536208b3d416 - 413483 - ens_dbt_assets - STEP_OUTPUT - Yielded output "bronze__stg_delegate_profiles" of type "Nothing". (Type check passed).
[32m2026-04-02 16:29:32 +0530[0m - dagster - [34mDEBUG[0m - __ASSET_JOB - a366bfa1-148f-481d-855f-536208b3d416 - 413483 - ens_dbt_assets - ASSET_MATERIALIZATION - Materialized value bronze stg_delegate_profiles.
[32m2026-04-02 16:29:32 +0530[0m - dagster - [34mDEBUG[0m - __ASSET_JOB - a366bfa1-148f-481d-855f-536208b3d416 - 413483 - ens_dbt_assets - STEP_OUTPUT - Yielded output "bronze__stg_delegations" of type "Nothing". (Type check passed).
[32m2026-04-02 16:29:35 +0530[0m - dagster - [34mDEBUG[0m - __ASSET_JOB - a366bfa1-148f-481d-855f-536208b3d416 - 413483 - ens_dbt_assets - ASSET_MATERIALIZATION - Materialized value bronze stg_delegations.
[32m2026-04-02 16:29:35 +0530[0m - dagster - [34mDEBUG[0m - __ASSET_JOB - a366bfa1-148f-481d-855f-536208b3d416 - 413483 - ens_dbt_assets - STEP_OUTPUT - Yielded output "bronze__stg_oso_ens_repos" of type "Nothing". (Type check passed).
[32m2026-04-02 16:29:37 +0530[0m - dagster - [34mDEBUG[0m - __ASSET_JOB - a366bfa1-148f-481d-855f-536208b3d416 - 413483 - ens_dbt_assets - ASSET_MATERIALIZATION - Materialized value bronze stg_oso_ens_repos.
[32m2026-04-02 16:29:37 +0530[0m - dagster - [34mDEBUG[0m - __ASSET_JOB - a366bfa1-148f-481d-855f-536208b3d416 - 413483 - ens_dbt_assets - STEP_OUTPUT - Yielded output "bronze__stg_snapshot_proposals" of type "Nothing". (Type check passed).
[32m2026-04-02 16:29:38 +0530[0m - dagster - [34mDEBUG[0m - __ASSET_JOB - a366bfa1-148f-481d-855f-536208b3d416 - 413483 - ens_dbt_assets - ASSET_MATERIALIZATION - Materialized value bronze stg_snapshot_proposals.
[32m2026-04-02 16:29:39 +0530[0m - dagster - [34mDEBUG[0m - __ASSET_JOB - a366bfa1-148f-481d-855f-536208b3d416 - 413483 - ens_dbt_assets - STEP_OUTPUT - Yielded output "bronze__stg_snapshot_votes" of type "Nothing". (Type check passed).
[32m2026-04-02 16:29:41 +0530[0m - dagster - [34mDEBUG[0m - __ASSET_JOB - a366bfa1-148f-481d-855f-536208b3d416 - 413483 - ens_dbt_assets - ASSET_MATERIALIZATION - Materialized value bronze stg_snapshot_votes.
[32m2026-04-02 16:29:41 +0530[0m - dagster - [34mDEBUG[0m - __ASSET_JOB - a366bfa1-148f-481d-855f-536208b3d416 - 413483 - ens_dbt_assets - STEP_OUTPUT - Yielded output "bronze__stg_tally_delegates" of type "Nothing". (Type check passed).
[32m2026-04-02 16:29:43 +0530[0m - dagster - [34mDEBUG[0m - __ASSET_JOB - a366bfa1-148f-481d-855f-536208b3d416 - 413483 - ens_dbt_assets - ASSET_MATERIALIZATION - Materialized value bronze stg_tally_delegates.
[32m2026-04-02 16:29:43 +0530[0m - dagster - [34mDEBUG[0m - __ASSET_JOB - a366bfa1-148f-481d-855f-536208b3d416 - 413483 - ens_dbt_assets - STEP_OUTPUT - Yielded output "bronze__stg_tally_proposals" of type "Nothing". (Type check passed).
[32m2026-04-02 16:29:45 +0530[0m - dagster - [34mDEBUG[0m - __ASSET_JOB - a366bfa1-148f-481d-855f-536208b3d416 - 413483 - ens_dbt_assets - ASSET_MATERIALIZATION - Materialized value bronze stg_tally_proposals.
[32m2026-04-02 16:29:46 +0530[0m - dagster - [34mDEBUG[0m - __ASSET_JOB - a366bfa1-148f-481d-855f-536208b3d416 - 413483 - ens_dbt_assets - STEP_OUTPUT - Yielded output "bronze__stg_delegate_profiles_not_null_stg_delegate_profiles_address" of type "Any". (Type check passed).
[32m2026-04-02 16:29:46 +0530[0m - dagster - [34mDEBUG[0m - __ASSET_JOB - a366bfa1-148f-481d-855f-536208b3d416 - 413483 - ens_dbt_assets - ASSET_CHECK_EVALUATION - Asset check 'not_null_stg_delegate_profiles_address' on 'bronze/stg_delegate_profiles' passed.
[32m2026-04-02 16:29:47 +0530[0m - dagster - [34mDEBUG[0m - __ASSET_JOB - a366bfa1-148f-481d-855f-536208b3d416 - 413483 - ens_dbt_assets - STEP_OUTPUT - Yielded output "bronze__stg_delegations_not_null_stg_delegations_delegate" of type "Any". (Type check passed).
[32m2026-04-02 16:29:48 +0530[0m - dagster - [34mDEBUG[0m - __ASSET_JOB - a366bfa1-148f-481d-855f-536208b3d416 - 413483 - ens_dbt_assets - ASSET_CHECK_EVALUATION - Asset check 'not_null_stg_delegations_delegate' on 'bronze/stg_delegations' passed.
[32m2026-04-02 16:29:49 +0530[0m - dagster - [34mDEBUG[0m - __ASSET_JOB - a366bfa1-148f-481d-855f-536208b3d416 - 413483 - ens_dbt_assets - STEP_OUTPUT - Yielded output "bronze__stg_delegations_not_null_stg_delegations_delegator" of type "Any". (Type check passed).
[32m2026-04-02 16:29:50 +0530[0m - dagster - [34mDEBUG[0m - __ASSET_JOB - a366bfa1-148f-481d-855f-536208b3d416 - 413483 - ens_dbt_assets - ASSET_CHECK_EVALUATION - Asset check 'not_null_stg_delegations_delegator' on 'bronze/stg_delegations' passed.
[32m2026-04-02 16:29:51 +0530[0m - dagster - [34mDEBUG[0m - __ASSET_JOB - a366bfa1-148f-481d-855f-536208b3d416 - 413483 - ens_dbt_assets - STEP_OUTPUT - Yielded output "bronze__stg_oso_ens_repos_not_null_stg_oso_ens_repos_artifact_id" of type "Any". (Type check passed).
[32m2026-04-02 16:29:51 +0530[0m - dagster - [34mDEBUG[0m - __ASSET_JOB - a366bfa1-148f-481d-855f-536208b3d416 - 413483 - ens_dbt_assets - ASSET_CHECK_EVALUATION - Asset check 'not_null_stg_oso_ens_repos_artifact_id' on 'bronze/stg_oso_ens_repos' passed.
[32m2026-04-02 16:29:52 +0530[0m - dagster - [34mDEBUG[0m - __ASSET_JOB - a366bfa1-148f-481d-855f-536208b3d416 - 413483 - ens_dbt_assets - STEP_OUTPUT - Yielded output "bronze__stg_oso_ens_repos_not_null_stg_oso_ens_repos_artifact_name" of type "Any". (Type check passed).
[32m2026-04-02 16:29:54 +0530[0m - dagster - [34mDEBUG[0m - __ASSET_JOB - a366bfa1-148f-481d-855f-536208b3d416 - 413483 - ens_dbt_assets - ASSET_CHECK_EVALUATION - Asset check 'not_null_stg_oso_ens_repos_artifact_name' on 'bronze/stg_oso_ens_repos' passed.
[32m2026-04-02 16:29:54 +0530[0m - dagster - [34mDEBUG[0m - __ASSET_JOB - a366bfa1-148f-481d-855f-536208b3d416 - 413483 - ens_dbt_assets - STEP_OUTPUT - Yielded output "bronze__stg_oso_ens_repos_unique_stg_oso_ens_repos_artifact_id" of type "Any". (Type check passed).
[32m2026-04-02 16:29:55 +0530[0m - dagster - [34mDEBUG[0m - __ASSET_JOB - a366bfa1-148f-481d-855f-536208b3d416 - 413483 - ens_dbt_assets - ASSET_CHECK_EVALUATION - Asset check 'unique_stg_oso_ens_repos_artifact_id' on 'bronze/stg_oso_ens_repos' did not pass.
[32m2026-04-02 16:29:56 +0530[0m - dagster - [34mDEBUG[0m - __ASSET_JOB - a366bfa1-148f-481d-855f-536208b3d416 - 413483 - ens_dbt_assets - STEP_OUTPUT - Yielded output "bronze__stg_snapshot_proposals_not_null_stg_snapshot_proposals_author_address" of type "Any". (Type check passed).
[32m2026-04-02 16:29:57 +0530[0m - dagster - [34mDEBUG[0m - __ASSET_JOB - a366bfa1-148f-481d-855f-536208b3d416 - 413483 - ens_dbt_assets - ASSET_CHECK_EVALUATION - Asset check 'not_null_stg_snapshot_proposals_author_address' on 'bronze/stg_snapshot_proposals' passed.
[32m2026-04-02 16:29:57 +0530[0m - dagster - [34mDEBUG[0m - __ASSET_JOB - a366bfa1-148f-481d-855f-536208b3d416 - 413483 - ens_dbt_assets - STEP_OUTPUT - Yielded output "bronze__stg_snapshot_proposals_not_null_stg_snapshot_proposals_proposal_id" of type "Any". (Type check passed).
[32m2026-04-02 16:29:59 +0530[0m - dagster - [34mDEBUG[0m - __ASSET_JOB - a366bfa1-148f-481d-855f-536208b3d416 - 413483 - ens_dbt_assets - ASSET_CHECK_EVALUATION - Asset check 'not_null_stg_snapshot_proposals_proposal_id' on 'bronze/stg_snapshot_proposals' passed.
[32m2026-04-02 16:29:59 +0530[0m - dagster - [34mDEBUG[0m - __ASSET_JOB - a366bfa1-148f-481d-855f-536208b3d416 - 413483 - ens_dbt_assets - STEP_OUTPUT - Yielded output "bronze__stg_snapshot_proposals_not_null_stg_snapshot_proposals_status" of type "Any". (Type check passed).
[32m2026-04-02 16:30:00 +0530[0m - dagster - [34mDEBUG[0m - __ASSET_JOB - a366bfa1-148f-481d-855f-536208b3d416 - 413483 - ens_dbt_assets - ASSET_CHECK_EVALUATION - Asset check 'not_null_stg_snapshot_proposals_status' on 'bronze/stg_snapshot_proposals' passed.
[32m2026-04-02 16:30:01 +0530[0m - dagster - [34mDEBUG[0m - __ASSET_JOB - a366bfa1-148f-481d-855f-536208b3d416 - 413483 - ens_dbt_assets - STEP_OUTPUT - Yielded output "bronze__stg_snapshot_proposals_unique_stg_snapshot_proposals_proposal_id" of type "Any". (Type check passed).
[32m2026-04-02 16:30:02 +0530[0m - dagster - [34mDEBUG[0m - __ASSET_JOB - a366bfa1-148f-481d-855f-536208b3d416 - 413483 - ens_dbt_assets - ASSET_CHECK_EVALUATION - Asset check 'unique_stg_snapshot_proposals_proposal_id' on 'bronze/stg_snapshot_proposals' passed.
[32m2026-04-02 16:30:03 +0530[0m - dagster - [34mDEBUG[0m - __ASSET_JOB - a366bfa1-148f-481d-855f-536208b3d416 - 413483 - ens_dbt_assets - STEP_OUTPUT - Yielded output "bronze__stg_snapshot_votes_not_null_stg_snapshot_votes_proposal_id" of type "Any". (Type check passed).
[32m2026-04-02 16:30:04 +0530[0m - dagster - [34mDEBUG[0m - __ASSET_JOB - a366bfa1-148f-481d-855f-536208b3d416 - 413483 - ens_dbt_assets - ASSET_CHECK_EVALUATION - Asset check 'not_null_stg_snapshot_votes_proposal_id' on 'bronze/stg_snapshot_votes' passed.
[32m2026-04-02 16:30:05 +0530[0m - dagster - [34mDEBUG[0m - __ASSET_JOB - a366bfa1-148f-481d-855f-536208b3d416 - 413483 - ens_dbt_assets - STEP_OUTPUT - Yielded output "bronze__stg_snapshot_votes_not_null_stg_snapshot_votes_vote_id" of type "Any". (Type check passed).
[32m2026-04-02 16:30:06 +0530[0m - dagster - [34mDEBUG[0m - __ASSET_JOB - a366bfa1-148f-481d-855f-536208b3d416 - 413483 - ens_dbt_assets - ASSET_CHECK_EVALUATION - Asset check 'not_null_stg_snapshot_votes_vote_id' on 'bronze/stg_snapshot_votes' passed.
[32m2026-04-02 16:30:06 +0530[0m - dagster - [34mDEBUG[0m - __ASSET_JOB - a366bfa1-148f-481d-855f-536208b3d416 - 413483 - ens_dbt_assets - STEP_OUTPUT - Yielded output "bronze__stg_snapshot_votes_not_null_stg_snapshot_votes_voter" of type "Any". (Type check passed).
[32m2026-04-02 16:30:08 +0530[0m - dagster - [34mDEBUG[0m - __ASSET_JOB - a366bfa1-148f-481d-855f-536208b3d416 - 413483 - ens_dbt_assets - ASSET_CHECK_EVALUATION - Asset check 'not_null_stg_snapshot_votes_voter' on 'bronze/stg_snapshot_votes' passed.
[32m2026-04-02 16:30:08 +0530[0m - dagster - [34mDEBUG[0m - __ASSET_JOB - a366bfa1-148f-481d-855f-536208b3d416 - 413483 - ens_dbt_assets - STEP_OUTPUT - Yielded output "bronze__stg_snapshot_votes_unique_stg_snapshot_votes_vote_id" of type "Any". (Type check passed).
[32m2026-04-02 16:30:10 +0530[0m - dagster - [34mDEBUG[0m - __ASSET_JOB - a366bfa1-148f-481d-855f-536208b3d416 - 413483 - ens_dbt_assets - ASSET_CHECK_EVALUATION - Asset check 'unique_stg_snapshot_votes_vote_id' on 'bronze/stg_snapshot_votes' passed.
[32m2026-04-02 16:30:11 +0530[0m - dagster - [34mDEBUG[0m - __ASSET_JOB - a366bfa1-148f-481d-855f-536208b3d416 - 413483 - ens_dbt_assets - STEP_OUTPUT - Yielded output "bronze__stg_tally_delegates_not_null_stg_tally_delegates_address" of type "Any". (Type check passed).
[32m2026-04-02 16:30:11 +0530[0m - dagster - [34mDEBUG[0m - __ASSET_JOB - a366bfa1-148f-481d-855f-536208b3d416 - 413483 - ens_dbt_assets - ASSET_CHECK_EVALUATION - Asset check 'not_null_stg_tally_delegates_address' on 'bronze/stg_tally_delegates' passed.
[32m2026-04-02 16:30:12 +0530[0m - dagster - [34mDEBUG[0m - __ASSET_JOB - a366bfa1-148f-481d-855f-536208b3d416 - 413483 - ens_dbt_assets - STEP_OUTPUT - Yielded output "bronze__stg_tally_delegates_unique_stg_tally_delegates_address" of type "Any". (Type check passed).
[32m2026-04-02 16:30:13 +0530[0m - dagster - [34mDEBUG[0m - __ASSET_JOB - a366bfa1-148f-481d-855f-536208b3d416 - 413483 - ens_dbt_assets - ASSET_CHECK_EVALUATION - Asset check 'unique_stg_tally_delegates_address' on 'bronze/stg_tally_delegates' passed.
[32m2026-04-02 16:30:14 +0530[0m - dagster - [34mDEBUG[0m - __ASSET_JOB - a366bfa1-148f-481d-855f-536208b3d416 - 413483 - ens_dbt_assets - STEP_OUTPUT - Yielded output "bronze__stg_tally_proposals_not_null_stg_tally_proposals_proposal_id" of type "Any". (Type check passed).
[32m2026-04-02 16:30:15 +0530[0m - dagster - [34mDEBUG[0m - __ASSET_JOB - a366bfa1-148f-481d-855f-536208b3d416 - 413483 - ens_dbt_assets - ASSET_CHECK_EVALUATION - Asset check 'not_null_stg_tally_proposals_proposal_id' on 'bronze/stg_tally_proposals' passed.
[32m2026-04-02 16:30:15 +0530[0m - dagster - [34mDEBUG[0m - __ASSET_JOB - a366bfa1-148f-481d-855f-536208b3d416 - 413483 - ens_dbt_assets - STEP_OUTPUT - Yielded output "bronze__stg_tally_proposals_not_null_stg_tally_proposals_status" of type "Any". (Type check passed).
[32m2026-04-02 16:30:16 +0530[0m - dagster - [34mDEBUG[0m - __ASSET_JOB - a366bfa1-148f-481d-855f-536208b3d416 - 413483 - ens_dbt_assets - ASSET_CHECK_EVALUATION - Asset check 'not_null_stg_tally_proposals_status' on 'bronze/stg_tally_proposals' passed.
[32m2026-04-02 16:30:17 +0530[0m - dagster - [34mDEBUG[0m - __ASSET_JOB - a366bfa1-148f-481d-855f-536208b3d416 - 413483 - ens_dbt_assets - STEP_OUTPUT - Yielded output "bronze__stg_tally_proposals_unique_stg_tally_proposals_proposal_id" of type "Any". (Type check passed).
[32m2026-04-02 16:30:18 +0530[0m - dagster - [34mDEBUG[0m - __ASSET_JOB - a366bfa1-148f-481d-855f-536208b3d416 - 413483 - ens_dbt_assets - ASSET_CHECK_EVALUATION - Asset check 'unique_stg_tally_proposals_proposal_id' on 'bronze/stg_tally_proposals' passed.
[32m2026-04-02 16:30:18 +0530[0m - dagster - [34mINFO[0m - __ASSET_JOB - a366bfa1-148f-481d-855f-536208b3d416 - ens_dbt_assets - Finished dbt command: `dbt build --select ens_retro.staging.stg_snapshot_proposals ens_retro.staging.stg_tally_proposals ens_retro.staging.stg_oso_ens_repos ens_retro.staging.stg_delegate_profiles ens_retro.staging.stg_tally_delegates ens_retro.staging.stg_oso_ens_code_metrics ens_retro.staging.stg_delegations ens_retro.staging.stg_oso_ens_timeseries ens_retro.staging.stg_snapshot_votes`.
[32m2026-04-02 16:30:19 +0530[0m - dagster - [34mERROR[0m - [31m__ASSET_JOB - a366bfa1-148f-481d-855f-536208b3d416 - 413483 - ens_dbt_assets - STEP_FAILURE - Execution of step "ens_dbt_assets" failed.

dagster_dbt.errors.DagsterDbtCliRuntimeError: The dbt CLI process with command

`dbt build --select ens_retro.staging.stg_snapshot_proposals ens_retro.staging.stg_tally_proposals ens_retro.staging.stg_oso_ens_repos ens_retro.staging.stg_delegate_profiles ens_retro.staging.stg_tally_delegates ens_retro.staging.stg_oso_ens_code_metrics ens_retro.staging.stg_delegations ens_retro.staging.stg_oso_ens_timeseries ens_retro.staging.stg_snapshot_votes`

failed with exit code `1`. Check the stdout in the Dagster compute logs for the full information about the error, or view the dbt debug log: /home/torch/ENS-Retro-Data/infra/dbt/target/ens_dbt_assets-a366bfa-e7627b4/dbt.log.

Errors parsed from dbt logs:

3 of 34 ERROR creating sql view model main_bronze.stg_oso_ens_code_metrics ..... [[31mERROR[0m in 0.05s]

5 of 34 ERROR creating sql view model main_bronze.stg_oso_ens_timeseries ....... [[31mERROR[0m in 0.04s]

18 of 34 FAIL 150 unique_stg_oso_ens_repos_artifact_id ......................... [[31mFAIL 150[0m in 0.05s]

[31mFailure in model stg_oso_ens_code_metrics (models/staging/stg_oso_ens_code_metrics.sql)[0m

  Runtime Error in model stg_oso_ens_code_metrics (models/staging/stg_oso_ens_code_metrics.sql)
  IO Error: No files found that match the pattern "../../bronze/github/oso_ens_code_metrics.json"
  
  LINE 27: from read_json_auto('../../bronze/github/oso_ens_code_metrics...
                ^

[31mFailure in model stg_oso_ens_timeseries (models/staging/stg_oso_ens_timeseries.sql)[0m

  Runtime Error in model stg_oso_ens_timeseries (models/staging/stg_oso_ens_timeseries.sql)
  IO Error: No files found that match the pattern "../../bronze/github/oso_ens_timeseries.json"
  
  LINE 20: from read_json_auto('../../bronze/github/oso_ens_timeseries.json...
                ^

[31mFailure in test unique_stg_oso_ens_repos_artifact_id (models/staging/_staging.yml)[0m

  Got 150 results, configured to fail if != 0

Stack Trace:
  File "/home/torch/.local/lib/python3.10/site-packages/dagster/_core/execution/plan/execute_plan.py", line 247, in dagster_event_sequence_for_step
    yield from check.generator(step_events)
  File "/home/torch/.local/lib/python3.10/site-packages/dagster/_core/execution/plan/execute_step.py", line 505, in core_dagster_event_sequence_for_step
    for user_event in _step_output_error_checked_user_event_sequence(
  File "/home/torch/.local/lib/python3.10/site-packages/dagster/_core/execution/plan/execute_step.py", line 184, in _step_output_error_checked_user_event_sequence
    for user_event in user_event_sequence:
  File "/home/torch/.local/lib/python3.10/site-packages/dagster/_core/execution/plan/execute_step.py", line 88, in _process_asset_results_to_events
    for user_event in user_event_sequence:
  File "/home/torch/.local/lib/python3.10/site-packages/dagster/_core/execution/plan/compute.py", line 188, in execute_core_compute
    for step_output in _yield_compute_results(step_context, inputs, compute_fn, compute_context):
  File "/home/torch/.local/lib/python3.10/site-packages/dagster/_core/execution/plan/compute.py", line 157, in _yield_compute_results
    for event in iterate_with_context(
  File "/home/torch/.local/lib/python3.10/site-packages/dagster/_utils/__init__.py", line 394, in iterate_with_context
    next_output = next(iterator)
  File "/home/torch/ENS-Retro-Data/infra/dbt_assets.py", line 54, in ens_dbt_assets
    yield from dbt.cli(cmd, context=context).stream()
  File "/home/torch/.local/lib/python3.10/site-packages/dagster_dbt/core/dbt_event_iterator.py", line 215, in __next__
    return next(self._inner_iterator)
  File "/home/torch/.local/lib/python3.10/site-packages/dagster_dbt/core/dbt_cli_invocation.py", line 286, in _stream_asset_events
    for event in self.stream_raw_events():
  File "/home/torch/.local/lib/python3.10/site-packages/dagster_dbt/core/dbt_cli_invocation.py", line 379, in stream_raw_events
    self._raise_on_error()
  File "/home/torch/.local/lib/python3.10/site-packages/dagster_dbt/core/dbt_cli_invocation.py", line 470, in _raise_on_error
    raise error
[0m
