[32m2026-03-24 15:10:30 +0530[0m - dagster - [34mDEBUG[0m - __ASSET_JOB - b7f43df1-09e0-4d6b-8db1-ba8cb2f6ea47 - 133024 - LOGS_CAPTURED - Started capturing logs in process (pid: 133024).
[32m2026-03-24 15:10:30 +0530[0m - dagster - [34mDEBUG[0m - __ASSET_JOB - b7f43df1-09e0-4d6b-8db1-ba8cb2f6ea47 - 133024 - tally_delegates - STEP_START - Started execution of step "tally_delegates".
[32m2026-03-24 15:10:30 +0530[0m - dagster - [34mINFO[0m - __ASSET_JOB - b7f43df1-09e0-4d6b-8db1-ba8cb2f6ea47 - tally_delegates - ============================================================
[32m2026-03-24 15:10:30 +0530[0m - dagster - [34mINFO[0m - __ASSET_JOB - b7f43df1-09e0-4d6b-8db1-ba8cb2f6ea47 - tally_delegates - [BRONZE] Starting: tally_delegates
[32m2026-03-24 15:10:31 +0530[0m - dagster - [34mINFO[0m - __ASSET_JOB - b7f43df1-09e0-4d6b-8db1-ba8cb2f6ea47 - tally_delegates - [BRONZE] Source: tally.xyz GraphQL API
[32m2026-03-24 15:10:31 +0530[0m - dagster - [34mINFO[0m - __ASSET_JOB - b7f43df1-09e0-4d6b-8db1-ba8cb2f6ea47 - tally_delegates - [BRONZE] Output: bronze/governance/tally_delegates.json
[32m2026-03-24 15:10:31 +0530[0m - dagster - [34mINFO[0m - __ASSET_JOB - b7f43df1-09e0-4d6b-8db1-ba8cb2f6ea47 - tally_delegates - [BRONZE] Fetching ENS organization from Tally...
[32m2026-03-24 15:10:36 +0530[0m - dagster - [34mINFO[0m - __ASSET_JOB - b7f43df1-09e0-4d6b-8db1-ba8cb2f6ea47 - tally_delegates - [BRONZE] ✓ Connected to Tally org: ENS (id=2206072050458560426)
[32m2026-03-24 15:10:36 +0530[0m - dagster - [34mINFO[0m - __ASSET_JOB - b7f43df1-09e0-4d6b-8db1-ba8cb2f6ea47 - tally_delegates - [BRONZE] Fetching all ENS delegates (sorted by voting power)...
[32m2026-03-24 15:10:36 +0530[0m - dagster - [34mINFO[0m - __ASSET_JOB - b7f43df1-09e0-4d6b-8db1-ba8cb2f6ea47 - tally_delegates - [BRONZE] WARNING: With Tally rate limiting (429 errors), this may take 2-6 HOURS
[32m2026-03-24 15:10:36 +0530[0m - dagster - [34mINFO[0m - __ASSET_JOB - b7f43df1-09e0-4d6b-8db1-ba8cb2f6ea47 - tally_delegates - [BRONZE] ~38k delegates at 500/page with rate limiting delays
[32m2026-03-24 15:10:36 +0530[0m - dagster - [34mINFO[0m - __ASSET_JOB - b7f43df1-09e0-4d6b-8db1-ba8cb2f6ea47 - tally_delegates - [BRONZE] Progress will be logged every 5 pages
[32m2026-03-24 15:10:36 +0530[0m - dagster - [34mINFO[0m - __ASSET_JOB - b7f43df1-09e0-4d6b-8db1-ba8cb2f6ea47 - tally_delegates - ============================================================
[32m2026-03-24 15:10:36 +0530[0m - dagster - [34mINFO[0m - __ASSET_JOB - b7f43df1-09e0-4d6b-8db1-ba8cb2f6ea47 - tally_delegates - [TALLY] Starting: fetch_tally_delegates
[32m2026-03-24 15:10:36 +0530[0m - dagster - [34mINFO[0m - __ASSET_JOB - b7f43df1-09e0-4d6b-8db1-ba8cb2f6ea47 - tally_delegates - [TALLY] API: https://api.tally.xyz/query
[32m2026-03-24 15:10:36 +0530[0m - dagster - [34mINFO[0m - __ASSET_JOB - b7f43df1-09e0-4d6b-8db1-ba8cb2f6ea47 - tally_delegates - [TALLY] Organization ID: 2206072050458560426
[32m2026-03-24 15:10:36 +0530[0m - dagster - [34mINFO[0m - __ASSET_JOB - b7f43df1-09e0-4d6b-8db1-ba8cb2f6ea47 - tally_delegates - [TALLY] WARNING: With rate limiting, expect 2-6 HOURS runtime (~38k delegates)
[32m2026-03-24 15:10:37 +0530[0m - dagster - [34mERROR[0m - [31m__ASSET_JOB - b7f43df1-09e0-4d6b-8db1-ba8cb2f6ea47 - 133024 - tally_delegates - STEP_FAILURE - Execution of step "tally_delegates" failed.

dagster._core.errors.DagsterExecutionStepExecutionError: Error occurred while executing op "tally_delegates"::

requests.exceptions.HTTPError: 422 Client Error: unknown for url: https://api.tally.xyz/query

Stack Trace:
  File "/home/torch/ENS-Retro-Data/.venv/lib/python3.12/site-packages/dagster/_core/execution/plan/utils.py", line 57, in op_execution_error_boundary
    yield
  File "/home/torch/ENS-Retro-Data/.venv/lib/python3.12/site-packages/dagster/_utils/__init__.py", line 394, in iterate_with_context
    next_output = next(iterator)
                  ^^^^^^^^^^^^^^
  File "/home/torch/ENS-Retro-Data/.venv/lib/python3.12/site-packages/dagster/_core/execution/plan/compute_generator.py", line 135, in _coerce_op_compute_fn_to_iterator
    result = invoke_compute_fn(
             ^^^^^^^^^^^^^^^^^^
  File "/home/torch/ENS-Retro-Data/.venv/lib/python3.12/site-packages/dagster/_core/execution/plan/compute_generator.py", line 115, in invoke_compute_fn
    return fn(context, **args_to_pass) if context_arg_provided else fn(**args_to_pass)
           ^^^^^^^^^^^^^^^^^^^^^^^^^^^
  File "/home/torch/ENS-Retro-Data/infra/ingest/assets.py", line 429, in tally_delegates
    raw = fetch_tally_delegates(org_id, tally_config.api_key, progress_callback=context.log.info)
          ^^^^^^^^^^^^^^^^^^^^^^^^^^^^^^^^^^^^^^^^^^^^^^^^^^^^^^^^^^^^^^^^^^^^^^^^^^^^^^^^^^^^^^^
  File "/home/torch/ENS-Retro-Data/infra/ingest/tally_api.py", line 439, in fetch_tally_delegates
    data = run_query(DELEGATES_QUERY, variables, api_key)
           ^^^^^^^^^^^^^^^^^^^^^^^^^^^^^^^^^^^^^^^^^^^^^^
  File "/home/torch/ENS-Retro-Data/infra/ingest/tally_api.py", line 64, in run_query
    resp.raise_for_status()
  File "/home/torch/ENS-Retro-Data/.venv/lib/python3.12/site-packages/requests/models.py", line 1026, in raise_for_status
    raise HTTPError(http_error_msg, response=self)
[0m
