[32m2026-03-24 15:12:13 +0530[0m - dagster - [34mDEBUG[0m - __ASSET_JOB - b7f43df1-09e0-4d6b-8db1-ba8cb2f6ea47 - 137629 - LOGS_CAPTURED - Started capturing logs in process (pid: 137629).
[32m2026-03-24 15:12:13 +0530[0m - dagster - [34mDEBUG[0m - __ASSET_JOB - b7f43df1-09e0-4d6b-8db1-ba8cb2f6ea47 - 137629 - tally_votes - STEP_START - Started execution of step "tally_votes".
[32m2026-03-24 15:12:13 +0530[0m - dagster - [34mINFO[0m - __ASSET_JOB - b7f43df1-09e0-4d6b-8db1-ba8cb2f6ea47 - tally_votes - ============================================================
[32m2026-03-24 15:12:13 +0530[0m - dagster - [34mINFO[0m - __ASSET_JOB - b7f43df1-09e0-4d6b-8db1-ba8cb2f6ea47 - tally_votes - [BRONZE] Starting: tally_votes (depends on tally_proposals)
[32m2026-03-24 15:12:13 +0530[0m - dagster - [34mINFO[0m - __ASSET_JOB - b7f43df1-09e0-4d6b-8db1-ba8cb2f6ea47 - tally_votes - [BRONZE] Source: tally.xyz GraphQL API
[32m2026-03-24 15:12:13 +0530[0m - dagster - [34mINFO[0m - __ASSET_JOB - b7f43df1-09e0-4d6b-8db1-ba8cb2f6ea47 - tally_votes - [BRONZE] Output: bronze/governance/tally_votes.json
[32m2026-03-24 15:12:13 +0530[0m - dagster - [34mINFO[0m - __ASSET_JOB - b7f43df1-09e0-4d6b-8db1-ba8cb2f6ea47 - tally_votes - [BRONZE] Found 66 proposals from previous asset
[32m2026-03-24 15:12:13 +0530[0m - dagster - [34mINFO[0m - __ASSET_JOB - b7f43df1-09e0-4d6b-8db1-ba8cb2f6ea47 - tally_votes - [BRONZE] Fetching on-chain votes for 66 proposals...
[32m2026-03-24 15:12:13 +0530[0m - dagster - [34mINFO[0m - __ASSET_JOB - b7f43df1-09e0-4d6b-8db1-ba8cb2f6ea47 - tally_votes - [BRONZE] WARNING: With Tally rate limiting (429 errors), this may take 1-4 HOURS
[32m2026-03-24 15:12:13 +0530[0m - dagster - [34mINFO[0m - __ASSET_JOB - b7f43df1-09e0-4d6b-8db1-ba8cb2f6ea47 - tally_votes - [BRONZE] Rate limiting is handled with exponential backoff (60s-10min delays)
[32m2026-03-24 15:12:13 +0530[0m - dagster - [34mINFO[0m - __ASSET_JOB - b7f43df1-09e0-4d6b-8db1-ba8cb2f6ea47 - tally_votes - [BRONZE] Progress will be logged every 5 proposals
[32m2026-03-24 15:12:13 +0530[0m - dagster - [34mINFO[0m - __ASSET_JOB - b7f43df1-09e0-4d6b-8db1-ba8cb2f6ea47 - tally_votes - ============================================================
[32m2026-03-24 15:12:13 +0530[0m - dagster - [34mINFO[0m - __ASSET_JOB - b7f43df1-09e0-4d6b-8db1-ba8cb2f6ea47 - tally_votes - [TALLY] Starting: fetch_tally_votes
[32m2026-03-24 15:12:13 +0530[0m - dagster - [34mINFO[0m - __ASSET_JOB - b7f43df1-09e0-4d6b-8db1-ba8cb2f6ea47 - tally_votes - [TALLY] API: https://api.tally.xyz/query
[32m2026-03-24 15:12:13 +0530[0m - dagster - [34mINFO[0m - __ASSET_JOB - b7f43df1-09e0-4d6b-8db1-ba8cb2f6ea47 - tally_votes - [TALLY] Total proposals to fetch votes for: 66
[32m2026-03-24 15:12:13 +0530[0m - dagster - [34mINFO[0m - __ASSET_JOB - b7f43df1-09e0-4d6b-8db1-ba8cb2f6ea47 - tally_votes - [TALLY] WARNING: With rate limiting, expect 1-4 HOURS runtime
[32m2026-03-24 15:13:29 +0530[0m - dagster - [34mINFO[0m - __ASSET_JOB - b7f43df1-09e0-4d6b-8db1-ba8cb2f6ea47 - tally_votes - [TALLY] Progress: 5/66 proposals (759 votes, 0 rate retries) - 76s elapsed, ~925s remaining
[32m2026-03-24 15:15:24 +0530[0m - dagster - [34mINFO[0m - __ASSET_JOB - b7f43df1-09e0-4d6b-8db1-ba8cb2f6ea47 - tally_votes - [TALLY] Progress: 10/66 proposals (2065 votes, 0 rate retries) - 191s elapsed, ~1069s remaining
[32m2026-03-24 15:16:17 +0530[0m - dagster - [34mINFO[0m - __ASSET_JOB - b7f43df1-09e0-4d6b-8db1-ba8cb2f6ea47 - tally_votes - [TALLY] Progress: 15/66 proposals (2589 votes, 0 rate retries) - 244s elapsed, ~828s remaining
[32m2026-03-24 15:17:04 +0530[0m - dagster - [34mINFO[0m - __ASSET_JOB - b7f43df1-09e0-4d6b-8db1-ba8cb2f6ea47 - tally_votes - [TALLY] Progress: 20/66 proposals (3089 votes, 0 rate retries) - 291s elapsed, ~670s remaining
[32m2026-03-24 15:17:53 +0530[0m - dagster - [34mINFO[0m - __ASSET_JOB - b7f43df1-09e0-4d6b-8db1-ba8cb2f6ea47 - tally_votes - [TALLY] Progress: 25/66 proposals (3615 votes, 0 rate retries) - 340s elapsed, ~558s remaining
[32m2026-03-24 15:18:50 +0530[0m - dagster - [34mINFO[0m - __ASSET_JOB - b7f43df1-09e0-4d6b-8db1-ba8cb2f6ea47 - tally_votes - [TALLY] Progress: 30/66 proposals (4209 votes, 0 rate retries) - 396s elapsed, ~476s remaining
[32m2026-03-24 15:19:22 +0530[0m - dagster - [34mINFO[0m - __ASSET_JOB - b7f43df1-09e0-4d6b-8db1-ba8cb2f6ea47 - tally_votes - [TALLY] Progress: 35/66 proposals (4490 votes, 0 rate retries) - 429s elapsed, ~380s remaining
[32m2026-03-24 15:20:18 +0530[0m - dagster - [34mINFO[0m - __ASSET_JOB - b7f43df1-09e0-4d6b-8db1-ba8cb2f6ea47 - tally_votes - [TALLY] Progress: 40/66 proposals (5114 votes, 0 rate retries) - 485s elapsed, ~315s remaining
[32m2026-03-24 15:21:11 +0530[0m - dagster - [34mINFO[0m - __ASSET_JOB - b7f43df1-09e0-4d6b-8db1-ba8cb2f6ea47 - tally_votes - [TALLY] Progress: 45/66 proposals (5648 votes, 0 rate retries) - 538s elapsed, ~251s remaining
[32m2026-03-24 15:22:40 +0530[0m - dagster - [34mINFO[0m - __ASSET_JOB - b7f43df1-09e0-4d6b-8db1-ba8cb2f6ea47 - tally_votes - [TALLY] Progress: 50/66 proposals (6706 votes, 0 rate retries) - 627s elapsed, ~201s remaining
[32m2026-03-24 15:24:36 +0530[0m - dagster - [34mINFO[0m - __ASSET_JOB - b7f43df1-09e0-4d6b-8db1-ba8cb2f6ea47 - tally_votes - [TALLY] Progress: 55/66 proposals (8049 votes, 0 rate retries) - 743s elapsed, ~149s remaining
[32m2026-03-24 15:26:11 +0530[0m - dagster - [34mINFO[0m - __ASSET_JOB - b7f43df1-09e0-4d6b-8db1-ba8cb2f6ea47 - tally_votes - [TALLY] Progress: 60/66 proposals (9033 votes, 0 rate retries) - 837s elapsed, ~84s remaining
[32m2026-03-24 15:27:30 +0530[0m - dagster - [34mINFO[0m - __ASSET_JOB - b7f43df1-09e0-4d6b-8db1-ba8cb2f6ea47 - tally_votes - [TALLY] Progress: 65/66 proposals (9952 votes, 0 rate retries) - 916s elapsed, ~14s remaining
[32m2026-03-24 15:27:40 +0530[0m - dagster - [34mINFO[0m - __ASSET_JOB - b7f43df1-09e0-4d6b-8db1-ba8cb2f6ea47 - tally_votes - [TALLY] Progress: 66/66 proposals (10029 votes, 0 rate retries) - 927s elapsed, ~0s remaining
[32m2026-03-24 15:27:40 +0530[0m - dagster - [34mINFO[0m - __ASSET_JOB - b7f43df1-09e0-4d6b-8db1-ba8cb2f6ea47 - tally_votes - [TALLY] COMPLETE: Fetched 10029 total votes for 66 proposals (total rate retries: 0)
[32m2026-03-24 15:27:40 +0530[0m - dagster - [34mINFO[0m - __ASSET_JOB - b7f43df1-09e0-4d6b-8db1-ba8cb2f6ea47 - tally_votes - [BRONZE] ✓ Received 10029 raw vote records
[32m2026-03-24 15:27:40 +0530[0m - dagster - [34mINFO[0m - __ASSET_JOB - b7f43df1-09e0-4d6b-8db1-ba8cb2f6ea47 - tally_votes - [BRONZE] Flattening nested voter/proposal/block data...
[32m2026-03-24 15:27:40 +0530[0m - dagster - [34mINFO[0m - __ASSET_JOB - b7f43df1-09e0-4d6b-8db1-ba8cb2f6ea47 - tally_votes - [BRONZE] ✓ Flattened to 10029 vote records
[32m2026-03-24 15:27:40 +0530[0m - dagster - [34mINFO[0m - __ASSET_JOB - b7f43df1-09e0-4d6b-8db1-ba8cb2f6ea47 - tally_votes - Wrote 10029 records to /home/torch/ENS-Retro-Data/bronze/governance/tally_votes.json (4,691,931 bytes)
[32m2026-03-24 15:27:40 +0530[0m - dagster - [34mINFO[0m - __ASSET_JOB - b7f43df1-09e0-4d6b-8db1-ba8cb2f6ea47 - tally_votes - [BRONZE] ✓ tally_votes COMPLETE - 10029 records written
[32m2026-03-24 15:27:40 +0530[0m - dagster - [34mDEBUG[0m - __ASSET_JOB - b7f43df1-09e0-4d6b-8db1-ba8cb2f6ea47 - 137629 - tally_votes - STEP_OUTPUT - Yielded output "result" of type "Nothing". (Type check passed).
[32m2026-03-24 15:27:40 +0530[0m - dagster - [34mDEBUG[0m - __ASSET_JOB - b7f43df1-09e0-4d6b-8db1-ba8cb2f6ea47 - 137629 - tally_votes - ASSET_MATERIALIZATION - Materialized value tally_votes.
[32m2026-03-24 15:27:40 +0530[0m - dagster - [34mDEBUG[0m - __ASSET_JOB - b7f43df1-09e0-4d6b-8db1-ba8cb2f6ea47 - 137629 - tally_votes - STEP_SUCCESS - Finished execution of step "tally_votes" in 13m54s.
