[32m2026-04-16 21:43:32 +0530[0m - dagster - [34mDEBUG[0m - __ASSET_JOB - 2bb06341-9615-48ca-ba27-2121b252ec06 - 12320 - LOGS_CAPTURED - Started capturing logs in process (pid: 12320).
[32m2026-04-16 21:43:33 +0530[0m - dagster - [34mDEBUG[0m - __ASSET_JOB - 2bb06341-9615-48ca-ba27-2121b252ec06 - 12320 - ens_dbt_assets - STEP_START - Started execution of step "ens_dbt_assets".
/home/torch/.local/lib/python3.10/site-packages/dagster_dbt/asset_utils.py:497: DeprecationWarning: AssetExecutionContext.op is deprecated and will be removed in a future release. You have called the deprecated method op on AssetExecutionContext. Use context.op_execution_context.op instead.
/home/torch/.local/lib/python3.10/site-packages/dagster_dbt/asset_utils.py:498: DeprecationWarning: AssetExecutionContext.op is deprecated and will be removed in a future release. You have called the deprecated method op on AssetExecutionContext. Use context.op_execution_context.op instead.
/home/torch/.local/lib/python3.10/site-packages/dagster_dbt/asset_utils.py:499: DeprecationWarning: AssetExecutionContext.op is deprecated and will be removed in a future release. You have called the deprecated method op on AssetExecutionContext. Use context.op_execution_context.op instead.
[32m2026-04-16 21:43:34 +0530[0m - dagster - [34mINFO[0m - __ASSET_JOB - 2bb06341-9615-48ca-ba27-2121b252ec06 - ens_dbt_assets - A dbt subsetted execution is being performed. Overriding default dbt selection arguments `['--select', 'fqn:*']` with arguments: `['ens_retro.manual_snapshot_discourse_map', 'ens_retro.taxonomy_stakeholder_roles', 'ens_retro.taxonomy_proposal_status', 'ens_retro.taxonomy_sources', 'ens_retro.manual_tally_discourse_map', 'ens_retro.taxonomy_vote_choices', 'ens_retro.taxonomy_working_groups']`.
[32m2026-04-16 21:43:40 +0530[0m - dagster - [34mINFO[0m - __ASSET_JOB - 2bb06341-9615-48ca-ba27-2121b252ec06 - ens_dbt_assets - Copying `/home/torch/ENS-Retro-Data/infra/dbt/target/partial_parse.msgpack` to `/home/torch/ENS-Retro-Data/infra/dbt/target/ens_dbt_assets-2bb0634-cc9c930/partial_parse.msgpack` to take advantage of partial parsing.
[32m2026-04-16 21:43:40 +0530[0m - dagster - [34mINFO[0m - __ASSET_JOB - 2bb06341-9615-48ca-ba27-2121b252ec06 - ens_dbt_assets - Running dbt command: `dbt build --select ens_retro.manual_snapshot_discourse_map ens_retro.taxonomy_stakeholder_roles ens_retro.taxonomy_proposal_status ens_retro.taxonomy_sources ens_retro.manual_tally_discourse_map ens_retro.taxonomy_vote_choices ens_retro.taxonomy_working_groups`.
[32m2026-04-16 21:43:44 +0530[0m - dagster - [34mDEBUG[0m - __ASSET_JOB - 2bb06341-9615-48ca-ba27-2121b252ec06 - 12320 - ens_dbt_assets - STEP_OUTPUT - Yielded output "reference__manual_snapshot_discourse_map" of type "Nothing". (Type check passed).
[32m2026-04-16 21:43:45 +0530[0m - dagster - [34mDEBUG[0m - __ASSET_JOB - 2bb06341-9615-48ca-ba27-2121b252ec06 - 12320 - ens_dbt_assets - ASSET_MATERIALIZATION - Materialized value reference manual_snapshot_discourse_map.
[32m2026-04-16 21:43:45 +0530[0m - dagster - [34mDEBUG[0m - __ASSET_JOB - 2bb06341-9615-48ca-ba27-2121b252ec06 - 12320 - ens_dbt_assets - STEP_OUTPUT - Yielded output "reference__manual_tally_discourse_map" of type "Nothing". (Type check passed).
[32m2026-04-16 21:43:47 +0530[0m - dagster - [34mDEBUG[0m - __ASSET_JOB - 2bb06341-9615-48ca-ba27-2121b252ec06 - 12320 - ens_dbt_assets - ASSET_MATERIALIZATION - Materialized value reference manual_tally_discourse_map.
[32m2026-04-16 21:43:48 +0530[0m - dagster - [34mDEBUG[0m - __ASSET_JOB - 2bb06341-9615-48ca-ba27-2121b252ec06 - 12320 - ens_dbt_assets - STEP_OUTPUT - Yielded output "reference__taxonomy_proposal_status" of type "Nothing". (Type check passed).
[32m2026-04-16 21:43:50 +0530[0m - dagster - [34mDEBUG[0m - __ASSET_JOB - 2bb06341-9615-48ca-ba27-2121b252ec06 - 12320 - ens_dbt_assets - ASSET_MATERIALIZATION - Materialized value reference taxonomy_proposal_status.
[32m2026-04-16 21:43:50 +0530[0m - dagster - [34mDEBUG[0m - __ASSET_JOB - 2bb06341-9615-48ca-ba27-2121b252ec06 - 12320 - ens_dbt_assets - STEP_OUTPUT - Yielded output "reference__taxonomy_sources" of type "Nothing". (Type check passed).
[32m2026-04-16 21:43:53 +0530[0m - dagster - [34mDEBUG[0m - __ASSET_JOB - 2bb06341-9615-48ca-ba27-2121b252ec06 - 12320 - ens_dbt_assets - ASSET_MATERIALIZATION - Materialized value reference taxonomy_sources.
[32m2026-04-16 21:43:53 +0530[0m - dagster - [34mDEBUG[0m - __ASSET_JOB - 2bb06341-9615-48ca-ba27-2121b252ec06 - 12320 - ens_dbt_assets - STEP_OUTPUT - Yielded output "reference__taxonomy_stakeholder_roles" of type "Nothing". (Type check passed).
[32m2026-04-16 21:43:54 +0530[0m - dagster - [34mDEBUG[0m - __ASSET_JOB - 2bb06341-9615-48ca-ba27-2121b252ec06 - 12320 - ens_dbt_assets - ASSET_MATERIALIZATION - Materialized value reference taxonomy_stakeholder_roles.
[32m2026-04-16 21:43:55 +0530[0m - dagster - [34mDEBUG[0m - __ASSET_JOB - 2bb06341-9615-48ca-ba27-2121b252ec06 - 12320 - ens_dbt_assets - STEP_OUTPUT - Yielded output "reference__taxonomy_vote_choices" of type "Nothing". (Type check passed).
[32m2026-04-16 21:43:56 +0530[0m - dagster - [34mDEBUG[0m - __ASSET_JOB - 2bb06341-9615-48ca-ba27-2121b252ec06 - 12320 - ens_dbt_assets - ASSET_MATERIALIZATION - Materialized value reference taxonomy_vote_choices.
[32m2026-04-16 21:43:57 +0530[0m - dagster - [34mDEBUG[0m - __ASSET_JOB - 2bb06341-9615-48ca-ba27-2121b252ec06 - 12320 - ens_dbt_assets - STEP_OUTPUT - Yielded output "reference__taxonomy_working_groups" of type "Nothing". (Type check passed).
[32m2026-04-16 21:43:59 +0530[0m - dagster - [34mDEBUG[0m - __ASSET_JOB - 2bb06341-9615-48ca-ba27-2121b252ec06 - 12320 - ens_dbt_assets - ASSET_MATERIALIZATION - Materialized value reference taxonomy_working_groups.
[32m2026-04-16 21:43:59 +0530[0m - dagster - [34mWARNING[0m - __ASSET_JOB - 2bb06341-9615-48ca-ba27-2121b252ec06 - ens_dbt_assets - Logging an `AssetObservation` instead of an `AssetCheckResult` for dbt test `assert_taxonomy_consistency`.

`assert_taxonomy_consistency` is a singular test with multiple dependencies. Configure an asset key in the test's dbt meta to load it as an asset check.

This test was not included in Dagster's asset check selection, and was likely executed due to dbt indirect selection.
[32m2026-04-16 21:44:01 +0530[0m - dagster - [34mDEBUG[0m - __ASSET_JOB - 2bb06341-9615-48ca-ba27-2121b252ec06 - 12320 - ens_dbt_assets - ASSET_OBSERVATION - ASSET_OBSERVATION for step ens_dbt_assets
[32m2026-04-16 21:44:02 +0530[0m - dagster - [34mDEBUG[0m - __ASSET_JOB - 2bb06341-9615-48ca-ba27-2121b252ec06 - 12320 - ens_dbt_assets - ASSET_OBSERVATION - ASSET_OBSERVATION for step ens_dbt_assets
[32m2026-04-16 21:44:03 +0530[0m - dagster - [34mDEBUG[0m - __ASSET_JOB - 2bb06341-9615-48ca-ba27-2121b252ec06 - 12320 - ens_dbt_assets - ASSET_OBSERVATION - ASSET_OBSERVATION for step ens_dbt_assets
[32m2026-04-16 21:44:04 +0530[0m - dagster - [34mDEBUG[0m - __ASSET_JOB - 2bb06341-9615-48ca-ba27-2121b252ec06 - 12320 - ens_dbt_assets - ASSET_OBSERVATION - ASSET_OBSERVATION for step ens_dbt_assets
[32m2026-04-16 21:44:05 +0530[0m - dagster - [34mDEBUG[0m - __ASSET_JOB - 2bb06341-9615-48ca-ba27-2121b252ec06 - 12320 - ens_dbt_assets - ASSET_OBSERVATION - ASSET_OBSERVATION for step ens_dbt_assets
[32m2026-04-16 21:44:07 +0530[0m - dagster - [34mDEBUG[0m - __ASSET_JOB - 2bb06341-9615-48ca-ba27-2121b252ec06 - 12320 - ens_dbt_assets - ASSET_OBSERVATION - ASSET_OBSERVATION for step ens_dbt_assets
[32m2026-04-16 21:44:09 +0530[0m - dagster - [34mDEBUG[0m - __ASSET_JOB - 2bb06341-9615-48ca-ba27-2121b252ec06 - 12320 - ens_dbt_assets - ASSET_OBSERVATION - ASSET_OBSERVATION for step ens_dbt_assets
[32m2026-04-16 21:44:10 +0530[0m - dagster - [34mDEBUG[0m - __ASSET_JOB - 2bb06341-9615-48ca-ba27-2121b252ec06 - 12320 - ens_dbt_assets - ASSET_OBSERVATION - ASSET_OBSERVATION for step ens_dbt_assets
[32m2026-04-16 21:44:11 +0530[0m - dagster - [34mDEBUG[0m - __ASSET_JOB - 2bb06341-9615-48ca-ba27-2121b252ec06 - 12320 - ens_dbt_assets - ASSET_OBSERVATION - ASSET_OBSERVATION for step ens_dbt_assets
[32m2026-04-16 21:44:11 +0530[0m - dagster - [34mINFO[0m - __ASSET_JOB - 2bb06341-9615-48ca-ba27-2121b252ec06 - ens_dbt_assets - Finished dbt command: `dbt build --select ens_retro.manual_snapshot_discourse_map ens_retro.taxonomy_stakeholder_roles ens_retro.taxonomy_proposal_status ens_retro.taxonomy_sources ens_retro.manual_tally_discourse_map ens_retro.taxonomy_vote_choices ens_retro.taxonomy_working_groups`.
[32m2026-04-16 21:44:12 +0530[0m - dagster - [34mDEBUG[0m - __ASSET_JOB - 2bb06341-9615-48ca-ba27-2121b252ec06 - 12320 - ens_dbt_assets - STEP_SUCCESS - Finished execution of step "ens_dbt_assets" in 38.06s.
